Probing round 1
Mon Oct  1 05:28:40 UTC 2018
ID CLASS WEIGHT  REWEIGHT SIZE    USE     AVAIL   %USE VAR  PGS 
 0   hdd 0.19530  1.00000 200 GiB 1.1 GiB 199 GiB 0.53 0.98 200 
 1   hdd 0.19530  1.00000 200 GiB 1.1 GiB 199 GiB 0.56 1.04 201 
 2   hdd 0.19530  1.00000 200 GiB 1.1 GiB 199 GiB 0.53 0.98 199 
                    TOTAL 600 GiB 3.2 GiB 597 GiB 0.54          
MIN/MAX VAR: 0.98/1.04  STDDEV: 0.01
Probing round 2
Mon Oct  1 05:28:43 UTC 2018
ID CLASS WEIGHT  REWEIGHT SIZE    USE     AVAIL   %USE VAR  PGS 
 0   hdd 0.19530  1.00000 200 GiB 1.1 GiB 199 GiB 0.53 0.98 200 
 1   hdd 0.19530  1.00000 200 GiB 1.1 GiB 199 GiB 0.56 1.04 201 
 2   hdd 0.19530  1.00000 200 GiB 1.1 GiB 199 GiB 0.53 0.98 199 
                    TOTAL 600 GiB 3.2 GiB 597 GiB 0.54          
MIN/MAX VAR: 0.98/1.04  STDDEV: 0.01
Probing round 3
Mon Oct  1 05:28:44 UTC 2018
ID CLASS WEIGHT  REWEIGHT SIZE    USE     AVAIL   %USE VAR  PGS 
 0   hdd 0.19530  1.00000 200 GiB 1.1 GiB 199 GiB 0.53 0.98 200 
 1   hdd 0.19530  1.00000 200 GiB 1.1 GiB 199 GiB 0.56 1.04 201 
 2   hdd 0.19530  1.00000 200 GiB 1.1 GiB 199 GiB 0.53 0.98 199 
                    TOTAL 600 GiB 3.2 GiB 597 GiB 0.54          
MIN/MAX VAR: 0.98/1.04  STDDEV: 0.01
Probing round 4
Mon Oct  1 05:28:46 UTC 2018
ID CLASS WEIGHT  REWEIGHT SIZE    USE     AVAIL   %USE VAR  PGS 
 0   hdd 0.19530  1.00000 200 GiB 1.5 GiB 199 GiB 0.74 1.10 200 
 1   hdd 0.19530  1.00000 200 GiB 1.4 GiB 199 GiB 0.70 1.04 201 
 2   hdd 0.19530  1.00000 200 GiB 1.2 GiB 199 GiB 0.58 0.86 199 
                    TOTAL 600 GiB 4.0 GiB 596 GiB 0.67          
MIN/MAX VAR: 0.86/1.10  STDDEV: 0.07
Probing round 5
Mon Oct  1 05:28:47 UTC 2018
ID CLASS WEIGHT  REWEIGHT SIZE    USE     AVAIL   %USE VAR  PGS 
 0   hdd 0.19530  1.00000 200 GiB 1.5 GiB 199 GiB 0.74 1.10 200 
 1   hdd 0.19530  1.00000 200 GiB 1.4 GiB 199 GiB 0.70 1.04 201 
 2   hdd 0.19530  1.00000 200 GiB 1.2 GiB 199 GiB 0.58 0.86 199 
                    TOTAL 600 GiB 4.0 GiB 596 GiB 0.67          
MIN/MAX VAR: 0.86/1.10  STDDEV: 0.07
Probing round 6
Mon Oct  1 05:28:49 UTC 2018
ID CLASS WEIGHT  REWEIGHT SIZE    USE     AVAIL   %USE VAR  PGS 
 0   hdd 0.19530  1.00000 200 GiB 1.5 GiB 199 GiB 0.74 1.10 200 
 1   hdd 0.19530  1.00000 200 GiB 1.4 GiB 199 GiB 0.70 1.04 201 
 2   hdd 0.19530  1.00000 200 GiB 1.2 GiB 199 GiB 0.58 0.86 199 
                    TOTAL 600 GiB 4.0 GiB 596 GiB 0.67          
MIN/MAX VAR: 0.86/1.10  STDDEV: 0.07
Probing round 7
Mon Oct  1 05:28:51 UTC 2018
ID CLASS WEIGHT  REWEIGHT SIZE    USE     AVAIL   %USE VAR  PGS 
 0   hdd 0.19530  1.00000 200 GiB 1.5 GiB 199 GiB 0.74 0.93 200 
 1   hdd 0.19530  1.00000 200 GiB 1.6 GiB 198 GiB 0.82 1.02 201 
 2   hdd 0.19530  1.00000 200 GiB 1.7 GiB 198 GiB 0.84 1.05 199 
                    TOTAL 600 GiB 4.8 GiB 595 GiB 0.80          
MIN/MAX VAR: 0.93/1.05  STDDEV: 0.04
Probing round 8
Mon Oct  1 05:28:52 UTC 2018
ID CLASS WEIGHT  REWEIGHT SIZE    USE     AVAIL   %USE VAR  PGS 
 0   hdd 0.19530  1.00000 200 GiB 1.9 GiB 198 GiB 0.96 1.10 200 
 1   hdd 0.19530  1.00000 200 GiB 1.6 GiB 198 GiB 0.82 0.94 201 
 2   hdd 0.19530  1.00000 200 GiB 1.7 GiB 198 GiB 0.84 0.96 199 
                    TOTAL 600 GiB 5.2 GiB 595 GiB 0.87          
MIN/MAX VAR: 0.94/1.10  STDDEV: 0.06
Probing round 9
Mon Oct  1 05:28:54 UTC 2018
ID CLASS WEIGHT  REWEIGHT SIZE    USE     AVAIL   %USE VAR  PGS 
 0   hdd 0.19530  1.00000 200 GiB 1.9 GiB 198 GiB 0.96 1.10 200 
 1   hdd 0.19530  1.00000 200 GiB 1.6 GiB 198 GiB 0.82 0.94 201 
 2   hdd 0.19530  1.00000 200 GiB 1.7 GiB 198 GiB 0.84 0.96 199 
                    TOTAL 600 GiB 5.2 GiB 595 GiB 0.87          
MIN/MAX VAR: 0.94/1.10  STDDEV: 0.06
Probing round 10
Mon Oct  1 05:28:55 UTC 2018
ID CLASS WEIGHT  REWEIGHT SIZE    USE     AVAIL   %USE VAR  PGS 
 0   hdd 0.19530  1.00000 200 GiB 1.9 GiB 198 GiB 0.96 1.10 200 
 1   hdd 0.19530  1.00000 200 GiB 1.6 GiB 198 GiB 0.82 0.94 201 
 2   hdd 0.19530  1.00000 200 GiB 1.7 GiB 198 GiB 0.84 0.96 199 
                    TOTAL 600 GiB 5.2 GiB 595 GiB 0.87          
MIN/MAX VAR: 0.94/1.10  STDDEV: 0.06
Probing round 11
Mon Oct  1 05:28:57 UTC 2018
ID CLASS WEIGHT  REWEIGHT SIZE    USE     AVAIL   %USE VAR  PGS 
 0   hdd 0.19530  1.00000 200 GiB 1.9 GiB 198 GiB 0.96 0.95 200 
 1   hdd 0.19530  1.00000 200 GiB 2.2 GiB 198 GiB 1.09 1.07 201 
 2   hdd 0.19530  1.00000 200 GiB 2.0 GiB 198 GiB 0.99 0.98 199 
                    TOTAL 600 GiB 6.1 GiB 594 GiB 1.01          
MIN/MAX VAR: 0.95/1.07  STDDEV: 0.05
Probing round 12
Mon Oct  1 05:28:58 UTC 2018
ID CLASS WEIGHT  REWEIGHT SIZE    USE     AVAIL   %USE VAR  PGS 
 0   hdd 0.19530  1.00000 200 GiB 1.9 GiB 198 GiB 0.96 0.95 200 
 1   hdd 0.19530  1.00000 200 GiB 2.2 GiB 198 GiB 1.09 1.07 201 
 2   hdd 0.19530  1.00000 200 GiB 2.0 GiB 198 GiB 0.99 0.98 199 
                    TOTAL 600 GiB 6.1 GiB 594 GiB 1.01          
MIN/MAX VAR: 0.95/1.07  STDDEV: 0.05
Probing round 13
Mon Oct  1 05:29:00 UTC 2018
ID CLASS WEIGHT  REWEIGHT SIZE    USE     AVAIL   %USE VAR  PGS 
 0   hdd 0.19530  1.00000 200 GiB 1.9 GiB 198 GiB 0.96 0.82 200 
 1   hdd 0.19530  1.00000 200 GiB 2.5 GiB 198 GiB 1.24 1.06 201 
 2   hdd 0.19530  1.00000 200 GiB 2.6 GiB 197 GiB 1.32 1.12 199 
                    TOTAL 600 GiB 7.0 GiB 593 GiB 1.17          
MIN/MAX VAR: 0.82/1.12  STDDEV: 0.15
Probing round 14
Mon Oct  1 05:29:01 UTC 2018
ID CLASS WEIGHT  REWEIGHT SIZE    USE     AVAIL   %USE VAR  PGS 
 0   hdd 0.19530  1.00000 200 GiB 1.9 GiB 198 GiB 0.96 0.82 200 
 1   hdd 0.19530  1.00000 200 GiB 2.5 GiB 198 GiB 1.24 1.06 201 
 2   hdd 0.19530  1.00000 200 GiB 2.6 GiB 197 GiB 1.32 1.12 199 
                    TOTAL 600 GiB 7.0 GiB 593 GiB 1.17          
MIN/MAX VAR: 0.82/1.12  STDDEV: 0.15
Probing round 15
Mon Oct  1 05:29:03 UTC 2018
ID CLASS WEIGHT  REWEIGHT SIZE    USE     AVAIL   %USE VAR  PGS 
 0   hdd 0.19530  1.00000 200 GiB 2.4 GiB 198 GiB 1.19 0.95 200 
 1   hdd 0.19530  1.00000 200 GiB 2.5 GiB 198 GiB 1.24 1.00 201 
 2   hdd 0.19530  1.00000 200 GiB 2.6 GiB 197 GiB 1.32 1.05 199 
                    TOTAL 600 GiB 7.5 GiB 592 GiB 1.25          
MIN/MAX VAR: 0.95/1.05  STDDEV: 0.05
Probing round 16
Mon Oct  1 05:29:04 UTC 2018
ID CLASS WEIGHT  REWEIGHT SIZE    USE     AVAIL   %USE VAR  PGS 
 0   hdd 0.19530  1.00000 200 GiB 2.4 GiB 198 GiB 1.19 0.95 200 
 1   hdd 0.19530  1.00000 200 GiB 2.5 GiB 198 GiB 1.24 1.00 201 
 2   hdd 0.19530  1.00000 200 GiB 2.6 GiB 197 GiB 1.32 1.05 199 
                    TOTAL 600 GiB 7.5 GiB 592 GiB 1.25          
MIN/MAX VAR: 0.95/1.05  STDDEV: 0.05
Probing round 17
Mon Oct  1 05:29:06 UTC 2018
ID CLASS WEIGHT  REWEIGHT SIZE    USE     AVAIL   %USE VAR  PGS 
 0   hdd 0.19530  1.00000 200 GiB 2.8 GiB 197 GiB 1.40 0.99 200 
 1   hdd 0.19530  1.00000 200 GiB 2.9 GiB 197 GiB 1.46 1.03 201 
 2   hdd 0.19530  1.00000 200 GiB 2.8 GiB 197 GiB 1.38 0.98 199 
                    TOTAL 600 GiB 8.5 GiB 592 GiB 1.41          
MIN/MAX VAR: 0.98/1.03  STDDEV: 0.03
Probing round 18
Mon Oct  1 05:29:07 UTC 2018
ID CLASS WEIGHT  REWEIGHT SIZE    USE     AVAIL   %USE VAR  PGS 
 0   hdd 0.19530  1.00000 200 GiB 2.8 GiB 197 GiB 1.40 0.99 200 
 1   hdd 0.19530  1.00000 200 GiB 2.9 GiB 197 GiB 1.46 1.03 201 
 2   hdd 0.19530  1.00000 200 GiB 2.8 GiB 197 GiB 1.38 0.98 199 
                    TOTAL 600 GiB 8.5 GiB 592 GiB 1.41          
MIN/MAX VAR: 0.98/1.03  STDDEV: 0.03
Probing round 19
Mon Oct  1 05:29:09 UTC 2018
ID CLASS WEIGHT  REWEIGHT SIZE    USE     AVAIL   %USE VAR  PGS 
 0   hdd 0.19530  1.00000 200 GiB 2.8 GiB 197 GiB 1.40 0.99 200 
 1   hdd 0.19530  1.00000 200 GiB 2.9 GiB 197 GiB 1.46 1.03 201 
 2   hdd 0.19530  1.00000 200 GiB 2.8 GiB 197 GiB 1.38 0.98 199 
                    TOTAL 600 GiB 8.5 GiB 592 GiB 1.41          
MIN/MAX VAR: 0.98/1.03  STDDEV: 0.03
Probing round 20
Mon Oct  1 05:29:10 UTC 2018
ID CLASS WEIGHT  REWEIGHT SIZE    USE     AVAIL   %USE VAR  PGS 
 0   hdd 0.19530  1.00000 200 GiB 2.8 GiB 197 GiB 1.40 0.91 200 
 1   hdd 0.19530  1.00000 200 GiB 3.2 GiB 197 GiB 1.62 1.05 201 
 2   hdd 0.19530  1.00000 200 GiB 3.2 GiB 197 GiB 1.60 1.04 199 
                    TOTAL 600 GiB 9.2 GiB 591 GiB 1.54          
MIN/MAX VAR: 0.91/1.05  STDDEV: 0.10
Probing round 21
Mon Oct  1 05:29:12 UTC 2018
ID CLASS WEIGHT  REWEIGHT SIZE    USE     AVAIL   %USE VAR  PGS 
 0   hdd 0.19530  1.00000 200 GiB 2.8 GiB 197 GiB 1.40 0.91 200 
 1   hdd 0.19530  1.00000 200 GiB 3.2 GiB 197 GiB 1.62 1.05 201 
 2   hdd 0.19530  1.00000 200 GiB 3.2 GiB 197 GiB 1.60 1.04 199 
                    TOTAL 600 GiB 9.2 GiB 591 GiB 1.54          
MIN/MAX VAR: 0.91/1.05  STDDEV: 0.10
Probing round 22
Mon Oct  1 05:29:13 UTC 2018
ID CLASS WEIGHT  REWEIGHT SIZE    USE     AVAIL   %USE VAR  PGS 
 0   hdd 0.19530  1.00000 200 GiB 3.4 GiB 197 GiB 1.72 1.05 200 
 1   hdd 0.19530  1.00000 200 GiB 3.2 GiB 197 GiB 1.62 0.98 201 
 2   hdd 0.19530  1.00000 200 GiB 3.2 GiB 197 GiB 1.60 0.97 199 
                    TOTAL 600 GiB 9.9 GiB 590 GiB 1.64          
MIN/MAX VAR: 0.97/1.05  STDDEV: 0.05
Probing round 23
Mon Oct  1 05:29:14 UTC 2018
ID CLASS WEIGHT  REWEIGHT SIZE    USE     AVAIL   %USE VAR  PGS 
 0   hdd 0.19530  1.00000 200 GiB 3.4 GiB 197 GiB 1.72 1.05 200 
 1   hdd 0.19530  1.00000 200 GiB 3.2 GiB 197 GiB 1.62 0.98 201 
 2   hdd 0.19530  1.00000 200 GiB 3.2 GiB 197 GiB 1.60 0.97 199 
                    TOTAL 600 GiB 9.9 GiB 590 GiB 1.64          
MIN/MAX VAR: 0.97/1.05  STDDEV: 0.05
Probing round 24
Mon Oct  1 05:29:16 UTC 2018
ID CLASS WEIGHT  REWEIGHT SIZE    USE     AVAIL   %USE VAR  PGS 
 0   hdd 0.19530  1.00000 200 GiB 3.6 GiB 196 GiB 1.80 0.99 200 
 1   hdd 0.19530  1.00000 200 GiB 3.7 GiB 196 GiB 1.85 1.02 201 
 2   hdd 0.19530  1.00000 200 GiB 3.6 GiB 196 GiB 1.80 0.99 199 
                    TOTAL 600 GiB  11 GiB 589 GiB 1.81          
MIN/MAX VAR: 0.99/1.02  STDDEV: 0.02
Probing round 25
Mon Oct  1 05:29:17 UTC 2018
ID CLASS WEIGHT  REWEIGHT SIZE    USE     AVAIL   %USE VAR  PGS 
 0   hdd 0.19530  1.00000 200 GiB 3.6 GiB 196 GiB 1.80 0.99 200 
 1   hdd 0.19530  1.00000 200 GiB 3.7 GiB 196 GiB 1.85 1.02 201 
 2   hdd 0.19530  1.00000 200 GiB 3.6 GiB 196 GiB 1.80 0.99 199 
                    TOTAL 600 GiB  11 GiB 589 GiB 1.81          
MIN/MAX VAR: 0.99/1.02  STDDEV: 0.02
Probing round 26
Mon Oct  1 05:29:19 UTC 2018
ID CLASS WEIGHT  REWEIGHT SIZE    USE     AVAIL   %USE VAR  PGS 
 0   hdd 0.19530  1.00000 200 GiB 3.6 GiB 196 GiB 1.80 0.99 200 
 1   hdd 0.19530  1.00000 200 GiB 3.7 GiB 196 GiB 1.85 1.02 201 
 2   hdd 0.19530  1.00000 200 GiB 3.6 GiB 196 GiB 1.80 0.99 199 
                    TOTAL 600 GiB  11 GiB 589 GiB 1.81          
MIN/MAX VAR: 0.99/1.02  STDDEV: 0.02
Probing round 27
Mon Oct  1 05:29:20 UTC 2018
ID CLASS WEIGHT  REWEIGHT SIZE    USE     AVAIL   %USE VAR  PGS 
 0   hdd 0.19530  1.00000 200 GiB 3.6 GiB 196 GiB 1.80 0.93 200 
 1   hdd 0.19530  1.00000 200 GiB 4.0 GiB 196 GiB 2.02 1.04 201 
 2   hdd 0.19530  1.00000 200 GiB 3.9 GiB 196 GiB 1.97 1.02 199 
                    TOTAL 600 GiB  12 GiB 588 GiB 1.93          
MIN/MAX VAR: 0.93/1.04  STDDEV: 0.09
Probing round 28
Mon Oct  1 05:29:22 UTC 2018
ID CLASS WEIGHT  REWEIGHT SIZE    USE     AVAIL   %USE VAR  PGS 
 0   hdd 0.19530  1.00000 200 GiB 4.1 GiB 196 GiB 2.06 1.02 200 
 1   hdd 0.19530  1.00000 200 GiB 4.0 GiB 196 GiB 2.02 1.00 201 
 2   hdd 0.19530  1.00000 200 GiB 3.9 GiB 196 GiB 1.97 0.98 199 
                    TOTAL 600 GiB  12 GiB 588 GiB 2.02          
MIN/MAX VAR: 0.98/1.02  STDDEV: 0.04
Probing round 29
Mon Oct  1 05:29:23 UTC 2018
ID CLASS WEIGHT  REWEIGHT SIZE    USE     AVAIL   %USE VAR  PGS 
 0   hdd 0.19530  1.00000 200 GiB 4.1 GiB 196 GiB 2.06 1.02 200 
 1   hdd 0.19530  1.00000 200 GiB 4.0 GiB 196 GiB 2.02 1.00 201 
 2   hdd 0.19530  1.00000 200 GiB 3.9 GiB 196 GiB 1.97 0.98 199 
                    TOTAL 600 GiB  12 GiB 588 GiB 2.02          
MIN/MAX VAR: 0.98/1.02  STDDEV: 0.04
Probing round 30
Mon Oct  1 05:29:25 UTC 2018
ID CLASS WEIGHT  REWEIGHT SIZE    USE     AVAIL   %USE VAR  PGS 
 0   hdd 0.19530  1.00000 200 GiB 4.1 GiB 196 GiB 2.06 1.02 200 
 1   hdd 0.19530  1.00000 200 GiB 4.0 GiB 196 GiB 2.02 1.00 201 
 2   hdd 0.19530  1.00000 200 GiB 3.9 GiB 196 GiB 1.97 0.98 199 
                    TOTAL 600 GiB  12 GiB 588 GiB 2.02          
MIN/MAX VAR: 0.98/1.02  STDDEV: 0.04
Probing round 31
Mon Oct  1 05:29:26 UTC 2018
ID CLASS WEIGHT  REWEIGHT SIZE    USE     AVAIL   %USE VAR  PGS 
 0   hdd 0.19530  1.00000 200 GiB 4.3 GiB 196 GiB 2.17 1.02 200 
 1   hdd 0.19530  1.00000 200 GiB 4.0 GiB 196 GiB 2.02 0.95 201 
 2   hdd 0.19530  1.00000 200 GiB 4.3 GiB 196 GiB 2.17 1.02 199 
                    TOTAL 600 GiB  13 GiB 587 GiB 2.12          
MIN/MAX VAR: 0.95/1.02  STDDEV: 0.07
Probing round 32
Mon Oct  1 05:29:28 UTC 2018
ID CLASS WEIGHT  REWEIGHT SIZE    USE     AVAIL   %USE VAR  PGS 
 0   hdd 0.19530  1.00000 200 GiB 4.3 GiB 196 GiB 2.17 1.02 200 
 1   hdd 0.19530  1.00000 200 GiB 4.0 GiB 196 GiB 2.02 0.95 201 
 2   hdd 0.19530  1.00000 200 GiB 4.3 GiB 196 GiB 2.17 1.02 199 
                    TOTAL 600 GiB  13 GiB 587 GiB 2.12          
MIN/MAX VAR: 0.95/1.02  STDDEV: 0.07
Probing round 33
Mon Oct  1 05:29:29 UTC 2018
ID CLASS WEIGHT  REWEIGHT SIZE    USE     AVAIL   %USE VAR  PGS 
 0   hdd 0.19530  1.00000 200 GiB 4.3 GiB 196 GiB 2.17 1.02 200 
 1   hdd 0.19530  1.00000 200 GiB 4.0 GiB 196 GiB 2.02 0.95 201 
 2   hdd 0.19530  1.00000 200 GiB 4.3 GiB 196 GiB 2.17 1.02 199 
                    TOTAL 600 GiB  13 GiB 587 GiB 2.12          
MIN/MAX VAR: 0.95/1.02  STDDEV: 0.07
Probing round 34
Mon Oct  1 05:29:31 UTC 2018
ID CLASS WEIGHT  REWEIGHT SIZE    USE     AVAIL   %USE VAR  PGS 
 0   hdd 0.19530  1.00000 200 GiB 4.3 GiB 196 GiB 2.17 0.95 200 
 1   hdd 0.19530  1.00000 200 GiB 4.8 GiB 195 GiB 2.38 1.03 201 
 2   hdd 0.19530  1.00000 200 GiB 4.7 GiB 195 GiB 2.34 1.02 199 
                    TOTAL 600 GiB  14 GiB 586 GiB 2.30          
MIN/MAX VAR: 0.95/1.03  STDDEV: 0.09
Probing round 35
Mon Oct  1 05:29:33 UTC 2018
ID CLASS WEIGHT  REWEIGHT SIZE    USE     AVAIL   %USE VAR  PGS 
 0   hdd 0.19530  1.00000 200 GiB 4.9 GiB 195 GiB 2.46 1.03 200 
 1   hdd 0.19530  1.00000 200 GiB 4.8 GiB 195 GiB 2.38 0.99 201 
 2   hdd 0.19530  1.00000 200 GiB 4.7 GiB 195 GiB 2.34 0.98 199 
                    TOTAL 600 GiB  14 GiB 586 GiB 2.39          
MIN/MAX VAR: 0.98/1.03  STDDEV: 0.05
Probing round 36
Mon Oct  1 05:29:34 UTC 2018
ID CLASS WEIGHT  REWEIGHT SIZE    USE     AVAIL   %USE VAR  PGS 
 0   hdd 0.19530  1.00000 200 GiB 4.9 GiB 195 GiB 2.46 1.03 200 
 1   hdd 0.19530  1.00000 200 GiB 4.8 GiB 195 GiB 2.38 0.99 201 
 2   hdd 0.19530  1.00000 200 GiB 4.7 GiB 195 GiB 2.34 0.98 199 
                    TOTAL 600 GiB  14 GiB 586 GiB 2.39          
MIN/MAX VAR: 0.98/1.03  STDDEV: 0.05
Probing round 37
Mon Oct  1 05:29:36 UTC 2018
ID CLASS WEIGHT  REWEIGHT SIZE    USE     AVAIL   %USE VAR  PGS 
 0   hdd 0.19530  1.00000 200 GiB 4.9 GiB 195 GiB 2.46 1.03 200 
 1   hdd 0.19530  1.00000 200 GiB 4.8 GiB 195 GiB 2.38 0.99 201 
 2   hdd 0.19530  1.00000 200 GiB 4.7 GiB 195 GiB 2.34 0.98 199 
                    TOTAL 600 GiB  14 GiB 586 GiB 2.39          
MIN/MAX VAR: 0.98/1.03  STDDEV: 0.05
Probing round 38
Mon Oct  1 05:29:37 UTC 2018
ID CLASS WEIGHT  REWEIGHT SIZE    USE     AVAIL   %USE VAR  PGS 
 0   hdd 0.19530  1.00000 200 GiB 5.3 GiB 195 GiB 2.63 1.01 200 
 1   hdd 0.19530  1.00000 200 GiB 5.1 GiB 195 GiB 2.55 0.98 201 
 2   hdd 0.19530  1.00000 200 GiB 5.2 GiB 195 GiB 2.61 1.01 199 
                    TOTAL 600 GiB  16 GiB 584 GiB 2.59          
MIN/MAX VAR: 0.98/1.01  STDDEV: 0.03
Probing round 39
Mon Oct  1 05:29:39 UTC 2018
ID CLASS WEIGHT  REWEIGHT SIZE    USE     AVAIL   %USE VAR  PGS 
 0   hdd 0.19530  1.00000 200 GiB 5.3 GiB 195 GiB 2.63 1.01 200 
 1   hdd 0.19530  1.00000 200 GiB 5.1 GiB 195 GiB 2.55 0.98 201 
 2   hdd 0.19530  1.00000 200 GiB 5.2 GiB 195 GiB 2.61 1.01 199 
                    TOTAL 600 GiB  16 GiB 584 GiB 2.59          
MIN/MAX VAR: 0.98/1.01  STDDEV: 0.03
Probing round 40
Mon Oct  1 05:29:40 UTC 2018
ID CLASS WEIGHT  REWEIGHT SIZE    USE     AVAIL   %USE VAR  PGS 
 0   hdd 0.19530  1.00000 200 GiB 5.3 GiB 195 GiB 2.63 0.95 200 
 1   hdd 0.19530  1.00000 200 GiB 5.6 GiB 194 GiB 2.80 1.02 201 
 2   hdd 0.19530  1.00000 200 GiB 5.7 GiB 194 GiB 2.84 1.03 199 
                    TOTAL 600 GiB  17 GiB 583 GiB 2.76          
MIN/MAX VAR: 0.95/1.03  STDDEV: 0.09
Probing round 41
Mon Oct  1 05:29:42 UTC 2018
ID CLASS WEIGHT  REWEIGHT SIZE    USE     AVAIL   %USE VAR  PGS 
 0   hdd 0.19530  1.00000 200 GiB 5.8 GiB 194 GiB 2.88 1.01 200 
 1   hdd 0.19530  1.00000 200 GiB 5.6 GiB 194 GiB 2.80 0.99 201 
 2   hdd 0.19530  1.00000 200 GiB 5.7 GiB 194 GiB 2.84 1.00 199 
                    TOTAL 600 GiB  17 GiB 583 GiB 2.84          
MIN/MAX VAR: 0.99/1.01  STDDEV: 0.03
Probing round 42
Mon Oct  1 05:29:43 UTC 2018
ID CLASS WEIGHT  REWEIGHT SIZE    USE     AVAIL   %USE VAR  PGS 
 0   hdd 0.19530  1.00000 200 GiB 5.8 GiB 194 GiB 2.88 1.01 200 
 1   hdd 0.19530  1.00000 200 GiB 5.6 GiB 194 GiB 2.80 0.99 201 
 2   hdd 0.19530  1.00000 200 GiB 5.7 GiB 194 GiB 2.84 1.00 199 
                    TOTAL 600 GiB  17 GiB 583 GiB 2.84          
MIN/MAX VAR: 0.99/1.01  STDDEV: 0.03
Probing round 43
Mon Oct  1 05:29:45 UTC 2018
ID CLASS WEIGHT  REWEIGHT SIZE    USE     AVAIL   %USE VAR  PGS 
 0   hdd 0.19530  1.00000 200 GiB 5.8 GiB 194 GiB 2.88 1.01 200 
 1   hdd 0.19530  1.00000 200 GiB 5.6 GiB 194 GiB 2.80 0.99 201 
 2   hdd 0.19530  1.00000 200 GiB 5.7 GiB 194 GiB 2.84 1.00 199 
                    TOTAL 600 GiB  17 GiB 583 GiB 2.84          
MIN/MAX VAR: 0.99/1.01  STDDEV: 0.03
Probing round 44
Mon Oct  1 05:29:46 UTC 2018
ID CLASS WEIGHT  REWEIGHT SIZE    USE     AVAIL   %USE VAR  PGS 
 0   hdd 0.19530  1.00000 200 GiB 6.1 GiB 194 GiB 3.03 1.02 200 
 1   hdd 0.19530  1.00000 200 GiB 5.7 GiB 194 GiB 2.87 0.96 201 
 2   hdd 0.19530  1.00000 200 GiB 6.1 GiB 194 GiB 3.03 1.02 199 
                    TOTAL 600 GiB  18 GiB 582 GiB 2.98          
MIN/MAX VAR: 0.96/1.02  STDDEV: 0.07
Probing round 45
Mon Oct  1 05:29:48 UTC 2018
ID CLASS WEIGHT  REWEIGHT SIZE    USE     AVAIL   %USE VAR  PGS 
 0   hdd 0.19530  1.00000 200 GiB 6.1 GiB 194 GiB 3.03 1.02 200 
 1   hdd 0.19530  1.00000 200 GiB 5.7 GiB 194 GiB 2.87 0.96 201 
 2   hdd 0.19530  1.00000 200 GiB 6.1 GiB 194 GiB 3.03 1.02 199 
                    TOTAL 600 GiB  18 GiB 582 GiB 2.98          
MIN/MAX VAR: 0.96/1.02  STDDEV: 0.07
Probing round 46
Mon Oct  1 05:29:49 UTC 2018
ID CLASS WEIGHT  REWEIGHT SIZE    USE     AVAIL   %USE VAR  PGS 
 0   hdd 0.19530  1.00000 200 GiB 6.1 GiB 194 GiB 3.03 1.02 200 
 1   hdd 0.19530  1.00000 200 GiB 5.7 GiB 194 GiB 2.87 0.96 201 
 2   hdd 0.19530  1.00000 200 GiB 6.1 GiB 194 GiB 3.03 1.02 199 
                    TOTAL 600 GiB  18 GiB 582 GiB 2.98          
MIN/MAX VAR: 0.96/1.02  STDDEV: 0.07
Probing round 47
Mon Oct  1 05:29:51 UTC 2018
ID CLASS WEIGHT  REWEIGHT SIZE    USE     AVAIL   %USE VAR  PGS 
 0   hdd 0.19530  1.00000 200 GiB 6.1 GiB 194 GiB 3.03 0.98 200 
 1   hdd 0.19530  1.00000 200 GiB 6.1 GiB 194 GiB 3.07 0.99 201 
 2   hdd 0.19530  1.00000 200 GiB 6.4 GiB 194 GiB 3.22 1.04 199 
                    TOTAL 600 GiB  19 GiB 581 GiB 3.10          
MIN/MAX VAR: 0.98/1.04  STDDEV: 0.08
Probing round 48
Mon Oct  1 05:29:52 UTC 2018
ID CLASS WEIGHT  REWEIGHT SIZE    USE     AVAIL   %USE VAR  PGS 
 0   hdd 0.19530  1.00000 200 GiB 6.4 GiB 194 GiB 3.22 1.02 200 
 1   hdd 0.19530  1.00000 200 GiB 6.1 GiB 194 GiB 3.07 0.97 201 
 2   hdd 0.19530  1.00000 200 GiB 6.4 GiB 194 GiB 3.22 1.02 199 
                    TOTAL 600 GiB  19 GiB 581 GiB 3.17          
MIN/MAX VAR: 0.97/1.02  STDDEV: 0.07
Probing round 49
Mon Oct  1 05:29:54 UTC 2018
ID CLASS WEIGHT  REWEIGHT SIZE    USE     AVAIL   %USE VAR  PGS 
 0   hdd 0.19530  1.00000 200 GiB 6.4 GiB 194 GiB 3.22 1.02 200 
 1   hdd 0.19530  1.00000 200 GiB 6.1 GiB 194 GiB 3.07 0.97 201 
 2   hdd 0.19530  1.00000 200 GiB 6.4 GiB 194 GiB 3.22 1.02 199 
                    TOTAL 600 GiB  19 GiB 581 GiB 3.17          
MIN/MAX VAR: 0.97/1.02  STDDEV: 0.07
Probing round 50
Mon Oct  1 05:29:55 UTC 2018
ID CLASS WEIGHT  REWEIGHT SIZE    USE     AVAIL   %USE VAR  PGS 
 0   hdd 0.19530  1.00000 200 GiB 6.4 GiB 194 GiB 3.22 1.02 200 
 1   hdd 0.19530  1.00000 200 GiB 6.1 GiB 194 GiB 3.07 0.97 201 
 2   hdd 0.19530  1.00000 200 GiB 6.4 GiB 194 GiB 3.22 1.02 199 
                    TOTAL 600 GiB  19 GiB 581 GiB 3.17          
MIN/MAX VAR: 0.97/1.02  STDDEV: 0.07
Probing round 51
Mon Oct  1 05:29:57 UTC 2018
ID CLASS WEIGHT  REWEIGHT SIZE    USE     AVAIL   %USE VAR  PGS 
 0   hdd 0.19530  1.00000 200 GiB 6.8 GiB 193 GiB 3.38 1.02 200 
 1   hdd 0.19530  1.00000 200 GiB 6.6 GiB 193 GiB 3.28 0.99 201 
 2   hdd 0.19530  1.00000 200 GiB 6.6 GiB 193 GiB 3.31 1.00 199 
                    TOTAL 600 GiB  20 GiB 580 GiB 3.33          
MIN/MAX VAR: 0.99/1.02  STDDEV: 0.04
Probing round 52
Mon Oct  1 05:29:58 UTC 2018
ID CLASS WEIGHT  REWEIGHT SIZE    USE     AVAIL   %USE VAR  PGS 
 0   hdd 0.19530  1.00000 200 GiB 6.8 GiB 193 GiB 3.38 1.02 200 
 1   hdd 0.19530  1.00000 200 GiB 6.6 GiB 193 GiB 3.28 0.99 201 
 2   hdd 0.19530  1.00000 200 GiB 6.6 GiB 193 GiB 3.31 1.00 199 
                    TOTAL 600 GiB  20 GiB 580 GiB 3.33          
MIN/MAX VAR: 0.99/1.02  STDDEV: 0.04
Probing round 53
Mon Oct  1 05:30:00 UTC 2018
ID CLASS WEIGHT  REWEIGHT SIZE    USE     AVAIL   %USE VAR  PGS 
 0   hdd 0.19530  1.00000 200 GiB 6.8 GiB 193 GiB 3.38 0.97 200 
 1   hdd 0.19530  1.00000 200 GiB 7.1 GiB 193 GiB 3.55 1.02 201 
 2   hdd 0.19530  1.00000 200 GiB 7.1 GiB 193 GiB 3.57 1.02 199 
                    TOTAL 600 GiB  21 GiB 579 GiB 3.50          
MIN/MAX VAR: 0.97/1.02  STDDEV: 0.08
Probing round 54
Mon Oct  1 05:30:01 UTC 2018
ID CLASS WEIGHT  REWEIGHT SIZE    USE     AVAIL   %USE VAR  PGS 
 0   hdd 0.19530  1.00000 200 GiB 6.8 GiB 193 GiB 3.38 0.97 200 
 1   hdd 0.19530  1.00000 200 GiB 7.1 GiB 193 GiB 3.55 1.02 201 
 2   hdd 0.19530  1.00000 200 GiB 7.1 GiB 193 GiB 3.57 1.02 199 
                    TOTAL 600 GiB  21 GiB 579 GiB 3.50          
MIN/MAX VAR: 0.97/1.02  STDDEV: 0.08
Probing round 55
Mon Oct  1 05:30:03 UTC 2018
ID CLASS WEIGHT  REWEIGHT SIZE    USE     AVAIL   %USE VAR  PGS 
 0   hdd 0.19530  1.00000 200 GiB 7.3 GiB 193 GiB 3.63 1.01 200 
 1   hdd 0.19530  1.00000 200 GiB 7.1 GiB 193 GiB 3.55 0.99 201 
 2   hdd 0.19530  1.00000 200 GiB 7.1 GiB 193 GiB 3.57 1.00 199 
                    TOTAL 600 GiB  22 GiB 578 GiB 3.58          
MIN/MAX VAR: 0.99/1.01  STDDEV: 0.03
Probing round 56
Mon Oct  1 05:30:04 UTC 2018
ID CLASS WEIGHT  REWEIGHT SIZE    USE     AVAIL   %USE VAR  PGS 
 0   hdd 0.19530  1.00000 200 GiB 7.3 GiB 193 GiB 3.63 1.01 200 
 1   hdd 0.19530  1.00000 200 GiB 7.1 GiB 193 GiB 3.55 0.99 201 
 2   hdd 0.19530  1.00000 200 GiB 7.1 GiB 193 GiB 3.57 1.00 199 
                    TOTAL 600 GiB  22 GiB 578 GiB 3.58          
MIN/MAX VAR: 0.99/1.01  STDDEV: 0.03
Probing round 57
Mon Oct  1 05:30:06 UTC 2018
ID CLASS WEIGHT  REWEIGHT SIZE    USE     AVAIL   %USE VAR  PGS 
 0   hdd 0.19530  1.00000 200 GiB 7.3 GiB 193 GiB 3.63 1.01 200 
 1   hdd 0.19530  1.00000 200 GiB 7.1 GiB 193 GiB 3.55 0.99 201 
 2   hdd 0.19530  1.00000 200 GiB 7.1 GiB 193 GiB 3.57 1.00 199 
                    TOTAL 600 GiB  22 GiB 578 GiB 3.58          
MIN/MAX VAR: 0.99/1.01  STDDEV: 0.03
Probing round 58
Mon Oct  1 05:30:07 UTC 2018
ID CLASS WEIGHT  REWEIGHT SIZE    USE     AVAIL   %USE VAR  PGS 
 0   hdd 0.19530  1.00000 200 GiB 7.4 GiB 193 GiB 3.71 1.00 200 
 1   hdd 0.19530  1.00000 200 GiB 7.3 GiB 193 GiB 3.66 0.99 201 
 2   hdd 0.19530  1.00000 200 GiB 7.4 GiB 193 GiB 3.72 1.01 199 
                    TOTAL 600 GiB  22 GiB 578 GiB 3.70          
MIN/MAX VAR: 0.99/1.01  STDDEV: 0.02
Probing round 59
Mon Oct  1 05:30:08 UTC 2018
ID CLASS WEIGHT  REWEIGHT SIZE    USE     AVAIL   %USE VAR  PGS 
 0   hdd 0.19530  1.00000 200 GiB 7.4 GiB 193 GiB 3.71 1.00 200 
 1   hdd 0.19530  1.00000 200 GiB 7.3 GiB 193 GiB 3.66 0.99 201 
 2   hdd 0.19530  1.00000 200 GiB 7.4 GiB 193 GiB 3.72 1.01 199 
                    TOTAL 600 GiB  22 GiB 578 GiB 3.70          
MIN/MAX VAR: 0.99/1.01  STDDEV: 0.02
Probing round 60
Mon Oct  1 05:30:10 UTC 2018
ID CLASS WEIGHT  REWEIGHT SIZE    USE     AVAIL   %USE VAR  PGS 
 0   hdd 0.19530  1.00000 200 GiB 7.4 GiB 193 GiB 3.71 0.99 200 
 1   hdd 0.19530  1.00000 200 GiB 7.5 GiB 193 GiB 3.73 0.99 201 
 2   hdd 0.19530  1.00000 200 GiB 7.7 GiB 192 GiB 3.84 1.02 199 
                    TOTAL 600 GiB  23 GiB 577 GiB 3.76          
MIN/MAX VAR: 0.99/1.02  STDDEV: 0.06
Probing round 61
Mon Oct  1 05:30:11 UTC 2018
ID CLASS WEIGHT  REWEIGHT SIZE    USE     AVAIL   %USE VAR  PGS 
 0   hdd 0.19530  1.00000 200 GiB 7.4 GiB 193 GiB 3.71 0.99 200 
 1   hdd 0.19530  1.00000 200 GiB 7.5 GiB 193 GiB 3.73 0.99 201 
 2   hdd 0.19530  1.00000 200 GiB 7.7 GiB 192 GiB 3.84 1.02 199 
                    TOTAL 600 GiB  23 GiB 577 GiB 3.76          
MIN/MAX VAR: 0.99/1.02  STDDEV: 0.06
Probing round 62
Mon Oct  1 05:30:13 UTC 2018
ID CLASS WEIGHT  REWEIGHT SIZE    USE     AVAIL   %USE VAR  PGS 
 0   hdd 0.19530  1.00000 200 GiB 7.8 GiB 192 GiB 3.91 1.02 200 
 1   hdd 0.19530  1.00000 200 GiB 7.5 GiB 193 GiB 3.73 0.97 201 
 2   hdd 0.19530  1.00000 200 GiB 7.7 GiB 192 GiB 3.84 1.00 199 
                    TOTAL 600 GiB  23 GiB 577 GiB 3.82          
MIN/MAX VAR: 0.97/1.02  STDDEV: 0.07
Probing round 63
Mon Oct  1 05:30:14 UTC 2018
ID CLASS WEIGHT  REWEIGHT SIZE    USE     AVAIL   %USE VAR  PGS 
 0   hdd 0.19530  1.00000 200 GiB 7.8 GiB 192 GiB 3.91 1.02 200 
 1   hdd 0.19530  1.00000 200 GiB 7.5 GiB 193 GiB 3.73 0.97 201 
 2   hdd 0.19530  1.00000 200 GiB 7.7 GiB 192 GiB 3.84 1.00 199 
                    TOTAL 600 GiB  23 GiB 577 GiB 3.82          
MIN/MAX VAR: 0.97/1.02  STDDEV: 0.07
Probing round 64
Mon Oct  1 05:30:16 UTC 2018
ID CLASS WEIGHT  REWEIGHT SIZE    USE     AVAIL   %USE VAR  PGS 
 0   hdd 0.19530  1.00000 200 GiB 8.2 GiB 192 GiB 4.08 1.00 200 
 1   hdd 0.19530  1.00000 200 GiB 8.0 GiB 192 GiB 4.01 0.99 201 
 2   hdd 0.19530  1.00000 200 GiB 8.2 GiB 192 GiB 4.09 1.01 199 
                    TOTAL 600 GiB  24 GiB 576 GiB 4.06          
MIN/MAX VAR: 0.99/1.01  STDDEV: 0.04
Probing round 65
Mon Oct  1 05:30:18 UTC 2018
ID CLASS WEIGHT  REWEIGHT SIZE    USE     AVAIL   %USE VAR  PGS 
 0   hdd 0.19530  1.00000 200 GiB 8.2 GiB 192 GiB 4.08 1.00 200 
 1   hdd 0.19530  1.00000 200 GiB 8.0 GiB 192 GiB 4.01 0.99 201 
 2   hdd 0.19530  1.00000 200 GiB 8.2 GiB 192 GiB 4.09 1.01 199 
                    TOTAL 600 GiB  24 GiB 576 GiB 4.06          
MIN/MAX VAR: 0.99/1.01  STDDEV: 0.04
Probing round 66
Mon Oct  1 05:30:19 UTC 2018
ID CLASS WEIGHT  REWEIGHT SIZE    USE     AVAIL   %USE VAR  PGS 
 0   hdd 0.19530  1.00000 200 GiB 8.2 GiB 192 GiB 4.08 1.00 200 
 1   hdd 0.19530  1.00000 200 GiB 8.0 GiB 192 GiB 4.01 0.99 201 
 2   hdd 0.19530  1.00000 200 GiB 8.2 GiB 192 GiB 4.09 1.01 199 
                    TOTAL 600 GiB  24 GiB 576 GiB 4.06          
MIN/MAX VAR: 0.99/1.01  STDDEV: 0.04
Probing round 67
Mon Oct  1 05:30:20 UTC 2018
ID CLASS WEIGHT  REWEIGHT SIZE    USE     AVAIL   %USE VAR  PGS 
 0   hdd 0.19530  1.00000 200 GiB 8.2 GiB 192 GiB 4.08 0.98 200 
 1   hdd 0.19530  1.00000 200 GiB 8.5 GiB 192 GiB 4.24 1.01 201 
 2   hdd 0.19530  1.00000 200 GiB 8.5 GiB 192 GiB 4.23 1.01 199 
                    TOTAL 600 GiB  25 GiB 575 GiB 4.18          
MIN/MAX VAR: 0.98/1.01  STDDEV: 0.07
Probing round 68
Mon Oct  1 05:30:22 UTC 2018
ID CLASS WEIGHT  REWEIGHT SIZE    USE     AVAIL   %USE VAR  PGS 
 0   hdd 0.19530  1.00000 200 GiB 8.2 GiB 192 GiB 4.08 0.98 200 
 1   hdd 0.19530  1.00000 200 GiB 8.5 GiB 192 GiB 4.24 1.01 201 
 2   hdd 0.19530  1.00000 200 GiB 8.5 GiB 192 GiB 4.23 1.01 199 
                    TOTAL 600 GiB  25 GiB 575 GiB 4.18          
MIN/MAX VAR: 0.98/1.01  STDDEV: 0.07
Probing round 69
Mon Oct  1 05:30:23 UTC 2018
ID CLASS WEIGHT  REWEIGHT SIZE    USE     AVAIL   %USE VAR  PGS 
 0   hdd 0.19530  1.00000 200 GiB 8.5 GiB 192 GiB 4.24 1.00 200 
 1   hdd 0.19530  1.00000 200 GiB 8.5 GiB 192 GiB 4.24 1.00 201 
 2   hdd 0.19530  1.00000 200 GiB 8.5 GiB 192 GiB 4.23 1.00 199 
                    TOTAL 600 GiB  25 GiB 575 GiB 4.23          
MIN/MAX VAR: 1.00/1.00  STDDEV: 0
Probing round 70
Mon Oct  1 05:30:24 UTC 2018
ID CLASS WEIGHT  REWEIGHT SIZE    USE     AVAIL   %USE VAR  PGS 
 0   hdd 0.19530  1.00000 200 GiB 8.5 GiB 192 GiB 4.24 1.00 200 
 1   hdd 0.19530  1.00000 200 GiB 8.5 GiB 192 GiB 4.24 1.00 201 
 2   hdd 0.19530  1.00000 200 GiB 8.5 GiB 192 GiB 4.23 1.00 199 
                    TOTAL 600 GiB  25 GiB 575 GiB 4.23          
MIN/MAX VAR: 1.00/1.00  STDDEV: 0
Probing round 71
Mon Oct  1 05:30:25 UTC 2018
ID CLASS WEIGHT  REWEIGHT SIZE    USE     AVAIL   %USE VAR  PGS 
 0   hdd 0.19530  1.00000 200 GiB 8.5 GiB 192 GiB 4.24 1.00 200 
 1   hdd 0.19530  1.00000 200 GiB 8.5 GiB 192 GiB 4.24 1.00 201 
 2   hdd 0.19530  1.00000 200 GiB 8.5 GiB 192 GiB 4.23 1.00 199 
                    TOTAL 600 GiB  25 GiB 575 GiB 4.23          
MIN/MAX VAR: 1.00/1.00  STDDEV: 0
Probing round 72
Mon Oct  1 05:30:27 UTC 2018
ID CLASS WEIGHT  REWEIGHT SIZE    USE     AVAIL   %USE VAR  PGS 
 0   hdd 0.19530  1.00000 200 GiB 8.5 GiB 192 GiB 4.24 1.00 200 
 1   hdd 0.19530  1.00000 200 GiB 8.5 GiB 192 GiB 4.24 1.00 201 
 2   hdd 0.19530  1.00000 200 GiB 8.5 GiB 192 GiB 4.24 1.00 199 
                    TOTAL 600 GiB  25 GiB 575 GiB 4.24          
MIN/MAX VAR: 1.00/1.00  STDDEV: 0
Probing round 73
Mon Oct  1 05:30:28 UTC 2018
ID CLASS WEIGHT  REWEIGHT SIZE    USE     AVAIL   %USE VAR  PGS 
 0   hdd 0.19530  1.00000 200 GiB 8.5 GiB 192 GiB 4.24 1.00 200 
 1   hdd 0.19530  1.00000 200 GiB 8.5 GiB 192 GiB 4.24 1.00 201 
 2   hdd 0.19530  1.00000 200 GiB 8.5 GiB 192 GiB 4.24 1.00 199 
                    TOTAL 600 GiB  25 GiB 575 GiB 4.24          
MIN/MAX VAR: 1.00/1.00  STDDEV: 0
Probing round 74
Mon Oct  1 05:30:29 UTC 2018
ID CLASS WEIGHT  REWEIGHT SIZE    USE     AVAIL   %USE VAR  PGS 
 0   hdd 0.19530  1.00000 200 GiB 8.5 GiB 192 GiB 4.24 1.00 200 
 1   hdd 0.19530  1.00000 200 GiB 8.5 GiB 192 GiB 4.24 1.00 201 
 2   hdd 0.19530  1.00000 200 GiB 8.5 GiB 192 GiB 4.24 1.00 199 
                    TOTAL 600 GiB  25 GiB 575 GiB 4.24          
MIN/MAX VAR: 1.00/1.00  STDDEV: 0
Probing round 75
Mon Oct  1 05:30:30 UTC 2018
ID CLASS WEIGHT  REWEIGHT SIZE    USE     AVAIL   %USE VAR  PGS 
 0   hdd 0.19530  1.00000 200 GiB 8.5 GiB 192 GiB 4.24 1.00 200 
 1   hdd 0.19530  1.00000 200 GiB 8.5 GiB 192 GiB 4.24 1.00 201 
 2   hdd 0.19530  1.00000 200 GiB 8.5 GiB 192 GiB 4.24 1.00 199 
                    TOTAL 600 GiB  25 GiB 575 GiB 4.24          
MIN/MAX VAR: 1.00/1.00  STDDEV: 0
Probing round 76
Mon Oct  1 05:30:31 UTC 2018
ID CLASS WEIGHT  REWEIGHT SIZE    USE     AVAIL   %USE VAR  PGS 
 0   hdd 0.19530  1.00000 200 GiB 8.5 GiB 192 GiB 4.24 1.00 200 
 1   hdd 0.19530  1.00000 200 GiB 8.5 GiB 192 GiB 4.24 1.00 201 
 2   hdd 0.19530  1.00000 200 GiB 8.5 GiB 192 GiB 4.24 1.00 199 
                    TOTAL 600 GiB  25 GiB 575 GiB 4.24          
MIN/MAX VAR: 1.00/1.00  STDDEV: 0
Probing round 77
Mon Oct  1 05:30:33 UTC 2018
ID CLASS WEIGHT  REWEIGHT SIZE    USE     AVAIL   %USE VAR  PGS 
 0   hdd 0.19530  1.00000 200 GiB 8.5 GiB 192 GiB 4.24 1.00 200 
 1   hdd 0.19530  1.00000 200 GiB 8.5 GiB 192 GiB 4.24 1.00 201 
 2   hdd 0.19530  1.00000 200 GiB 8.5 GiB 192 GiB 4.24 1.00 199 
                    TOTAL 600 GiB  25 GiB 575 GiB 4.24          
MIN/MAX VAR: 1.00/1.00  STDDEV: 0
Probing round 78
Mon Oct  1 05:30:34 UTC 2018
ID CLASS WEIGHT  REWEIGHT SIZE    USE     AVAIL   %USE VAR  PGS 
 0   hdd 0.19530  1.00000 200 GiB 8.5 GiB 192 GiB 4.24 1.00 200 
 1   hdd 0.19530  1.00000 200 GiB 8.5 GiB 192 GiB 4.24 1.00 201 
 2   hdd 0.19530  1.00000 200 GiB 8.5 GiB 192 GiB 4.24 1.00 199 
                    TOTAL 600 GiB  25 GiB 575 GiB 4.24          
MIN/MAX VAR: 1.00/1.00  STDDEV: 0
Probing round 79
Mon Oct  1 05:30:35 UTC 2018
ID CLASS WEIGHT  REWEIGHT SIZE    USE     AVAIL   %USE VAR  PGS 
 0   hdd 0.19530  1.00000 200 GiB 8.5 GiB 192 GiB 4.24 1.00 200 
 1   hdd 0.19530  1.00000 200 GiB 8.5 GiB 192 GiB 4.24 1.00 201 
 2   hdd 0.19530  1.00000 200 GiB 8.5 GiB 192 GiB 4.24 1.00 199 
                    TOTAL 600 GiB  25 GiB 575 GiB 4.24          
MIN/MAX VAR: 1.00/1.00  STDDEV: 0
Probing round 80
Mon Oct  1 05:30:36 UTC 2018
ID CLASS WEIGHT  REWEIGHT SIZE    USE     AVAIL   %USE VAR  PGS 
 0   hdd 0.19530  1.00000 200 GiB 8.5 GiB 192 GiB 4.24 1.00 200 
 1   hdd 0.19530  1.00000 200 GiB 8.5 GiB 192 GiB 4.24 1.00 201 
 2   hdd 0.19530  1.00000 200 GiB 8.5 GiB 192 GiB 4.24 1.00 199 
                    TOTAL 600 GiB  25 GiB 575 GiB 4.24          
MIN/MAX VAR: 1.00/1.00  STDDEV: 0
Probing round 81
Mon Oct  1 05:30:38 UTC 2018
ID CLASS WEIGHT  REWEIGHT SIZE    USE     AVAIL   %USE VAR  PGS 
 0   hdd 0.19530  1.00000 200 GiB 8.5 GiB 192 GiB 4.24 1.00 200 
 1   hdd 0.19530  1.00000 200 GiB 8.5 GiB 192 GiB 4.24 1.00 201 
 2   hdd 0.19530  1.00000 200 GiB 8.5 GiB 192 GiB 4.24 1.00 199 
                    TOTAL 600 GiB  25 GiB 575 GiB 4.24          
MIN/MAX VAR: 1.00/1.00  STDDEV: 0
Probing round 82
Mon Oct  1 05:30:39 UTC 2018
ID CLASS WEIGHT  REWEIGHT SIZE    USE     AVAIL   %USE VAR  PGS 
 0   hdd 0.19530  1.00000 200 GiB 8.5 GiB 192 GiB 4.24 1.00 200 
 1   hdd 0.19530  1.00000 200 GiB 8.5 GiB 192 GiB 4.24 1.00 201 
 2   hdd 0.19530  1.00000 200 GiB 8.5 GiB 192 GiB 4.24 1.00 199 
                    TOTAL 600 GiB  25 GiB 575 GiB 4.24          
MIN/MAX VAR: 1.00/1.00  STDDEV: 0
Probing round 83
Mon Oct  1 05:30:40 UTC 2018
ID CLASS WEIGHT  REWEIGHT SIZE    USE     AVAIL   %USE VAR  PGS 
 0   hdd 0.19530  1.00000 200 GiB 8.5 GiB 192 GiB 4.24 1.00 200 
 1   hdd 0.19530  1.00000 200 GiB 8.5 GiB 192 GiB 4.24 1.00 201 
 2   hdd 0.19530  1.00000 200 GiB 8.5 GiB 192 GiB 4.24 1.00 199 
                    TOTAL 600 GiB  25 GiB 575 GiB 4.24          
MIN/MAX VAR: 1.00/1.00  STDDEV: 0
Probing round 84
Mon Oct  1 05:30:41 UTC 2018
ID CLASS WEIGHT  REWEIGHT SIZE    USE     AVAIL   %USE VAR  PGS 
 0   hdd 0.19530  1.00000 200 GiB 8.5 GiB 192 GiB 4.24 1.00 200 
 1   hdd 0.19530  1.00000 200 GiB 8.5 GiB 192 GiB 4.24 1.00 201 
 2   hdd 0.19530  1.00000 200 GiB 8.5 GiB 192 GiB 4.24 1.00 199 
                    TOTAL 600 GiB  25 GiB 575 GiB 4.24          
MIN/MAX VAR: 1.00/1.00  STDDEV: 0
Probing round 85
Mon Oct  1 05:30:43 UTC 2018
ID CLASS WEIGHT  REWEIGHT SIZE    USE     AVAIL   %USE VAR  PGS 
 0   hdd 0.19530  1.00000 200 GiB 8.5 GiB 192 GiB 4.24 1.00 200 
 1   hdd 0.19530  1.00000 200 GiB 8.5 GiB 192 GiB 4.24 1.00 201 
 2   hdd 0.19530  1.00000 200 GiB 8.5 GiB 192 GiB 4.24 1.00 199 
                    TOTAL 600 GiB  25 GiB 575 GiB 4.24          
MIN/MAX VAR: 1.00/1.00  STDDEV: 0
Probing round 86
Mon Oct  1 05:30:44 UTC 2018
ID CLASS WEIGHT  REWEIGHT SIZE    USE     AVAIL   %USE VAR  PGS 
 0   hdd 0.19530  1.00000 200 GiB 8.5 GiB 192 GiB 4.24 1.00 200 
 1   hdd 0.19530  1.00000 200 GiB 8.5 GiB 192 GiB 4.24 1.00 201 
 2   hdd 0.19530  1.00000 200 GiB 8.5 GiB 192 GiB 4.24 1.00 199 
                    TOTAL 600 GiB  25 GiB 575 GiB 4.24          
MIN/MAX VAR: 1.00/1.00  STDDEV: 0
Probing round 87
Mon Oct  1 05:30:45 UTC 2018
ID CLASS WEIGHT  REWEIGHT SIZE    USE     AVAIL   %USE VAR  PGS 
 0   hdd 0.19530  1.00000 200 GiB 8.5 GiB 192 GiB 4.24 1.00 200 
 1   hdd 0.19530  1.00000 200 GiB 8.5 GiB 192 GiB 4.24 1.00 201 
 2   hdd 0.19530  1.00000 200 GiB 8.5 GiB 192 GiB 4.24 1.00 199 
                    TOTAL 600 GiB  25 GiB 575 GiB 4.24          
MIN/MAX VAR: 1.00/1.00  STDDEV: 0
Probing round 88
Mon Oct  1 05:30:46 UTC 2018
ID CLASS WEIGHT  REWEIGHT SIZE    USE     AVAIL   %USE VAR  PGS 
 0   hdd 0.19530  1.00000 200 GiB 8.5 GiB 192 GiB 4.24 1.00 200 
 1   hdd 0.19530  1.00000 200 GiB 8.5 GiB 192 GiB 4.24 1.00 201 
 2   hdd 0.19530  1.00000 200 GiB 8.5 GiB 192 GiB 4.24 1.00 199 
                    TOTAL 600 GiB  25 GiB 575 GiB 4.24          
MIN/MAX VAR: 1.00/1.00  STDDEV: 0
Probing round 89
Mon Oct  1 05:30:47 UTC 2018
ID CLASS WEIGHT  REWEIGHT SIZE    USE     AVAIL   %USE VAR  PGS 
 0   hdd 0.19530  1.00000 200 GiB 8.5 GiB 192 GiB 4.24 1.00 200 
 1   hdd 0.19530  1.00000 200 GiB 8.5 GiB 192 GiB 4.24 1.00 201 
 2   hdd 0.19530  1.00000 200 GiB 8.5 GiB 192 GiB 4.24 1.00 199 
                    TOTAL 600 GiB  25 GiB 575 GiB 4.24          
MIN/MAX VAR: 1.00/1.00  STDDEV: 0
Probing round 90
Mon Oct  1 05:30:49 UTC 2018
ID CLASS WEIGHT  REWEIGHT SIZE    USE     AVAIL   %USE VAR  PGS 
 0   hdd 0.19530  1.00000 200 GiB 8.5 GiB 192 GiB 4.24 1.00 200 
 1   hdd 0.19530  1.00000 200 GiB 8.5 GiB 192 GiB 4.24 1.00 201 
 2   hdd 0.19530  1.00000 200 GiB 8.5 GiB 192 GiB 4.24 1.00 199 
                    TOTAL 600 GiB  25 GiB 575 GiB 4.24          
MIN/MAX VAR: 1.00/1.00  STDDEV: 0
Probing round 91
Mon Oct  1 05:30:50 UTC 2018
ID CLASS WEIGHT  REWEIGHT SIZE    USE     AVAIL   %USE VAR  PGS 
 0   hdd 0.19530  1.00000 200 GiB 8.5 GiB 192 GiB 4.24 1.00 200 
 1   hdd 0.19530  1.00000 200 GiB 8.5 GiB 192 GiB 4.24 1.00 201 
 2   hdd 0.19530  1.00000 200 GiB 8.5 GiB 192 GiB 4.24 1.00 199 
                    TOTAL 600 GiB  25 GiB 575 GiB 4.24          
MIN/MAX VAR: 1.00/1.00  STDDEV: 0
Probing round 92
Mon Oct  1 05:30:51 UTC 2018
ID CLASS WEIGHT  REWEIGHT SIZE    USE     AVAIL   %USE VAR  PGS 
 0   hdd 0.19530  1.00000 200 GiB 8.5 GiB 192 GiB 4.24 1.00 200 
 1   hdd 0.19530  1.00000 200 GiB 8.5 GiB 192 GiB 4.24 1.00 201 
 2   hdd 0.19530  1.00000 200 GiB 8.5 GiB 192 GiB 4.24 1.00 199 
                    TOTAL 600 GiB  25 GiB 575 GiB 4.24          
MIN/MAX VAR: 1.00/1.00  STDDEV: 0
Probing round 93
Mon Oct  1 05:30:52 UTC 2018
ID CLASS WEIGHT  REWEIGHT SIZE    USE     AVAIL   %USE VAR  PGS 
 0   hdd 0.19530  1.00000 200 GiB 8.5 GiB 192 GiB 4.24 1.00 200 
 1   hdd 0.19530  1.00000 200 GiB 8.5 GiB 192 GiB 4.24 1.00 201 
 2   hdd 0.19530  1.00000 200 GiB 8.5 GiB 192 GiB 4.24 1.00 199 
                    TOTAL 600 GiB  25 GiB 575 GiB 4.24          
MIN/MAX VAR: 1.00/1.00  STDDEV: 0
Probing round 94
Mon Oct  1 05:30:54 UTC 2018
ID CLASS WEIGHT  REWEIGHT SIZE    USE     AVAIL   %USE VAR  PGS 
 0   hdd 0.19530  1.00000 200 GiB 8.5 GiB 192 GiB 4.24 1.00 200 
 1   hdd 0.19530  1.00000 200 GiB 8.5 GiB 192 GiB 4.24 1.00 201 
 2   hdd 0.19530  1.00000 200 GiB 8.5 GiB 192 GiB 4.24 1.00 199 
                    TOTAL 600 GiB  25 GiB 575 GiB 4.24          
MIN/MAX VAR: 1.00/1.00  STDDEV: 0
Probing round 95
Mon Oct  1 05:30:55 UTC 2018
ID CLASS WEIGHT  REWEIGHT SIZE    USE     AVAIL   %USE VAR  PGS 
 0   hdd 0.19530  1.00000 200 GiB 8.5 GiB 192 GiB 4.24 1.00 200 
 1   hdd 0.19530  1.00000 200 GiB 8.5 GiB 192 GiB 4.24 1.00 201 
 2   hdd 0.19530  1.00000 200 GiB 8.5 GiB 192 GiB 4.24 1.00 199 
                    TOTAL 600 GiB  25 GiB 575 GiB 4.24          
MIN/MAX VAR: 1.00/1.00  STDDEV: 0
Probing round 96
Mon Oct  1 05:30:56 UTC 2018
ID CLASS WEIGHT  REWEIGHT SIZE    USE     AVAIL   %USE VAR  PGS 
 0   hdd 0.19530  1.00000 200 GiB 8.5 GiB 192 GiB 4.24 1.00 200 
 1   hdd 0.19530  1.00000 200 GiB 8.5 GiB 192 GiB 4.24 1.00 201 
 2   hdd 0.19530  1.00000 200 GiB 8.5 GiB 192 GiB 4.24 1.00 199 
                    TOTAL 600 GiB  25 GiB 575 GiB 4.24          
MIN/MAX VAR: 1.00/1.00  STDDEV: 0
Probing round 97
Mon Oct  1 05:30:57 UTC 2018
ID CLASS WEIGHT  REWEIGHT SIZE    USE     AVAIL   %USE VAR  PGS 
 0   hdd 0.19530  1.00000 200 GiB 8.5 GiB 192 GiB 4.24 1.00 200 
 1   hdd 0.19530  1.00000 200 GiB 8.5 GiB 192 GiB 4.24 1.00 201 
 2   hdd 0.19530  1.00000 200 GiB 8.5 GiB 192 GiB 4.24 1.00 199 
                    TOTAL 600 GiB  25 GiB 575 GiB 4.24          
MIN/MAX VAR: 1.00/1.00  STDDEV: 0
Probing round 98
Mon Oct  1 05:30:59 UTC 2018
ID CLASS WEIGHT  REWEIGHT SIZE    USE     AVAIL   %USE VAR  PGS 
 0   hdd 0.19530  1.00000 200 GiB 8.5 GiB 192 GiB 4.24 1.00 200 
 1   hdd 0.19530  1.00000 200 GiB 8.5 GiB 192 GiB 4.24 1.00 201 
 2   hdd 0.19530  1.00000 200 GiB 8.5 GiB 192 GiB 4.24 1.00 199 
                    TOTAL 600 GiB  25 GiB 575 GiB 4.24          
MIN/MAX VAR: 1.00/1.00  STDDEV: 0
Probing round 99
Mon Oct  1 05:31:00 UTC 2018
ID CLASS WEIGHT  REWEIGHT SIZE    USE     AVAIL   %USE VAR  PGS 
 0   hdd 0.19530  1.00000 200 GiB 8.5 GiB 192 GiB 4.24 1.00 200 
 1   hdd 0.19530  1.00000 200 GiB 8.5 GiB 192 GiB 4.24 1.00 201 
 2   hdd 0.19530  1.00000 200 GiB 8.5 GiB 192 GiB 4.24 1.00 199 
                    TOTAL 600 GiB  25 GiB 575 GiB 4.24          
MIN/MAX VAR: 1.00/1.00  STDDEV: 0
Probing round 100
Mon Oct  1 05:31:01 UTC 2018
ID CLASS WEIGHT  REWEIGHT SIZE    USE     AVAIL   %USE VAR  PGS 
 0   hdd 0.19530  1.00000 200 GiB 8.5 GiB 192 GiB 4.24 1.00 200 
 1   hdd 0.19530  1.00000 200 GiB 8.5 GiB 192 GiB 4.24 1.00 201 
 2   hdd 0.19530  1.00000 200 GiB 8.5 GiB 192 GiB 4.24 1.00 199 
                    TOTAL 600 GiB  25 GiB 575 GiB 4.24          
MIN/MAX VAR: 1.00/1.00  STDDEV: 0
Probing round 101
Mon Oct  1 05:31:02 UTC 2018
ID CLASS WEIGHT  REWEIGHT SIZE    USE     AVAIL   %USE VAR  PGS 
 0   hdd 0.19530  1.00000 200 GiB 8.5 GiB 192 GiB 4.24 1.00 200 
 1   hdd 0.19530  1.00000 200 GiB 8.5 GiB 192 GiB 4.24 1.00 201 
 2   hdd 0.19530  1.00000 200 GiB 8.5 GiB 192 GiB 4.24 1.00 199 
                    TOTAL 600 GiB  25 GiB 575 GiB 4.24          
MIN/MAX VAR: 1.00/1.00  STDDEV: 0
Probing round 102
Mon Oct  1 05:31:03 UTC 2018
ID CLASS WEIGHT  REWEIGHT SIZE    USE     AVAIL   %USE VAR  PGS 
 0   hdd 0.19530  1.00000 200 GiB 8.5 GiB 192 GiB 4.24 1.00 200 
 1   hdd 0.19530  1.00000 200 GiB 8.5 GiB 192 GiB 4.24 1.00 201 
 2   hdd 0.19530  1.00000 200 GiB 8.5 GiB 192 GiB 4.24 1.00 199 
                    TOTAL 600 GiB  25 GiB 575 GiB 4.24          
MIN/MAX VAR: 1.00/1.00  STDDEV: 0
Probing round 103
Mon Oct  1 05:31:05 UTC 2018
ID CLASS WEIGHT  REWEIGHT SIZE    USE     AVAIL   %USE VAR  PGS 
 0   hdd 0.19530  1.00000 200 GiB 8.5 GiB 192 GiB 4.24 1.00 200 
 1   hdd 0.19530  1.00000 200 GiB 8.5 GiB 192 GiB 4.24 1.00 201 
 2   hdd 0.19530  1.00000 200 GiB 8.5 GiB 192 GiB 4.24 1.00 199 
                    TOTAL 600 GiB  25 GiB 575 GiB 4.24          
MIN/MAX VAR: 1.00/1.00  STDDEV: 0
Probing round 104
Mon Oct  1 05:31:06 UTC 2018
ID CLASS WEIGHT  REWEIGHT SIZE    USE     AVAIL   %USE VAR  PGS 
 0   hdd 0.19530  1.00000 200 GiB 8.5 GiB 192 GiB 4.24 1.00 200 
 1   hdd 0.19530  1.00000 200 GiB 8.5 GiB 192 GiB 4.24 1.00 201 
 2   hdd 0.19530  1.00000 200 GiB 8.5 GiB 192 GiB 4.24 1.00 199 
                    TOTAL 600 GiB  25 GiB 575 GiB 4.24          
MIN/MAX VAR: 1.00/1.00  STDDEV: 0
Probing round 105
Mon Oct  1 05:31:07 UTC 2018
ID CLASS WEIGHT  REWEIGHT SIZE    USE     AVAIL   %USE VAR  PGS 
 0   hdd 0.19530  1.00000 200 GiB 8.5 GiB 192 GiB 4.24 1.00 200 
 1   hdd 0.19530  1.00000 200 GiB 8.5 GiB 192 GiB 4.24 1.00 201 
 2   hdd 0.19530  1.00000 200 GiB 8.5 GiB 192 GiB 4.24 1.00 199 
                    TOTAL 600 GiB  25 GiB 575 GiB 4.24          
MIN/MAX VAR: 1.00/1.00  STDDEV: 0
Probing round 106
Mon Oct  1 05:31:08 UTC 2018
ID CLASS WEIGHT  REWEIGHT SIZE    USE     AVAIL   %USE VAR  PGS 
 0   hdd 0.19530  1.00000 200 GiB 8.5 GiB 192 GiB 4.24 1.00 200 
 1   hdd 0.19530  1.00000 200 GiB 8.5 GiB 192 GiB 4.24 1.00 201 
 2   hdd 0.19530  1.00000 200 GiB 8.5 GiB 192 GiB 4.24 1.00 199 
                    TOTAL 600 GiB  25 GiB 575 GiB 4.24          
MIN/MAX VAR: 1.00/1.00  STDDEV: 0
Probing round 107
Mon Oct  1 05:31:10 UTC 2018
ID CLASS WEIGHT  REWEIGHT SIZE    USE     AVAIL   %USE VAR  PGS 
 0   hdd 0.19530  1.00000 200 GiB 8.5 GiB 192 GiB 4.24 1.00 200 
 1   hdd 0.19530  1.00000 200 GiB 8.5 GiB 192 GiB 4.24 1.00 201 
 2   hdd 0.19530  1.00000 200 GiB 8.5 GiB 192 GiB 4.24 1.00 199 
                    TOTAL 600 GiB  25 GiB 575 GiB 4.24          
MIN/MAX VAR: 1.00/1.00  STDDEV: 0
Probing round 108
Mon Oct  1 05:31:11 UTC 2018
ID CLASS WEIGHT  REWEIGHT SIZE    USE     AVAIL   %USE VAR  PGS 
 0   hdd 0.19530  1.00000 200 GiB 8.5 GiB 192 GiB 4.24 1.00 200 
 1   hdd 0.19530  1.00000 200 GiB 8.5 GiB 192 GiB 4.24 1.00 201 
 2   hdd 0.19530  1.00000 200 GiB 8.5 GiB 192 GiB 4.24 1.00 199 
                    TOTAL 600 GiB  25 GiB 575 GiB 4.24          
MIN/MAX VAR: 1.00/1.00  STDDEV: 0
Probing round 109
Mon Oct  1 05:31:12 UTC 2018
ID CLASS WEIGHT  REWEIGHT SIZE    USE     AVAIL   %USE VAR  PGS 
 0   hdd 0.19530  1.00000 200 GiB 8.5 GiB 192 GiB 4.24 1.00 200 
 1   hdd 0.19530  1.00000 200 GiB 8.5 GiB 192 GiB 4.24 1.00 201 
 2   hdd 0.19530  1.00000 200 GiB 8.5 GiB 192 GiB 4.24 1.00 199 
                    TOTAL 600 GiB  25 GiB 575 GiB 4.24          
MIN/MAX VAR: 1.00/1.00  STDDEV: 0
Probing round 110
Mon Oct  1 05:31:13 UTC 2018
ID CLASS WEIGHT  REWEIGHT SIZE    USE     AVAIL   %USE VAR  PGS 
 0   hdd 0.19530  1.00000 200 GiB 8.5 GiB 192 GiB 4.24 1.00 200 
 1   hdd 0.19530  1.00000 200 GiB 8.5 GiB 192 GiB 4.24 1.00 201 
 2   hdd 0.19530  1.00000 200 GiB 8.5 GiB 192 GiB 4.24 1.00 199 
                    TOTAL 600 GiB  25 GiB 575 GiB 4.24          
MIN/MAX VAR: 1.00/1.00  STDDEV: 0
