Probing round 1
Mon Oct  1 17:51:34 UTC 2018
ID CLASS WEIGHT  REWEIGHT SIZE    USE     AVAIL   %USE VAR  PGS 
 0   hdd 0.19530  1.00000 200 GiB 1.0 GiB 199 GiB 0.51 0.68 100 
 1   ssd 0.09769  1.00000 100 GiB 1.0 GiB  99 GiB 1.00 1.32 100 
 2   ssd 0.09769  1.00000 100 GiB 1.0 GiB  99 GiB 1.00 1.32 100 
                    TOTAL 400 GiB 3.0 GiB 397 GiB 0.76          
MIN/MAX VAR: 0.68/1.32  STDDEV: 0.24
Probing round 2
Mon Oct  1 17:51:37 UTC 2018
ID CLASS WEIGHT  REWEIGHT SIZE    USE     AVAIL   %USE VAR  PGS 
 0   hdd 0.19530  1.00000 200 GiB 1.0 GiB 199 GiB 0.51 0.68 100 
 1   ssd 0.09769  1.00000 100 GiB 1.0 GiB  99 GiB 1.00 1.32 100 
 2   ssd 0.09769  1.00000 100 GiB 1.0 GiB  99 GiB 1.00 1.32 100 
                    TOTAL 400 GiB 3.0 GiB 397 GiB 0.76          
MIN/MAX VAR: 0.68/1.32  STDDEV: 0.24
Probing round 3
Mon Oct  1 17:51:39 UTC 2018
ID CLASS WEIGHT  REWEIGHT SIZE    USE     AVAIL   %USE VAR  PGS 
 0   hdd 0.19530  1.00000 200 GiB 1.0 GiB 199 GiB 0.51 0.68 100 
 1   ssd 0.09769  1.00000 100 GiB 1.0 GiB  99 GiB 1.00 1.32 100 
 2   ssd 0.09769  1.00000 100 GiB 1.0 GiB  99 GiB 1.00 1.32 100 
                    TOTAL 400 GiB 3.0 GiB 397 GiB 0.76          
MIN/MAX VAR: 0.68/1.32  STDDEV: 0.24
Probing round 4
Mon Oct  1 17:51:40 UTC 2018
ID CLASS WEIGHT  REWEIGHT SIZE    USE     AVAIL   %USE VAR  PGS 
 0   hdd 0.19530  1.00000 200 GiB 1.0 GiB 199 GiB 0.51 0.64 100 
 1   ssd 0.09769  1.00000 100 GiB 1.1 GiB  99 GiB 1.08 1.35 100 
 2   ssd 0.09769  1.00000 100 GiB 1.1 GiB  99 GiB 1.09 1.36 100 
                    TOTAL 400 GiB 3.2 GiB 397 GiB 0.80          
MIN/MAX VAR: 0.64/1.36  STDDEV: 0.28
Probing round 5
Mon Oct  1 17:51:42 UTC 2018
ID CLASS WEIGHT  REWEIGHT SIZE    USE     AVAIL   %USE VAR  PGS 
 0   hdd 0.19530  1.00000 200 GiB 1.0 GiB 199 GiB 0.51 0.64 100 
 1   ssd 0.09769  1.00000 100 GiB 1.1 GiB  99 GiB 1.08 1.35 100 
 2   ssd 0.09769  1.00000 100 GiB 1.1 GiB  99 GiB 1.09 1.36 100 
                    TOTAL 400 GiB 3.2 GiB 397 GiB 0.80          
MIN/MAX VAR: 0.64/1.36  STDDEV: 0.28
Probing round 6
Mon Oct  1 17:51:43 UTC 2018
ID CLASS WEIGHT  REWEIGHT SIZE    USE     AVAIL   %USE VAR  PGS 
 0   hdd 0.19530  1.00000 200 GiB 1.3 GiB 199 GiB 0.66 0.71 100 
 1   ssd 0.09769  1.00000 100 GiB 1.3 GiB  99 GiB 1.33 1.42 100 
 2   ssd 0.09769  1.00000 100 GiB 1.1 GiB  99 GiB 1.09 1.17 100 
                    TOTAL 400 GiB 3.7 GiB 396 GiB 0.93          
MIN/MAX VAR: 0.71/1.42  STDDEV: 0.29
Probing round 7
Mon Oct  1 17:51:44 UTC 2018
ID CLASS WEIGHT  REWEIGHT SIZE    USE     AVAIL   %USE VAR  PGS 
 0   hdd 0.19530  1.00000 200 GiB 1.3 GiB 199 GiB 0.66 0.71 100 
 1   ssd 0.09769  1.00000 100 GiB 1.3 GiB  99 GiB 1.33 1.42 100 
 2   ssd 0.09769  1.00000 100 GiB 1.1 GiB  99 GiB 1.09 1.17 100 
                    TOTAL 400 GiB 3.7 GiB 396 GiB 0.93          
MIN/MAX VAR: 0.71/1.42  STDDEV: 0.29
Probing round 8
Mon Oct  1 17:51:46 UTC 2018
ID CLASS WEIGHT  REWEIGHT SIZE    USE     AVAIL   %USE VAR  PGS 
 0   hdd 0.19530  1.00000 200 GiB 1.3 GiB 199 GiB 0.66 0.71 100 
 1   ssd 0.09769  1.00000 100 GiB 1.3 GiB  99 GiB 1.33 1.42 100 
 2   ssd 0.09769  1.00000 100 GiB 1.1 GiB  99 GiB 1.09 1.17 100 
                    TOTAL 400 GiB 3.7 GiB 396 GiB 0.93          
MIN/MAX VAR: 0.71/1.42  STDDEV: 0.29
Probing round 9
Mon Oct  1 17:51:48 UTC 2018
ID CLASS WEIGHT  REWEIGHT SIZE    USE     AVAIL   %USE VAR  PGS 
 0   hdd 0.19530  1.00000 200 GiB 1.3 GiB 199 GiB 0.66 0.71 100 
 1   ssd 0.09769  1.00000 100 GiB 1.3 GiB  99 GiB 1.33 1.42 100 
 2   ssd 0.09769  1.00000 100 GiB 1.1 GiB  99 GiB 1.09 1.17 100 
                    TOTAL 400 GiB 3.7 GiB 396 GiB 0.93          
MIN/MAX VAR: 0.71/1.42  STDDEV: 0.29
Probing round 10
Mon Oct  1 17:51:49 UTC 2018
ID CLASS WEIGHT  REWEIGHT SIZE    USE     AVAIL   %USE VAR  PGS 
 0   hdd 0.19530  1.00000 200 GiB 1.4 GiB 199 GiB 0.71 0.67 100 
 1   ssd 0.09769  1.00000 100 GiB 1.3 GiB  99 GiB 1.34 1.26 100 
 2   ssd 0.09769  1.00000 100 GiB 1.5 GiB  99 GiB 1.47 1.39 100 
                    TOTAL 400 GiB 4.2 GiB 396 GiB 1.06          
MIN/MAX VAR: 0.67/1.39  STDDEV: 0.35
Probing round 11
Mon Oct  1 17:51:50 UTC 2018
ID CLASS WEIGHT  REWEIGHT SIZE    USE     AVAIL   %USE VAR  PGS 
 0   hdd 0.19530  1.00000 200 GiB 1.4 GiB 199 GiB 0.71 0.67 100 
 1   ssd 0.09769  1.00000 100 GiB 1.3 GiB  99 GiB 1.34 1.26 100 
 2   ssd 0.09769  1.00000 100 GiB 1.5 GiB  99 GiB 1.47 1.39 100 
                    TOTAL 400 GiB 4.2 GiB 396 GiB 1.06          
MIN/MAX VAR: 0.67/1.39  STDDEV: 0.35
Probing round 12
Mon Oct  1 17:51:52 UTC 2018
ID CLASS WEIGHT  REWEIGHT SIZE    USE     AVAIL   %USE VAR  PGS 
 0   hdd 0.19530  1.00000 200 GiB 1.4 GiB 199 GiB 0.71 0.67 100 
 1   ssd 0.09769  1.00000 100 GiB 1.3 GiB  99 GiB 1.34 1.26 100 
 2   ssd 0.09769  1.00000 100 GiB 1.5 GiB  99 GiB 1.47 1.39 100 
                    TOTAL 400 GiB 4.2 GiB 396 GiB 1.06          
MIN/MAX VAR: 0.67/1.39  STDDEV: 0.35
Probing round 13
Mon Oct  1 17:51:53 UTC 2018
ID CLASS WEIGHT  REWEIGHT SIZE    USE     AVAIL   %USE VAR  PGS 
 0   hdd 0.19530  1.00000 200 GiB 1.4 GiB 199 GiB 0.71 0.67 100 
 1   ssd 0.09769  1.00000 100 GiB 1.3 GiB  99 GiB 1.34 1.26 100 
 2   ssd 0.09769  1.00000 100 GiB 1.5 GiB  99 GiB 1.47 1.39 100 
                    TOTAL 400 GiB 4.2 GiB 396 GiB 1.06          
MIN/MAX VAR: 0.67/1.39  STDDEV: 0.35
Probing round 14
Mon Oct  1 17:51:54 UTC 2018
ID CLASS WEIGHT  REWEIGHT SIZE    USE     AVAIL   %USE VAR  PGS 
 0   hdd 0.19530  1.00000 200 GiB 1.7 GiB 198 GiB 0.83 0.66 100 
 1   ssd 0.09769  1.00000 100 GiB 1.6 GiB  98 GiB 1.64 1.30 100 
 2   ssd 0.09769  1.00000 100 GiB 1.7 GiB  98 GiB 1.73 1.38 100 
                    TOTAL 400 GiB 5.0 GiB 395 GiB 1.26          
MIN/MAX VAR: 0.66/1.38  STDDEV: 0.43
Probing round 15
Mon Oct  1 17:51:55 UTC 2018
ID CLASS WEIGHT  REWEIGHT SIZE    USE     AVAIL   %USE VAR  PGS 
 0   hdd 0.19530  1.00000 200 GiB 1.7 GiB 198 GiB 0.83 0.66 100 
 1   ssd 0.09769  1.00000 100 GiB 1.6 GiB  98 GiB 1.64 1.30 100 
 2   ssd 0.09769  1.00000 100 GiB 1.7 GiB  98 GiB 1.73 1.38 100 
                    TOTAL 400 GiB 5.0 GiB 395 GiB 1.26          
MIN/MAX VAR: 0.66/1.38  STDDEV: 0.43
Probing round 16
Mon Oct  1 17:51:57 UTC 2018
ID CLASS WEIGHT  REWEIGHT SIZE    USE     AVAIL   %USE VAR  PGS 
 0   hdd 0.19530  1.00000 200 GiB 1.7 GiB 198 GiB 0.83 0.66 100 
 1   ssd 0.09769  1.00000 100 GiB 1.6 GiB  98 GiB 1.64 1.30 100 
 2   ssd 0.09769  1.00000 100 GiB 1.7 GiB  98 GiB 1.73 1.38 100 
                    TOTAL 400 GiB 5.0 GiB 395 GiB 1.26          
MIN/MAX VAR: 0.66/1.38  STDDEV: 0.43
Probing round 17
Mon Oct  1 17:51:58 UTC 2018
ID CLASS WEIGHT  REWEIGHT SIZE    USE     AVAIL   %USE VAR  PGS 
 0   hdd 0.19530  1.00000 200 GiB 1.7 GiB 198 GiB 0.83 0.66 100 
 1   ssd 0.09769  1.00000 100 GiB 1.6 GiB  98 GiB 1.64 1.30 100 
 2   ssd 0.09769  1.00000 100 GiB 1.7 GiB  98 GiB 1.73 1.38 100 
                    TOTAL 400 GiB 5.0 GiB 395 GiB 1.26          
MIN/MAX VAR: 0.66/1.38  STDDEV: 0.43
Probing round 18
Mon Oct  1 17:51:59 UTC 2018
ID CLASS WEIGHT  REWEIGHT SIZE    USE     AVAIL   %USE VAR  PGS 
 0   hdd 0.19530  1.00000 200 GiB 1.9 GiB 198 GiB 0.95 0.66 100 
 1   ssd 0.09769  1.00000 100 GiB 1.9 GiB  98 GiB 1.93 1.34 100 
 2   ssd 0.09769  1.00000 100 GiB 1.9 GiB  98 GiB 1.92 1.34 100 
                    TOTAL 400 GiB 5.7 GiB 394 GiB 1.44          
MIN/MAX VAR: 0.66/1.34  STDDEV: 0.49
Probing round 19
Mon Oct  1 17:52:01 UTC 2018
ID CLASS WEIGHT  REWEIGHT SIZE    USE     AVAIL   %USE VAR  PGS 
 0   hdd 0.19530  1.00000 200 GiB 1.9 GiB 198 GiB 0.95 0.66 100 
 1   ssd 0.09769  1.00000 100 GiB 1.9 GiB  98 GiB 1.93 1.34 100 
 2   ssd 0.09769  1.00000 100 GiB 1.9 GiB  98 GiB 1.92 1.34 100 
                    TOTAL 400 GiB 5.7 GiB 394 GiB 1.44          
MIN/MAX VAR: 0.66/1.34  STDDEV: 0.49
Probing round 20
Mon Oct  1 17:52:02 UTC 2018
ID CLASS WEIGHT  REWEIGHT SIZE    USE     AVAIL   %USE VAR  PGS 
 0   hdd 0.19530  1.00000 200 GiB 2.2 GiB 198 GiB 1.09 0.68 100 
 1   ssd 0.09769  1.00000 100 GiB 2.1 GiB  98 GiB 2.09 1.31 100 
 2   ssd 0.09769  1.00000 100 GiB 2.1 GiB  98 GiB 2.14 1.33 100 
                    TOTAL 400 GiB 6.4 GiB 394 GiB 1.60          
MIN/MAX VAR: 0.68/1.33  STDDEV: 0.51
Probing round 21
Mon Oct  1 17:52:04 UTC 2018
ID CLASS WEIGHT  REWEIGHT SIZE    USE     AVAIL   %USE VAR  PGS 
 0   hdd 0.19530  1.00000 200 GiB 2.2 GiB 198 GiB 1.09 0.68 100 
 1   ssd 0.09769  1.00000 100 GiB 2.1 GiB  98 GiB 2.09 1.31 100 
 2   ssd 0.09769  1.00000 100 GiB 2.1 GiB  98 GiB 2.14 1.33 100 
                    TOTAL 400 GiB 6.4 GiB 394 GiB 1.60          
MIN/MAX VAR: 0.68/1.33  STDDEV: 0.51
Probing round 22
Mon Oct  1 17:52:06 UTC 2018
ID CLASS WEIGHT  REWEIGHT SIZE    USE     AVAIL   %USE VAR  PGS 
 0   hdd 0.19530  1.00000 200 GiB 2.2 GiB 198 GiB 1.09 0.68 100 
 1   ssd 0.09769  1.00000 100 GiB 2.1 GiB  98 GiB 2.09 1.31 100 
 2   ssd 0.09769  1.00000 100 GiB 2.1 GiB  98 GiB 2.14 1.33 100 
                    TOTAL 400 GiB 6.4 GiB 394 GiB 1.60          
MIN/MAX VAR: 0.68/1.33  STDDEV: 0.51
Probing round 23
Mon Oct  1 17:52:07 UTC 2018
ID CLASS WEIGHT  REWEIGHT SIZE    USE     AVAIL   %USE VAR  PGS 
 0   hdd 0.19530  1.00000 200 GiB 2.2 GiB 198 GiB 1.09 0.68 100 
 1   ssd 0.09769  1.00000 100 GiB 2.1 GiB  98 GiB 2.09 1.31 100 
 2   ssd 0.09769  1.00000 100 GiB 2.1 GiB  98 GiB 2.14 1.33 100 
                    TOTAL 400 GiB 6.4 GiB 394 GiB 1.60          
MIN/MAX VAR: 0.68/1.33  STDDEV: 0.51
Probing round 24
Mon Oct  1 17:52:08 UTC 2018
ID CLASS WEIGHT  REWEIGHT SIZE    USE     AVAIL   %USE VAR  PGS 
 0   hdd 0.19530  1.00000 200 GiB 2.2 GiB 198 GiB 1.09 0.68 100 
 1   ssd 0.09769  1.00000 100 GiB 2.1 GiB  98 GiB 2.09 1.31 100 
 2   ssd 0.09769  1.00000 100 GiB 2.1 GiB  98 GiB 2.14 1.33 100 
                    TOTAL 400 GiB 6.4 GiB 394 GiB 1.60          
MIN/MAX VAR: 0.68/1.33  STDDEV: 0.51
Probing round 25
Mon Oct  1 17:52:10 UTC 2018
ID CLASS WEIGHT  REWEIGHT SIZE    USE     AVAIL   %USE VAR  PGS 
 0   hdd 0.19530  1.00000 200 GiB 2.4 GiB 198 GiB 1.19 0.68 100 
 1   ssd 0.09769  1.00000 100 GiB 2.2 GiB  98 GiB 2.22 1.28 100 
 2   ssd 0.09769  1.00000 100 GiB 2.4 GiB  98 GiB 2.36 1.36 100 
                    TOTAL 400 GiB 6.9 GiB 393 GiB 1.74          
MIN/MAX VAR: 0.68/1.36  STDDEV: 0.55
Probing round 26
Mon Oct  1 17:52:11 UTC 2018
ID CLASS WEIGHT  REWEIGHT SIZE    USE     AVAIL   %USE VAR  PGS 
 0   hdd 0.19530  1.00000 200 GiB 2.4 GiB 198 GiB 1.19 0.68 100 
 1   ssd 0.09769  1.00000 100 GiB 2.2 GiB  98 GiB 2.22 1.28 100 
 2   ssd 0.09769  1.00000 100 GiB 2.4 GiB  98 GiB 2.36 1.36 100 
                    TOTAL 400 GiB 6.9 GiB 393 GiB 1.74          
MIN/MAX VAR: 0.68/1.36  STDDEV: 0.55
Probing round 27
Mon Oct  1 17:52:12 UTC 2018
ID CLASS WEIGHT  REWEIGHT SIZE    USE     AVAIL   %USE VAR  PGS 
 0   hdd 0.19530  1.00000 200 GiB 2.4 GiB 198 GiB 1.19 0.68 100 
 1   ssd 0.09769  1.00000 100 GiB 2.2 GiB  98 GiB 2.22 1.28 100 
 2   ssd 0.09769  1.00000 100 GiB 2.4 GiB  98 GiB 2.36 1.36 100 
                    TOTAL 400 GiB 6.9 GiB 393 GiB 1.74          
MIN/MAX VAR: 0.68/1.36  STDDEV: 0.55
Probing round 28
Mon Oct  1 17:52:13 UTC 2018
ID CLASS WEIGHT  REWEIGHT SIZE    USE     AVAIL   %USE VAR  PGS 
 0   hdd 0.19530  1.00000 200 GiB 2.6 GiB 197 GiB 1.31 0.69 100 
 1   ssd 0.09769  1.00000 100 GiB 2.5 GiB  98 GiB 2.49 1.31 100 
 2   ssd 0.09769  1.00000 100 GiB 2.5 GiB  97 GiB 2.52 1.32 100 
                    TOTAL 400 GiB 7.6 GiB 392 GiB 1.91          
MIN/MAX VAR: 0.69/1.32  STDDEV: 0.60
Probing round 29
Mon Oct  1 17:52:15 UTC 2018
ID CLASS WEIGHT  REWEIGHT SIZE    USE     AVAIL   %USE VAR  PGS 
 0   hdd 0.19530  1.00000 200 GiB 2.6 GiB 197 GiB 1.31 0.69 100 
 1   ssd 0.09769  1.00000 100 GiB 2.5 GiB  98 GiB 2.49 1.31 100 
 2   ssd 0.09769  1.00000 100 GiB 2.5 GiB  97 GiB 2.52 1.32 100 
                    TOTAL 400 GiB 7.6 GiB 392 GiB 1.91          
MIN/MAX VAR: 0.69/1.32  STDDEV: 0.60
Probing round 30
Mon Oct  1 17:52:16 UTC 2018
ID CLASS WEIGHT  REWEIGHT SIZE    USE     AVAIL   %USE VAR  PGS 
 0   hdd 0.19530  1.00000 200 GiB 2.6 GiB 197 GiB 1.31 0.69 100 
 1   ssd 0.09769  1.00000 100 GiB 2.5 GiB  98 GiB 2.49 1.31 100 
 2   ssd 0.09769  1.00000 100 GiB 2.5 GiB  97 GiB 2.52 1.32 100 
                    TOTAL 400 GiB 7.6 GiB 392 GiB 1.91          
MIN/MAX VAR: 0.69/1.32  STDDEV: 0.60
Probing round 31
Mon Oct  1 17:52:17 UTC 2018
ID CLASS WEIGHT  REWEIGHT SIZE    USE     AVAIL   %USE VAR  PGS 
 0   hdd 0.19530  1.00000 200 GiB 2.6 GiB 197 GiB 1.31 0.69 100 
 1   ssd 0.09769  1.00000 100 GiB 2.5 GiB  98 GiB 2.49 1.31 100 
 2   ssd 0.09769  1.00000 100 GiB 2.5 GiB  97 GiB 2.52 1.32 100 
                    TOTAL 400 GiB 7.6 GiB 392 GiB 1.91          
MIN/MAX VAR: 0.69/1.32  STDDEV: 0.60
Probing round 32
Mon Oct  1 17:52:18 UTC 2018
ID CLASS WEIGHT  REWEIGHT SIZE    USE     AVAIL   %USE VAR  PGS 
 0   hdd 0.19530  1.00000 200 GiB 2.6 GiB 197 GiB 1.31 0.69 100 
 1   ssd 0.09769  1.00000 100 GiB 2.5 GiB  98 GiB 2.49 1.31 100 
 2   ssd 0.09769  1.00000 100 GiB 2.5 GiB  97 GiB 2.52 1.32 100 
                    TOTAL 400 GiB 7.6 GiB 392 GiB 1.91          
MIN/MAX VAR: 0.69/1.32  STDDEV: 0.60
Probing round 33
Mon Oct  1 17:52:20 UTC 2018
ID CLASS WEIGHT  REWEIGHT SIZE    USE     AVAIL   %USE VAR  PGS 
 0   hdd 0.19530  1.00000 200 GiB 2.8 GiB 197 GiB 1.41 0.68 100 
 1   ssd 0.09769  1.00000 100 GiB 2.8 GiB  97 GiB 2.75 1.32 100 
 2   ssd 0.09769  1.00000 100 GiB 2.8 GiB  97 GiB 2.75 1.32 100 
                    TOTAL 400 GiB 8.3 GiB 392 GiB 2.08          
MIN/MAX VAR: 0.68/1.32  STDDEV: 0.67
Probing round 34
Mon Oct  1 17:52:22 UTC 2018
ID CLASS WEIGHT  REWEIGHT SIZE    USE     AVAIL   %USE VAR  PGS 
 0   hdd 0.19530  1.00000 200 GiB 2.8 GiB 197 GiB 1.41 0.68 100 
 1   ssd 0.09769  1.00000 100 GiB 2.8 GiB  97 GiB 2.75 1.32 100 
 2   ssd 0.09769  1.00000 100 GiB 2.8 GiB  97 GiB 2.75 1.32 100 
                    TOTAL 400 GiB 8.3 GiB 392 GiB 2.08          
MIN/MAX VAR: 0.68/1.32  STDDEV: 0.67
Probing round 35
Mon Oct  1 17:52:24 UTC 2018
ID CLASS WEIGHT  REWEIGHT SIZE    USE     AVAIL   %USE VAR  PGS 
 0   hdd 0.19530  1.00000 200 GiB 2.8 GiB 197 GiB 1.41 0.65 100 
 1   ssd 0.09769  1.00000 100 GiB 2.9 GiB  97 GiB 2.85 1.32 100 
 2   ssd 0.09769  1.00000 100 GiB 3.0 GiB  97 GiB 2.97 1.38 100 
                    TOTAL 400 GiB 8.6 GiB 391 GiB 2.16          
MIN/MAX VAR: 0.65/1.38  STDDEV: 0.75
Probing round 36
Mon Oct  1 17:52:25 UTC 2018
ID CLASS WEIGHT  REWEIGHT SIZE    USE     AVAIL   %USE VAR  PGS 
 0   hdd 0.19530  1.00000 200 GiB 2.8 GiB 197 GiB 1.41 0.65 100 
 1   ssd 0.09769  1.00000 100 GiB 2.9 GiB  97 GiB 2.85 1.32 100 
 2   ssd 0.09769  1.00000 100 GiB 3.0 GiB  97 GiB 2.97 1.38 100 
                    TOTAL 400 GiB 8.6 GiB 391 GiB 2.16          
MIN/MAX VAR: 0.65/1.38  STDDEV: 0.75
Probing round 37
Mon Oct  1 17:52:26 UTC 2018
ID CLASS WEIGHT  REWEIGHT SIZE    USE     AVAIL   %USE VAR  PGS 
 0   hdd 0.19530  1.00000 200 GiB 2.8 GiB 197 GiB 1.41 0.65 100 
 1   ssd 0.09769  1.00000 100 GiB 2.9 GiB  97 GiB 2.85 1.32 100 
 2   ssd 0.09769  1.00000 100 GiB 3.0 GiB  97 GiB 2.97 1.38 100 
                    TOTAL 400 GiB 8.6 GiB 391 GiB 2.16          
MIN/MAX VAR: 0.65/1.38  STDDEV: 0.75
Probing round 38
Mon Oct  1 17:52:27 UTC 2018
ID CLASS WEIGHT  REWEIGHT SIZE    USE     AVAIL   %USE VAR  PGS 
 0   hdd 0.19530  1.00000 200 GiB 2.8 GiB 197 GiB 1.41 0.65 100 
 1   ssd 0.09769  1.00000 100 GiB 2.9 GiB  97 GiB 2.85 1.32 100 
 2   ssd 0.09769  1.00000 100 GiB 3.0 GiB  97 GiB 2.97 1.38 100 
                    TOTAL 400 GiB 8.6 GiB 391 GiB 2.16          
MIN/MAX VAR: 0.65/1.38  STDDEV: 0.75
Probing round 39
Mon Oct  1 17:52:29 UTC 2018
ID CLASS WEIGHT  REWEIGHT SIZE    USE     AVAIL   %USE VAR  PGS 
 0   hdd 0.19530  1.00000 200 GiB 2.8 GiB 197 GiB 1.41 0.65 100 
 1   ssd 0.09769  1.00000 100 GiB 2.9 GiB  97 GiB 2.85 1.32 100 
 2   ssd 0.09769  1.00000 100 GiB 3.0 GiB  97 GiB 2.97 1.38 100 
                    TOTAL 400 GiB 8.6 GiB 391 GiB 2.16          
MIN/MAX VAR: 0.65/1.38  STDDEV: 0.75
Probing round 40
Mon Oct  1 17:52:30 UTC 2018
ID CLASS WEIGHT  REWEIGHT SIZE    USE     AVAIL   %USE VAR  PGS 
 0   hdd 0.19530  1.00000 200 GiB 3.1 GiB 197 GiB 1.53 0.65 100 
 1   ssd 0.09769  1.00000 100 GiB 3.2 GiB  97 GiB 3.20 1.35 100 
 2   ssd 0.09769  1.00000 100 GiB 3.2 GiB  97 GiB 3.19 1.35 100 
                    TOTAL 400 GiB 9.5 GiB 391 GiB 2.37          
MIN/MAX VAR: 0.65/1.35  STDDEV: 0.83
Probing round 41
Mon Oct  1 17:52:31 UTC 2018
ID CLASS WEIGHT  REWEIGHT SIZE    USE     AVAIL   %USE VAR  PGS 
 0   hdd 0.19530  1.00000 200 GiB 3.1 GiB 197 GiB 1.53 0.65 100 
 1   ssd 0.09769  1.00000 100 GiB 3.2 GiB  97 GiB 3.20 1.35 100 
 2   ssd 0.09769  1.00000 100 GiB 3.2 GiB  97 GiB 3.19 1.35 100 
                    TOTAL 400 GiB 9.5 GiB 391 GiB 2.37          
MIN/MAX VAR: 0.65/1.35  STDDEV: 0.83
Probing round 42
Mon Oct  1 17:52:33 UTC 2018
ID CLASS WEIGHT  REWEIGHT SIZE    USE     AVAIL   %USE VAR  PGS 
 0   hdd 0.19530  1.00000 200 GiB 3.1 GiB 197 GiB 1.53 0.65 100 
 1   ssd 0.09769  1.00000 100 GiB 3.2 GiB  97 GiB 3.20 1.35 100 
 2   ssd 0.09769  1.00000 100 GiB 3.2 GiB  97 GiB 3.19 1.35 100 
                    TOTAL 400 GiB 9.5 GiB 391 GiB 2.37          
MIN/MAX VAR: 0.65/1.35  STDDEV: 0.83
Probing round 43
Mon Oct  1 17:52:34 UTC 2018
ID CLASS WEIGHT  REWEIGHT SIZE    USE     AVAIL   %USE VAR  PGS 
 0   hdd 0.19530  1.00000 200 GiB 3.4 GiB 197 GiB 1.68 0.68 100 
 1   ssd 0.09769  1.00000 100 GiB 3.2 GiB  97 GiB 3.24 1.30 100 
 2   ssd 0.09769  1.00000 100 GiB 3.4 GiB  97 GiB 3.36 1.35 100 
                    TOTAL 400 GiB  10 GiB 390 GiB 2.49          
MIN/MAX VAR: 0.68/1.35  STDDEV: 0.81
Probing round 44
Mon Oct  1 17:52:35 UTC 2018
ID CLASS WEIGHT  REWEIGHT SIZE    USE     AVAIL   %USE VAR  PGS 
 0   hdd 0.19530  1.00000 200 GiB 3.4 GiB 197 GiB 1.68 0.68 100 
 1   ssd 0.09769  1.00000 100 GiB 3.2 GiB  97 GiB 3.24 1.30 100 
 2   ssd 0.09769  1.00000 100 GiB 3.4 GiB  97 GiB 3.36 1.35 100 
                    TOTAL 400 GiB  10 GiB 390 GiB 2.49          
MIN/MAX VAR: 0.68/1.35  STDDEV: 0.81
Probing round 45
Mon Oct  1 17:52:37 UTC 2018
ID CLASS WEIGHT  REWEIGHT SIZE    USE     AVAIL   %USE VAR  PGS 
 0   hdd 0.19530  1.00000 200 GiB 3.4 GiB 197 GiB 1.68 0.68 100 
 1   ssd 0.09769  1.00000 100 GiB 3.2 GiB  97 GiB 3.24 1.30 100 
 2   ssd 0.09769  1.00000 100 GiB 3.4 GiB  97 GiB 3.36 1.35 100 
                    TOTAL 400 GiB  10 GiB 390 GiB 2.49          
MIN/MAX VAR: 0.68/1.35  STDDEV: 0.81
Probing round 46
Mon Oct  1 17:52:38 UTC 2018
ID CLASS WEIGHT  REWEIGHT SIZE    USE     AVAIL   %USE VAR  PGS 
 0   hdd 0.19530  1.00000 200 GiB 3.4 GiB 197 GiB 1.68 0.68 100 
 1   ssd 0.09769  1.00000 100 GiB 3.2 GiB  97 GiB 3.24 1.30 100 
 2   ssd 0.09769  1.00000 100 GiB 3.4 GiB  97 GiB 3.36 1.35 100 
                    TOTAL 400 GiB  10 GiB 390 GiB 2.49          
MIN/MAX VAR: 0.68/1.35  STDDEV: 0.81
Probing round 47
Mon Oct  1 17:52:39 UTC 2018
ID CLASS WEIGHT  REWEIGHT SIZE    USE     AVAIL   %USE VAR  PGS 
 0   hdd 0.19530  1.00000 200 GiB 3.6 GiB 196 GiB 1.80 0.68 100 
 1   ssd 0.09769  1.00000 100 GiB 3.5 GiB  96 GiB 3.50 1.31 100 
 2   ssd 0.09769  1.00000 100 GiB 3.6 GiB  96 GiB 3.56 1.34 100 
                    TOTAL 400 GiB  11 GiB 389 GiB 2.67          
MIN/MAX VAR: 0.68/1.34  STDDEV: 0.86
Probing round 48
Mon Oct  1 17:52:41 UTC 2018
ID CLASS WEIGHT  REWEIGHT SIZE    USE     AVAIL   %USE VAR  PGS 
 0   hdd 0.19530  1.00000 200 GiB 3.6 GiB 196 GiB 1.80 0.68 100 
 1   ssd 0.09769  1.00000 100 GiB 3.5 GiB  96 GiB 3.50 1.31 100 
 2   ssd 0.09769  1.00000 100 GiB 3.6 GiB  96 GiB 3.56 1.34 100 
                    TOTAL 400 GiB  11 GiB 389 GiB 2.67          
MIN/MAX VAR: 0.68/1.34  STDDEV: 0.86
Probing round 49
Mon Oct  1 17:52:42 UTC 2018
ID CLASS WEIGHT  REWEIGHT SIZE    USE     AVAIL   %USE VAR  PGS 
 0   hdd 0.19530  1.00000 200 GiB 3.6 GiB 196 GiB 1.80 0.68 100 
 1   ssd 0.09769  1.00000 100 GiB 3.5 GiB  96 GiB 3.50 1.31 100 
 2   ssd 0.09769  1.00000 100 GiB 3.6 GiB  96 GiB 3.56 1.34 100 
                    TOTAL 400 GiB  11 GiB 389 GiB 2.67          
MIN/MAX VAR: 0.68/1.34  STDDEV: 0.86
Probing round 50
Mon Oct  1 17:52:44 UTC 2018
ID CLASS WEIGHT  REWEIGHT SIZE    USE     AVAIL   %USE VAR  PGS 
 0   hdd 0.19530  1.00000 200 GiB 3.7 GiB 196 GiB 1.84 0.66 100 
 1   ssd 0.09769  1.00000 100 GiB 3.7 GiB  96 GiB 3.70 1.32 100 
 2   ssd 0.09769  1.00000 100 GiB 3.8 GiB  96 GiB 3.81 1.36 100 
                    TOTAL 400 GiB  11 GiB 389 GiB 2.80          
MIN/MAX VAR: 0.66/1.36  STDDEV: 0.96
Probing round 51
Mon Oct  1 17:52:45 UTC 2018
ID CLASS WEIGHT  REWEIGHT SIZE    USE     AVAIL   %USE VAR  PGS 
 0   hdd 0.19530  1.00000 200 GiB 3.7 GiB 196 GiB 1.84 0.66 100 
 1   ssd 0.09769  1.00000 100 GiB 3.7 GiB  96 GiB 3.70 1.32 100 
 2   ssd 0.09769  1.00000 100 GiB 3.8 GiB  96 GiB 3.81 1.36 100 
                    TOTAL 400 GiB  11 GiB 389 GiB 2.80          
MIN/MAX VAR: 0.66/1.36  STDDEV: 0.96
Probing round 52
Mon Oct  1 17:52:46 UTC 2018
ID CLASS WEIGHT  REWEIGHT SIZE    USE     AVAIL   %USE VAR  PGS 
 0   hdd 0.19530  1.00000 200 GiB 3.7 GiB 196 GiB 1.84 0.66 100 
 1   ssd 0.09769  1.00000 100 GiB 3.7 GiB  96 GiB 3.70 1.32 100 
 2   ssd 0.09769  1.00000 100 GiB 3.8 GiB  96 GiB 3.81 1.36 100 
                    TOTAL 400 GiB  11 GiB 389 GiB 2.80          
MIN/MAX VAR: 0.66/1.36  STDDEV: 0.96
Probing round 53
Mon Oct  1 17:52:48 UTC 2018
ID CLASS WEIGHT  REWEIGHT SIZE    USE     AVAIL   %USE VAR  PGS 
 0   hdd 0.19530  1.00000 200 GiB 3.7 GiB 196 GiB 1.84 0.66 100 
 1   ssd 0.09769  1.00000 100 GiB 3.7 GiB  96 GiB 3.70 1.32 100 
 2   ssd 0.09769  1.00000 100 GiB 3.8 GiB  96 GiB 3.81 1.36 100 
                    TOTAL 400 GiB  11 GiB 389 GiB 2.80          
MIN/MAX VAR: 0.66/1.36  STDDEV: 0.96
Probing round 54
Mon Oct  1 17:52:49 UTC 2018
ID CLASS WEIGHT  REWEIGHT SIZE    USE     AVAIL   %USE VAR  PGS 
 0   hdd 0.19530  1.00000 200 GiB 3.7 GiB 196 GiB 1.84 0.66 100 
 1   ssd 0.09769  1.00000 100 GiB 3.7 GiB  96 GiB 3.70 1.32 100 
 2   ssd 0.09769  1.00000 100 GiB 3.8 GiB  96 GiB 3.81 1.36 100 
                    TOTAL 400 GiB  11 GiB 389 GiB 2.80          
MIN/MAX VAR: 0.66/1.36  STDDEV: 0.96
Probing round 55
Mon Oct  1 17:52:50 UTC 2018
ID CLASS WEIGHT  REWEIGHT SIZE    USE     AVAIL   %USE VAR  PGS 
 0   hdd 0.19530  1.00000 200 GiB 4.0 GiB 196 GiB 2.02 0.67 100 
 1   ssd 0.09769  1.00000 100 GiB 4.0 GiB  96 GiB 4.02 1.33 100 
 2   ssd 0.09769  1.00000 100 GiB 4.1 GiB  96 GiB 4.06 1.34 100 
                    TOTAL 400 GiB  12 GiB 388 GiB 3.03          
MIN/MAX VAR: 0.67/1.34  STDDEV: 1.01
Probing round 56
Mon Oct  1 17:52:51 UTC 2018
ID CLASS WEIGHT  REWEIGHT SIZE    USE     AVAIL   %USE VAR  PGS 
 0   hdd 0.19530  1.00000 200 GiB 4.0 GiB 196 GiB 2.02 0.67 100 
 1   ssd 0.09769  1.00000 100 GiB 4.0 GiB  96 GiB 4.02 1.33 100 
 2   ssd 0.09769  1.00000 100 GiB 4.1 GiB  96 GiB 4.06 1.34 100 
                    TOTAL 400 GiB  12 GiB 388 GiB 3.03          
MIN/MAX VAR: 0.67/1.34  STDDEV: 1.01
Probing round 57
Mon Oct  1 17:52:53 UTC 2018
ID CLASS WEIGHT  REWEIGHT SIZE    USE     AVAIL   %USE VAR  PGS 
 0   hdd 0.19530  1.00000 200 GiB 4.0 GiB 196 GiB 2.02 0.67 100 
 1   ssd 0.09769  1.00000 100 GiB 4.0 GiB  96 GiB 4.02 1.33 100 
 2   ssd 0.09769  1.00000 100 GiB 4.1 GiB  96 GiB 4.06 1.34 100 
                    TOTAL 400 GiB  12 GiB 388 GiB 3.03          
MIN/MAX VAR: 0.67/1.34  STDDEV: 1.01
Probing round 58
Mon Oct  1 17:52:54 UTC 2018
ID CLASS WEIGHT  REWEIGHT SIZE    USE     AVAIL   %USE VAR  PGS 
 0   hdd 0.19530  1.00000 200 GiB 4.3 GiB 196 GiB 2.15 0.68 100 
 1   ssd 0.09769  1.00000 100 GiB 4.2 GiB  96 GiB 4.22 1.34 100 
 2   ssd 0.09769  1.00000 100 GiB 4.1 GiB  96 GiB 4.08 1.30 100 
                    TOTAL 400 GiB  13 GiB 387 GiB 3.15          
MIN/MAX VAR: 0.68/1.34  STDDEV: 1.00
Probing round 59
Mon Oct  1 17:52:56 UTC 2018
ID CLASS WEIGHT  REWEIGHT SIZE    USE     AVAIL   %USE VAR  PGS 
 0   hdd 0.19530  1.00000 200 GiB 4.3 GiB 196 GiB 2.15 0.68 100 
 1   ssd 0.09769  1.00000 100 GiB 4.2 GiB  96 GiB 4.22 1.34 100 
 2   ssd 0.09769  1.00000 100 GiB 4.1 GiB  96 GiB 4.08 1.30 100 
                    TOTAL 400 GiB  13 GiB 387 GiB 3.15          
MIN/MAX VAR: 0.68/1.34  STDDEV: 1.00
Probing round 60
Mon Oct  1 17:52:57 UTC 2018
ID CLASS WEIGHT  REWEIGHT SIZE    USE     AVAIL   %USE VAR  PGS 
 0   hdd 0.19530  1.00000 200 GiB 4.3 GiB 196 GiB 2.15 0.68 100 
 1   ssd 0.09769  1.00000 100 GiB 4.2 GiB  96 GiB 4.22 1.34 100 
 2   ssd 0.09769  1.00000 100 GiB 4.1 GiB  96 GiB 4.08 1.30 100 
                    TOTAL 400 GiB  13 GiB 387 GiB 3.15          
MIN/MAX VAR: 0.68/1.34  STDDEV: 1.00
Probing round 61
Mon Oct  1 17:52:58 UTC 2018
ID CLASS WEIGHT  REWEIGHT SIZE    USE     AVAIL   %USE VAR  PGS 
 0   hdd 0.19530  1.00000 200 GiB 4.3 GiB 196 GiB 2.15 0.68 100 
 1   ssd 0.09769  1.00000 100 GiB 4.2 GiB  96 GiB 4.22 1.34 100 
 2   ssd 0.09769  1.00000 100 GiB 4.1 GiB  96 GiB 4.08 1.30 100 
                    TOTAL 400 GiB  13 GiB 387 GiB 3.15          
MIN/MAX VAR: 0.68/1.34  STDDEV: 1.00
Probing round 62
Mon Oct  1 17:52:59 UTC 2018
ID CLASS WEIGHT  REWEIGHT SIZE    USE     AVAIL   %USE VAR  PGS 
 0   hdd 0.19530  1.00000 200 GiB 4.5 GiB 196 GiB 2.23 0.67 100 
 1   ssd 0.09769  1.00000 100 GiB 4.4 GiB  96 GiB 4.35 1.31 100 
 2   ssd 0.09769  1.00000 100 GiB 4.5 GiB  96 GiB 4.48 1.35 100 
                    TOTAL 400 GiB  13 GiB 387 GiB 3.32          
MIN/MAX VAR: 0.67/1.35  STDDEV: 1.09
Probing round 63
Mon Oct  1 17:53:01 UTC 2018
ID CLASS WEIGHT  REWEIGHT SIZE    USE     AVAIL   %USE VAR  PGS 
 0   hdd 0.19530  1.00000 200 GiB 4.5 GiB 196 GiB 2.23 0.67 100 
 1   ssd 0.09769  1.00000 100 GiB 4.4 GiB  96 GiB 4.35 1.31 100 
 2   ssd 0.09769  1.00000 100 GiB 4.5 GiB  96 GiB 4.48 1.35 100 
                    TOTAL 400 GiB  13 GiB 387 GiB 3.32          
MIN/MAX VAR: 0.67/1.35  STDDEV: 1.09
Probing round 64
Mon Oct  1 17:53:02 UTC 2018
ID CLASS WEIGHT  REWEIGHT SIZE    USE     AVAIL   %USE VAR  PGS 
 0   hdd 0.19530  1.00000 200 GiB 4.5 GiB 196 GiB 2.23 0.67 100 
 1   ssd 0.09769  1.00000 100 GiB 4.4 GiB  96 GiB 4.35 1.31 100 
 2   ssd 0.09769  1.00000 100 GiB 4.5 GiB  96 GiB 4.48 1.35 100 
                    TOTAL 400 GiB  13 GiB 387 GiB 3.32          
MIN/MAX VAR: 0.67/1.35  STDDEV: 1.09
Probing round 65
Mon Oct  1 17:53:03 UTC 2018
ID CLASS WEIGHT  REWEIGHT SIZE    USE     AVAIL   %USE VAR  PGS 
 0   hdd 0.19530  1.00000 200 GiB 4.7 GiB 195 GiB 2.34 0.67 100 
 1   ssd 0.09769  1.00000 100 GiB 4.6 GiB  95 GiB 4.63 1.32 100 
 2   ssd 0.09769  1.00000 100 GiB 4.7 GiB  95 GiB 4.70 1.34 100 
                    TOTAL 400 GiB  14 GiB 386 GiB 3.50          
MIN/MAX VAR: 0.67/1.34  STDDEV: 1.16
Probing round 66
Mon Oct  1 17:53:05 UTC 2018
ID CLASS WEIGHT  REWEIGHT SIZE    USE     AVAIL   %USE VAR  PGS 
 0   hdd 0.19530  1.00000 200 GiB 4.7 GiB 195 GiB 2.34 0.67 100 
 1   ssd 0.09769  1.00000 100 GiB 4.6 GiB  95 GiB 4.63 1.32 100 
 2   ssd 0.09769  1.00000 100 GiB 4.7 GiB  95 GiB 4.70 1.34 100 
                    TOTAL 400 GiB  14 GiB 386 GiB 3.50          
MIN/MAX VAR: 0.67/1.34  STDDEV: 1.16
Probing round 67
Mon Oct  1 17:53:06 UTC 2018
ID CLASS WEIGHT  REWEIGHT SIZE    USE     AVAIL   %USE VAR  PGS 
 0   hdd 0.19530  1.00000 200 GiB 4.7 GiB 195 GiB 2.34 0.67 100 
 1   ssd 0.09769  1.00000 100 GiB 4.6 GiB  95 GiB 4.63 1.32 100 
 2   ssd 0.09769  1.00000 100 GiB 4.7 GiB  95 GiB 4.70 1.34 100 
                    TOTAL 400 GiB  14 GiB 386 GiB 3.50          
MIN/MAX VAR: 0.67/1.34  STDDEV: 1.16
Probing round 68
Mon Oct  1 17:53:07 UTC 2018
ID CLASS WEIGHT  REWEIGHT SIZE    USE     AVAIL   %USE VAR  PGS 
 0   hdd 0.19530  1.00000 200 GiB 4.7 GiB 195 GiB 2.34 0.67 100 
 1   ssd 0.09769  1.00000 100 GiB 4.6 GiB  95 GiB 4.63 1.32 100 
 2   ssd 0.09769  1.00000 100 GiB 4.7 GiB  95 GiB 4.70 1.34 100 
                    TOTAL 400 GiB  14 GiB 386 GiB 3.50          
MIN/MAX VAR: 0.67/1.34  STDDEV: 1.16
Probing round 69
Mon Oct  1 17:53:09 UTC 2018
ID CLASS WEIGHT  REWEIGHT SIZE    USE     AVAIL   %USE VAR  PGS 
 0   hdd 0.19530  1.00000 200 GiB 4.8 GiB 195 GiB 2.42 0.67 100 
 1   ssd 0.09769  1.00000 100 GiB 4.8 GiB  95 GiB 4.83 1.34 100 
 2   ssd 0.09769  1.00000 100 GiB 4.8 GiB  95 GiB 4.75 1.32 100 
                    TOTAL 400 GiB  14 GiB 386 GiB 3.61          
MIN/MAX VAR: 0.67/1.34  STDDEV: 1.18
Probing round 70
Mon Oct  1 17:53:11 UTC 2018
ID CLASS WEIGHT  REWEIGHT SIZE    USE     AVAIL   %USE VAR  PGS 
 0   hdd 0.19530  1.00000 200 GiB 4.8 GiB 195 GiB 2.42 0.67 100 
 1   ssd 0.09769  1.00000 100 GiB 4.8 GiB  95 GiB 4.83 1.34 100 
 2   ssd 0.09769  1.00000 100 GiB 4.8 GiB  95 GiB 4.75 1.32 100 
                    TOTAL 400 GiB  14 GiB 386 GiB 3.61          
MIN/MAX VAR: 0.67/1.34  STDDEV: 1.18
Probing round 71
Mon Oct  1 17:53:12 UTC 2018
ID CLASS WEIGHT  REWEIGHT SIZE    USE     AVAIL   %USE VAR  PGS 
 0   hdd 0.19530  1.00000 200 GiB 4.8 GiB 195 GiB 2.42 0.67 100 
 1   ssd 0.09769  1.00000 100 GiB 4.8 GiB  95 GiB 4.83 1.34 100 
 2   ssd 0.09769  1.00000 100 GiB 4.8 GiB  95 GiB 4.75 1.32 100 
                    TOTAL 400 GiB  14 GiB 386 GiB 3.61          
MIN/MAX VAR: 0.67/1.34  STDDEV: 1.18
Probing round 72
Mon Oct  1 17:53:13 UTC 2018
ID CLASS WEIGHT  REWEIGHT SIZE    USE     AVAIL   %USE VAR  PGS 
 0   hdd 0.19530  1.00000 200 GiB 5.0 GiB 195 GiB 2.51 0.66 100 
 1   ssd 0.09769  1.00000 100 GiB 5.0 GiB  95 GiB 5.04 1.33 100 
 2   ssd 0.09769  1.00000 100 GiB 5.1 GiB  95 GiB 5.09 1.34 100 
                    TOTAL 400 GiB  15 GiB 385 GiB 3.79          
MIN/MAX VAR: 0.66/1.34  STDDEV: 1.28
Probing round 73
Mon Oct  1 17:53:15 UTC 2018
ID CLASS WEIGHT  REWEIGHT SIZE    USE     AVAIL   %USE VAR  PGS 
 0   hdd 0.19530  1.00000 200 GiB 5.0 GiB 195 GiB 2.51 0.66 100 
 1   ssd 0.09769  1.00000 100 GiB 5.0 GiB  95 GiB 5.04 1.33 100 
 2   ssd 0.09769  1.00000 100 GiB 5.1 GiB  95 GiB 5.09 1.34 100 
                    TOTAL 400 GiB  15 GiB 385 GiB 3.79          
MIN/MAX VAR: 0.66/1.34  STDDEV: 1.28
Probing round 74
Mon Oct  1 17:53:16 UTC 2018
ID CLASS WEIGHT  REWEIGHT SIZE    USE     AVAIL   %USE VAR  PGS 
 0   hdd 0.19530  1.00000 200 GiB 5.0 GiB 195 GiB 2.51 0.66 100 
 1   ssd 0.09769  1.00000 100 GiB 5.0 GiB  95 GiB 5.04 1.33 100 
 2   ssd 0.09769  1.00000 100 GiB 5.1 GiB  95 GiB 5.09 1.34 100 
                    TOTAL 400 GiB  15 GiB 385 GiB 3.79          
MIN/MAX VAR: 0.66/1.34  STDDEV: 1.28
Probing round 75
Mon Oct  1 17:53:18 UTC 2018
ID CLASS WEIGHT  REWEIGHT SIZE    USE     AVAIL   %USE VAR  PGS 
 0   hdd 0.19530  1.00000 200 GiB 5.0 GiB 195 GiB 2.51 0.66 100 
 1   ssd 0.09769  1.00000 100 GiB 5.0 GiB  95 GiB 5.04 1.33 100 
 2   ssd 0.09769  1.00000 100 GiB 5.1 GiB  95 GiB 5.09 1.34 100 
                    TOTAL 400 GiB  15 GiB 385 GiB 3.79          
MIN/MAX VAR: 0.66/1.34  STDDEV: 1.28
Probing round 76
Mon Oct  1 17:53:19 UTC 2018
ID CLASS WEIGHT  REWEIGHT SIZE    USE     AVAIL   %USE VAR  PGS 
 0   hdd 0.19530  1.00000 200 GiB 5.0 GiB 195 GiB 2.51 0.66 100 
 1   ssd 0.09769  1.00000 100 GiB 5.0 GiB  95 GiB 5.04 1.33 100 
 2   ssd 0.09769  1.00000 100 GiB 5.1 GiB  95 GiB 5.09 1.34 100 
                    TOTAL 400 GiB  15 GiB 385 GiB 3.79          
MIN/MAX VAR: 0.66/1.34  STDDEV: 1.28
Probing round 77
Mon Oct  1 17:53:20 UTC 2018
ID CLASS WEIGHT  REWEIGHT SIZE    USE     AVAIL   %USE VAR  PGS 
 0   hdd 0.19530  1.00000 200 GiB 5.3 GiB 195 GiB 2.63 0.67 100 
 1   ssd 0.09769  1.00000 100 GiB 5.2 GiB  95 GiB 5.24 1.34 100 
 2   ssd 0.09769  1.00000 100 GiB 5.2 GiB  95 GiB 5.19 1.32 100 
                    TOTAL 400 GiB  16 GiB 384 GiB 3.92          
MIN/MAX VAR: 0.67/1.34  STDDEV: 1.29
Probing round 78
Mon Oct  1 17:53:21 UTC 2018
ID CLASS WEIGHT  REWEIGHT SIZE    USE     AVAIL   %USE VAR  PGS 
 0   hdd 0.19530  1.00000 200 GiB 5.3 GiB 195 GiB 2.63 0.67 100 
 1   ssd 0.09769  1.00000 100 GiB 5.2 GiB  95 GiB 5.24 1.34 100 
 2   ssd 0.09769  1.00000 100 GiB 5.2 GiB  95 GiB 5.19 1.32 100 
                    TOTAL 400 GiB  16 GiB 384 GiB 3.92          
MIN/MAX VAR: 0.67/1.34  STDDEV: 1.29
Probing round 79
Mon Oct  1 17:53:23 UTC 2018
ID CLASS WEIGHT  REWEIGHT SIZE    USE     AVAIL   %USE VAR  PGS 
 0   hdd 0.19530  1.00000 200 GiB 5.3 GiB 195 GiB 2.63 0.67 100 
 1   ssd 0.09769  1.00000 100 GiB 5.2 GiB  95 GiB 5.24 1.34 100 
 2   ssd 0.09769  1.00000 100 GiB 5.2 GiB  95 GiB 5.19 1.32 100 
                    TOTAL 400 GiB  16 GiB 384 GiB 3.92          
MIN/MAX VAR: 0.67/1.34  STDDEV: 1.29
Probing round 80
Mon Oct  1 17:53:24 UTC 2018
ID CLASS WEIGHT  REWEIGHT SIZE    USE     AVAIL   %USE VAR  PGS 
 0   hdd 0.19530  1.00000 200 GiB 5.3 GiB 195 GiB 2.65 0.67 100 
 1   ssd 0.09769  1.00000 100 GiB 5.3 GiB  95 GiB 5.28 1.33 100 
 2   ssd 0.09769  1.00000 100 GiB 5.3 GiB  95 GiB 5.28 1.33 100 
                    TOTAL 400 GiB  16 GiB 384 GiB 3.97          
MIN/MAX VAR: 0.67/1.33  STDDEV: 1.31
Probing round 81
Mon Oct  1 17:53:25 UTC 2018
ID CLASS WEIGHT  REWEIGHT SIZE    USE     AVAIL   %USE VAR  PGS 
 0   hdd 0.19530  1.00000 200 GiB 5.3 GiB 195 GiB 2.65 0.67 100 
 1   ssd 0.09769  1.00000 100 GiB 5.3 GiB  95 GiB 5.28 1.33 100 
 2   ssd 0.09769  1.00000 100 GiB 5.3 GiB  95 GiB 5.28 1.33 100 
                    TOTAL 400 GiB  16 GiB 384 GiB 3.97          
MIN/MAX VAR: 0.67/1.33  STDDEV: 1.31
Probing round 82
Mon Oct  1 17:53:26 UTC 2018
ID CLASS WEIGHT  REWEIGHT SIZE    USE     AVAIL   %USE VAR  PGS 
 0   hdd 0.19530  1.00000 200 GiB 5.3 GiB 195 GiB 2.65 0.67 100 
 1   ssd 0.09769  1.00000 100 GiB 5.3 GiB  95 GiB 5.28 1.33 100 
 2   ssd 0.09769  1.00000 100 GiB 5.3 GiB  95 GiB 5.28 1.33 100 
                    TOTAL 400 GiB  16 GiB 384 GiB 3.97          
MIN/MAX VAR: 0.67/1.33  STDDEV: 1.31
Probing round 83
Mon Oct  1 17:53:28 UTC 2018
ID CLASS WEIGHT  REWEIGHT SIZE    USE     AVAIL   %USE VAR  PGS 
 0   hdd 0.19530  1.00000 200 GiB 5.3 GiB 195 GiB 2.65 0.67 100 
 1   ssd 0.09769  1.00000 100 GiB 5.3 GiB  95 GiB 5.28 1.33 100 
 2   ssd 0.09769  1.00000 100 GiB 5.3 GiB  95 GiB 5.28 1.33 100 
                    TOTAL 400 GiB  16 GiB 384 GiB 3.97          
MIN/MAX VAR: 0.67/1.33  STDDEV: 1.31
Probing round 84
Mon Oct  1 17:53:29 UTC 2018
ID CLASS WEIGHT  REWEIGHT SIZE    USE     AVAIL   %USE VAR  PGS 
 0   hdd 0.19530  1.00000 200 GiB 5.3 GiB 195 GiB 2.65 0.67 100 
 1   ssd 0.09769  1.00000 100 GiB 5.3 GiB  95 GiB 5.28 1.33 100 
 2   ssd 0.09769  1.00000 100 GiB 5.3 GiB  95 GiB 5.28 1.33 100 
                    TOTAL 400 GiB  16 GiB 384 GiB 3.97          
MIN/MAX VAR: 0.67/1.33  STDDEV: 1.31
Probing round 85
Mon Oct  1 17:53:30 UTC 2018
ID CLASS WEIGHT  REWEIGHT SIZE    USE     AVAIL   %USE VAR  PGS 
 0   hdd 0.19530  1.00000 200 GiB 5.3 GiB 195 GiB 2.65 0.67 100 
 1   ssd 0.09769  1.00000 100 GiB 5.3 GiB  95 GiB 5.28 1.33 100 
 2   ssd 0.09769  1.00000 100 GiB 5.3 GiB  95 GiB 5.28 1.33 100 
                    TOTAL 400 GiB  16 GiB 384 GiB 3.97          
MIN/MAX VAR: 0.67/1.33  STDDEV: 1.31
Probing round 86
Mon Oct  1 17:53:31 UTC 2018
ID CLASS WEIGHT  REWEIGHT SIZE    USE     AVAIL   %USE VAR  PGS 
 0   hdd 0.19530  1.00000 200 GiB 5.3 GiB 195 GiB 2.65 0.67 100 
 1   ssd 0.09769  1.00000 100 GiB 5.3 GiB  95 GiB 5.28 1.33 100 
 2   ssd 0.09769  1.00000 100 GiB 5.3 GiB  95 GiB 5.28 1.33 100 
                    TOTAL 400 GiB  16 GiB 384 GiB 3.97          
MIN/MAX VAR: 0.67/1.33  STDDEV: 1.31
Probing round 87
Mon Oct  1 17:53:32 UTC 2018
ID CLASS WEIGHT  REWEIGHT SIZE    USE     AVAIL   %USE VAR  PGS 
 0   hdd 0.19530  1.00000 200 GiB 5.3 GiB 195 GiB 2.65 0.67 100 
 1   ssd 0.09769  1.00000 100 GiB 5.3 GiB  95 GiB 5.28 1.33 100 
 2   ssd 0.09769  1.00000 100 GiB 5.3 GiB  95 GiB 5.28 1.33 100 
                    TOTAL 400 GiB  16 GiB 384 GiB 3.97          
MIN/MAX VAR: 0.67/1.33  STDDEV: 1.31
Probing round 88
Mon Oct  1 17:53:34 UTC 2018
ID CLASS WEIGHT  REWEIGHT SIZE    USE     AVAIL   %USE VAR  PGS 
 0   hdd 0.19530  1.00000 200 GiB 5.3 GiB 195 GiB 2.65 0.67 100 
 1   ssd 0.09769  1.00000 100 GiB 5.3 GiB  95 GiB 5.28 1.33 100 
 2   ssd 0.09769  1.00000 100 GiB 5.3 GiB  95 GiB 5.28 1.33 100 
                    TOTAL 400 GiB  16 GiB 384 GiB 3.97          
MIN/MAX VAR: 0.67/1.33  STDDEV: 1.31
Probing round 89
Mon Oct  1 17:53:35 UTC 2018
ID CLASS WEIGHT  REWEIGHT SIZE    USE     AVAIL   %USE VAR  PGS 
 0   hdd 0.19530  1.00000 200 GiB 5.3 GiB 195 GiB 2.65 0.67 100 
 1   ssd 0.09769  1.00000 100 GiB 5.3 GiB  95 GiB 5.28 1.33 100 
 2   ssd 0.09769  1.00000 100 GiB 5.3 GiB  95 GiB 5.28 1.33 100 
                    TOTAL 400 GiB  16 GiB 384 GiB 3.97          
MIN/MAX VAR: 0.67/1.33  STDDEV: 1.31
Probing round 90
Mon Oct  1 17:53:36 UTC 2018
ID CLASS WEIGHT  REWEIGHT SIZE    USE     AVAIL   %USE VAR  PGS 
 0   hdd 0.19530  1.00000 200 GiB 5.3 GiB 195 GiB 2.65 0.67 100 
 1   ssd 0.09769  1.00000 100 GiB 5.3 GiB  95 GiB 5.28 1.33 100 
 2   ssd 0.09769  1.00000 100 GiB 5.3 GiB  95 GiB 5.28 1.33 100 
                    TOTAL 400 GiB  16 GiB 384 GiB 3.97          
MIN/MAX VAR: 0.67/1.33  STDDEV: 1.31
Probing round 91
Mon Oct  1 17:53:37 UTC 2018
ID CLASS WEIGHT  REWEIGHT SIZE    USE     AVAIL   %USE VAR  PGS 
 0   hdd 0.19530  1.00000 200 GiB 5.3 GiB 195 GiB 2.65 0.67 100 
 1   ssd 0.09769  1.00000 100 GiB 5.3 GiB  95 GiB 5.28 1.33 100 
 2   ssd 0.09769  1.00000 100 GiB 5.3 GiB  95 GiB 5.28 1.33 100 
                    TOTAL 400 GiB  16 GiB 384 GiB 3.97          
MIN/MAX VAR: 0.67/1.33  STDDEV: 1.31
Probing round 92
Mon Oct  1 17:53:39 UTC 2018
ID CLASS WEIGHT  REWEIGHT SIZE    USE     AVAIL   %USE VAR  PGS 
 0   hdd 0.19530  1.00000 200 GiB 5.3 GiB 195 GiB 2.65 0.67 100 
 1   ssd 0.09769  1.00000 100 GiB 5.3 GiB  95 GiB 5.28 1.33 100 
 2   ssd 0.09769  1.00000 100 GiB 5.3 GiB  95 GiB 5.28 1.33 100 
                    TOTAL 400 GiB  16 GiB 384 GiB 3.97          
MIN/MAX VAR: 0.67/1.33  STDDEV: 1.31
Probing round 93
Mon Oct  1 17:53:40 UTC 2018
ID CLASS WEIGHT  REWEIGHT SIZE    USE     AVAIL   %USE VAR  PGS 
 0   hdd 0.19530  1.00000 200 GiB 5.3 GiB 195 GiB 2.65 0.67 100 
 1   ssd 0.09769  1.00000 100 GiB 5.3 GiB  95 GiB 5.28 1.33 100 
 2   ssd 0.09769  1.00000 100 GiB 5.3 GiB  95 GiB 5.28 1.33 100 
                    TOTAL 400 GiB  16 GiB 384 GiB 3.97          
MIN/MAX VAR: 0.67/1.33  STDDEV: 1.31
Probing round 94
Mon Oct  1 17:53:41 UTC 2018
ID CLASS WEIGHT  REWEIGHT SIZE    USE     AVAIL   %USE VAR  PGS 
 0   hdd 0.19530  1.00000 200 GiB 5.3 GiB 195 GiB 2.65 0.67 100 
 1   ssd 0.09769  1.00000 100 GiB 5.3 GiB  95 GiB 5.28 1.33 100 
 2   ssd 0.09769  1.00000 100 GiB 5.3 GiB  95 GiB 5.28 1.33 100 
                    TOTAL 400 GiB  16 GiB 384 GiB 3.97          
MIN/MAX VAR: 0.67/1.33  STDDEV: 1.31
Probing round 95
Mon Oct  1 17:53:42 UTC 2018
ID CLASS WEIGHT  REWEIGHT SIZE    USE     AVAIL   %USE VAR  PGS 
 0   hdd 0.19530  1.00000 200 GiB 5.3 GiB 195 GiB 2.65 0.67 100 
 1   ssd 0.09769  1.00000 100 GiB 5.3 GiB  95 GiB 5.28 1.33 100 
 2   ssd 0.09769  1.00000 100 GiB 5.3 GiB  95 GiB 5.28 1.33 100 
                    TOTAL 400 GiB  16 GiB 384 GiB 3.97          
MIN/MAX VAR: 0.67/1.33  STDDEV: 1.31
Probing round 96
Mon Oct  1 17:53:43 UTC 2018
ID CLASS WEIGHT  REWEIGHT SIZE    USE     AVAIL   %USE VAR  PGS 
 0   hdd 0.19530  1.00000 200 GiB 5.3 GiB 195 GiB 2.65 0.67 100 
 1   ssd 0.09769  1.00000 100 GiB 5.3 GiB  95 GiB 5.28 1.33 100 
 2   ssd 0.09769  1.00000 100 GiB 5.3 GiB  95 GiB 5.28 1.33 100 
                    TOTAL 400 GiB  16 GiB 384 GiB 3.97          
MIN/MAX VAR: 0.67/1.33  STDDEV: 1.31
Probing round 97
Mon Oct  1 17:53:45 UTC 2018
ID CLASS WEIGHT  REWEIGHT SIZE    USE     AVAIL   %USE VAR  PGS 
 0   hdd 0.19530  1.00000 200 GiB 5.3 GiB 195 GiB 2.65 0.67 100 
 1   ssd 0.09769  1.00000 100 GiB 5.3 GiB  95 GiB 5.28 1.33 100 
 2   ssd 0.09769  1.00000 100 GiB 5.3 GiB  95 GiB 5.28 1.33 100 
                    TOTAL 400 GiB  16 GiB 384 GiB 3.97          
MIN/MAX VAR: 0.67/1.33  STDDEV: 1.31
Probing round 98
Mon Oct  1 17:53:46 UTC 2018
ID CLASS WEIGHT  REWEIGHT SIZE    USE     AVAIL   %USE VAR  PGS 
 0   hdd 0.19530  1.00000 200 GiB 5.3 GiB 195 GiB 2.65 0.67 100 
 1   ssd 0.09769  1.00000 100 GiB 5.3 GiB  95 GiB 5.28 1.33 100 
 2   ssd 0.09769  1.00000 100 GiB 5.3 GiB  95 GiB 5.28 1.33 100 
                    TOTAL 400 GiB  16 GiB 384 GiB 3.97          
MIN/MAX VAR: 0.67/1.33  STDDEV: 1.31
Probing round 99
Mon Oct  1 17:53:47 UTC 2018
ID CLASS WEIGHT  REWEIGHT SIZE    USE     AVAIL   %USE VAR  PGS 
 0   hdd 0.19530  1.00000 200 GiB 5.3 GiB 195 GiB 2.65 0.67 100 
 1   ssd 0.09769  1.00000 100 GiB 5.3 GiB  95 GiB 5.28 1.33 100 
 2   ssd 0.09769  1.00000 100 GiB 5.3 GiB  95 GiB 5.28 1.33 100 
                    TOTAL 400 GiB  16 GiB 384 GiB 3.97          
MIN/MAX VAR: 0.67/1.33  STDDEV: 1.31
Probing round 100
Mon Oct  1 17:53:48 UTC 2018
ID CLASS WEIGHT  REWEIGHT SIZE    USE     AVAIL   %USE VAR  PGS 
 0   hdd 0.19530  1.00000 200 GiB 5.3 GiB 195 GiB 2.65 0.67 100 
 1   ssd 0.09769  1.00000 100 GiB 5.3 GiB  95 GiB 5.28 1.33 100 
 2   ssd 0.09769  1.00000 100 GiB 5.3 GiB  95 GiB 5.28 1.33 100 
                    TOTAL 400 GiB  16 GiB 384 GiB 3.97          
MIN/MAX VAR: 0.67/1.33  STDDEV: 1.31
Probing round 101
Mon Oct  1 17:53:50 UTC 2018
ID CLASS WEIGHT  REWEIGHT SIZE    USE     AVAIL   %USE VAR  PGS 
 0   hdd 0.19530  1.00000 200 GiB 5.3 GiB 195 GiB 2.65 0.67 100 
 1   ssd 0.09769  1.00000 100 GiB 5.3 GiB  95 GiB 5.28 1.33 100 
 2   ssd 0.09769  1.00000 100 GiB 5.3 GiB  95 GiB 5.28 1.33 100 
                    TOTAL 400 GiB  16 GiB 384 GiB 3.97          
MIN/MAX VAR: 0.67/1.33  STDDEV: 1.31
Probing round 102
Mon Oct  1 17:53:51 UTC 2018
ID CLASS WEIGHT  REWEIGHT SIZE    USE     AVAIL   %USE VAR  PGS 
 0   hdd 0.19530  1.00000 200 GiB 5.3 GiB 195 GiB 2.65 0.67 100 
 1   ssd 0.09769  1.00000 100 GiB 5.3 GiB  95 GiB 5.28 1.33 100 
 2   ssd 0.09769  1.00000 100 GiB 5.3 GiB  95 GiB 5.28 1.33 100 
                    TOTAL 400 GiB  16 GiB 384 GiB 3.97          
MIN/MAX VAR: 0.67/1.33  STDDEV: 1.31
Probing round 103
Mon Oct  1 17:53:52 UTC 2018
ID CLASS WEIGHT  REWEIGHT SIZE    USE     AVAIL   %USE VAR  PGS 
 0   hdd 0.19530  1.00000 200 GiB 5.3 GiB 195 GiB 2.65 0.67 100 
 1   ssd 0.09769  1.00000 100 GiB 5.3 GiB  95 GiB 5.28 1.33 100 
 2   ssd 0.09769  1.00000 100 GiB 5.3 GiB  95 GiB 5.28 1.33 100 
                    TOTAL 400 GiB  16 GiB 384 GiB 3.97          
MIN/MAX VAR: 0.67/1.33  STDDEV: 1.31
Probing round 104
Mon Oct  1 17:53:53 UTC 2018
ID CLASS WEIGHT  REWEIGHT SIZE    USE     AVAIL   %USE VAR  PGS 
 0   hdd 0.19530  1.00000 200 GiB 5.3 GiB 195 GiB 2.65 0.67 100 
 1   ssd 0.09769  1.00000 100 GiB 5.3 GiB  95 GiB 5.28 1.33 100 
 2   ssd 0.09769  1.00000 100 GiB 5.3 GiB  95 GiB 5.28 1.33 100 
                    TOTAL 400 GiB  16 GiB 384 GiB 3.97          
MIN/MAX VAR: 0.67/1.33  STDDEV: 1.31
Probing round 105
Mon Oct  1 17:53:54 UTC 2018
ID CLASS WEIGHT  REWEIGHT SIZE    USE     AVAIL   %USE VAR  PGS 
 0   hdd 0.19530  1.00000 200 GiB 5.3 GiB 195 GiB 2.65 0.67 100 
 1   ssd 0.09769  1.00000 100 GiB 5.3 GiB  95 GiB 5.28 1.33 100 
 2   ssd 0.09769  1.00000 100 GiB 5.3 GiB  95 GiB 5.28 1.33 100 
                    TOTAL 400 GiB  16 GiB 384 GiB 3.97          
MIN/MAX VAR: 0.67/1.33  STDDEV: 1.31
Probing round 106
Mon Oct  1 17:53:56 UTC 2018
ID CLASS WEIGHT  REWEIGHT SIZE    USE     AVAIL   %USE VAR  PGS 
 0   hdd 0.19530  1.00000 200 GiB 5.3 GiB 195 GiB 2.65 0.67 100 
 1   ssd 0.09769  1.00000 100 GiB 5.3 GiB  95 GiB 5.28 1.33 100 
 2   ssd 0.09769  1.00000 100 GiB 5.3 GiB  95 GiB 5.28 1.33 100 
                    TOTAL 400 GiB  16 GiB 384 GiB 3.97          
MIN/MAX VAR: 0.67/1.33  STDDEV: 1.31
Probing round 107
Mon Oct  1 17:53:57 UTC 2018
ID CLASS WEIGHT  REWEIGHT SIZE    USE     AVAIL   %USE VAR  PGS 
 0   hdd 0.19530  1.00000 200 GiB 5.3 GiB 195 GiB 2.65 0.67 100 
 1   ssd 0.09769  1.00000 100 GiB 5.3 GiB  95 GiB 5.28 1.33 100 
 2   ssd 0.09769  1.00000 100 GiB 5.3 GiB  95 GiB 5.28 1.33 100 
                    TOTAL 400 GiB  16 GiB 384 GiB 3.97          
MIN/MAX VAR: 0.67/1.33  STDDEV: 1.31
Probing round 108
Mon Oct  1 17:53:58 UTC 2018
ID CLASS WEIGHT  REWEIGHT SIZE    USE     AVAIL   %USE VAR  PGS 
 0   hdd 0.19530  1.00000 200 GiB 5.3 GiB 195 GiB 2.65 0.67 100 
 1   ssd 0.09769  1.00000 100 GiB 5.3 GiB  95 GiB 5.28 1.33 100 
 2   ssd 0.09769  1.00000 100 GiB 5.3 GiB  95 GiB 5.28 1.33 100 
                    TOTAL 400 GiB  16 GiB 384 GiB 3.97          
MIN/MAX VAR: 0.67/1.33  STDDEV: 1.31
Probing round 109
Mon Oct  1 17:53:59 UTC 2018
ID CLASS WEIGHT  REWEIGHT SIZE    USE     AVAIL   %USE VAR  PGS 
 0   hdd 0.19530  1.00000 200 GiB 5.3 GiB 195 GiB 2.65 0.67 100 
 1   ssd 0.09769  1.00000 100 GiB 5.3 GiB  95 GiB 5.28 1.33 100 
 2   ssd 0.09769  1.00000 100 GiB 5.3 GiB  95 GiB 5.28 1.33 100 
                    TOTAL 400 GiB  16 GiB 384 GiB 3.97          
MIN/MAX VAR: 0.67/1.33  STDDEV: 1.31
Probing round 110
Mon Oct  1 17:54:01 UTC 2018
ID CLASS WEIGHT  REWEIGHT SIZE    USE     AVAIL   %USE VAR  PGS 
 0   hdd 0.19530  1.00000 200 GiB 5.3 GiB 195 GiB 2.65 0.67 100 
 1   ssd 0.09769  1.00000 100 GiB 5.3 GiB  95 GiB 5.28 1.33 100 
 2   ssd 0.09769  1.00000 100 GiB 5.3 GiB  95 GiB 5.28 1.33 100 
                    TOTAL 400 GiB  16 GiB 384 GiB 3.97          
MIN/MAX VAR: 0.67/1.33  STDDEV: 1.31
