Probing round 1
Mon Oct  1 17:54:41 UTC 2018
ID CLASS WEIGHT  REWEIGHT SIZE    USE     AVAIL   %USE VAR  PGS 
 0   hdd 0.19530  1.00000 200 GiB 1.0 GiB 199 GiB 0.50 0.67 100 
 1   ssd 0.09769  1.00000 100 GiB 1.0 GiB  99 GiB 1.00 1.33 100 
 2   ssd 0.09769  1.00000 100 GiB 1.0 GiB  99 GiB 1.00 1.33 100 
                    TOTAL 400 GiB 3.0 GiB 397 GiB 0.75          
MIN/MAX VAR: 0.67/1.33  STDDEV: 0.25
Probing round 2
Mon Oct  1 17:54:44 UTC 2018
ID CLASS WEIGHT  REWEIGHT SIZE    USE     AVAIL   %USE VAR  PGS 
 0   hdd 0.19530  1.00000 200 GiB 1.0 GiB 199 GiB 0.50 0.67 100 
 1   ssd 0.09769  1.00000 100 GiB 1.0 GiB  99 GiB 1.00 1.33 100 
 2   ssd 0.09769  1.00000 100 GiB 1.0 GiB  99 GiB 1.00 1.33 100 
                    TOTAL 400 GiB 3.0 GiB 397 GiB 0.75          
MIN/MAX VAR: 0.67/1.33  STDDEV: 0.25
Probing round 3
Mon Oct  1 17:54:46 UTC 2018
ID CLASS WEIGHT  REWEIGHT SIZE    USE     AVAIL   %USE VAR  PGS 
 0   hdd 0.19530  1.00000 200 GiB 1.0 GiB 199 GiB 0.50 0.67 100 
 1   ssd 0.09769  1.00000 100 GiB 1.0 GiB  99 GiB 1.00 1.33 100 
 2   ssd 0.09769  1.00000 100 GiB 1.0 GiB  99 GiB 1.00 1.33 100 
                    TOTAL 400 GiB 3.0 GiB 397 GiB 0.75          
MIN/MAX VAR: 0.67/1.33  STDDEV: 0.25
Probing round 4
Mon Oct  1 17:54:48 UTC 2018
ID CLASS WEIGHT  REWEIGHT SIZE    USE     AVAIL   %USE VAR  PGS 
 0   hdd 0.19530  1.00000 200 GiB 1.0 GiB 199 GiB 0.50 0.67 100 
 1   ssd 0.09769  1.00000 100 GiB 1.0 GiB  99 GiB 1.00 1.33 100 
 2   ssd 0.09769  1.00000 100 GiB 1.0 GiB  99 GiB 1.00 1.33 100 
                    TOTAL 400 GiB 3.0 GiB 397 GiB 0.75          
MIN/MAX VAR: 0.67/1.33  STDDEV: 0.25
Probing round 5
Mon Oct  1 17:54:49 UTC 2018
ID CLASS WEIGHT  REWEIGHT SIZE    USE     AVAIL   %USE VAR  PGS 
 0   hdd 0.19530  1.00000 200 GiB 1.4 GiB 199 GiB 0.71 0.79 100 
 1   ssd 0.09769  1.00000 100 GiB 1.1 GiB  99 GiB 1.09 1.21 100 
 2   ssd 0.09769  1.00000 100 GiB 1.1 GiB  99 GiB 1.09 1.22 100 
                    TOTAL 400 GiB 3.6 GiB 396 GiB 0.90          
MIN/MAX VAR: 0.79/1.22  STDDEV: 0.19
Probing round 6
Mon Oct  1 17:54:51 UTC 2018
ID CLASS WEIGHT  REWEIGHT SIZE    USE     AVAIL   %USE VAR  PGS 
 0   hdd 0.19530  1.00000 200 GiB 1.4 GiB 199 GiB 0.71 0.79 100 
 1   ssd 0.09769  1.00000 100 GiB 1.1 GiB  99 GiB 1.09 1.21 100 
 2   ssd 0.09769  1.00000 100 GiB 1.1 GiB  99 GiB 1.09 1.22 100 
                    TOTAL 400 GiB 3.6 GiB 396 GiB 0.90          
MIN/MAX VAR: 0.79/1.22  STDDEV: 0.19
Probing round 7
Mon Oct  1 17:54:52 UTC 2018
ID CLASS WEIGHT  REWEIGHT SIZE    USE     AVAIL   %USE VAR  PGS 
 0   hdd 0.19530  1.00000 200 GiB 1.4 GiB 199 GiB 0.71 0.79 100 
 1   ssd 0.09769  1.00000 100 GiB 1.1 GiB  99 GiB 1.09 1.21 100 
 2   ssd 0.09769  1.00000 100 GiB 1.1 GiB  99 GiB 1.09 1.22 100 
                    TOTAL 400 GiB 3.6 GiB 396 GiB 0.90          
MIN/MAX VAR: 0.79/1.22  STDDEV: 0.19
Probing round 8
Mon Oct  1 17:54:54 UTC 2018
ID CLASS WEIGHT  REWEIGHT SIZE    USE     AVAIL   %USE VAR  PGS 
 0   hdd 0.19530  1.00000 200 GiB 1.6 GiB 198 GiB 0.80 0.85 100 
 1   ssd 0.09769  1.00000 100 GiB 1.1 GiB  99 GiB 1.09 1.15 100 
 2   ssd 0.09769  1.00000 100 GiB 1.1 GiB  99 GiB 1.09 1.15 100 
                    TOTAL 400 GiB 3.8 GiB 396 GiB 0.95          
MIN/MAX VAR: 0.85/1.15  STDDEV: 0.14
Probing round 9
Mon Oct  1 17:54:55 UTC 2018
ID CLASS WEIGHT  REWEIGHT SIZE    USE     AVAIL   %USE VAR  PGS 
 0   hdd 0.19530  1.00000 200 GiB 1.6 GiB 198 GiB 0.80 0.85 100 
 1   ssd 0.09769  1.00000 100 GiB 1.1 GiB  99 GiB 1.09 1.15 100 
 2   ssd 0.09769  1.00000 100 GiB 1.1 GiB  99 GiB 1.09 1.15 100 
                    TOTAL 400 GiB 3.8 GiB 396 GiB 0.95          
MIN/MAX VAR: 0.85/1.15  STDDEV: 0.14
Probing round 10
Mon Oct  1 17:54:57 UTC 2018
ID CLASS WEIGHT  REWEIGHT SIZE    USE     AVAIL   %USE VAR  PGS 
 0   hdd 0.19530  1.00000 200 GiB 1.6 GiB 198 GiB 0.80 0.85 100 
 1   ssd 0.09769  1.00000 100 GiB 1.1 GiB  99 GiB 1.09 1.15 100 
 2   ssd 0.09769  1.00000 100 GiB 1.1 GiB  99 GiB 1.09 1.15 100 
                    TOTAL 400 GiB 3.8 GiB 396 GiB 0.95          
MIN/MAX VAR: 0.85/1.15  STDDEV: 0.14
Probing round 11
Mon Oct  1 17:54:58 UTC 2018
ID CLASS WEIGHT  REWEIGHT SIZE    USE     AVAIL   %USE VAR  PGS 
 0   hdd 0.19530  1.00000 200 GiB 1.6 GiB 198 GiB 0.80 0.85 100 
 1   ssd 0.09769  1.00000 100 GiB 1.1 GiB  99 GiB 1.09 1.15 100 
 2   ssd 0.09769  1.00000 100 GiB 1.1 GiB  99 GiB 1.09 1.15 100 
                    TOTAL 400 GiB 3.8 GiB 396 GiB 0.95          
MIN/MAX VAR: 0.85/1.15  STDDEV: 0.14
Probing round 12
Mon Oct  1 17:55:00 UTC 2018
ID CLASS WEIGHT  REWEIGHT SIZE    USE     AVAIL   %USE VAR  PGS 
 0   hdd 0.19530  1.00000 200 GiB 2.2 GiB 198 GiB 1.09 0.93 100 
 1   ssd 0.09769  1.00000 100 GiB 1.3 GiB  99 GiB 1.31 1.11 100 
 2   ssd 0.09769  1.00000 100 GiB 1.2 GiB  99 GiB 1.22 1.03 100 
                    TOTAL 400 GiB 4.7 GiB 395 GiB 1.18          
MIN/MAX VAR: 0.93/1.11  STDDEV: 0.09
Probing round 13
Mon Oct  1 17:55:01 UTC 2018
ID CLASS WEIGHT  REWEIGHT SIZE    USE     AVAIL   %USE VAR  PGS 
 0   hdd 0.19530  1.00000 200 GiB 2.2 GiB 198 GiB 1.09 0.93 100 
 1   ssd 0.09769  1.00000 100 GiB 1.3 GiB  99 GiB 1.31 1.11 100 
 2   ssd 0.09769  1.00000 100 GiB 1.2 GiB  99 GiB 1.22 1.03 100 
                    TOTAL 400 GiB 4.7 GiB 395 GiB 1.18          
MIN/MAX VAR: 0.93/1.11  STDDEV: 0.09
Probing round 14
Mon Oct  1 17:55:03 UTC 2018
ID CLASS WEIGHT  REWEIGHT SIZE    USE     AVAIL   %USE VAR  PGS 
 0   hdd 0.19530  1.00000 200 GiB 2.2 GiB 198 GiB 1.09 0.93 100 
 1   ssd 0.09769  1.00000 100 GiB 1.3 GiB  99 GiB 1.31 1.11 100 
 2   ssd 0.09769  1.00000 100 GiB 1.2 GiB  99 GiB 1.22 1.03 100 
                    TOTAL 400 GiB 4.7 GiB 395 GiB 1.18          
MIN/MAX VAR: 0.93/1.11  STDDEV: 0.09
Probing round 15
Mon Oct  1 17:55:04 UTC 2018
ID CLASS WEIGHT  REWEIGHT SIZE    USE     AVAIL   %USE VAR  PGS 
 0   hdd 0.19530  1.00000 200 GiB 2.6 GiB 197 GiB 1.28 0.98 100 
 1   ssd 0.09769  1.00000 100 GiB 1.3 GiB  99 GiB 1.33 1.02 100 
 2   ssd 0.09769  1.00000 100 GiB 1.3 GiB  99 GiB 1.34 1.02 100 
                    TOTAL 400 GiB 5.2 GiB 395 GiB 1.31          
MIN/MAX VAR: 0.98/1.02  STDDEV: 0.03
Probing round 16
Mon Oct  1 17:55:06 UTC 2018
ID CLASS WEIGHT  REWEIGHT SIZE    USE     AVAIL   %USE VAR  PGS 
 0   hdd 0.19530  1.00000 200 GiB 2.6 GiB 197 GiB 1.28 0.98 100 
 1   ssd 0.09769  1.00000 100 GiB 1.3 GiB  99 GiB 1.33 1.02 100 
 2   ssd 0.09769  1.00000 100 GiB 1.3 GiB  99 GiB 1.34 1.02 100 
                    TOTAL 400 GiB 5.2 GiB 395 GiB 1.31          
MIN/MAX VAR: 0.98/1.02  STDDEV: 0.03
Probing round 17
Mon Oct  1 17:55:07 UTC 2018
ID CLASS WEIGHT  REWEIGHT SIZE    USE     AVAIL   %USE VAR  PGS 
 0   hdd 0.19530  1.00000 200 GiB 2.6 GiB 197 GiB 1.28 0.98 100 
 1   ssd 0.09769  1.00000 100 GiB 1.3 GiB  99 GiB 1.33 1.02 100 
 2   ssd 0.09769  1.00000 100 GiB 1.3 GiB  99 GiB 1.34 1.02 100 
                    TOTAL 400 GiB 5.2 GiB 395 GiB 1.31          
MIN/MAX VAR: 0.98/1.02  STDDEV: 0.03
Probing round 18
Mon Oct  1 17:55:09 UTC 2018
ID CLASS WEIGHT  REWEIGHT SIZE    USE     AVAIL   %USE VAR  PGS 
 0   hdd 0.19530  1.00000 200 GiB 2.6 GiB 197 GiB 1.28 0.98 100 
 1   ssd 0.09769  1.00000 100 GiB 1.3 GiB  99 GiB 1.33 1.02 100 
 2   ssd 0.09769  1.00000 100 GiB 1.3 GiB  99 GiB 1.34 1.02 100 
                    TOTAL 400 GiB 5.2 GiB 395 GiB 1.31          
MIN/MAX VAR: 0.98/1.02  STDDEV: 0.03
Probing round 19
Mon Oct  1 17:55:10 UTC 2018
ID CLASS WEIGHT  REWEIGHT SIZE    USE     AVAIL   %USE VAR  PGS 
 0   hdd 0.19530  1.00000 200 GiB 2.8 GiB 197 GiB 1.40 0.98 100 
 1   ssd 0.09769  1.00000 100 GiB 1.4 GiB  99 GiB 1.42 0.99 100 
 2   ssd 0.09769  1.00000 100 GiB 1.5 GiB  98 GiB 1.51 1.05 100 
                    TOTAL 400 GiB 5.7 GiB 394 GiB 1.43          
MIN/MAX VAR: 0.98/1.05  STDDEV: 0.05
Probing round 20
Mon Oct  1 17:55:12 UTC 2018
ID CLASS WEIGHT  REWEIGHT SIZE    USE     AVAIL   %USE VAR  PGS 
 0   hdd 0.19530  1.00000 200 GiB 2.8 GiB 197 GiB 1.40 0.98 100 
 1   ssd 0.09769  1.00000 100 GiB 1.4 GiB  99 GiB 1.42 0.99 100 
 2   ssd 0.09769  1.00000 100 GiB 1.5 GiB  98 GiB 1.51 1.05 100 
                    TOTAL 400 GiB 5.7 GiB 394 GiB 1.43          
MIN/MAX VAR: 0.98/1.05  STDDEV: 0.05
Probing round 21
Mon Oct  1 17:55:13 UTC 2018
ID CLASS WEIGHT  REWEIGHT SIZE    USE     AVAIL   %USE VAR  PGS 
 0   hdd 0.19530  1.00000 200 GiB 3.2 GiB 197 GiB 1.62 1.01 100 
 1   ssd 0.09769  1.00000 100 GiB 1.6 GiB  98 GiB 1.56 0.97 100 
 2   ssd 0.09769  1.00000 100 GiB 1.6 GiB  98 GiB 1.60 1.00 100 
                    TOTAL 400 GiB 6.4 GiB 394 GiB 1.60          
MIN/MAX VAR: 0.97/1.01  STDDEV: 0.03
Probing round 22
Mon Oct  1 17:55:15 UTC 2018
ID CLASS WEIGHT  REWEIGHT SIZE    USE     AVAIL   %USE VAR  PGS 
 0   hdd 0.19530  1.00000 200 GiB 3.2 GiB 197 GiB 1.62 1.01 100 
 1   ssd 0.09769  1.00000 100 GiB 1.6 GiB  98 GiB 1.56 0.97 100 
 2   ssd 0.09769  1.00000 100 GiB 1.6 GiB  98 GiB 1.60 1.00 100 
                    TOTAL 400 GiB 6.4 GiB 394 GiB 1.60          
MIN/MAX VAR: 0.97/1.01  STDDEV: 0.03
Probing round 23
Mon Oct  1 17:55:16 UTC 2018
ID CLASS WEIGHT  REWEIGHT SIZE    USE     AVAIL   %USE VAR  PGS 
 0   hdd 0.19530  1.00000 200 GiB 3.2 GiB 197 GiB 1.62 1.01 100 
 1   ssd 0.09769  1.00000 100 GiB 1.6 GiB  98 GiB 1.56 0.97 100 
 2   ssd 0.09769  1.00000 100 GiB 1.6 GiB  98 GiB 1.60 1.00 100 
                    TOTAL 400 GiB 6.4 GiB 394 GiB 1.60          
MIN/MAX VAR: 0.97/1.01  STDDEV: 0.03
Probing round 24
Mon Oct  1 17:55:18 UTC 2018
ID CLASS WEIGHT  REWEIGHT SIZE    USE     AVAIL   %USE VAR  PGS 
 0   hdd 0.19530  1.00000 200 GiB 3.2 GiB 197 GiB 1.62 1.01 100 
 1   ssd 0.09769  1.00000 100 GiB 1.6 GiB  98 GiB 1.56 0.97 100 
 2   ssd 0.09769  1.00000 100 GiB 1.6 GiB  98 GiB 1.60 1.00 100 
                    TOTAL 400 GiB 6.4 GiB 394 GiB 1.60          
MIN/MAX VAR: 0.97/1.01  STDDEV: 0.03
Probing round 25
Mon Oct  1 17:55:19 UTC 2018
ID CLASS WEIGHT  REWEIGHT SIZE    USE     AVAIL   %USE VAR  PGS 
 0   hdd 0.19530  1.00000 200 GiB 3.7 GiB 196 GiB 1.83 1.06 100 
 1   ssd 0.09769  1.00000 100 GiB 1.7 GiB  98 GiB 1.65 0.95 100 
 2   ssd 0.09769  1.00000 100 GiB 1.6 GiB  98 GiB 1.62 0.94 100 
                    TOTAL 400 GiB 6.9 GiB 393 GiB 1.73          
MIN/MAX VAR: 0.94/1.06  STDDEV: 0.10
Probing round 26
Mon Oct  1 17:55:21 UTC 2018
ID CLASS WEIGHT  REWEIGHT SIZE    USE     AVAIL   %USE VAR  PGS 
 0   hdd 0.19530  1.00000 200 GiB 3.7 GiB 196 GiB 1.83 1.06 100 
 1   ssd 0.09769  1.00000 100 GiB 1.7 GiB  98 GiB 1.65 0.95 100 
 2   ssd 0.09769  1.00000 100 GiB 1.6 GiB  98 GiB 1.62 0.94 100 
                    TOTAL 400 GiB 6.9 GiB 393 GiB 1.73          
MIN/MAX VAR: 0.94/1.06  STDDEV: 0.10
Probing round 27
Mon Oct  1 17:55:22 UTC 2018
ID CLASS WEIGHT  REWEIGHT SIZE    USE     AVAIL   %USE VAR  PGS 
 0   hdd 0.19530  1.00000 200 GiB 3.7 GiB 196 GiB 1.83 1.06 100 
 1   ssd 0.09769  1.00000 100 GiB 1.7 GiB  98 GiB 1.65 0.95 100 
 2   ssd 0.09769  1.00000 100 GiB 1.6 GiB  98 GiB 1.62 0.94 100 
                    TOTAL 400 GiB 6.9 GiB 393 GiB 1.73          
MIN/MAX VAR: 0.94/1.06  STDDEV: 0.10
Probing round 28
Mon Oct  1 17:55:24 UTC 2018
ID CLASS WEIGHT  REWEIGHT SIZE    USE     AVAIL   %USE VAR  PGS 
 0   hdd 0.19530  1.00000 200 GiB 4.1 GiB 196 GiB 2.03 1.07 100 
 1   ssd 0.09769  1.00000 100 GiB 1.8 GiB  98 GiB 1.77 0.93 100 
 2   ssd 0.09769  1.00000 100 GiB 1.8 GiB  98 GiB 1.78 0.94 100 
                    TOTAL 400 GiB 7.6 GiB 392 GiB 1.90          
MIN/MAX VAR: 0.93/1.07  STDDEV: 0.13
Probing round 29
Mon Oct  1 17:55:25 UTC 2018
ID CLASS WEIGHT  REWEIGHT SIZE    USE     AVAIL   %USE VAR  PGS 
 0   hdd 0.19530  1.00000 200 GiB 4.1 GiB 196 GiB 2.03 1.07 100 
 1   ssd 0.09769  1.00000 100 GiB 1.8 GiB  98 GiB 1.77 0.93 100 
 2   ssd 0.09769  1.00000 100 GiB 1.8 GiB  98 GiB 1.78 0.94 100 
                    TOTAL 400 GiB 7.6 GiB 392 GiB 1.90          
MIN/MAX VAR: 0.93/1.07  STDDEV: 0.13
Probing round 30
Mon Oct  1 17:55:27 UTC 2018
ID CLASS WEIGHT  REWEIGHT SIZE    USE     AVAIL   %USE VAR  PGS 
 0   hdd 0.19530  1.00000 200 GiB 4.1 GiB 196 GiB 2.03 1.07 100 
 1   ssd 0.09769  1.00000 100 GiB 1.8 GiB  98 GiB 1.77 0.93 100 
 2   ssd 0.09769  1.00000 100 GiB 1.8 GiB  98 GiB 1.78 0.94 100 
                    TOTAL 400 GiB 7.6 GiB 392 GiB 1.90          
MIN/MAX VAR: 0.93/1.07  STDDEV: 0.13
Probing round 31
Mon Oct  1 17:55:28 UTC 2018
ID CLASS WEIGHT  REWEIGHT SIZE    USE     AVAIL   %USE VAR  PGS 
 0   hdd 0.19530  1.00000 200 GiB 4.1 GiB 196 GiB 2.03 1.07 100 
 1   ssd 0.09769  1.00000 100 GiB 1.8 GiB  98 GiB 1.77 0.93 100 
 2   ssd 0.09769  1.00000 100 GiB 1.8 GiB  98 GiB 1.78 0.94 100 
                    TOTAL 400 GiB 7.6 GiB 392 GiB 1.90          
MIN/MAX VAR: 0.93/1.07  STDDEV: 0.13
Probing round 32
Mon Oct  1 17:55:30 UTC 2018
ID CLASS WEIGHT  REWEIGHT SIZE    USE     AVAIL   %USE VAR  PGS 
 0   hdd 0.19530  1.00000 200 GiB 4.4 GiB 196 GiB 2.21 1.09 100 
 1   ssd 0.09769  1.00000 100 GiB 1.8 GiB  98 GiB 1.84 0.91 100 
 2   ssd 0.09769  1.00000 100 GiB 1.9 GiB  98 GiB 1.88 0.92 100 
                    TOTAL 400 GiB 8.1 GiB 392 GiB 2.03          
MIN/MAX VAR: 0.91/1.09  STDDEV: 0.17
Probing round 33
Mon Oct  1 17:55:32 UTC 2018
ID CLASS WEIGHT  REWEIGHT SIZE    USE     AVAIL   %USE VAR  PGS 
 0   hdd 0.19530  1.00000 200 GiB 4.4 GiB 196 GiB 2.21 1.09 100 
 1   ssd 0.09769  1.00000 100 GiB 1.8 GiB  98 GiB 1.84 0.91 100 
 2   ssd 0.09769  1.00000 100 GiB 1.9 GiB  98 GiB 1.88 0.92 100 
                    TOTAL 400 GiB 8.1 GiB 392 GiB 2.03          
MIN/MAX VAR: 0.91/1.09  STDDEV: 0.17
Probing round 34
Mon Oct  1 17:55:33 UTC 2018
ID CLASS WEIGHT  REWEIGHT SIZE    USE     AVAIL   %USE VAR  PGS 
 0   hdd 0.19530  1.00000 200 GiB 4.8 GiB 195 GiB 2.39 1.11 100 
 1   ssd 0.09769  1.00000 100 GiB 1.9 GiB  98 GiB 1.91 0.88 100 
 2   ssd 0.09769  1.00000 100 GiB 1.9 GiB  98 GiB 1.95 0.90 100 
                    TOTAL 400 GiB 8.6 GiB 391 GiB 2.16          
MIN/MAX VAR: 0.88/1.11  STDDEV: 0.23
Probing round 35
Mon Oct  1 17:55:35 UTC 2018
ID CLASS WEIGHT  REWEIGHT SIZE    USE     AVAIL   %USE VAR  PGS 
 0   hdd 0.19530  1.00000 200 GiB 4.8 GiB 195 GiB 2.39 1.11 100 
 1   ssd 0.09769  1.00000 100 GiB 1.9 GiB  98 GiB 1.91 0.88 100 
 2   ssd 0.09769  1.00000 100 GiB 1.9 GiB  98 GiB 1.95 0.90 100 
                    TOTAL 400 GiB 8.6 GiB 391 GiB 2.16          
MIN/MAX VAR: 0.88/1.11  STDDEV: 0.23
Probing round 36
Mon Oct  1 17:55:36 UTC 2018
ID CLASS WEIGHT  REWEIGHT SIZE    USE     AVAIL   %USE VAR  PGS 
 0   hdd 0.19530  1.00000 200 GiB 4.8 GiB 195 GiB 2.39 1.11 100 
 1   ssd 0.09769  1.00000 100 GiB 1.9 GiB  98 GiB 1.91 0.88 100 
 2   ssd 0.09769  1.00000 100 GiB 1.9 GiB  98 GiB 1.95 0.90 100 
                    TOTAL 400 GiB 8.6 GiB 391 GiB 2.16          
MIN/MAX VAR: 0.88/1.11  STDDEV: 0.23
Probing round 37
Mon Oct  1 17:55:38 UTC 2018
ID CLASS WEIGHT  REWEIGHT SIZE    USE     AVAIL   %USE VAR  PGS 
 0   hdd 0.19530  1.00000 200 GiB 4.8 GiB 195 GiB 2.39 1.11 100 
 1   ssd 0.09769  1.00000 100 GiB 1.9 GiB  98 GiB 1.91 0.88 100 
 2   ssd 0.09769  1.00000 100 GiB 1.9 GiB  98 GiB 1.95 0.90 100 
                    TOTAL 400 GiB 8.6 GiB 391 GiB 2.16          
MIN/MAX VAR: 0.88/1.11  STDDEV: 0.23
Probing round 38
Mon Oct  1 17:55:39 UTC 2018
ID CLASS WEIGHT  REWEIGHT SIZE    USE     AVAIL   %USE VAR  PGS 
 0   hdd 0.19530  1.00000 200 GiB 5.3 GiB 195 GiB 2.67 1.13 100 
 1   ssd 0.09769  1.00000 100 GiB 2.0 GiB  98 GiB 2.04 0.86 100 
 2   ssd 0.09769  1.00000 100 GiB 2.1 GiB  98 GiB 2.06 0.87 100 
                    TOTAL 400 GiB 9.4 GiB 391 GiB 2.36          
MIN/MAX VAR: 0.86/1.13  STDDEV: 0.31
Probing round 39
Mon Oct  1 17:55:41 UTC 2018
ID CLASS WEIGHT  REWEIGHT SIZE    USE     AVAIL   %USE VAR  PGS 
 0   hdd 0.19530  1.00000 200 GiB 5.3 GiB 195 GiB 2.67 1.13 100 
 1   ssd 0.09769  1.00000 100 GiB 2.0 GiB  98 GiB 2.04 0.86 100 
 2   ssd 0.09769  1.00000 100 GiB 2.1 GiB  98 GiB 2.06 0.87 100 
                    TOTAL 400 GiB 9.4 GiB 391 GiB 2.36          
MIN/MAX VAR: 0.86/1.13  STDDEV: 0.31
Probing round 40
Mon Oct  1 17:55:42 UTC 2018
ID CLASS WEIGHT  REWEIGHT SIZE    USE     AVAIL   %USE VAR  PGS 
 0   hdd 0.19530  1.00000 200 GiB 5.3 GiB 195 GiB 2.67 1.13 100 
 1   ssd 0.09769  1.00000 100 GiB 2.0 GiB  98 GiB 2.04 0.86 100 
 2   ssd 0.09769  1.00000 100 GiB 2.1 GiB  98 GiB 2.06 0.87 100 
                    TOTAL 400 GiB 9.4 GiB 391 GiB 2.36          
MIN/MAX VAR: 0.86/1.13  STDDEV: 0.31
Probing round 41
Mon Oct  1 17:55:44 UTC 2018
ID CLASS WEIGHT  REWEIGHT SIZE    USE     AVAIL   %USE VAR  PGS 
 0   hdd 0.19530  1.00000 200 GiB 5.6 GiB 194 GiB 2.79 1.13 100 
 1   ssd 0.09769  1.00000 100 GiB 2.1 GiB  98 GiB 2.12 0.86 100 
 2   ssd 0.09769  1.00000 100 GiB 2.2 GiB  98 GiB 2.16 0.88 100 
                    TOTAL 400 GiB 9.9 GiB 390 GiB 2.46          
MIN/MAX VAR: 0.86/1.13  STDDEV: 0.32
Probing round 42
Mon Oct  1 17:55:45 UTC 2018
ID CLASS WEIGHT  REWEIGHT SIZE    USE     AVAIL   %USE VAR  PGS 
 0   hdd 0.19530  1.00000 200 GiB 5.6 GiB 194 GiB 2.79 1.13 100 
 1   ssd 0.09769  1.00000 100 GiB 2.1 GiB  98 GiB 2.12 0.86 100 
 2   ssd 0.09769  1.00000 100 GiB 2.2 GiB  98 GiB 2.16 0.88 100 
                    TOTAL 400 GiB 9.9 GiB 390 GiB 2.46          
MIN/MAX VAR: 0.86/1.13  STDDEV: 0.32
Probing round 43
Mon Oct  1 17:55:47 UTC 2018
ID CLASS WEIGHT  REWEIGHT SIZE    USE     AVAIL   %USE VAR  PGS 
 0   hdd 0.19530  1.00000 200 GiB 5.6 GiB 194 GiB 2.79 1.13 100 
 1   ssd 0.09769  1.00000 100 GiB 2.1 GiB  98 GiB 2.12 0.86 100 
 2   ssd 0.09769  1.00000 100 GiB 2.2 GiB  98 GiB 2.16 0.88 100 
                    TOTAL 400 GiB 9.9 GiB 390 GiB 2.46          
MIN/MAX VAR: 0.86/1.13  STDDEV: 0.32
Probing round 44
Mon Oct  1 17:55:48 UTC 2018
ID CLASS WEIGHT  REWEIGHT SIZE    USE     AVAIL   %USE VAR  PGS 
 0   hdd 0.19530  1.00000 200 GiB 5.6 GiB 194 GiB 2.79 1.13 100 
 1   ssd 0.09769  1.00000 100 GiB 2.1 GiB  98 GiB 2.12 0.86 100 
 2   ssd 0.09769  1.00000 100 GiB 2.2 GiB  98 GiB 2.16 0.88 100 
                    TOTAL 400 GiB 9.9 GiB 390 GiB 2.46          
MIN/MAX VAR: 0.86/1.13  STDDEV: 0.32
Probing round 45
Mon Oct  1 17:55:50 UTC 2018
ID CLASS WEIGHT  REWEIGHT SIZE    USE     AVAIL   %USE VAR  PGS 
 0   hdd 0.19530  1.00000 200 GiB 6.1 GiB 194 GiB 3.05 1.15 100 
 1   ssd 0.09769  1.00000 100 GiB 2.2 GiB  98 GiB 2.20 0.83 100 
 2   ssd 0.09769  1.00000 100 GiB 2.3 GiB  98 GiB 2.27 0.86 100 
                    TOTAL 400 GiB  11 GiB 389 GiB 2.64          
MIN/MAX VAR: 0.83/1.15  STDDEV: 0.41
Probing round 46
Mon Oct  1 17:55:52 UTC 2018
ID CLASS WEIGHT  REWEIGHT SIZE    USE     AVAIL   %USE VAR  PGS 
 0   hdd 0.19530  1.00000 200 GiB 6.1 GiB 194 GiB 3.05 1.15 100 
 1   ssd 0.09769  1.00000 100 GiB 2.2 GiB  98 GiB 2.20 0.83 100 
 2   ssd 0.09769  1.00000 100 GiB 2.3 GiB  98 GiB 2.27 0.86 100 
                    TOTAL 400 GiB  11 GiB 389 GiB 2.64          
MIN/MAX VAR: 0.83/1.15  STDDEV: 0.41
Probing round 47
Mon Oct  1 17:55:53 UTC 2018
ID CLASS WEIGHT  REWEIGHT SIZE    USE     AVAIL   %USE VAR  PGS 
 0   hdd 0.19530  1.00000 200 GiB 6.3 GiB 194 GiB 3.15 1.15 100 
 1   ssd 0.09769  1.00000 100 GiB 2.4 GiB  98 GiB 2.36 0.86 100 
 2   ssd 0.09769  1.00000 100 GiB 2.3 GiB  98 GiB 2.32 0.84 100 
                    TOTAL 400 GiB  11 GiB 389 GiB 2.74          
MIN/MAX VAR: 0.84/1.15  STDDEV: 0.41
Probing round 48
Mon Oct  1 17:55:55 UTC 2018
ID CLASS WEIGHT  REWEIGHT SIZE    USE     AVAIL   %USE VAR  PGS 
 0   hdd 0.19530  1.00000 200 GiB 6.3 GiB 194 GiB 3.15 1.15 100 
 1   ssd 0.09769  1.00000 100 GiB 2.4 GiB  98 GiB 2.36 0.86 100 
 2   ssd 0.09769  1.00000 100 GiB 2.3 GiB  98 GiB 2.32 0.84 100 
                    TOTAL 400 GiB  11 GiB 389 GiB 2.74          
MIN/MAX VAR: 0.84/1.15  STDDEV: 0.41
Probing round 49
Mon Oct  1 17:55:56 UTC 2018
ID CLASS WEIGHT  REWEIGHT SIZE    USE     AVAIL   %USE VAR  PGS 
 0   hdd 0.19530  1.00000 200 GiB 6.3 GiB 194 GiB 3.15 1.15 100 
 1   ssd 0.09769  1.00000 100 GiB 2.4 GiB  98 GiB 2.36 0.86 100 
 2   ssd 0.09769  1.00000 100 GiB 2.3 GiB  98 GiB 2.32 0.84 100 
                    TOTAL 400 GiB  11 GiB 389 GiB 2.74          
MIN/MAX VAR: 0.84/1.15  STDDEV: 0.41
Probing round 50
Mon Oct  1 17:55:58 UTC 2018
ID CLASS WEIGHT  REWEIGHT SIZE    USE     AVAIL   %USE VAR  PGS 
 0   hdd 0.19530  1.00000 200 GiB 6.3 GiB 194 GiB 3.15 1.15 100 
 1   ssd 0.09769  1.00000 100 GiB 2.4 GiB  98 GiB 2.36 0.86 100 
 2   ssd 0.09769  1.00000 100 GiB 2.3 GiB  98 GiB 2.32 0.84 100 
                    TOTAL 400 GiB  11 GiB 389 GiB 2.74          
MIN/MAX VAR: 0.84/1.15  STDDEV: 0.41
Probing round 51
Mon Oct  1 17:55:59 UTC 2018
ID CLASS WEIGHT  REWEIGHT SIZE    USE     AVAIL   %USE VAR  PGS 
 0   hdd 0.19530  1.00000 200 GiB 6.6 GiB 193 GiB 3.31 1.15 100 
 1   ssd 0.09769  1.00000 100 GiB 2.4 GiB  98 GiB 2.43 0.84 100 
 2   ssd 0.09769  1.00000 100 GiB 2.4 GiB  98 GiB 2.45 0.85 100 
                    TOTAL 400 GiB  12 GiB 388 GiB 2.88          
MIN/MAX VAR: 0.84/1.15  STDDEV: 0.44
Probing round 52
Mon Oct  1 17:56:01 UTC 2018
ID CLASS WEIGHT  REWEIGHT SIZE    USE     AVAIL   %USE VAR  PGS 
 0   hdd 0.19530  1.00000 200 GiB 6.6 GiB 193 GiB 3.31 1.15 100 
 1   ssd 0.09769  1.00000 100 GiB 2.4 GiB  98 GiB 2.43 0.84 100 
 2   ssd 0.09769  1.00000 100 GiB 2.4 GiB  98 GiB 2.45 0.85 100 
                    TOTAL 400 GiB  12 GiB 388 GiB 2.88          
MIN/MAX VAR: 0.84/1.15  STDDEV: 0.44
Probing round 53
Mon Oct  1 17:56:02 UTC 2018
ID CLASS WEIGHT  REWEIGHT SIZE    USE     AVAIL   %USE VAR  PGS 
 0   hdd 0.19530  1.00000 200 GiB 6.6 GiB 193 GiB 3.31 1.15 100 
 1   ssd 0.09769  1.00000 100 GiB 2.4 GiB  98 GiB 2.43 0.84 100 
 2   ssd 0.09769  1.00000 100 GiB 2.4 GiB  98 GiB 2.45 0.85 100 
                    TOTAL 400 GiB  12 GiB 388 GiB 2.88          
MIN/MAX VAR: 0.84/1.15  STDDEV: 0.44
Probing round 54
Mon Oct  1 17:56:04 UTC 2018
ID CLASS WEIGHT  REWEIGHT SIZE    USE     AVAIL   %USE VAR  PGS 
 0   hdd 0.19530  1.00000 200 GiB 7.0 GiB 193 GiB 3.48 1.16 100 
 1   ssd 0.09769  1.00000 100 GiB 2.5 GiB  97 GiB 2.51 0.84 100 
 2   ssd 0.09769  1.00000 100 GiB 2.5 GiB  97 GiB 2.51 0.84 100 
                    TOTAL 400 GiB  12 GiB 388 GiB 2.99          
MIN/MAX VAR: 0.84/1.16  STDDEV: 0.48
Probing round 55
Mon Oct  1 17:56:06 UTC 2018
ID CLASS WEIGHT  REWEIGHT SIZE    USE     AVAIL   %USE VAR  PGS 
 0   hdd 0.19530  1.00000 200 GiB 7.0 GiB 193 GiB 3.48 1.16 100 
 1   ssd 0.09769  1.00000 100 GiB 2.5 GiB  97 GiB 2.51 0.84 100 
 2   ssd 0.09769  1.00000 100 GiB 2.5 GiB  97 GiB 2.51 0.84 100 
                    TOTAL 400 GiB  12 GiB 388 GiB 2.99          
MIN/MAX VAR: 0.84/1.16  STDDEV: 0.48
Probing round 56
Mon Oct  1 17:56:07 UTC 2018
ID CLASS WEIGHT  REWEIGHT SIZE    USE     AVAIL   %USE VAR  PGS 
 0   hdd 0.19530  1.00000 200 GiB 7.0 GiB 193 GiB 3.48 1.16 100 
 1   ssd 0.09769  1.00000 100 GiB 2.5 GiB  97 GiB 2.51 0.84 100 
 2   ssd 0.09769  1.00000 100 GiB 2.5 GiB  97 GiB 2.51 0.84 100 
                    TOTAL 400 GiB  12 GiB 388 GiB 2.99          
MIN/MAX VAR: 0.84/1.16  STDDEV: 0.48
Probing round 57
Mon Oct  1 17:56:09 UTC 2018
ID CLASS WEIGHT  REWEIGHT SIZE    USE     AVAIL   %USE VAR  PGS 
 0   hdd 0.19530  1.00000 200 GiB 7.0 GiB 193 GiB 3.48 1.16 100 
 1   ssd 0.09769  1.00000 100 GiB 2.5 GiB  97 GiB 2.51 0.84 100 
 2   ssd 0.09769  1.00000 100 GiB 2.5 GiB  97 GiB 2.51 0.84 100 
                    TOTAL 400 GiB  12 GiB 388 GiB 2.99          
MIN/MAX VAR: 0.84/1.16  STDDEV: 0.48
Probing round 58
Mon Oct  1 17:56:10 UTC 2018
ID CLASS WEIGHT  REWEIGHT SIZE    USE     AVAIL   %USE VAR  PGS 
 0   hdd 0.19530  1.00000 200 GiB 7.4 GiB 193 GiB 3.69 1.17 100 
 1   ssd 0.09769  1.00000 100 GiB 2.6 GiB  97 GiB 2.61 0.83 100 
 2   ssd 0.09769  1.00000 100 GiB 2.6 GiB  97 GiB 2.60 0.83 100 
                    TOTAL 400 GiB  13 GiB 387 GiB 3.15          
MIN/MAX VAR: 0.83/1.17  STDDEV: 0.54
Probing round 59
Mon Oct  1 17:56:12 UTC 2018
ID CLASS WEIGHT  REWEIGHT SIZE    USE     AVAIL   %USE VAR  PGS 
 0   hdd 0.19530  1.00000 200 GiB 7.4 GiB 193 GiB 3.69 1.17 100 
 1   ssd 0.09769  1.00000 100 GiB 2.6 GiB  97 GiB 2.61 0.83 100 
 2   ssd 0.09769  1.00000 100 GiB 2.6 GiB  97 GiB 2.60 0.83 100 
                    TOTAL 400 GiB  13 GiB 387 GiB 3.15          
MIN/MAX VAR: 0.83/1.17  STDDEV: 0.54
Probing round 60
Mon Oct  1 17:56:13 UTC 2018
ID CLASS WEIGHT  REWEIGHT SIZE    USE     AVAIL   %USE VAR  PGS 
 0   hdd 0.19530  1.00000 200 GiB 7.6 GiB 192 GiB 3.78 1.17 100 
 1   ssd 0.09769  1.00000 100 GiB 2.7 GiB  97 GiB 2.66 0.82 100 
 2   ssd 0.09769  1.00000 100 GiB 2.7 GiB  97 GiB 2.72 0.84 100 
                    TOTAL 400 GiB  13 GiB 387 GiB 3.23          
MIN/MAX VAR: 0.82/1.17  STDDEV: 0.55
Probing round 61
Mon Oct  1 17:56:15 UTC 2018
ID CLASS WEIGHT  REWEIGHT SIZE    USE     AVAIL   %USE VAR  PGS 
 0   hdd 0.19530  1.00000 200 GiB 7.6 GiB 192 GiB 3.78 1.17 100 
 1   ssd 0.09769  1.00000 100 GiB 2.7 GiB  97 GiB 2.66 0.82 100 
 2   ssd 0.09769  1.00000 100 GiB 2.7 GiB  97 GiB 2.72 0.84 100 
                    TOTAL 400 GiB  13 GiB 387 GiB 3.23          
MIN/MAX VAR: 0.82/1.17  STDDEV: 0.55
Probing round 62
Mon Oct  1 17:56:16 UTC 2018
ID CLASS WEIGHT  REWEIGHT SIZE    USE     AVAIL   %USE VAR  PGS 
 0   hdd 0.19530  1.00000 200 GiB 7.6 GiB 192 GiB 3.78 1.17 100 
 1   ssd 0.09769  1.00000 100 GiB 2.7 GiB  97 GiB 2.66 0.82 100 
 2   ssd 0.09769  1.00000 100 GiB 2.7 GiB  97 GiB 2.72 0.84 100 
                    TOTAL 400 GiB  13 GiB 387 GiB 3.23          
MIN/MAX VAR: 0.82/1.17  STDDEV: 0.55
Probing round 63
Mon Oct  1 17:56:18 UTC 2018
ID CLASS WEIGHT  REWEIGHT SIZE    USE     AVAIL   %USE VAR  PGS 
 0   hdd 0.19530  1.00000 200 GiB 7.6 GiB 192 GiB 3.78 1.17 100 
 1   ssd 0.09769  1.00000 100 GiB 2.7 GiB  97 GiB 2.66 0.82 100 
 2   ssd 0.09769  1.00000 100 GiB 2.7 GiB  97 GiB 2.72 0.84 100 
                    TOTAL 400 GiB  13 GiB 387 GiB 3.23          
MIN/MAX VAR: 0.82/1.17  STDDEV: 0.55
Probing round 64
Mon Oct  1 17:56:20 UTC 2018
ID CLASS WEIGHT  REWEIGHT SIZE    USE     AVAIL   %USE VAR  PGS 
 0   hdd 0.19530  1.00000 200 GiB 8.0 GiB 192 GiB 3.98 1.18 100 
 1   ssd 0.09769  1.00000 100 GiB 2.8 GiB  97 GiB 2.76 0.82 100 
 2   ssd 0.09769  1.00000 100 GiB 2.8 GiB  97 GiB 2.77 0.82 100 
                    TOTAL 400 GiB  13 GiB 386 GiB 3.37          
MIN/MAX VAR: 0.82/1.18  STDDEV: 0.60
Probing round 65
Mon Oct  1 17:56:21 UTC 2018
ID CLASS WEIGHT  REWEIGHT SIZE    USE     AVAIL   %USE VAR  PGS 
 0   hdd 0.19530  1.00000 200 GiB 8.0 GiB 192 GiB 3.98 1.18 100 
 1   ssd 0.09769  1.00000 100 GiB 2.8 GiB  97 GiB 2.76 0.82 100 
 2   ssd 0.09769  1.00000 100 GiB 2.8 GiB  97 GiB 2.77 0.82 100 
                    TOTAL 400 GiB  13 GiB 386 GiB 3.37          
MIN/MAX VAR: 0.82/1.18  STDDEV: 0.60
Probing round 66
Mon Oct  1 17:56:23 UTC 2018
ID CLASS WEIGHT  REWEIGHT SIZE    USE     AVAIL   %USE VAR  PGS 
 0   hdd 0.19530  1.00000 200 GiB 8.0 GiB 192 GiB 3.98 1.18 100 
 1   ssd 0.09769  1.00000 100 GiB 2.8 GiB  97 GiB 2.76 0.82 100 
 2   ssd 0.09769  1.00000 100 GiB 2.8 GiB  97 GiB 2.77 0.82 100 
                    TOTAL 400 GiB  13 GiB 386 GiB 3.37          
MIN/MAX VAR: 0.82/1.18  STDDEV: 0.60
Probing round 67
Mon Oct  1 17:56:24 UTC 2018
ID CLASS WEIGHT  REWEIGHT SIZE    USE     AVAIL   %USE VAR  PGS 
 0   hdd 0.19530  1.00000 200 GiB 8.4 GiB 192 GiB 4.21 1.19 100 
 1   ssd 0.09769  1.00000 100 GiB 2.9 GiB  97 GiB 2.87 0.81 100 
 2   ssd 0.09769  1.00000 100 GiB 2.9 GiB  97 GiB 2.89 0.82 100 
                    TOTAL 400 GiB  14 GiB 386 GiB 3.54          
MIN/MAX VAR: 0.81/1.19  STDDEV: 0.66
Probing round 68
Mon Oct  1 17:56:25 UTC 2018
ID CLASS WEIGHT  REWEIGHT SIZE    USE     AVAIL   %USE VAR  PGS 
 0   hdd 0.19530  1.00000 200 GiB 8.4 GiB 192 GiB 4.21 1.19 100 
 1   ssd 0.09769  1.00000 100 GiB 2.9 GiB  97 GiB 2.87 0.81 100 
 2   ssd 0.09769  1.00000 100 GiB 2.9 GiB  97 GiB 2.89 0.82 100 
                    TOTAL 400 GiB  14 GiB 386 GiB 3.54          
MIN/MAX VAR: 0.81/1.19  STDDEV: 0.66
Probing round 69
Mon Oct  1 17:56:26 UTC 2018
ID CLASS WEIGHT  REWEIGHT SIZE    USE     AVAIL   %USE VAR  PGS 
 0   hdd 0.19530  1.00000 200 GiB 8.4 GiB 192 GiB 4.21 1.19 100 
 1   ssd 0.09769  1.00000 100 GiB 2.9 GiB  97 GiB 2.87 0.81 100 
 2   ssd 0.09769  1.00000 100 GiB 2.9 GiB  97 GiB 2.89 0.82 100 
                    TOTAL 400 GiB  14 GiB 386 GiB 3.54          
MIN/MAX VAR: 0.81/1.19  STDDEV: 0.66
Probing round 70
Mon Oct  1 17:56:28 UTC 2018
ID CLASS WEIGHT  REWEIGHT SIZE    USE     AVAIL   %USE VAR  PGS 
 0   hdd 0.19530  1.00000 200 GiB 8.4 GiB 192 GiB 4.21 1.19 100 
 1   ssd 0.09769  1.00000 100 GiB 2.9 GiB  97 GiB 2.87 0.81 100 
 2   ssd 0.09769  1.00000 100 GiB 2.9 GiB  97 GiB 2.89 0.82 100 
                    TOTAL 400 GiB  14 GiB 386 GiB 3.54          
MIN/MAX VAR: 0.81/1.19  STDDEV: 0.66
Probing round 71
Mon Oct  1 17:56:29 UTC 2018
ID CLASS WEIGHT  REWEIGHT SIZE    USE     AVAIL   %USE VAR  PGS 
 0   hdd 0.19530  1.00000 200 GiB 8.4 GiB 192 GiB 4.21 1.19 100 
 1   ssd 0.09769  1.00000 100 GiB 2.9 GiB  97 GiB 2.87 0.81 100 
 2   ssd 0.09769  1.00000 100 GiB 2.9 GiB  97 GiB 2.89 0.82 100 
                    TOTAL 400 GiB  14 GiB 386 GiB 3.54          
MIN/MAX VAR: 0.81/1.19  STDDEV: 0.66
Probing round 72
Mon Oct  1 17:56:30 UTC 2018
ID CLASS WEIGHT  REWEIGHT SIZE    USE     AVAIL   %USE VAR  PGS 
 0   hdd 0.19530  1.00000 200 GiB 8.7 GiB 191 GiB 4.35 1.20 100 
 1   ssd 0.09769  1.00000 100 GiB 2.9 GiB  97 GiB 2.92 0.80 100 
 2   ssd 0.09769  1.00000 100 GiB 2.9 GiB  97 GiB 2.92 0.80 100 
                    TOTAL 400 GiB  15 GiB 385 GiB 3.64          
MIN/MAX VAR: 0.80/1.20  STDDEV: 0.71
Probing round 73
Mon Oct  1 17:56:31 UTC 2018
ID CLASS WEIGHT  REWEIGHT SIZE    USE     AVAIL   %USE VAR  PGS 
 0   hdd 0.19530  1.00000 200 GiB 8.7 GiB 191 GiB 4.35 1.20 100 
 1   ssd 0.09769  1.00000 100 GiB 2.9 GiB  97 GiB 2.92 0.80 100 
 2   ssd 0.09769  1.00000 100 GiB 2.9 GiB  97 GiB 2.92 0.80 100 
                    TOTAL 400 GiB  15 GiB 385 GiB 3.64          
MIN/MAX VAR: 0.80/1.20  STDDEV: 0.71
Probing round 74
Mon Oct  1 17:56:33 UTC 2018
ID CLASS WEIGHT  REWEIGHT SIZE    USE     AVAIL   %USE VAR  PGS 
 0   hdd 0.19530  1.00000 200 GiB 8.7 GiB 191 GiB 4.35 1.20 100 
 1   ssd 0.09769  1.00000 100 GiB 2.9 GiB  97 GiB 2.92 0.80 100 
 2   ssd 0.09769  1.00000 100 GiB 2.9 GiB  97 GiB 2.92 0.80 100 
                    TOTAL 400 GiB  15 GiB 385 GiB 3.64          
MIN/MAX VAR: 0.80/1.20  STDDEV: 0.71
Probing round 75
Mon Oct  1 17:56:34 UTC 2018
ID CLASS WEIGHT  REWEIGHT SIZE    USE     AVAIL   %USE VAR  PGS 
 0   hdd 0.19530  1.00000 200 GiB 8.7 GiB 191 GiB 4.35 1.20 100 
 1   ssd 0.09769  1.00000 100 GiB 2.9 GiB  97 GiB 2.92 0.80 100 
 2   ssd 0.09769  1.00000 100 GiB 2.9 GiB  97 GiB 2.92 0.80 100 
                    TOTAL 400 GiB  15 GiB 385 GiB 3.64          
MIN/MAX VAR: 0.80/1.20  STDDEV: 0.71
Probing round 76
Mon Oct  1 17:56:35 UTC 2018
ID CLASS WEIGHT  REWEIGHT SIZE    USE     AVAIL   %USE VAR  PGS 
 0   hdd 0.19530  1.00000 200 GiB 8.7 GiB 191 GiB 4.35 1.20 100 
 1   ssd 0.09769  1.00000 100 GiB 2.9 GiB  97 GiB 2.92 0.80 100 
 2   ssd 0.09769  1.00000 100 GiB 2.9 GiB  97 GiB 2.92 0.80 100 
                    TOTAL 400 GiB  15 GiB 385 GiB 3.64          
MIN/MAX VAR: 0.80/1.20  STDDEV: 0.71
Probing round 77
Mon Oct  1 17:56:36 UTC 2018
ID CLASS WEIGHT  REWEIGHT SIZE    USE     AVAIL   %USE VAR  PGS 
 0   hdd 0.19530  1.00000 200 GiB 8.7 GiB 191 GiB 4.35 1.20 100 
 1   ssd 0.09769  1.00000 100 GiB 2.9 GiB  97 GiB 2.92 0.80 100 
 2   ssd 0.09769  1.00000 100 GiB 2.9 GiB  97 GiB 2.92 0.80 100 
                    TOTAL 400 GiB  15 GiB 385 GiB 3.64          
MIN/MAX VAR: 0.80/1.20  STDDEV: 0.71
Probing round 78
Mon Oct  1 17:56:38 UTC 2018
ID CLASS WEIGHT  REWEIGHT SIZE    USE     AVAIL   %USE VAR  PGS 
 0   hdd 0.19530  1.00000 200 GiB 8.7 GiB 191 GiB 4.35 1.20 100 
 1   ssd 0.09769  1.00000 100 GiB 2.9 GiB  97 GiB 2.92 0.80 100 
 2   ssd 0.09769  1.00000 100 GiB 2.9 GiB  97 GiB 2.92 0.80 100 
                    TOTAL 400 GiB  15 GiB 385 GiB 3.64          
MIN/MAX VAR: 0.80/1.20  STDDEV: 0.71
Probing round 79
Mon Oct  1 17:56:39 UTC 2018
ID CLASS WEIGHT  REWEIGHT SIZE    USE     AVAIL   %USE VAR  PGS 
 0   hdd 0.19530  1.00000 200 GiB 8.7 GiB 191 GiB 4.35 1.20 100 
 1   ssd 0.09769  1.00000 100 GiB 2.9 GiB  97 GiB 2.92 0.80 100 
 2   ssd 0.09769  1.00000 100 GiB 2.9 GiB  97 GiB 2.92 0.80 100 
                    TOTAL 400 GiB  15 GiB 385 GiB 3.64          
MIN/MAX VAR: 0.80/1.20  STDDEV: 0.71
Probing round 80
Mon Oct  1 17:56:40 UTC 2018
ID CLASS WEIGHT  REWEIGHT SIZE    USE     AVAIL   %USE VAR  PGS 
 0   hdd 0.19530  1.00000 200 GiB 8.7 GiB 191 GiB 4.35 1.20 100 
 1   ssd 0.09769  1.00000 100 GiB 2.9 GiB  97 GiB 2.92 0.80 100 
 2   ssd 0.09769  1.00000 100 GiB 2.9 GiB  97 GiB 2.92 0.80 100 
                    TOTAL 400 GiB  15 GiB 385 GiB 3.64          
MIN/MAX VAR: 0.80/1.20  STDDEV: 0.71
Probing round 81
Mon Oct  1 17:56:41 UTC 2018
ID CLASS WEIGHT  REWEIGHT SIZE    USE     AVAIL   %USE VAR  PGS 
 0   hdd 0.19530  1.00000 200 GiB 8.7 GiB 191 GiB 4.35 1.20 100 
 1   ssd 0.09769  1.00000 100 GiB 2.9 GiB  97 GiB 2.92 0.80 100 
 2   ssd 0.09769  1.00000 100 GiB 2.9 GiB  97 GiB 2.92 0.80 100 
                    TOTAL 400 GiB  15 GiB 385 GiB 3.64          
MIN/MAX VAR: 0.80/1.20  STDDEV: 0.71
Probing round 82
Mon Oct  1 17:56:43 UTC 2018
ID CLASS WEIGHT  REWEIGHT SIZE    USE     AVAIL   %USE VAR  PGS 
 0   hdd 0.19530  1.00000 200 GiB 8.7 GiB 191 GiB 4.35 1.20 100 
 1   ssd 0.09769  1.00000 100 GiB 2.9 GiB  97 GiB 2.92 0.80 100 
 2   ssd 0.09769  1.00000 100 GiB 2.9 GiB  97 GiB 2.92 0.80 100 
                    TOTAL 400 GiB  15 GiB 385 GiB 3.64          
MIN/MAX VAR: 0.80/1.20  STDDEV: 0.71
Probing round 83
Mon Oct  1 17:56:44 UTC 2018
ID CLASS WEIGHT  REWEIGHT SIZE    USE     AVAIL   %USE VAR  PGS 
 0   hdd 0.19530  1.00000 200 GiB 8.7 GiB 191 GiB 4.35 1.20 100 
 1   ssd 0.09769  1.00000 100 GiB 2.9 GiB  97 GiB 2.92 0.80 100 
 2   ssd 0.09769  1.00000 100 GiB 2.9 GiB  97 GiB 2.92 0.80 100 
                    TOTAL 400 GiB  15 GiB 385 GiB 3.64          
MIN/MAX VAR: 0.80/1.20  STDDEV: 0.71
Probing round 84
Mon Oct  1 17:56:45 UTC 2018
ID CLASS WEIGHT  REWEIGHT SIZE    USE     AVAIL   %USE VAR  PGS 
 0   hdd 0.19530  1.00000 200 GiB 8.7 GiB 191 GiB 4.35 1.20 100 
 1   ssd 0.09769  1.00000 100 GiB 2.9 GiB  97 GiB 2.92 0.80 100 
 2   ssd 0.09769  1.00000 100 GiB 2.9 GiB  97 GiB 2.92 0.80 100 
                    TOTAL 400 GiB  15 GiB 385 GiB 3.64          
MIN/MAX VAR: 0.80/1.20  STDDEV: 0.71
Probing round 85
Mon Oct  1 17:56:46 UTC 2018
ID CLASS WEIGHT  REWEIGHT SIZE    USE     AVAIL   %USE VAR  PGS 
 0   hdd 0.19530  1.00000 200 GiB 8.7 GiB 191 GiB 4.35 1.20 100 
 1   ssd 0.09769  1.00000 100 GiB 2.9 GiB  97 GiB 2.92 0.80 100 
 2   ssd 0.09769  1.00000 100 GiB 2.9 GiB  97 GiB 2.92 0.80 100 
                    TOTAL 400 GiB  15 GiB 385 GiB 3.64          
MIN/MAX VAR: 0.80/1.20  STDDEV: 0.71
Probing round 86
Mon Oct  1 17:56:47 UTC 2018
ID CLASS WEIGHT  REWEIGHT SIZE    USE     AVAIL   %USE VAR  PGS 
 0   hdd 0.19530  1.00000 200 GiB 8.7 GiB 191 GiB 4.35 1.20 100 
 1   ssd 0.09769  1.00000 100 GiB 2.9 GiB  97 GiB 2.92 0.80 100 
 2   ssd 0.09769  1.00000 100 GiB 2.9 GiB  97 GiB 2.92 0.80 100 
                    TOTAL 400 GiB  15 GiB 385 GiB 3.64          
MIN/MAX VAR: 0.80/1.20  STDDEV: 0.71
Probing round 87
Mon Oct  1 17:56:49 UTC 2018
ID CLASS WEIGHT  REWEIGHT SIZE    USE     AVAIL   %USE VAR  PGS 
 0   hdd 0.19530  1.00000 200 GiB 8.7 GiB 191 GiB 4.35 1.20 100 
 1   ssd 0.09769  1.00000 100 GiB 2.9 GiB  97 GiB 2.92 0.80 100 
 2   ssd 0.09769  1.00000 100 GiB 2.9 GiB  97 GiB 2.92 0.80 100 
                    TOTAL 400 GiB  15 GiB 385 GiB 3.64          
MIN/MAX VAR: 0.80/1.20  STDDEV: 0.71
Probing round 88
Mon Oct  1 17:56:50 UTC 2018
ID CLASS WEIGHT  REWEIGHT SIZE    USE     AVAIL   %USE VAR  PGS 
 0   hdd 0.19530  1.00000 200 GiB 8.7 GiB 191 GiB 4.35 1.20 100 
 1   ssd 0.09769  1.00000 100 GiB 2.9 GiB  97 GiB 2.92 0.80 100 
 2   ssd 0.09769  1.00000 100 GiB 2.9 GiB  97 GiB 2.92 0.80 100 
                    TOTAL 400 GiB  15 GiB 385 GiB 3.64          
MIN/MAX VAR: 0.80/1.20  STDDEV: 0.71
Probing round 89
Mon Oct  1 17:56:51 UTC 2018
ID CLASS WEIGHT  REWEIGHT SIZE    USE     AVAIL   %USE VAR  PGS 
 0   hdd 0.19530  1.00000 200 GiB 8.7 GiB 191 GiB 4.35 1.20 100 
 1   ssd 0.09769  1.00000 100 GiB 2.9 GiB  97 GiB 2.92 0.80 100 
 2   ssd 0.09769  1.00000 100 GiB 2.9 GiB  97 GiB 2.92 0.80 100 
                    TOTAL 400 GiB  15 GiB 385 GiB 3.64          
MIN/MAX VAR: 0.80/1.20  STDDEV: 0.71
Probing round 90
Mon Oct  1 17:56:52 UTC 2018
ID CLASS WEIGHT  REWEIGHT SIZE    USE     AVAIL   %USE VAR  PGS 
 0   hdd 0.19530  1.00000 200 GiB 8.7 GiB 191 GiB 4.35 1.20 100 
 1   ssd 0.09769  1.00000 100 GiB 2.9 GiB  97 GiB 2.92 0.80 100 
 2   ssd 0.09769  1.00000 100 GiB 2.9 GiB  97 GiB 2.92 0.80 100 
                    TOTAL 400 GiB  15 GiB 385 GiB 3.64          
MIN/MAX VAR: 0.80/1.20  STDDEV: 0.71
Probing round 91
Mon Oct  1 17:56:54 UTC 2018
ID CLASS WEIGHT  REWEIGHT SIZE    USE     AVAIL   %USE VAR  PGS 
 0   hdd 0.19530  1.00000 200 GiB 8.7 GiB 191 GiB 4.35 1.20 100 
 1   ssd 0.09769  1.00000 100 GiB 2.9 GiB  97 GiB 2.92 0.80 100 
 2   ssd 0.09769  1.00000 100 GiB 2.9 GiB  97 GiB 2.92 0.80 100 
                    TOTAL 400 GiB  15 GiB 385 GiB 3.64          
MIN/MAX VAR: 0.80/1.20  STDDEV: 0.71
Probing round 92
Mon Oct  1 17:56:55 UTC 2018
ID CLASS WEIGHT  REWEIGHT SIZE    USE     AVAIL   %USE VAR  PGS 
 0   hdd 0.19530  1.00000 200 GiB 8.7 GiB 191 GiB 4.35 1.20 100 
 1   ssd 0.09769  1.00000 100 GiB 2.9 GiB  97 GiB 2.92 0.80 100 
 2   ssd 0.09769  1.00000 100 GiB 2.9 GiB  97 GiB 2.92 0.80 100 
                    TOTAL 400 GiB  15 GiB 385 GiB 3.64          
MIN/MAX VAR: 0.80/1.20  STDDEV: 0.71
Probing round 93
Mon Oct  1 17:56:56 UTC 2018
ID CLASS WEIGHT  REWEIGHT SIZE    USE     AVAIL   %USE VAR  PGS 
 0   hdd 0.19530  1.00000 200 GiB 8.7 GiB 191 GiB 4.35 1.20 100 
 1   ssd 0.09769  1.00000 100 GiB 2.9 GiB  97 GiB 2.92 0.80 100 
 2   ssd 0.09769  1.00000 100 GiB 2.9 GiB  97 GiB 2.92 0.80 100 
                    TOTAL 400 GiB  15 GiB 385 GiB 3.64          
MIN/MAX VAR: 0.80/1.20  STDDEV: 0.71
Probing round 94
Mon Oct  1 17:56:57 UTC 2018
ID CLASS WEIGHT  REWEIGHT SIZE    USE     AVAIL   %USE VAR  PGS 
 0   hdd 0.19530  1.00000 200 GiB 8.7 GiB 191 GiB 4.35 1.20 100 
 1   ssd 0.09769  1.00000 100 GiB 2.9 GiB  97 GiB 2.92 0.80 100 
 2   ssd 0.09769  1.00000 100 GiB 2.9 GiB  97 GiB 2.92 0.80 100 
                    TOTAL 400 GiB  15 GiB 385 GiB 3.64          
MIN/MAX VAR: 0.80/1.20  STDDEV: 0.71
Probing round 95
Mon Oct  1 17:56:58 UTC 2018
ID CLASS WEIGHT  REWEIGHT SIZE    USE     AVAIL   %USE VAR  PGS 
 0   hdd 0.19530  1.00000 200 GiB 8.7 GiB 191 GiB 4.35 1.20 100 
 1   ssd 0.09769  1.00000 100 GiB 2.9 GiB  97 GiB 2.92 0.80 100 
 2   ssd 0.09769  1.00000 100 GiB 2.9 GiB  97 GiB 2.92 0.80 100 
                    TOTAL 400 GiB  15 GiB 385 GiB 3.64          
MIN/MAX VAR: 0.80/1.20  STDDEV: 0.71
Probing round 96
Mon Oct  1 17:57:00 UTC 2018
ID CLASS WEIGHT  REWEIGHT SIZE    USE     AVAIL   %USE VAR  PGS 
 0   hdd 0.19530  1.00000 200 GiB 8.7 GiB 191 GiB 4.35 1.20 100 
 1   ssd 0.09769  1.00000 100 GiB 2.9 GiB  97 GiB 2.92 0.80 100 
 2   ssd 0.09769  1.00000 100 GiB 2.9 GiB  97 GiB 2.92 0.80 100 
                    TOTAL 400 GiB  15 GiB 385 GiB 3.64          
MIN/MAX VAR: 0.80/1.20  STDDEV: 0.71
Probing round 97
Mon Oct  1 17:57:01 UTC 2018
ID CLASS WEIGHT  REWEIGHT SIZE    USE     AVAIL   %USE VAR  PGS 
 0   hdd 0.19530  1.00000 200 GiB 8.7 GiB 191 GiB 4.35 1.20 100 
 1   ssd 0.09769  1.00000 100 GiB 2.9 GiB  97 GiB 2.92 0.80 100 
 2   ssd 0.09769  1.00000 100 GiB 2.9 GiB  97 GiB 2.92 0.80 100 
                    TOTAL 400 GiB  15 GiB 385 GiB 3.64          
MIN/MAX VAR: 0.80/1.20  STDDEV: 0.71
Probing round 98
Mon Oct  1 17:57:02 UTC 2018
ID CLASS WEIGHT  REWEIGHT SIZE    USE     AVAIL   %USE VAR  PGS 
 0   hdd 0.19530  1.00000 200 GiB 8.7 GiB 191 GiB 4.35 1.20 100 
 1   ssd 0.09769  1.00000 100 GiB 2.9 GiB  97 GiB 2.92 0.80 100 
 2   ssd 0.09769  1.00000 100 GiB 2.9 GiB  97 GiB 2.92 0.80 100 
                    TOTAL 400 GiB  15 GiB 385 GiB 3.64          
MIN/MAX VAR: 0.80/1.20  STDDEV: 0.71
Probing round 99
Mon Oct  1 17:57:03 UTC 2018
ID CLASS WEIGHT  REWEIGHT SIZE    USE     AVAIL   %USE VAR  PGS 
 0   hdd 0.19530  1.00000 200 GiB 8.7 GiB 191 GiB 4.35 1.20 100 
 1   ssd 0.09769  1.00000 100 GiB 2.9 GiB  97 GiB 2.92 0.80 100 
 2   ssd 0.09769  1.00000 100 GiB 2.9 GiB  97 GiB 2.92 0.80 100 
                    TOTAL 400 GiB  15 GiB 385 GiB 3.64          
MIN/MAX VAR: 0.80/1.20  STDDEV: 0.71
Probing round 100
Mon Oct  1 17:57:05 UTC 2018
ID CLASS WEIGHT  REWEIGHT SIZE    USE     AVAIL   %USE VAR  PGS 
 0   hdd 0.19530  1.00000 200 GiB 8.7 GiB 191 GiB 4.35 1.20 100 
 1   ssd 0.09769  1.00000 100 GiB 2.9 GiB  97 GiB 2.92 0.80 100 
 2   ssd 0.09769  1.00000 100 GiB 2.9 GiB  97 GiB 2.92 0.80 100 
                    TOTAL 400 GiB  15 GiB 385 GiB 3.64          
MIN/MAX VAR: 0.80/1.20  STDDEV: 0.71
Probing round 101
Mon Oct  1 17:57:06 UTC 2018
ID CLASS WEIGHT  REWEIGHT SIZE    USE     AVAIL   %USE VAR  PGS 
 0   hdd 0.19530  1.00000 200 GiB 8.7 GiB 191 GiB 4.35 1.20 100 
 1   ssd 0.09769  1.00000 100 GiB 2.9 GiB  97 GiB 2.92 0.80 100 
 2   ssd 0.09769  1.00000 100 GiB 2.9 GiB  97 GiB 2.92 0.80 100 
                    TOTAL 400 GiB  15 GiB 385 GiB 3.64          
MIN/MAX VAR: 0.80/1.20  STDDEV: 0.71
Probing round 102
Mon Oct  1 17:57:07 UTC 2018
ID CLASS WEIGHT  REWEIGHT SIZE    USE     AVAIL   %USE VAR  PGS 
 0   hdd 0.19530  1.00000 200 GiB 8.7 GiB 191 GiB 4.35 1.20 100 
 1   ssd 0.09769  1.00000 100 GiB 2.9 GiB  97 GiB 2.92 0.80 100 
 2   ssd 0.09769  1.00000 100 GiB 2.9 GiB  97 GiB 2.92 0.80 100 
                    TOTAL 400 GiB  15 GiB 385 GiB 3.64          
MIN/MAX VAR: 0.80/1.20  STDDEV: 0.71
Probing round 103
Mon Oct  1 17:57:08 UTC 2018
ID CLASS WEIGHT  REWEIGHT SIZE    USE     AVAIL   %USE VAR  PGS 
 0   hdd 0.19530  1.00000 200 GiB 8.7 GiB 191 GiB 4.35 1.20 100 
 1   ssd 0.09769  1.00000 100 GiB 2.9 GiB  97 GiB 2.92 0.80 100 
 2   ssd 0.09769  1.00000 100 GiB 2.9 GiB  97 GiB 2.92 0.80 100 
                    TOTAL 400 GiB  15 GiB 385 GiB 3.64          
MIN/MAX VAR: 0.80/1.20  STDDEV: 0.71
Probing round 104
Mon Oct  1 17:57:10 UTC 2018
ID CLASS WEIGHT  REWEIGHT SIZE    USE     AVAIL   %USE VAR  PGS 
 0   hdd 0.19530  1.00000 200 GiB 8.7 GiB 191 GiB 4.35 1.20 100 
 1   ssd 0.09769  1.00000 100 GiB 2.9 GiB  97 GiB 2.92 0.80 100 
 2   ssd 0.09769  1.00000 100 GiB 2.9 GiB  97 GiB 2.92 0.80 100 
                    TOTAL 400 GiB  15 GiB 385 GiB 3.64          
MIN/MAX VAR: 0.80/1.20  STDDEV: 0.71
Probing round 105
Mon Oct  1 17:57:11 UTC 2018
ID CLASS WEIGHT  REWEIGHT SIZE    USE     AVAIL   %USE VAR  PGS 
 0   hdd 0.19530  1.00000 200 GiB 8.7 GiB 191 GiB 4.35 1.20 100 
 1   ssd 0.09769  1.00000 100 GiB 2.9 GiB  97 GiB 2.92 0.80 100 
 2   ssd 0.09769  1.00000 100 GiB 2.9 GiB  97 GiB 2.92 0.80 100 
                    TOTAL 400 GiB  15 GiB 385 GiB 3.64          
MIN/MAX VAR: 0.80/1.20  STDDEV: 0.71
Probing round 106
Mon Oct  1 17:57:12 UTC 2018
ID CLASS WEIGHT  REWEIGHT SIZE    USE     AVAIL   %USE VAR  PGS 
 0   hdd 0.19530  1.00000 200 GiB 8.7 GiB 191 GiB 4.35 1.20 100 
 1   ssd 0.09769  1.00000 100 GiB 2.9 GiB  97 GiB 2.92 0.80 100 
 2   ssd 0.09769  1.00000 100 GiB 2.9 GiB  97 GiB 2.92 0.80 100 
                    TOTAL 400 GiB  15 GiB 385 GiB 3.64          
MIN/MAX VAR: 0.80/1.20  STDDEV: 0.71
Probing round 107
Mon Oct  1 17:57:13 UTC 2018
ID CLASS WEIGHT  REWEIGHT SIZE    USE     AVAIL   %USE VAR  PGS 
 0   hdd 0.19530  1.00000 200 GiB 8.7 GiB 191 GiB 4.35 1.20 100 
 1   ssd 0.09769  1.00000 100 GiB 2.9 GiB  97 GiB 2.92 0.80 100 
 2   ssd 0.09769  1.00000 100 GiB 2.9 GiB  97 GiB 2.92 0.80 100 
                    TOTAL 400 GiB  15 GiB 385 GiB 3.64          
MIN/MAX VAR: 0.80/1.20  STDDEV: 0.71
Probing round 108
Mon Oct  1 17:57:14 UTC 2018
ID CLASS WEIGHT  REWEIGHT SIZE    USE     AVAIL   %USE VAR  PGS 
 0   hdd 0.19530  1.00000 200 GiB 8.7 GiB 191 GiB 4.35 1.20 100 
 1   ssd 0.09769  1.00000 100 GiB 2.9 GiB  97 GiB 2.92 0.80 100 
 2   ssd 0.09769  1.00000 100 GiB 2.9 GiB  97 GiB 2.92 0.80 100 
                    TOTAL 400 GiB  15 GiB 385 GiB 3.64          
MIN/MAX VAR: 0.80/1.20  STDDEV: 0.71
Probing round 109
Mon Oct  1 17:57:16 UTC 2018
ID CLASS WEIGHT  REWEIGHT SIZE    USE     AVAIL   %USE VAR  PGS 
 0   hdd 0.19530  1.00000 200 GiB 8.7 GiB 191 GiB 4.35 1.20 100 
 1   ssd 0.09769  1.00000 100 GiB 2.9 GiB  97 GiB 2.92 0.80 100 
 2   ssd 0.09769  1.00000 100 GiB 2.9 GiB  97 GiB 2.92 0.80 100 
                    TOTAL 400 GiB  15 GiB 385 GiB 3.64          
MIN/MAX VAR: 0.80/1.20  STDDEV: 0.71
Probing round 110
Mon Oct  1 17:57:17 UTC 2018
ID CLASS WEIGHT  REWEIGHT SIZE    USE     AVAIL   %USE VAR  PGS 
 0   hdd 0.19530  1.00000 200 GiB 8.7 GiB 191 GiB 4.35 1.20 100 
 1   ssd 0.09769  1.00000 100 GiB 2.9 GiB  97 GiB 2.92 0.80 100 
 2   ssd 0.09769  1.00000 100 GiB 2.9 GiB  97 GiB 2.92 0.80 100 
                    TOTAL 400 GiB  15 GiB 385 GiB 3.64          
MIN/MAX VAR: 0.80/1.20  STDDEV: 0.71
