Probing round 1
Mon Oct  1 04:30:15 UTC 2018
ID CLASS WEIGHT  REWEIGHT SIZE    USE     AVAIL   %USE VAR  PGS 
 0   hdd 0.19530  1.00000 200 GiB 1.0 GiB 199 GiB 0.50 1.00 200 
 1   hdd 0.19530  1.00000 200 GiB 1.0 GiB 199 GiB 0.50 1.00 201 
 2   hdd 0.19530  1.00000 200 GiB 1.0 GiB 199 GiB 0.50 1.00 199 
                    TOTAL 600 GiB 3.0 GiB 597 GiB 0.50          
MIN/MAX VAR: 1.00/1.00  STDDEV: 0
Probing round 2
Mon Oct  1 04:30:17 UTC 2018
ID CLASS WEIGHT  REWEIGHT SIZE    USE     AVAIL   %USE VAR  PGS 
 0   hdd 0.19530  1.00000 200 GiB 1.0 GiB 199 GiB 0.50 1.00 200 
 1   hdd 0.19530  1.00000 200 GiB 1.0 GiB 199 GiB 0.50 1.00 201 
 2   hdd 0.19530  1.00000 200 GiB 1.0 GiB 199 GiB 0.50 1.00 199 
                    TOTAL 600 GiB 3.0 GiB 597 GiB 0.50          
MIN/MAX VAR: 1.00/1.00  STDDEV: 0
Probing round 3
Mon Oct  1 04:30:19 UTC 2018
ID CLASS WEIGHT  REWEIGHT SIZE    USE     AVAIL   %USE VAR  PGS 
 0   hdd 0.19530  1.00000 200 GiB 1.0 GiB 199 GiB 0.50 1.00 200 
 1   hdd 0.19530  1.00000 200 GiB 1.0 GiB 199 GiB 0.50 1.00 201 
 2   hdd 0.19530  1.00000 200 GiB 1.0 GiB 199 GiB 0.50 1.00 199 
                    TOTAL 600 GiB 3.0 GiB 597 GiB 0.50          
MIN/MAX VAR: 1.00/1.00  STDDEV: 0
Probing round 4
Mon Oct  1 04:30:20 UTC 2018
ID CLASS WEIGHT  REWEIGHT SIZE    USE     AVAIL   %USE VAR  PGS 
 0   hdd 0.19530  1.00000 200 GiB 1.0 GiB 199 GiB 0.50 0.87 200 
 1   hdd 0.19530  1.00000 200 GiB 1.3 GiB 199 GiB 0.63 1.09 201 
 2   hdd 0.19530  1.00000 200 GiB 1.2 GiB 199 GiB 0.60 1.04 199 
                    TOTAL 600 GiB 3.5 GiB 597 GiB 0.58          
MIN/MAX VAR: 0.87/1.09  STDDEV: 0.05
Probing round 5
Mon Oct  1 04:30:23 UTC 2018
ID CLASS WEIGHT  REWEIGHT SIZE    USE     AVAIL   %USE VAR  PGS 
 0   hdd 0.19530  1.00000 200 GiB 1.3 GiB 199 GiB 0.66 1.05 200 
 1   hdd 0.19530  1.00000 200 GiB 1.3 GiB 199 GiB 0.63 1.00 201 
 2   hdd 0.19530  1.00000 200 GiB 1.2 GiB 199 GiB 0.60 0.95 199 
                    TOTAL 600 GiB 3.8 GiB 596 GiB 0.63          
MIN/MAX VAR: 0.95/1.05  STDDEV: 0.03
Probing round 6
Mon Oct  1 04:30:24 UTC 2018
ID CLASS WEIGHT  REWEIGHT SIZE    USE     AVAIL   %USE VAR  PGS 
 0   hdd 0.19530  1.00000 200 GiB 1.3 GiB 199 GiB 0.66 0.99 200 
 1   hdd 0.19530  1.00000 200 GiB 1.3 GiB 199 GiB 0.63 0.94 201 
 2   hdd 0.19530  1.00000 200 GiB 1.4 GiB 199 GiB 0.72 1.08 199 
                    TOTAL 600 GiB 4.0 GiB 596 GiB 0.67          
MIN/MAX VAR: 0.94/1.08  STDDEV: 0.04
Probing round 7
Mon Oct  1 04:30:26 UTC 2018
ID CLASS WEIGHT  REWEIGHT SIZE    USE     AVAIL   %USE VAR  PGS 
 0   hdd 0.19530  1.00000 200 GiB 1.3 GiB 199 GiB 0.66 0.99 200 
 1   hdd 0.19530  1.00000 200 GiB 1.3 GiB 199 GiB 0.63 0.94 201 
 2   hdd 0.19530  1.00000 200 GiB 1.4 GiB 199 GiB 0.72 1.08 199 
                    TOTAL 600 GiB 4.0 GiB 596 GiB 0.67          
MIN/MAX VAR: 0.94/1.08  STDDEV: 0.04
Probing round 8
Mon Oct  1 04:30:27 UTC 2018
ID CLASS WEIGHT  REWEIGHT SIZE    USE     AVAIL   %USE VAR  PGS 
 0   hdd 0.19530  1.00000 200 GiB 1.4 GiB 199 GiB 0.72 1.05 200 
 1   hdd 0.19530  1.00000 200 GiB 1.3 GiB 199 GiB 0.63 0.91 201 
 2   hdd 0.19530  1.00000 200 GiB 1.4 GiB 199 GiB 0.72 1.04 199 
                    TOTAL 600 GiB 4.1 GiB 596 GiB 0.69          
MIN/MAX VAR: 0.91/1.05  STDDEV: 0.04
Probing round 9
Mon Oct  1 04:30:28 UTC 2018
ID CLASS WEIGHT  REWEIGHT SIZE    USE     AVAIL   %USE VAR  PGS 
 0   hdd 0.19530  1.00000 200 GiB 1.4 GiB 199 GiB 0.72 1.05 200 
 1   hdd 0.19530  1.00000 200 GiB 1.3 GiB 199 GiB 0.63 0.91 201 
 2   hdd 0.19530  1.00000 200 GiB 1.4 GiB 199 GiB 0.72 1.04 199 
                    TOTAL 600 GiB 4.1 GiB 596 GiB 0.69          
MIN/MAX VAR: 0.91/1.05  STDDEV: 0.04
Probing round 10
Mon Oct  1 04:30:30 UTC 2018
ID CLASS WEIGHT  REWEIGHT SIZE    USE     AVAIL   %USE VAR  PGS 
 0   hdd 0.19530  1.00000 200 GiB 1.4 GiB 199 GiB 0.72 0.96 200 
 1   hdd 0.19530  1.00000 200 GiB 1.6 GiB 198 GiB 0.79 1.04 201 
 2   hdd 0.19530  1.00000 200 GiB 1.5 GiB 198 GiB 0.76 1.00 199 
                    TOTAL 600 GiB 4.5 GiB 595 GiB 0.76          
MIN/MAX VAR: 0.96/1.04  STDDEV: 0.03
Probing round 11
Mon Oct  1 04:30:32 UTC 2018
ID CLASS WEIGHT  REWEIGHT SIZE    USE     AVAIL   %USE VAR  PGS 
 0   hdd 0.19530  1.00000 200 GiB 1.4 GiB 199 GiB 0.72 0.96 200 
 1   hdd 0.19530  1.00000 200 GiB 1.6 GiB 198 GiB 0.79 1.04 201 
 2   hdd 0.19530  1.00000 200 GiB 1.5 GiB 198 GiB 0.76 1.00 199 
                    TOTAL 600 GiB 4.5 GiB 595 GiB 0.76          
MIN/MAX VAR: 0.96/1.04  STDDEV: 0.03
Probing round 12
Mon Oct  1 04:30:34 UTC 2018
ID CLASS WEIGHT  REWEIGHT SIZE    USE     AVAIL   %USE VAR  PGS 
 0   hdd 0.19530  1.00000 200 GiB 1.7 GiB 198 GiB 0.86 1.07 200 
 1   hdd 0.19530  1.00000 200 GiB 1.6 GiB 198 GiB 0.79 0.99 201 
 2   hdd 0.19530  1.00000 200 GiB 1.5 GiB 198 GiB 0.76 0.95 199 
                    TOTAL 600 GiB 4.8 GiB 595 GiB 0.80          
MIN/MAX VAR: 0.95/1.07  STDDEV: 0.04
Probing round 13
Mon Oct  1 04:30:35 UTC 2018
ID CLASS WEIGHT  REWEIGHT SIZE    USE     AVAIL   %USE VAR  PGS 
 0   hdd 0.19530  1.00000 200 GiB 1.7 GiB 198 GiB 0.86 1.00 200 
 1   hdd 0.19530  1.00000 200 GiB 1.7 GiB 198 GiB 0.87 1.01 201 
 2   hdd 0.19530  1.00000 200 GiB 1.7 GiB 198 GiB 0.85 0.99 199 
                    TOTAL 600 GiB 5.1 GiB 595 GiB 0.86          
MIN/MAX VAR: 0.99/1.01  STDDEV: 0.01
Probing round 14
Mon Oct  1 04:30:36 UTC 2018
ID CLASS WEIGHT  REWEIGHT SIZE    USE     AVAIL   %USE VAR  PGS 
 0   hdd 0.19530  1.00000 200 GiB 1.9 GiB 198 GiB 0.94 1.06 200 
 1   hdd 0.19530  1.00000 200 GiB 1.7 GiB 198 GiB 0.87 0.98 201 
 2   hdd 0.19530  1.00000 200 GiB 1.7 GiB 198 GiB 0.85 0.96 199 
                    TOTAL 600 GiB 5.3 GiB 595 GiB 0.89          
MIN/MAX VAR: 0.96/1.06  STDDEV: 0.04
Probing round 15
Mon Oct  1 04:30:38 UTC 2018
ID CLASS WEIGHT  REWEIGHT SIZE    USE     AVAIL   %USE VAR  PGS 
 0   hdd 0.19530  1.00000 200 GiB 1.9 GiB 198 GiB 0.94 1.06 200 
 1   hdd 0.19530  1.00000 200 GiB 1.7 GiB 198 GiB 0.87 0.98 201 
 2   hdd 0.19530  1.00000 200 GiB 1.7 GiB 198 GiB 0.85 0.96 199 
                    TOTAL 600 GiB 5.3 GiB 595 GiB 0.89          
MIN/MAX VAR: 0.96/1.06  STDDEV: 0.04
Probing round 16
Mon Oct  1 04:30:39 UTC 2018
ID CLASS WEIGHT  REWEIGHT SIZE    USE     AVAIL   %USE VAR  PGS 
 0   hdd 0.19530  1.00000 200 GiB 1.9 GiB 198 GiB 0.94 1.06 200 
 1   hdd 0.19530  1.00000 200 GiB 1.7 GiB 198 GiB 0.87 0.98 201 
 2   hdd 0.19530  1.00000 200 GiB 1.7 GiB 198 GiB 0.85 0.96 199 
                    TOTAL 600 GiB 5.3 GiB 595 GiB 0.89          
MIN/MAX VAR: 0.96/1.06  STDDEV: 0.04
Probing round 17
Mon Oct  1 04:30:40 UTC 2018
ID CLASS WEIGHT  REWEIGHT SIZE    USE     AVAIL   %USE VAR  PGS 
 0   hdd 0.19530  1.00000 200 GiB 1.9 GiB 198 GiB 0.94 0.93 200 
 1   hdd 0.19530  1.00000 200 GiB 2.1 GiB 198 GiB 1.06 1.04 201 
 2   hdd 0.19530  1.00000 200 GiB 2.1 GiB 198 GiB 1.05 1.03 199 
                    TOTAL 600 GiB 6.1 GiB 594 GiB 1.01          
MIN/MAX VAR: 0.93/1.04  STDDEV: 0.05
Probing round 18
Mon Oct  1 04:30:42 UTC 2018
ID CLASS WEIGHT  REWEIGHT SIZE    USE     AVAIL   %USE VAR  PGS 
 0   hdd 0.19530  1.00000 200 GiB 2.1 GiB 198 GiB 1.05 1.00 200 
 1   hdd 0.19530  1.00000 200 GiB 2.1 GiB 198 GiB 1.06 1.01 201 
 2   hdd 0.19530  1.00000 200 GiB 2.1 GiB 198 GiB 1.05 1.00 199 
                    TOTAL 600 GiB 6.3 GiB 594 GiB 1.05          
MIN/MAX VAR: 1.00/1.01  STDDEV: 0.00
Probing round 19
Mon Oct  1 04:30:44 UTC 2018
ID CLASS WEIGHT  REWEIGHT SIZE    USE     AVAIL   %USE VAR  PGS 
 0   hdd 0.19530  1.00000 200 GiB 2.1 GiB 198 GiB 1.05 1.00 200 
 1   hdd 0.19530  1.00000 200 GiB 2.1 GiB 198 GiB 1.06 1.01 201 
 2   hdd 0.19530  1.00000 200 GiB 2.1 GiB 198 GiB 1.05 1.00 199 
                    TOTAL 600 GiB 6.3 GiB 594 GiB 1.05          
MIN/MAX VAR: 1.00/1.01  STDDEV: 0.00
Probing round 20
Mon Oct  1 04:30:45 UTC 2018
ID CLASS WEIGHT  REWEIGHT SIZE    USE     AVAIL   %USE VAR  PGS 
 0   hdd 0.19530  1.00000 200 GiB 2.1 GiB 198 GiB 1.05 0.93 200 
 1   hdd 0.19530  1.00000 200 GiB 2.3 GiB 198 GiB 1.17 1.03 201 
 2   hdd 0.19530  1.00000 200 GiB 2.3 GiB 198 GiB 1.17 1.04 199 
                    TOTAL 600 GiB 6.8 GiB 593 GiB 1.13          
MIN/MAX VAR: 0.93/1.04  STDDEV: 0.06
Probing round 21
Mon Oct  1 04:30:47 UTC 2018
ID CLASS WEIGHT  REWEIGHT SIZE    USE     AVAIL   %USE VAR  PGS 
 0   hdd 0.19530  1.00000 200 GiB 2.2 GiB 198 GiB 1.12 0.97 200 
 1   hdd 0.19530  1.00000 200 GiB 2.3 GiB 198 GiB 1.17 1.01 201 
 2   hdd 0.19530  1.00000 200 GiB 2.3 GiB 198 GiB 1.17 1.01 199 
                    TOTAL 600 GiB 6.9 GiB 593 GiB 1.15          
MIN/MAX VAR: 0.97/1.01  STDDEV: 0.02
Probing round 22
Mon Oct  1 04:30:48 UTC 2018
ID CLASS WEIGHT  REWEIGHT SIZE    USE     AVAIL   %USE VAR  PGS 
 0   hdd 0.19530  1.00000 200 GiB 2.2 GiB 198 GiB 1.12 0.97 200 
 1   hdd 0.19530  1.00000 200 GiB 2.3 GiB 198 GiB 1.17 1.01 201 
 2   hdd 0.19530  1.00000 200 GiB 2.3 GiB 198 GiB 1.17 1.01 199 
                    TOTAL 600 GiB 6.9 GiB 593 GiB 1.15          
MIN/MAX VAR: 0.97/1.01  STDDEV: 0.02
Probing round 23
Mon Oct  1 04:30:49 UTC 2018
ID CLASS WEIGHT  REWEIGHT SIZE    USE     AVAIL   %USE VAR  PGS 
 0   hdd 0.19530  1.00000 200 GiB 2.2 GiB 198 GiB 1.12 0.97 200 
 1   hdd 0.19530  1.00000 200 GiB 2.3 GiB 198 GiB 1.17 1.01 201 
 2   hdd 0.19530  1.00000 200 GiB 2.3 GiB 198 GiB 1.17 1.01 199 
                    TOTAL 600 GiB 6.9 GiB 593 GiB 1.15          
MIN/MAX VAR: 0.97/1.01  STDDEV: 0.02
Probing round 24
Mon Oct  1 04:30:51 UTC 2018
ID CLASS WEIGHT  REWEIGHT SIZE    USE     AVAIL   %USE VAR  PGS 
 0   hdd 0.19530  1.00000 200 GiB 2.2 GiB 198 GiB 1.12 0.93 200 
 1   hdd 0.19530  1.00000 200 GiB 2.5 GiB 197 GiB 1.25 1.04 201 
 2   hdd 0.19530  1.00000 200 GiB 2.5 GiB 198 GiB 1.24 1.03 199 
                    TOTAL 600 GiB 7.2 GiB 593 GiB 1.20          
MIN/MAX VAR: 0.93/1.04  STDDEV: 0.06
Probing round 25
Mon Oct  1 04:30:52 UTC 2018
ID CLASS WEIGHT  REWEIGHT SIZE    USE     AVAIL   %USE VAR  PGS 
 0   hdd 0.19530  1.00000 200 GiB 2.5 GiB 198 GiB 1.24 1.00 200 
 1   hdd 0.19530  1.00000 200 GiB 2.5 GiB 197 GiB 1.25 1.00 201 
 2   hdd 0.19530  1.00000 200 GiB 2.5 GiB 198 GiB 1.24 1.00 199 
                    TOTAL 600 GiB 7.5 GiB 593 GiB 1.25          
MIN/MAX VAR: 1.00/1.00  STDDEV: 0.00
Probing round 26
Mon Oct  1 04:30:54 UTC 2018
ID CLASS WEIGHT  REWEIGHT SIZE    USE     AVAIL   %USE VAR  PGS 
 0   hdd 0.19530  1.00000 200 GiB 2.5 GiB 198 GiB 1.24 1.00 200 
 1   hdd 0.19530  1.00000 200 GiB 2.5 GiB 197 GiB 1.25 1.00 201 
 2   hdd 0.19530  1.00000 200 GiB 2.5 GiB 198 GiB 1.24 1.00 199 
                    TOTAL 600 GiB 7.5 GiB 593 GiB 1.25          
MIN/MAX VAR: 1.00/1.00  STDDEV: 0.00
Probing round 27
Mon Oct  1 04:30:55 UTC 2018
ID CLASS WEIGHT  REWEIGHT SIZE    USE     AVAIL   %USE VAR  PGS 
 0   hdd 0.19530  1.00000 200 GiB 2.5 GiB 198 GiB 1.24 0.94 200 
 1   hdd 0.19530  1.00000 200 GiB 2.7 GiB 197 GiB 1.36 1.03 201 
 2   hdd 0.19530  1.00000 200 GiB 2.7 GiB 197 GiB 1.36 1.03 199 
                    TOTAL 600 GiB 7.9 GiB 592 GiB 1.32          
MIN/MAX VAR: 0.94/1.03  STDDEV: 0.06
Probing round 28
Mon Oct  1 04:30:57 UTC 2018
ID CLASS WEIGHT  REWEIGHT SIZE    USE     AVAIL   %USE VAR  PGS 
 0   hdd 0.19530  1.00000 200 GiB 2.7 GiB 197 GiB 1.33 0.98 200 
 1   hdd 0.19530  1.00000 200 GiB 2.7 GiB 197 GiB 1.36 1.01 201 
 2   hdd 0.19530  1.00000 200 GiB 2.7 GiB 197 GiB 1.36 1.01 199 
                    TOTAL 600 GiB 8.1 GiB 592 GiB 1.35          
MIN/MAX VAR: 0.98/1.01  STDDEV: 0.01
Probing round 29
Mon Oct  1 04:30:58 UTC 2018
ID CLASS WEIGHT  REWEIGHT SIZE    USE     AVAIL   %USE VAR  PGS 
 0   hdd 0.19530  1.00000 200 GiB 2.7 GiB 197 GiB 1.33 0.98 200 
 1   hdd 0.19530  1.00000 200 GiB 2.7 GiB 197 GiB 1.36 1.01 201 
 2   hdd 0.19530  1.00000 200 GiB 2.7 GiB 197 GiB 1.36 1.01 199 
                    TOTAL 600 GiB 8.1 GiB 592 GiB 1.35          
MIN/MAX VAR: 0.98/1.01  STDDEV: 0.01
Probing round 30
Mon Oct  1 04:30:59 UTC 2018
ID CLASS WEIGHT  REWEIGHT SIZE    USE     AVAIL   %USE VAR  PGS 
 0   hdd 0.19530  1.00000 200 GiB 2.7 GiB 197 GiB 1.33 0.98 200 
 1   hdd 0.19530  1.00000 200 GiB 2.7 GiB 197 GiB 1.36 1.01 201 
 2   hdd 0.19530  1.00000 200 GiB 2.7 GiB 197 GiB 1.36 1.01 199 
                    TOTAL 600 GiB 8.1 GiB 592 GiB 1.35          
MIN/MAX VAR: 0.98/1.01  STDDEV: 0.01
Probing round 31
Mon Oct  1 04:31:01 UTC 2018
ID CLASS WEIGHT  REWEIGHT SIZE    USE     AVAIL   %USE VAR  PGS 
 0   hdd 0.19530  1.00000 200 GiB 2.7 GiB 197 GiB 1.33 0.93 200 
 1   hdd 0.19530  1.00000 200 GiB 3.0 GiB 197 GiB 1.49 1.04 201 
 2   hdd 0.19530  1.00000 200 GiB 3.0 GiB 197 GiB 1.48 1.03 199 
                    TOTAL 600 GiB 8.6 GiB 591 GiB 1.43          
MIN/MAX VAR: 0.93/1.04  STDDEV: 0.07
Probing round 32
Mon Oct  1 04:31:03 UTC 2018
ID CLASS WEIGHT  REWEIGHT SIZE    USE     AVAIL   %USE VAR  PGS 
 0   hdd 0.19530  1.00000 200 GiB 3.0 GiB 197 GiB 1.49 1.00 200 
 1   hdd 0.19530  1.00000 200 GiB 3.0 GiB 197 GiB 1.49 1.00 201 
 2   hdd 0.19530  1.00000 200 GiB 3.0 GiB 197 GiB 1.48 1.00 199 
                    TOTAL 600 GiB 8.9 GiB 591 GiB 1.49          
MIN/MAX VAR: 1.00/1.00  STDDEV: 0.01
Probing round 33
Mon Oct  1 04:31:04 UTC 2018
ID CLASS WEIGHT  REWEIGHT SIZE    USE     AVAIL   %USE VAR  PGS 
 0   hdd 0.19530  1.00000 200 GiB 3.0 GiB 197 GiB 1.49 0.96 200 
 1   hdd 0.19530  1.00000 200 GiB 3.2 GiB 197 GiB 1.59 1.03 201 
 2   hdd 0.19530  1.00000 200 GiB 3.1 GiB 197 GiB 1.56 1.01 199 
                    TOTAL 600 GiB 9.3 GiB 591 GiB 1.55          
MIN/MAX VAR: 0.96/1.03  STDDEV: 0.04
Probing round 34
Mon Oct  1 04:31:06 UTC 2018
ID CLASS WEIGHT  REWEIGHT SIZE    USE     AVAIL   %USE VAR  PGS 
 0   hdd 0.19530  1.00000 200 GiB 3.0 GiB 197 GiB 1.49 0.96 200 
 1   hdd 0.19530  1.00000 200 GiB 3.2 GiB 197 GiB 1.59 1.03 201 
 2   hdd 0.19530  1.00000 200 GiB 3.1 GiB 197 GiB 1.56 1.01 199 
                    TOTAL 600 GiB 9.3 GiB 591 GiB 1.55          
MIN/MAX VAR: 0.96/1.03  STDDEV: 0.04
Probing round 35
Mon Oct  1 04:31:07 UTC 2018
ID CLASS WEIGHT  REWEIGHT SIZE    USE     AVAIL   %USE VAR  PGS 
 0   hdd 0.19530  1.00000 200 GiB 3.2 GiB 197 GiB 1.58 1.00 200 
 1   hdd 0.19530  1.00000 200 GiB 3.2 GiB 197 GiB 1.59 1.01 201 
 2   hdd 0.19530  1.00000 200 GiB 3.1 GiB 197 GiB 1.56 0.99 199 
                    TOTAL 600 GiB 9.5 GiB 591 GiB 1.58          
MIN/MAX VAR: 0.99/1.01  STDDEV: 0.01
Probing round 36
Mon Oct  1 04:31:08 UTC 2018
ID CLASS WEIGHT  REWEIGHT SIZE    USE     AVAIL   %USE VAR  PGS 
 0   hdd 0.19530  1.00000 200 GiB 3.2 GiB 197 GiB 1.58 1.00 200 
 1   hdd 0.19530  1.00000 200 GiB 3.2 GiB 197 GiB 1.59 1.01 201 
 2   hdd 0.19530  1.00000 200 GiB 3.1 GiB 197 GiB 1.56 0.99 199 
                    TOTAL 600 GiB 9.5 GiB 591 GiB 1.58          
MIN/MAX VAR: 0.99/1.01  STDDEV: 0.01
Probing round 37
Mon Oct  1 04:31:10 UTC 2018
ID CLASS WEIGHT  REWEIGHT SIZE    USE     AVAIL   %USE VAR  PGS 
 0   hdd 0.19530  1.00000 200 GiB 3.2 GiB 197 GiB 1.58 1.00 200 
 1   hdd 0.19530  1.00000 200 GiB 3.2 GiB 197 GiB 1.59 1.01 201 
 2   hdd 0.19530  1.00000 200 GiB 3.1 GiB 197 GiB 1.56 0.99 199 
                    TOTAL 600 GiB 9.5 GiB 591 GiB 1.58          
MIN/MAX VAR: 0.99/1.01  STDDEV: 0.01
Probing round 38
Mon Oct  1 04:31:11 UTC 2018
ID CLASS WEIGHT  REWEIGHT SIZE    USE     AVAIL   %USE VAR  PGS 
 0   hdd 0.19530  1.00000 200 GiB 3.4 GiB 197 GiB 1.70 1.01 200 
 1   hdd 0.19530  1.00000 200 GiB 3.4 GiB 197 GiB 1.69 1.00 201 
 2   hdd 0.19530  1.00000 200 GiB 3.4 GiB 197 GiB 1.68 0.99 199 
                    TOTAL 600 GiB  10 GiB 590 GiB 1.69          
MIN/MAX VAR: 0.99/1.01  STDDEV: 0.01
Probing round 39
Mon Oct  1 04:31:12 UTC 2018
ID CLASS WEIGHT  REWEIGHT SIZE    USE     AVAIL   %USE VAR  PGS 
 0   hdd 0.19530  1.00000 200 GiB 3.4 GiB 197 GiB 1.70 1.01 200 
 1   hdd 0.19530  1.00000 200 GiB 3.4 GiB 197 GiB 1.69 1.00 201 
 2   hdd 0.19530  1.00000 200 GiB 3.4 GiB 197 GiB 1.68 0.99 199 
                    TOTAL 600 GiB  10 GiB 590 GiB 1.69          
MIN/MAX VAR: 0.99/1.01  STDDEV: 0.01
Probing round 40
Mon Oct  1 04:31:14 UTC 2018
ID CLASS WEIGHT  REWEIGHT SIZE    USE     AVAIL   %USE VAR  PGS 
 0   hdd 0.19530  1.00000 200 GiB 3.4 GiB 197 GiB 1.70 0.98 200 
 1   hdd 0.19530  1.00000 200 GiB 3.5 GiB 197 GiB 1.74 1.00 201 
 2   hdd 0.19530  1.00000 200 GiB 3.5 GiB 196 GiB 1.75 1.01 199 
                    TOTAL 600 GiB  10 GiB 590 GiB 1.73          
MIN/MAX VAR: 0.98/1.01  STDDEV: 0.02
Probing round 41
Mon Oct  1 04:31:16 UTC 2018
ID CLASS WEIGHT  REWEIGHT SIZE    USE     AVAIL   %USE VAR  PGS 
 0   hdd 0.19530  1.00000 200 GiB 3.6 GiB 196 GiB 1.82 1.03 200 
 1   hdd 0.19530  1.00000 200 GiB 3.5 GiB 197 GiB 1.74 0.98 201 
 2   hdd 0.19530  1.00000 200 GiB 3.5 GiB 196 GiB 1.75 0.99 199 
                    TOTAL 600 GiB  11 GiB 589 GiB 1.77          
MIN/MAX VAR: 0.98/1.03  STDDEV: 0.04
Probing round 42
Mon Oct  1 04:31:18 UTC 2018
ID CLASS WEIGHT  REWEIGHT SIZE    USE     AVAIL   %USE VAR  PGS 
 0   hdd 0.19530  1.00000 200 GiB 3.6 GiB 196 GiB 1.82 1.03 200 
 1   hdd 0.19530  1.00000 200 GiB 3.5 GiB 197 GiB 1.74 0.98 201 
 2   hdd 0.19530  1.00000 200 GiB 3.5 GiB 196 GiB 1.75 0.99 199 
                    TOTAL 600 GiB  11 GiB 589 GiB 1.77          
MIN/MAX VAR: 0.98/1.03  STDDEV: 0.04
Probing round 43
Mon Oct  1 04:31:19 UTC 2018
ID CLASS WEIGHT  REWEIGHT SIZE    USE     AVAIL   %USE VAR  PGS 
 0   hdd 0.19530  1.00000 200 GiB 3.6 GiB 196 GiB 1.82 1.03 200 
 1   hdd 0.19530  1.00000 200 GiB 3.5 GiB 197 GiB 1.74 0.98 201 
 2   hdd 0.19530  1.00000 200 GiB 3.5 GiB 196 GiB 1.75 0.99 199 
                    TOTAL 600 GiB  11 GiB 589 GiB 1.77          
MIN/MAX VAR: 0.98/1.03  STDDEV: 0.04
Probing round 44
Mon Oct  1 04:31:21 UTC 2018
ID CLASS WEIGHT  REWEIGHT SIZE    USE     AVAIL   %USE VAR  PGS 
 0   hdd 0.19530  1.00000 200 GiB 3.6 GiB 196 GiB 1.82 0.98 200 
 1   hdd 0.19530  1.00000 200 GiB 3.7 GiB 196 GiB 1.87 1.01 201 
 2   hdd 0.19530  1.00000 200 GiB 3.7 GiB 196 GiB 1.87 1.01 199 
                    TOTAL 600 GiB  11 GiB 589 GiB 1.85          
MIN/MAX VAR: 0.98/1.01  STDDEV: 0.02
Probing round 45
Mon Oct  1 04:31:23 UTC 2018
ID CLASS WEIGHT  REWEIGHT SIZE    USE     AVAIL   %USE VAR  PGS 
 0   hdd 0.19530  1.00000 200 GiB 3.8 GiB 196 GiB 1.88 1.01 200 
 1   hdd 0.19530  1.00000 200 GiB 3.7 GiB 196 GiB 1.87 1.00 201 
 2   hdd 0.19530  1.00000 200 GiB 3.7 GiB 196 GiB 1.87 1.00 199 
                    TOTAL 600 GiB  11 GiB 589 GiB 1.87          
MIN/MAX VAR: 1.00/1.01  STDDEV: 0.01
Probing round 46
Mon Oct  1 04:31:24 UTC 2018
ID CLASS WEIGHT  REWEIGHT SIZE    USE     AVAIL   %USE VAR  PGS 
 0   hdd 0.19530  1.00000 200 GiB 3.8 GiB 196 GiB 1.88 1.01 200 
 1   hdd 0.19530  1.00000 200 GiB 3.7 GiB 196 GiB 1.87 1.00 201 
 2   hdd 0.19530  1.00000 200 GiB 3.7 GiB 196 GiB 1.87 1.00 199 
                    TOTAL 600 GiB  11 GiB 589 GiB 1.87          
MIN/MAX VAR: 1.00/1.01  STDDEV: 0.01
Probing round 47
Mon Oct  1 04:31:26 UTC 2018
ID CLASS WEIGHT  REWEIGHT SIZE    USE     AVAIL   %USE VAR  PGS 
 0   hdd 0.19530  1.00000 200 GiB 3.8 GiB 196 GiB 1.88 0.96 200 
 1   hdd 0.19530  1.00000 200 GiB 4.0 GiB 196 GiB 2.01 1.02 201 
 2   hdd 0.19530  1.00000 200 GiB 4.0 GiB 196 GiB 2.02 1.03 199 
                    TOTAL 600 GiB  12 GiB 588 GiB 1.97          
MIN/MAX VAR: 0.96/1.03  STDDEV: 0.06
Probing round 48
Mon Oct  1 04:31:27 UTC 2018
ID CLASS WEIGHT  REWEIGHT SIZE    USE     AVAIL   %USE VAR  PGS 
 0   hdd 0.19530  1.00000 200 GiB 4.0 GiB 196 GiB 2.01 1.00 200 
 1   hdd 0.19530  1.00000 200 GiB 4.0 GiB 196 GiB 2.01 1.00 201 
 2   hdd 0.19530  1.00000 200 GiB 4.0 GiB 196 GiB 2.02 1.00 199 
                    TOTAL 600 GiB  12 GiB 588 GiB 2.01          
MIN/MAX VAR: 1.00/1.00  STDDEV: 0.01
Probing round 49
Mon Oct  1 04:31:28 UTC 2018
ID CLASS WEIGHT  REWEIGHT SIZE    USE     AVAIL   %USE VAR  PGS 
 0   hdd 0.19530  1.00000 200 GiB 4.0 GiB 196 GiB 2.01 1.00 200 
 1   hdd 0.19530  1.00000 200 GiB 4.0 GiB 196 GiB 2.01 1.00 201 
 2   hdd 0.19530  1.00000 200 GiB 4.0 GiB 196 GiB 2.02 1.00 199 
                    TOTAL 600 GiB  12 GiB 588 GiB 2.01          
MIN/MAX VAR: 1.00/1.00  STDDEV: 0.01
Probing round 50
Mon Oct  1 04:31:30 UTC 2018
ID CLASS WEIGHT  REWEIGHT SIZE    USE     AVAIL   %USE VAR  PGS 
 0   hdd 0.19530  1.00000 200 GiB 4.0 GiB 196 GiB 2.01 1.00 200 
 1   hdd 0.19530  1.00000 200 GiB 4.0 GiB 196 GiB 2.01 1.00 201 
 2   hdd 0.19530  1.00000 200 GiB 4.0 GiB 196 GiB 2.02 1.00 199 
                    TOTAL 600 GiB  12 GiB 588 GiB 2.01          
MIN/MAX VAR: 1.00/1.00  STDDEV: 0.01
Probing round 51
Mon Oct  1 04:31:31 UTC 2018
ID CLASS WEIGHT  REWEIGHT SIZE    USE     AVAIL   %USE VAR  PGS 
 0   hdd 0.19530  1.00000 200 GiB 4.0 GiB 196 GiB 2.01 1.00 200 
 1   hdd 0.19530  1.00000 200 GiB 4.0 GiB 196 GiB 2.01 1.00 201 
 2   hdd 0.19530  1.00000 200 GiB 4.0 GiB 196 GiB 2.02 1.00 199 
                    TOTAL 600 GiB  12 GiB 588 GiB 2.01          
MIN/MAX VAR: 1.00/1.00  STDDEV: 0.01
Probing round 52
Mon Oct  1 04:31:33 UTC 2018
ID CLASS WEIGHT  REWEIGHT SIZE    USE     AVAIL   %USE VAR  PGS 
 0   hdd 0.19530  1.00000 200 GiB 4.1 GiB 196 GiB 2.07 1.02 200 
 1   hdd 0.19530  1.00000 200 GiB 4.0 GiB 196 GiB 2.01 0.99 201 
 2   hdd 0.19530  1.00000 200 GiB 4.0 GiB 196 GiB 2.02 0.99 199 
                    TOTAL 600 GiB  12 GiB 588 GiB 2.03          
MIN/MAX VAR: 0.99/1.02  STDDEV: 0.03
Probing round 53
Mon Oct  1 04:31:34 UTC 2018
ID CLASS WEIGHT  REWEIGHT SIZE    USE     AVAIL   %USE VAR  PGS 
 0   hdd 0.19530  1.00000 200 GiB 4.1 GiB 196 GiB 2.07 1.02 200 
 1   hdd 0.19530  1.00000 200 GiB 4.0 GiB 196 GiB 2.01 0.99 201 
 2   hdd 0.19530  1.00000 200 GiB 4.0 GiB 196 GiB 2.02 0.99 199 
                    TOTAL 600 GiB  12 GiB 588 GiB 2.03          
MIN/MAX VAR: 0.99/1.02  STDDEV: 0.03
Probing round 54
Mon Oct  1 04:31:36 UTC 2018
ID CLASS WEIGHT  REWEIGHT SIZE    USE     AVAIL   %USE VAR  PGS 
 0   hdd 0.19530  1.00000 200 GiB 4.1 GiB 196 GiB 2.07 0.97 200 
 1   hdd 0.19530  1.00000 200 GiB 4.3 GiB 196 GiB 2.13 1.00 201 
 2   hdd 0.19530  1.00000 200 GiB 4.4 GiB 196 GiB 2.22 1.04 199 
                    TOTAL 600 GiB  13 GiB 587 GiB 2.14          
MIN/MAX VAR: 0.97/1.04  STDDEV: 0.06
Probing round 55
Mon Oct  1 04:31:37 UTC 2018
ID CLASS WEIGHT  REWEIGHT SIZE    USE     AVAIL   %USE VAR  PGS 
 0   hdd 0.19530  1.00000 200 GiB 4.5 GiB 196 GiB 2.23 1.02 200 
 1   hdd 0.19530  1.00000 200 GiB 4.3 GiB 196 GiB 2.13 0.97 201 
 2   hdd 0.19530  1.00000 200 GiB 4.4 GiB 196 GiB 2.22 1.01 199 
                    TOTAL 600 GiB  13 GiB 587 GiB 2.19          
MIN/MAX VAR: 0.97/1.02  STDDEV: 0.04
Probing round 56
Mon Oct  1 04:31:38 UTC 2018
ID CLASS WEIGHT  REWEIGHT SIZE    USE     AVAIL   %USE VAR  PGS 
 0   hdd 0.19530  1.00000 200 GiB 4.5 GiB 196 GiB 2.23 1.02 200 
 1   hdd 0.19530  1.00000 200 GiB 4.3 GiB 196 GiB 2.13 0.97 201 
 2   hdd 0.19530  1.00000 200 GiB 4.4 GiB 196 GiB 2.22 1.01 199 
                    TOTAL 600 GiB  13 GiB 587 GiB 2.19          
MIN/MAX VAR: 0.97/1.02  STDDEV: 0.04
Probing round 57
Mon Oct  1 04:31:40 UTC 2018
ID CLASS WEIGHT  REWEIGHT SIZE    USE     AVAIL   %USE VAR  PGS 
 0   hdd 0.19530  1.00000 200 GiB 4.5 GiB 196 GiB 2.23 1.02 200 
 1   hdd 0.19530  1.00000 200 GiB 4.3 GiB 196 GiB 2.13 0.97 201 
 2   hdd 0.19530  1.00000 200 GiB 4.4 GiB 196 GiB 2.22 1.01 199 
                    TOTAL 600 GiB  13 GiB 587 GiB 2.19          
MIN/MAX VAR: 0.97/1.02  STDDEV: 0.04
Probing round 58
Mon Oct  1 04:31:41 UTC 2018
ID CLASS WEIGHT  REWEIGHT SIZE    USE     AVAIL   %USE VAR  PGS 
 0   hdd 0.19530  1.00000 200 GiB 4.6 GiB 195 GiB 2.32 1.01 200 
 1   hdd 0.19530  1.00000 200 GiB 4.5 GiB 195 GiB 2.26 0.98 201 
 2   hdd 0.19530  1.00000 200 GiB 4.7 GiB 195 GiB 2.33 1.01 199 
                    TOTAL 600 GiB  14 GiB 586 GiB 2.30          
MIN/MAX VAR: 0.98/1.01  STDDEV: 0.03
Probing round 59
Mon Oct  1 04:31:42 UTC 2018
ID CLASS WEIGHT  REWEIGHT SIZE    USE     AVAIL   %USE VAR  PGS 
 0   hdd 0.19530  1.00000 200 GiB 4.6 GiB 195 GiB 2.32 1.01 200 
 1   hdd 0.19530  1.00000 200 GiB 4.5 GiB 195 GiB 2.26 0.98 201 
 2   hdd 0.19530  1.00000 200 GiB 4.7 GiB 195 GiB 2.33 1.01 199 
                    TOTAL 600 GiB  14 GiB 586 GiB 2.30          
MIN/MAX VAR: 0.98/1.01  STDDEV: 0.03
Probing round 60
Mon Oct  1 04:31:44 UTC 2018
ID CLASS WEIGHT  REWEIGHT SIZE    USE     AVAIL   %USE VAR  PGS 
 0   hdd 0.19530  1.00000 200 GiB 4.6 GiB 195 GiB 2.32 1.01 200 
 1   hdd 0.19530  1.00000 200 GiB 4.5 GiB 195 GiB 2.26 0.98 201 
 2   hdd 0.19530  1.00000 200 GiB 4.7 GiB 195 GiB 2.33 1.01 199 
                    TOTAL 600 GiB  14 GiB 586 GiB 2.30          
MIN/MAX VAR: 0.98/1.01  STDDEV: 0.03
Probing round 61
Mon Oct  1 04:31:45 UTC 2018
ID CLASS WEIGHT  REWEIGHT SIZE    USE     AVAIL   %USE VAR  PGS 
 0   hdd 0.19530  1.00000 200 GiB 4.6 GiB 195 GiB 2.32 0.97 200 
 1   hdd 0.19530  1.00000 200 GiB 4.8 GiB 195 GiB 2.40 1.01 201 
 2   hdd 0.19530  1.00000 200 GiB 4.9 GiB 195 GiB 2.43 1.02 199 
                    TOTAL 600 GiB  14 GiB 586 GiB 2.38          
MIN/MAX VAR: 0.97/1.02  STDDEV: 0.05
Probing round 62
Mon Oct  1 04:31:47 UTC 2018
ID CLASS WEIGHT  REWEIGHT SIZE    USE     AVAIL   %USE VAR  PGS 
 0   hdd 0.19530  1.00000 200 GiB 4.7 GiB 195 GiB 2.37 0.99 200 
 1   hdd 0.19530  1.00000 200 GiB 4.8 GiB 195 GiB 2.40 1.00 201 
 2   hdd 0.19530  1.00000 200 GiB 4.9 GiB 195 GiB 2.43 1.01 199 
                    TOTAL 600 GiB  14 GiB 586 GiB 2.40          
MIN/MAX VAR: 0.99/1.01  STDDEV: 0.03
Probing round 63
Mon Oct  1 04:31:48 UTC 2018
ID CLASS WEIGHT  REWEIGHT SIZE    USE     AVAIL   %USE VAR  PGS 
 0   hdd 0.19530  1.00000 200 GiB 4.7 GiB 195 GiB 2.37 0.99 200 
 1   hdd 0.19530  1.00000 200 GiB 4.8 GiB 195 GiB 2.40 1.00 201 
 2   hdd 0.19530  1.00000 200 GiB 4.9 GiB 195 GiB 2.43 1.01 199 
                    TOTAL 600 GiB  14 GiB 586 GiB 2.40          
MIN/MAX VAR: 0.99/1.01  STDDEV: 0.03
Probing round 64
Mon Oct  1 04:31:49 UTC 2018
ID CLASS WEIGHT  REWEIGHT SIZE    USE     AVAIL   %USE VAR  PGS 
 0   hdd 0.19530  1.00000 200 GiB 4.7 GiB 195 GiB 2.37 0.99 200 
 1   hdd 0.19530  1.00000 200 GiB 4.8 GiB 195 GiB 2.40 1.00 201 
 2   hdd 0.19530  1.00000 200 GiB 4.9 GiB 195 GiB 2.43 1.01 199 
                    TOTAL 600 GiB  14 GiB 586 GiB 2.40          
MIN/MAX VAR: 0.99/1.01  STDDEV: 0.03
Probing round 65
Mon Oct  1 04:31:51 UTC 2018
ID CLASS WEIGHT  REWEIGHT SIZE    USE     AVAIL   %USE VAR  PGS 
 0   hdd 0.19530  1.00000 200 GiB 5.0 GiB 195 GiB 2.48 0.99 200 
 1   hdd 0.19530  1.00000 200 GiB 5.0 GiB 195 GiB 2.48 0.99 201 
 2   hdd 0.19530  1.00000 200 GiB 5.1 GiB 195 GiB 2.54 1.02 199 
                    TOTAL 600 GiB  15 GiB 585 GiB 2.50          
MIN/MAX VAR: 0.99/1.02  STDDEV: 0.03
Probing round 66
Mon Oct  1 04:31:53 UTC 2018
ID CLASS WEIGHT  REWEIGHT SIZE    USE     AVAIL   %USE VAR  PGS 
 0   hdd 0.19530  1.00000 200 GiB 5.0 GiB 195 GiB 2.48 0.99 200 
 1   hdd 0.19530  1.00000 200 GiB 5.0 GiB 195 GiB 2.48 0.99 201 
 2   hdd 0.19530  1.00000 200 GiB 5.1 GiB 195 GiB 2.54 1.02 199 
                    TOTAL 600 GiB  15 GiB 585 GiB 2.50          
MIN/MAX VAR: 0.99/1.02  STDDEV: 0.03
Probing round 67
Mon Oct  1 04:31:54 UTC 2018
ID CLASS WEIGHT  REWEIGHT SIZE    USE     AVAIL   %USE VAR  PGS 
 0   hdd 0.19530  1.00000 200 GiB 5.0 GiB 195 GiB 2.48 0.97 200 
 1   hdd 0.19530  1.00000 200 GiB 5.3 GiB 195 GiB 2.65 1.04 201 
 2   hdd 0.19530  1.00000 200 GiB 5.1 GiB 195 GiB 2.54 0.99 199 
                    TOTAL 600 GiB  15 GiB 585 GiB 2.56          
MIN/MAX VAR: 0.97/1.04  STDDEV: 0.07
Probing round 68
Mon Oct  1 04:31:56 UTC 2018
ID CLASS WEIGHT  REWEIGHT SIZE    USE     AVAIL   %USE VAR  PGS 
 0   hdd 0.19530  1.00000 200 GiB 5.0 GiB 195 GiB 2.48 0.97 200 
 1   hdd 0.19530  1.00000 200 GiB 5.3 GiB 195 GiB 2.65 1.04 201 
 2   hdd 0.19530  1.00000 200 GiB 5.1 GiB 195 GiB 2.54 0.99 199 
                    TOTAL 600 GiB  15 GiB 585 GiB 2.56          
MIN/MAX VAR: 0.97/1.04  STDDEV: 0.07
Probing round 69
Mon Oct  1 04:31:57 UTC 2018
ID CLASS WEIGHT  REWEIGHT SIZE    USE     AVAIL   %USE VAR  PGS 
 0   hdd 0.19530  1.00000 200 GiB 5.2 GiB 195 GiB 2.59 1.00 200 
 1   hdd 0.19530  1.00000 200 GiB 5.3 GiB 195 GiB 2.65 1.02 201 
 2   hdd 0.19530  1.00000 200 GiB 5.1 GiB 195 GiB 2.54 0.98 199 
                    TOTAL 600 GiB  16 GiB 584 GiB 2.59          
MIN/MAX VAR: 0.98/1.02  STDDEV: 0.05
Probing round 70
Mon Oct  1 04:31:58 UTC 2018
ID CLASS WEIGHT  REWEIGHT SIZE    USE     AVAIL   %USE VAR  PGS 
 0   hdd 0.19530  1.00000 200 GiB 5.2 GiB 195 GiB 2.59 1.00 200 
 1   hdd 0.19530  1.00000 200 GiB 5.3 GiB 195 GiB 2.65 1.02 201 
 2   hdd 0.19530  1.00000 200 GiB 5.1 GiB 195 GiB 2.54 0.98 199 
                    TOTAL 600 GiB  16 GiB 584 GiB 2.59          
MIN/MAX VAR: 0.98/1.02  STDDEV: 0.05
Probing round 71
Mon Oct  1 04:31:59 UTC 2018
ID CLASS WEIGHT  REWEIGHT SIZE    USE     AVAIL   %USE VAR  PGS 
 0   hdd 0.19530  1.00000 200 GiB 5.2 GiB 195 GiB 2.59 1.00 200 
 1   hdd 0.19530  1.00000 200 GiB 5.3 GiB 195 GiB 2.65 1.02 201 
 2   hdd 0.19530  1.00000 200 GiB 5.1 GiB 195 GiB 2.54 0.98 199 
                    TOTAL 600 GiB  16 GiB 584 GiB 2.59          
MIN/MAX VAR: 0.98/1.02  STDDEV: 0.05
Probing round 72
Mon Oct  1 04:32:01 UTC 2018
ID CLASS WEIGHT  REWEIGHT SIZE    USE     AVAIL   %USE VAR  PGS 
 0   hdd 0.19530  1.00000 200 GiB 5.3 GiB 195 GiB 2.65 1.00 200 
 1   hdd 0.19530  1.00000 200 GiB 5.3 GiB 195 GiB 2.65 1.00 201 
 2   hdd 0.19530  1.00000 200 GiB 5.3 GiB 195 GiB 2.65 1.00 199 
                    TOTAL 600 GiB  16 GiB 584 GiB 2.65          
MIN/MAX VAR: 1.00/1.00  STDDEV: 0
Probing round 73
Mon Oct  1 04:32:02 UTC 2018
ID CLASS WEIGHT  REWEIGHT SIZE    USE     AVAIL   %USE VAR  PGS 
 0   hdd 0.19530  1.00000 200 GiB 5.3 GiB 195 GiB 2.65 1.00 200 
 1   hdd 0.19530  1.00000 200 GiB 5.3 GiB 195 GiB 2.65 1.00 201 
 2   hdd 0.19530  1.00000 200 GiB 5.3 GiB 195 GiB 2.65 1.00 199 
                    TOTAL 600 GiB  16 GiB 584 GiB 2.65          
MIN/MAX VAR: 1.00/1.00  STDDEV: 0
Probing round 74
Mon Oct  1 04:32:03 UTC 2018
ID CLASS WEIGHT  REWEIGHT SIZE    USE     AVAIL   %USE VAR  PGS 
 0   hdd 0.19530  1.00000 200 GiB 5.3 GiB 195 GiB 2.65 1.00 200 
 1   hdd 0.19530  1.00000 200 GiB 5.3 GiB 195 GiB 2.65 1.00 201 
 2   hdd 0.19530  1.00000 200 GiB 5.3 GiB 195 GiB 2.65 1.00 199 
                    TOTAL 600 GiB  16 GiB 584 GiB 2.65          
MIN/MAX VAR: 1.00/1.00  STDDEV: 0
Probing round 75
Mon Oct  1 04:32:04 UTC 2018
ID CLASS WEIGHT  REWEIGHT SIZE    USE     AVAIL   %USE VAR  PGS 
 0   hdd 0.19530  1.00000 200 GiB 5.3 GiB 195 GiB 2.65 1.00 200 
 1   hdd 0.19530  1.00000 200 GiB 5.3 GiB 195 GiB 2.65 1.00 201 
 2   hdd 0.19530  1.00000 200 GiB 5.3 GiB 195 GiB 2.65 1.00 199 
                    TOTAL 600 GiB  16 GiB 584 GiB 2.65          
MIN/MAX VAR: 1.00/1.00  STDDEV: 0
Probing round 76
Mon Oct  1 04:32:06 UTC 2018
ID CLASS WEIGHT  REWEIGHT SIZE    USE     AVAIL   %USE VAR  PGS 
 0   hdd 0.19530  1.00000 200 GiB 5.3 GiB 195 GiB 2.65 1.00 200 
 1   hdd 0.19530  1.00000 200 GiB 5.3 GiB 195 GiB 2.65 1.00 201 
 2   hdd 0.19530  1.00000 200 GiB 5.3 GiB 195 GiB 2.65 1.00 199 
                    TOTAL 600 GiB  16 GiB 584 GiB 2.65          
MIN/MAX VAR: 1.00/1.00  STDDEV: 0
Probing round 77
Mon Oct  1 04:32:07 UTC 2018
ID CLASS WEIGHT  REWEIGHT SIZE    USE     AVAIL   %USE VAR  PGS 
 0   hdd 0.19530  1.00000 200 GiB 5.3 GiB 195 GiB 2.65 1.00 200 
 1   hdd 0.19530  1.00000 200 GiB 5.3 GiB 195 GiB 2.65 1.00 201 
 2   hdd 0.19530  1.00000 200 GiB 5.3 GiB 195 GiB 2.65 1.00 199 
                    TOTAL 600 GiB  16 GiB 584 GiB 2.65          
MIN/MAX VAR: 1.00/1.00  STDDEV: 0
Probing round 78
Mon Oct  1 04:32:08 UTC 2018
ID CLASS WEIGHT  REWEIGHT SIZE    USE     AVAIL   %USE VAR  PGS 
 0   hdd 0.19530  1.00000 200 GiB 5.3 GiB 195 GiB 2.65 1.00 200 
 1   hdd 0.19530  1.00000 200 GiB 5.3 GiB 195 GiB 2.65 1.00 201 
 2   hdd 0.19530  1.00000 200 GiB 5.3 GiB 195 GiB 2.65 1.00 199 
                    TOTAL 600 GiB  16 GiB 584 GiB 2.65          
MIN/MAX VAR: 1.00/1.00  STDDEV: 0
Probing round 79
Mon Oct  1 04:32:09 UTC 2018
ID CLASS WEIGHT  REWEIGHT SIZE    USE     AVAIL   %USE VAR  PGS 
 0   hdd 0.19530  1.00000 200 GiB 5.3 GiB 195 GiB 2.65 1.00 200 
 1   hdd 0.19530  1.00000 200 GiB 5.3 GiB 195 GiB 2.65 1.00 201 
 2   hdd 0.19530  1.00000 200 GiB 5.3 GiB 195 GiB 2.65 1.00 199 
                    TOTAL 600 GiB  16 GiB 584 GiB 2.65          
MIN/MAX VAR: 1.00/1.00  STDDEV: 0
Probing round 80
Mon Oct  1 04:32:10 UTC 2018
ID CLASS WEIGHT  REWEIGHT SIZE    USE     AVAIL   %USE VAR  PGS 
 0   hdd 0.19530  1.00000 200 GiB 5.3 GiB 195 GiB 2.65 1.00 200 
 1   hdd 0.19530  1.00000 200 GiB 5.3 GiB 195 GiB 2.65 1.00 201 
 2   hdd 0.19530  1.00000 200 GiB 5.3 GiB 195 GiB 2.65 1.00 199 
                    TOTAL 600 GiB  16 GiB 584 GiB 2.65          
MIN/MAX VAR: 1.00/1.00  STDDEV: 0
Probing round 81
Mon Oct  1 04:32:12 UTC 2018
ID CLASS WEIGHT  REWEIGHT SIZE    USE     AVAIL   %USE VAR  PGS 
 0   hdd 0.19530  1.00000 200 GiB 5.3 GiB 195 GiB 2.65 1.00 200 
 1   hdd 0.19530  1.00000 200 GiB 5.3 GiB 195 GiB 2.65 1.00 201 
 2   hdd 0.19530  1.00000 200 GiB 5.3 GiB 195 GiB 2.65 1.00 199 
                    TOTAL 600 GiB  16 GiB 584 GiB 2.65          
MIN/MAX VAR: 1.00/1.00  STDDEV: 0
Probing round 82
Mon Oct  1 04:32:13 UTC 2018
ID CLASS WEIGHT  REWEIGHT SIZE    USE     AVAIL   %USE VAR  PGS 
 0   hdd 0.19530  1.00000 200 GiB 5.3 GiB 195 GiB 2.65 1.00 200 
 1   hdd 0.19530  1.00000 200 GiB 5.3 GiB 195 GiB 2.65 1.00 201 
 2   hdd 0.19530  1.00000 200 GiB 5.3 GiB 195 GiB 2.65 1.00 199 
                    TOTAL 600 GiB  16 GiB 584 GiB 2.65          
MIN/MAX VAR: 1.00/1.00  STDDEV: 0
Probing round 83
Mon Oct  1 04:32:14 UTC 2018
ID CLASS WEIGHT  REWEIGHT SIZE    USE     AVAIL   %USE VAR  PGS 
 0   hdd 0.19530  1.00000 200 GiB 5.3 GiB 195 GiB 2.65 1.00 200 
 1   hdd 0.19530  1.00000 200 GiB 5.3 GiB 195 GiB 2.65 1.00 201 
 2   hdd 0.19530  1.00000 200 GiB 5.3 GiB 195 GiB 2.65 1.00 199 
                    TOTAL 600 GiB  16 GiB 584 GiB 2.65          
MIN/MAX VAR: 1.00/1.00  STDDEV: 0
Probing round 84
Mon Oct  1 04:32:15 UTC 2018
ID CLASS WEIGHT  REWEIGHT SIZE    USE     AVAIL   %USE VAR  PGS 
 0   hdd 0.19530  1.00000 200 GiB 5.3 GiB 195 GiB 2.65 1.00 200 
 1   hdd 0.19530  1.00000 200 GiB 5.3 GiB 195 GiB 2.65 1.00 201 
 2   hdd 0.19530  1.00000 200 GiB 5.3 GiB 195 GiB 2.65 1.00 199 
                    TOTAL 600 GiB  16 GiB 584 GiB 2.65          
MIN/MAX VAR: 1.00/1.00  STDDEV: 0
Probing round 85
Mon Oct  1 04:32:17 UTC 2018
ID CLASS WEIGHT  REWEIGHT SIZE    USE     AVAIL   %USE VAR  PGS 
 0   hdd 0.19530  1.00000 200 GiB 5.3 GiB 195 GiB 2.65 1.00 200 
 1   hdd 0.19530  1.00000 200 GiB 5.3 GiB 195 GiB 2.65 1.00 201 
 2   hdd 0.19530  1.00000 200 GiB 5.3 GiB 195 GiB 2.65 1.00 199 
                    TOTAL 600 GiB  16 GiB 584 GiB 2.65          
MIN/MAX VAR: 1.00/1.00  STDDEV: 0
Probing round 86
Mon Oct  1 04:32:18 UTC 2018
ID CLASS WEIGHT  REWEIGHT SIZE    USE     AVAIL   %USE VAR  PGS 
 0   hdd 0.19530  1.00000 200 GiB 5.3 GiB 195 GiB 2.65 1.00 200 
 1   hdd 0.19530  1.00000 200 GiB 5.3 GiB 195 GiB 2.65 1.00 201 
 2   hdd 0.19530  1.00000 200 GiB 5.3 GiB 195 GiB 2.65 1.00 199 
                    TOTAL 600 GiB  16 GiB 584 GiB 2.65          
MIN/MAX VAR: 1.00/1.00  STDDEV: 0
Probing round 87
Mon Oct  1 04:32:19 UTC 2018
ID CLASS WEIGHT  REWEIGHT SIZE    USE     AVAIL   %USE VAR  PGS 
 0   hdd 0.19530  1.00000 200 GiB 5.3 GiB 195 GiB 2.65 1.00 200 
 1   hdd 0.19530  1.00000 200 GiB 5.3 GiB 195 GiB 2.65 1.00 201 
 2   hdd 0.19530  1.00000 200 GiB 5.3 GiB 195 GiB 2.65 1.00 199 
                    TOTAL 600 GiB  16 GiB 584 GiB 2.65          
MIN/MAX VAR: 1.00/1.00  STDDEV: 0
Probing round 88
Mon Oct  1 04:32:20 UTC 2018
ID CLASS WEIGHT  REWEIGHT SIZE    USE     AVAIL   %USE VAR  PGS 
 0   hdd 0.19530  1.00000 200 GiB 5.3 GiB 195 GiB 2.65 1.00 200 
 1   hdd 0.19530  1.00000 200 GiB 5.3 GiB 195 GiB 2.65 1.00 201 
 2   hdd 0.19530  1.00000 200 GiB 5.3 GiB 195 GiB 2.65 1.00 199 
                    TOTAL 600 GiB  16 GiB 584 GiB 2.65          
MIN/MAX VAR: 1.00/1.00  STDDEV: 0
Probing round 89
Mon Oct  1 04:32:21 UTC 2018
ID CLASS WEIGHT  REWEIGHT SIZE    USE     AVAIL   %USE VAR  PGS 
 0   hdd 0.19530  1.00000 200 GiB 5.3 GiB 195 GiB 2.65 1.00 200 
 1   hdd 0.19530  1.00000 200 GiB 5.3 GiB 195 GiB 2.65 1.00 201 
 2   hdd 0.19530  1.00000 200 GiB 5.3 GiB 195 GiB 2.65 1.00 199 
                    TOTAL 600 GiB  16 GiB 584 GiB 2.65          
MIN/MAX VAR: 1.00/1.00  STDDEV: 0
Probing round 90
Mon Oct  1 04:32:23 UTC 2018
ID CLASS WEIGHT  REWEIGHT SIZE    USE     AVAIL   %USE VAR  PGS 
 0   hdd 0.19530  1.00000 200 GiB 5.3 GiB 195 GiB 2.65 1.00 200 
 1   hdd 0.19530  1.00000 200 GiB 5.3 GiB 195 GiB 2.65 1.00 201 
 2   hdd 0.19530  1.00000 200 GiB 5.3 GiB 195 GiB 2.65 1.00 199 
                    TOTAL 600 GiB  16 GiB 584 GiB 2.65          
MIN/MAX VAR: 1.00/1.00  STDDEV: 0
Probing round 91
Mon Oct  1 04:32:24 UTC 2018
ID CLASS WEIGHT  REWEIGHT SIZE    USE     AVAIL   %USE VAR  PGS 
 0   hdd 0.19530  1.00000 200 GiB 5.3 GiB 195 GiB 2.65 1.00 200 
 1   hdd 0.19530  1.00000 200 GiB 5.3 GiB 195 GiB 2.65 1.00 201 
 2   hdd 0.19530  1.00000 200 GiB 5.3 GiB 195 GiB 2.65 1.00 199 
                    TOTAL 600 GiB  16 GiB 584 GiB 2.65          
MIN/MAX VAR: 1.00/1.00  STDDEV: 0
Probing round 92
Mon Oct  1 04:32:25 UTC 2018
ID CLASS WEIGHT  REWEIGHT SIZE    USE     AVAIL   %USE VAR  PGS 
 0   hdd 0.19530  1.00000 200 GiB 5.3 GiB 195 GiB 2.65 1.00 200 
 1   hdd 0.19530  1.00000 200 GiB 5.3 GiB 195 GiB 2.65 1.00 201 
 2   hdd 0.19530  1.00000 200 GiB 5.3 GiB 195 GiB 2.65 1.00 199 
                    TOTAL 600 GiB  16 GiB 584 GiB 2.65          
MIN/MAX VAR: 1.00/1.00  STDDEV: 0
Probing round 93
Mon Oct  1 04:32:26 UTC 2018
ID CLASS WEIGHT  REWEIGHT SIZE    USE     AVAIL   %USE VAR  PGS 
 0   hdd 0.19530  1.00000 200 GiB 5.3 GiB 195 GiB 2.65 1.00 200 
 1   hdd 0.19530  1.00000 200 GiB 5.3 GiB 195 GiB 2.65 1.00 201 
 2   hdd 0.19530  1.00000 200 GiB 5.3 GiB 195 GiB 2.65 1.00 199 
                    TOTAL 600 GiB  16 GiB 584 GiB 2.65          
MIN/MAX VAR: 1.00/1.00  STDDEV: 0
Probing round 94
Mon Oct  1 04:32:28 UTC 2018
ID CLASS WEIGHT  REWEIGHT SIZE    USE     AVAIL   %USE VAR  PGS 
 0   hdd 0.19530  1.00000 200 GiB 5.3 GiB 195 GiB 2.65 1.00 200 
 1   hdd 0.19530  1.00000 200 GiB 5.3 GiB 195 GiB 2.65 1.00 201 
 2   hdd 0.19530  1.00000 200 GiB 5.3 GiB 195 GiB 2.65 1.00 199 
                    TOTAL 600 GiB  16 GiB 584 GiB 2.65          
MIN/MAX VAR: 1.00/1.00  STDDEV: 0
Probing round 95
Mon Oct  1 04:32:29 UTC 2018
ID CLASS WEIGHT  REWEIGHT SIZE    USE     AVAIL   %USE VAR  PGS 
 0   hdd 0.19530  1.00000 200 GiB 5.3 GiB 195 GiB 2.65 1.00 200 
 1   hdd 0.19530  1.00000 200 GiB 5.3 GiB 195 GiB 2.65 1.00 201 
 2   hdd 0.19530  1.00000 200 GiB 5.3 GiB 195 GiB 2.65 1.00 199 
                    TOTAL 600 GiB  16 GiB 584 GiB 2.65          
MIN/MAX VAR: 1.00/1.00  STDDEV: 0
Probing round 96
Mon Oct  1 04:32:30 UTC 2018
ID CLASS WEIGHT  REWEIGHT SIZE    USE     AVAIL   %USE VAR  PGS 
 0   hdd 0.19530  1.00000 200 GiB 5.3 GiB 195 GiB 2.65 1.00 200 
 1   hdd 0.19530  1.00000 200 GiB 5.3 GiB 195 GiB 2.65 1.00 201 
 2   hdd 0.19530  1.00000 200 GiB 5.3 GiB 195 GiB 2.65 1.00 199 
                    TOTAL 600 GiB  16 GiB 584 GiB 2.65          
MIN/MAX VAR: 1.00/1.00  STDDEV: 0
Probing round 97
Mon Oct  1 04:32:31 UTC 2018
ID CLASS WEIGHT  REWEIGHT SIZE    USE     AVAIL   %USE VAR  PGS 
 0   hdd 0.19530  1.00000 200 GiB 5.3 GiB 195 GiB 2.65 1.00 200 
 1   hdd 0.19530  1.00000 200 GiB 5.3 GiB 195 GiB 2.65 1.00 201 
 2   hdd 0.19530  1.00000 200 GiB 5.3 GiB 195 GiB 2.65 1.00 199 
                    TOTAL 600 GiB  16 GiB 584 GiB 2.65          
MIN/MAX VAR: 1.00/1.00  STDDEV: 0
Probing round 98
Mon Oct  1 04:32:33 UTC 2018
ID CLASS WEIGHT  REWEIGHT SIZE    USE     AVAIL   %USE VAR  PGS 
 0   hdd 0.19530  1.00000 200 GiB 5.3 GiB 195 GiB 2.65 1.00 200 
 1   hdd 0.19530  1.00000 200 GiB 5.3 GiB 195 GiB 2.65 1.00 201 
 2   hdd 0.19530  1.00000 200 GiB 5.3 GiB 195 GiB 2.65 1.00 199 
                    TOTAL 600 GiB  16 GiB 584 GiB 2.65          
MIN/MAX VAR: 1.00/1.00  STDDEV: 0
Probing round 99
Mon Oct  1 04:32:34 UTC 2018
ID CLASS WEIGHT  REWEIGHT SIZE    USE     AVAIL   %USE VAR  PGS 
 0   hdd 0.19530  1.00000 200 GiB 5.3 GiB 195 GiB 2.65 1.00 200 
 1   hdd 0.19530  1.00000 200 GiB 5.3 GiB 195 GiB 2.65 1.00 201 
 2   hdd 0.19530  1.00000 200 GiB 5.3 GiB 195 GiB 2.65 1.00 199 
                    TOTAL 600 GiB  16 GiB 584 GiB 2.65          
MIN/MAX VAR: 1.00/1.00  STDDEV: 0
Probing round 100
Mon Oct  1 04:32:35 UTC 2018
ID CLASS WEIGHT  REWEIGHT SIZE    USE     AVAIL   %USE VAR  PGS 
 0   hdd 0.19530  1.00000 200 GiB 5.3 GiB 195 GiB 2.65 1.00 200 
 1   hdd 0.19530  1.00000 200 GiB 5.3 GiB 195 GiB 2.65 1.00 201 
 2   hdd 0.19530  1.00000 200 GiB 5.3 GiB 195 GiB 2.65 1.00 199 
                    TOTAL 600 GiB  16 GiB 584 GiB 2.65          
MIN/MAX VAR: 1.00/1.00  STDDEV: 0
Probing round 101
Mon Oct  1 04:32:36 UTC 2018
ID CLASS WEIGHT  REWEIGHT SIZE    USE     AVAIL   %USE VAR  PGS 
 0   hdd 0.19530  1.00000 200 GiB 5.3 GiB 195 GiB 2.65 1.00 200 
 1   hdd 0.19530  1.00000 200 GiB 5.3 GiB 195 GiB 2.65 1.00 201 
 2   hdd 0.19530  1.00000 200 GiB 5.3 GiB 195 GiB 2.65 1.00 199 
                    TOTAL 600 GiB  16 GiB 584 GiB 2.65          
MIN/MAX VAR: 1.00/1.00  STDDEV: 0
Probing round 102
Mon Oct  1 04:32:37 UTC 2018
ID CLASS WEIGHT  REWEIGHT SIZE    USE     AVAIL   %USE VAR  PGS 
 0   hdd 0.19530  1.00000 200 GiB 5.3 GiB 195 GiB 2.65 1.00 200 
 1   hdd 0.19530  1.00000 200 GiB 5.3 GiB 195 GiB 2.65 1.00 201 
 2   hdd 0.19530  1.00000 200 GiB 5.3 GiB 195 GiB 2.65 1.00 199 
                    TOTAL 600 GiB  16 GiB 584 GiB 2.65          
MIN/MAX VAR: 1.00/1.00  STDDEV: 0
Probing round 103
Mon Oct  1 04:32:39 UTC 2018
ID CLASS WEIGHT  REWEIGHT SIZE    USE     AVAIL   %USE VAR  PGS 
 0   hdd 0.19530  1.00000 200 GiB 5.3 GiB 195 GiB 2.65 1.00 200 
 1   hdd 0.19530  1.00000 200 GiB 5.3 GiB 195 GiB 2.65 1.00 201 
 2   hdd 0.19530  1.00000 200 GiB 5.3 GiB 195 GiB 2.65 1.00 199 
                    TOTAL 600 GiB  16 GiB 584 GiB 2.65          
MIN/MAX VAR: 1.00/1.00  STDDEV: 0
Probing round 104
Mon Oct  1 04:32:40 UTC 2018
ID CLASS WEIGHT  REWEIGHT SIZE    USE     AVAIL   %USE VAR  PGS 
 0   hdd 0.19530  1.00000 200 GiB 5.3 GiB 195 GiB 2.65 1.00 200 
 1   hdd 0.19530  1.00000 200 GiB 5.3 GiB 195 GiB 2.65 1.00 201 
 2   hdd 0.19530  1.00000 200 GiB 5.3 GiB 195 GiB 2.65 1.00 199 
                    TOTAL 600 GiB  16 GiB 584 GiB 2.65          
MIN/MAX VAR: 1.00/1.00  STDDEV: 0
Probing round 105
Mon Oct  1 04:32:41 UTC 2018
ID CLASS WEIGHT  REWEIGHT SIZE    USE     AVAIL   %USE VAR  PGS 
 0   hdd 0.19530  1.00000 200 GiB 5.3 GiB 195 GiB 2.65 1.00 200 
 1   hdd 0.19530  1.00000 200 GiB 5.3 GiB 195 GiB 2.65 1.00 201 
 2   hdd 0.19530  1.00000 200 GiB 5.3 GiB 195 GiB 2.65 1.00 199 
                    TOTAL 600 GiB  16 GiB 584 GiB 2.65          
MIN/MAX VAR: 1.00/1.00  STDDEV: 0
Probing round 106
Mon Oct  1 04:32:42 UTC 2018
ID CLASS WEIGHT  REWEIGHT SIZE    USE     AVAIL   %USE VAR  PGS 
 0   hdd 0.19530  1.00000 200 GiB 5.3 GiB 195 GiB 2.65 1.00 200 
 1   hdd 0.19530  1.00000 200 GiB 5.3 GiB 195 GiB 2.65 1.00 201 
 2   hdd 0.19530  1.00000 200 GiB 5.3 GiB 195 GiB 2.65 1.00 199 
                    TOTAL 600 GiB  16 GiB 584 GiB 2.65          
MIN/MAX VAR: 1.00/1.00  STDDEV: 0
Probing round 107
Mon Oct  1 04:32:44 UTC 2018
ID CLASS WEIGHT  REWEIGHT SIZE    USE     AVAIL   %USE VAR  PGS 
 0   hdd 0.19530  1.00000 200 GiB 5.3 GiB 195 GiB 2.65 1.00 200 
 1   hdd 0.19530  1.00000 200 GiB 5.3 GiB 195 GiB 2.65 1.00 201 
 2   hdd 0.19530  1.00000 200 GiB 5.3 GiB 195 GiB 2.65 1.00 199 
                    TOTAL 600 GiB  16 GiB 584 GiB 2.65          
MIN/MAX VAR: 1.00/1.00  STDDEV: 0
Probing round 108
Mon Oct  1 04:32:45 UTC 2018
ID CLASS WEIGHT  REWEIGHT SIZE    USE     AVAIL   %USE VAR  PGS 
 0   hdd 0.19530  1.00000 200 GiB 5.3 GiB 195 GiB 2.65 1.00 200 
 1   hdd 0.19530  1.00000 200 GiB 5.3 GiB 195 GiB 2.65 1.00 201 
 2   hdd 0.19530  1.00000 200 GiB 5.3 GiB 195 GiB 2.65 1.00 199 
                    TOTAL 600 GiB  16 GiB 584 GiB 2.65          
MIN/MAX VAR: 1.00/1.00  STDDEV: 0
Probing round 109
Mon Oct  1 04:32:46 UTC 2018
ID CLASS WEIGHT  REWEIGHT SIZE    USE     AVAIL   %USE VAR  PGS 
 0   hdd 0.19530  1.00000 200 GiB 5.3 GiB 195 GiB 2.65 1.00 200 
 1   hdd 0.19530  1.00000 200 GiB 5.3 GiB 195 GiB 2.65 1.00 201 
 2   hdd 0.19530  1.00000 200 GiB 5.3 GiB 195 GiB 2.65 1.00 199 
                    TOTAL 600 GiB  16 GiB 584 GiB 2.65          
MIN/MAX VAR: 1.00/1.00  STDDEV: 0
Probing round 110
Mon Oct  1 04:32:47 UTC 2018
ID CLASS WEIGHT  REWEIGHT SIZE    USE     AVAIL   %USE VAR  PGS 
 0   hdd 0.19530  1.00000 200 GiB 5.3 GiB 195 GiB 2.65 1.00 200 
 1   hdd 0.19530  1.00000 200 GiB 5.3 GiB 195 GiB 2.65 1.00 201 
 2   hdd 0.19530  1.00000 200 GiB 5.3 GiB 195 GiB 2.65 1.00 199 
                    TOTAL 600 GiB  16 GiB 584 GiB 2.65          
MIN/MAX VAR: 1.00/1.00  STDDEV: 0
