Probing round 1
Mon Oct  1 18:36:19 UTC 2018
ID CLASS WEIGHT  REWEIGHT SIZE    USE     AVAIL   %USE VAR  PGS 
 0   hdd 0.19530  1.00000 200 GiB 1.0 GiB 199 GiB 0.50 0.67 100 
 1   ssd 0.09769  1.00000 100 GiB 1.0 GiB  99 GiB 1.00 1.33 100 
 2   ssd 0.09769  1.00000 100 GiB 1.0 GiB  99 GiB 1.00 1.33 100 
                    TOTAL 400 GiB 3.0 GiB 397 GiB 0.75          
MIN/MAX VAR: 0.67/1.33  STDDEV: 0.25
Probing round 2
Mon Oct  1 18:36:20 UTC 2018
ID CLASS WEIGHT  REWEIGHT SIZE    USE     AVAIL   %USE VAR  PGS 
 0   hdd 0.19530  1.00000 200 GiB 1.0 GiB 199 GiB 0.50 0.67 100 
 1   ssd 0.09769  1.00000 100 GiB 1.0 GiB  99 GiB 1.00 1.33 100 
 2   ssd 0.09769  1.00000 100 GiB 1.0 GiB  99 GiB 1.00 1.33 100 
                    TOTAL 400 GiB 3.0 GiB 397 GiB 0.75          
MIN/MAX VAR: 0.67/1.33  STDDEV: 0.25
Probing round 3
Mon Oct  1 18:36:21 UTC 2018
ID CLASS WEIGHT  REWEIGHT SIZE    USE     AVAIL   %USE VAR  PGS 
 0   hdd 0.19530  1.00000 200 GiB 1.0 GiB 199 GiB 0.50 0.67 100 
 1   ssd 0.09769  1.00000 100 GiB 1.0 GiB  99 GiB 1.00 1.33 100 
 2   ssd 0.09769  1.00000 100 GiB 1.0 GiB  99 GiB 1.00 1.33 100 
                    TOTAL 400 GiB 3.0 GiB 397 GiB 0.75          
MIN/MAX VAR: 0.67/1.33  STDDEV: 0.25
Probing round 4
Mon Oct  1 18:36:23 UTC 2018
ID CLASS WEIGHT  REWEIGHT SIZE    USE     AVAIL   %USE VAR  PGS 
 0   hdd 0.19530  1.00000 200 GiB 1.0 GiB 199 GiB 0.50 0.67 100 
 1   ssd 0.09769  1.00000 100 GiB 1.0 GiB  99 GiB 1.00 1.33 100 
 2   ssd 0.09769  1.00000 100 GiB 1.0 GiB  99 GiB 1.00 1.33 100 
                    TOTAL 400 GiB 3.0 GiB 397 GiB 0.75          
MIN/MAX VAR: 0.67/1.33  STDDEV: 0.25
Probing round 5
Mon Oct  1 18:36:24 UTC 2018
ID CLASS WEIGHT  REWEIGHT SIZE    USE     AVAIL   %USE VAR  PGS 
 0   hdd 0.19530  1.00000 200 GiB 1.0 GiB 199 GiB 0.51 0.67 100 
 1   ssd 0.09769  1.00000 100 GiB 1.0 GiB  99 GiB 1.00 1.33 100 
 2   ssd 0.09769  1.00000 100 GiB 1.0 GiB  99 GiB 1.00 1.33 100 
                    TOTAL 400 GiB 3.0 GiB 397 GiB 0.75          
MIN/MAX VAR: 0.67/1.33  STDDEV: 0.25
Probing round 6
Mon Oct  1 18:36:25 UTC 2018
ID CLASS WEIGHT  REWEIGHT SIZE    USE     AVAIL   %USE VAR  PGS 
 0   hdd 0.19530  1.00000 200 GiB 1.0 GiB 199 GiB 0.51 0.67 100 
 1   ssd 0.09769  1.00000 100 GiB 1.0 GiB  99 GiB 1.00 1.33 100 
 2   ssd 0.09769  1.00000 100 GiB 1.0 GiB  99 GiB 1.00 1.33 100 
                    TOTAL 400 GiB 3.0 GiB 397 GiB 0.75          
MIN/MAX VAR: 0.67/1.33  STDDEV: 0.25
Probing round 7
Mon Oct  1 18:36:27 UTC 2018
ID CLASS WEIGHT  REWEIGHT SIZE    USE     AVAIL   %USE VAR  PGS 
 0   hdd 0.19530  1.00000 200 GiB 1.0 GiB 199 GiB 0.51 0.67 100 
 1   ssd 0.09769  1.00000 100 GiB 1.0 GiB  99 GiB 1.00 1.33 100 
 2   ssd 0.09769  1.00000 100 GiB 1.0 GiB  99 GiB 1.00 1.33 100 
                    TOTAL 400 GiB 3.0 GiB 397 GiB 0.75          
MIN/MAX VAR: 0.67/1.33  STDDEV: 0.25
Probing round 8
Mon Oct  1 18:36:28 UTC 2018
ID CLASS WEIGHT  REWEIGHT SIZE    USE     AVAIL   %USE VAR  PGS 
 0   hdd 0.19530  1.00000 200 GiB 1.0 GiB 199 GiB 0.51 0.67 100 
 1   ssd 0.09769  1.00000 100 GiB 1.0 GiB  99 GiB 1.00 1.33 100 
 2   ssd 0.09769  1.00000 100 GiB 1.0 GiB  99 GiB 1.00 1.33 100 
                    TOTAL 400 GiB 3.0 GiB 397 GiB 0.75          
MIN/MAX VAR: 0.67/1.33  STDDEV: 0.25
Probing round 9
Mon Oct  1 18:36:29 UTC 2018
ID CLASS WEIGHT  REWEIGHT SIZE    USE     AVAIL   %USE VAR  PGS 
 0   hdd 0.19530  1.00000 200 GiB 1.2 GiB 199 GiB 0.62 0.66 100 
 1   ssd 0.09769  1.00000 100 GiB 1.2 GiB  99 GiB 1.23 1.32 100 
 2   ssd 0.09769  1.00000 100 GiB 1.3 GiB  99 GiB 1.27 1.36 100 
                    TOTAL 400 GiB 3.7 GiB 396 GiB 0.94          
MIN/MAX VAR: 0.66/1.36  STDDEV: 0.32
Probing round 10
Mon Oct  1 18:36:31 UTC 2018
ID CLASS WEIGHT  REWEIGHT SIZE    USE     AVAIL   %USE VAR  PGS 
 0   hdd 0.19530  1.00000 200 GiB 1.2 GiB 199 GiB 0.62 0.66 100 
 1   ssd 0.09769  1.00000 100 GiB 1.2 GiB  99 GiB 1.23 1.32 100 
 2   ssd 0.09769  1.00000 100 GiB 1.3 GiB  99 GiB 1.27 1.36 100 
                    TOTAL 400 GiB 3.7 GiB 396 GiB 0.94          
MIN/MAX VAR: 0.66/1.36  STDDEV: 0.32
Probing round 11
Mon Oct  1 18:36:32 UTC 2018
ID CLASS WEIGHT  REWEIGHT SIZE    USE     AVAIL   %USE VAR  PGS 
 0   hdd 0.19530  1.00000 200 GiB 1.2 GiB 199 GiB 0.62 0.66 100 
 1   ssd 0.09769  1.00000 100 GiB 1.2 GiB  99 GiB 1.23 1.32 100 
 2   ssd 0.09769  1.00000 100 GiB 1.3 GiB  99 GiB 1.27 1.36 100 
                    TOTAL 400 GiB 3.7 GiB 396 GiB 0.94          
MIN/MAX VAR: 0.66/1.36  STDDEV: 0.32
Probing round 12
Mon Oct  1 18:36:33 UTC 2018
ID CLASS WEIGHT  REWEIGHT SIZE    USE     AVAIL   %USE VAR  PGS 
 0   hdd 0.19530  1.00000 200 GiB 1.2 GiB 199 GiB 0.62 0.66 100 
 1   ssd 0.09769  1.00000 100 GiB 1.2 GiB  99 GiB 1.23 1.32 100 
 2   ssd 0.09769  1.00000 100 GiB 1.3 GiB  99 GiB 1.27 1.36 100 
                    TOTAL 400 GiB 3.7 GiB 396 GiB 0.94          
MIN/MAX VAR: 0.66/1.36  STDDEV: 0.32
Probing round 13
Mon Oct  1 18:36:34 UTC 2018
ID CLASS WEIGHT  REWEIGHT SIZE    USE     AVAIL   %USE VAR  PGS 
 0   hdd 0.19530  1.00000 200 GiB 1.5 GiB 199 GiB 0.74 0.68 100 
 1   ssd 0.09769  1.00000 100 GiB 1.4 GiB  99 GiB 1.40 1.28 100 
 2   ssd 0.09769  1.00000 100 GiB 1.5 GiB  99 GiB 1.47 1.36 100 
                    TOTAL 400 GiB 4.3 GiB 396 GiB 1.09          
MIN/MAX VAR: 0.68/1.36  STDDEV: 0.35
Probing round 14
Mon Oct  1 18:36:36 UTC 2018
ID CLASS WEIGHT  REWEIGHT SIZE    USE     AVAIL   %USE VAR  PGS 
 0   hdd 0.19530  1.00000 200 GiB 1.5 GiB 199 GiB 0.74 0.68 100 
 1   ssd 0.09769  1.00000 100 GiB 1.4 GiB  99 GiB 1.40 1.28 100 
 2   ssd 0.09769  1.00000 100 GiB 1.5 GiB  99 GiB 1.47 1.36 100 
                    TOTAL 400 GiB 4.3 GiB 396 GiB 1.09          
MIN/MAX VAR: 0.68/1.36  STDDEV: 0.35
Probing round 15
Mon Oct  1 18:36:37 UTC 2018
ID CLASS WEIGHT  REWEIGHT SIZE    USE     AVAIL   %USE VAR  PGS 
 0   hdd 0.19530  1.00000 200 GiB 1.5 GiB 199 GiB 0.74 0.68 100 
 1   ssd 0.09769  1.00000 100 GiB 1.4 GiB  99 GiB 1.40 1.28 100 
 2   ssd 0.09769  1.00000 100 GiB 1.5 GiB  99 GiB 1.47 1.36 100 
                    TOTAL 400 GiB 4.3 GiB 396 GiB 1.09          
MIN/MAX VAR: 0.68/1.36  STDDEV: 0.35
Probing round 16
Mon Oct  1 18:36:39 UTC 2018
ID CLASS WEIGHT  REWEIGHT SIZE    USE     AVAIL   %USE VAR  PGS 
 0   hdd 0.19530  1.00000 200 GiB 1.7 GiB 198 GiB 0.83 0.67 100 
 1   ssd 0.09769  1.00000 100 GiB 1.7 GiB  98 GiB 1.65 1.35 100 
 2   ssd 0.09769  1.00000 100 GiB 1.6 GiB  98 GiB 1.61 1.31 100 
                    TOTAL 400 GiB 4.9 GiB 395 GiB 1.23          
MIN/MAX VAR: 0.67/1.35  STDDEV: 0.40
Probing round 17
Mon Oct  1 18:36:40 UTC 2018
ID CLASS WEIGHT  REWEIGHT SIZE    USE     AVAIL   %USE VAR  PGS 
 0   hdd 0.19530  1.00000 200 GiB 1.7 GiB 198 GiB 0.83 0.67 100 
 1   ssd 0.09769  1.00000 100 GiB 1.7 GiB  98 GiB 1.65 1.35 100 
 2   ssd 0.09769  1.00000 100 GiB 1.6 GiB  98 GiB 1.61 1.31 100 
                    TOTAL 400 GiB 4.9 GiB 395 GiB 1.23          
MIN/MAX VAR: 0.67/1.35  STDDEV: 0.40
Probing round 18
Mon Oct  1 18:36:41 UTC 2018
ID CLASS WEIGHT  REWEIGHT SIZE    USE     AVAIL   %USE VAR  PGS 
 0   hdd 0.19530  1.00000 200 GiB 1.7 GiB 198 GiB 0.83 0.67 100 
 1   ssd 0.09769  1.00000 100 GiB 1.7 GiB  98 GiB 1.65 1.35 100 
 2   ssd 0.09769  1.00000 100 GiB 1.6 GiB  98 GiB 1.61 1.31 100 
                    TOTAL 400 GiB 4.9 GiB 395 GiB 1.23          
MIN/MAX VAR: 0.67/1.35  STDDEV: 0.40
Probing round 19
Mon Oct  1 18:36:42 UTC 2018
ID CLASS WEIGHT  REWEIGHT SIZE    USE     AVAIL   %USE VAR  PGS 
 0   hdd 0.19530  1.00000 200 GiB 1.7 GiB 198 GiB 0.83 0.67 100 
 1   ssd 0.09769  1.00000 100 GiB 1.7 GiB  98 GiB 1.65 1.35 100 
 2   ssd 0.09769  1.00000 100 GiB 1.6 GiB  98 GiB 1.61 1.31 100 
                    TOTAL 400 GiB 4.9 GiB 395 GiB 1.23          
MIN/MAX VAR: 0.67/1.35  STDDEV: 0.40
Probing round 20
Mon Oct  1 18:36:44 UTC 2018
ID CLASS WEIGHT  REWEIGHT SIZE    USE     AVAIL   %USE VAR  PGS 
 0   hdd 0.19530  1.00000 200 GiB 1.7 GiB 198 GiB 0.83 0.67 100 
 1   ssd 0.09769  1.00000 100 GiB 1.7 GiB  98 GiB 1.65 1.35 100 
 2   ssd 0.09769  1.00000 100 GiB 1.6 GiB  98 GiB 1.61 1.31 100 
                    TOTAL 400 GiB 4.9 GiB 395 GiB 1.23          
MIN/MAX VAR: 0.67/1.35  STDDEV: 0.40
Probing round 21
Mon Oct  1 18:36:45 UTC 2018
ID CLASS WEIGHT  REWEIGHT SIZE    USE     AVAIL   %USE VAR  PGS 
 0   hdd 0.19530  1.00000 200 GiB 1.9 GiB 198 GiB 0.93 0.67 100 
 1   ssd 0.09769  1.00000 100 GiB 1.9 GiB  98 GiB 1.88 1.35 100 
 2   ssd 0.09769  1.00000 100 GiB 1.8 GiB  98 GiB 1.81 1.30 100 
                    TOTAL 400 GiB 5.6 GiB 394 GiB 1.39          
MIN/MAX VAR: 0.67/1.35  STDDEV: 0.46
Probing round 22
Mon Oct  1 18:36:47 UTC 2018
ID CLASS WEIGHT  REWEIGHT SIZE    USE     AVAIL   %USE VAR  PGS 
 0   hdd 0.19530  1.00000 200 GiB 1.9 GiB 198 GiB 0.93 0.67 100 
 1   ssd 0.09769  1.00000 100 GiB 1.9 GiB  98 GiB 1.88 1.35 100 
 2   ssd 0.09769  1.00000 100 GiB 1.8 GiB  98 GiB 1.81 1.30 100 
                    TOTAL 400 GiB 5.6 GiB 394 GiB 1.39          
MIN/MAX VAR: 0.67/1.35  STDDEV: 0.46
Probing round 23
Mon Oct  1 18:36:49 UTC 2018
ID CLASS WEIGHT  REWEIGHT SIZE    USE     AVAIL   %USE VAR  PGS 
 0   hdd 0.19530  1.00000 200 GiB 2.1 GiB 198 GiB 1.05 0.67 100 
 1   ssd 0.09769  1.00000 100 GiB 2.1 GiB  98 GiB 2.07 1.32 100 
 2   ssd 0.09769  1.00000 100 GiB 2.1 GiB  98 GiB 2.10 1.34 100 
                    TOTAL 400 GiB 6.3 GiB 394 GiB 1.57          
MIN/MAX VAR: 0.67/1.34  STDDEV: 0.52
Probing round 24
Mon Oct  1 18:36:51 UTC 2018
ID CLASS WEIGHT  REWEIGHT SIZE    USE     AVAIL   %USE VAR  PGS 
 0   hdd 0.19530  1.00000 200 GiB 2.1 GiB 198 GiB 1.05 0.67 100 
 1   ssd 0.09769  1.00000 100 GiB 2.1 GiB  98 GiB 2.07 1.32 100 
 2   ssd 0.09769  1.00000 100 GiB 2.1 GiB  98 GiB 2.10 1.34 100 
                    TOTAL 400 GiB 6.3 GiB 394 GiB 1.57          
MIN/MAX VAR: 0.67/1.34  STDDEV: 0.52
Probing round 25
Mon Oct  1 18:36:52 UTC 2018
ID CLASS WEIGHT  REWEIGHT SIZE    USE     AVAIL   %USE VAR  PGS 
 0   hdd 0.19530  1.00000 200 GiB 2.1 GiB 198 GiB 1.05 0.67 100 
 1   ssd 0.09769  1.00000 100 GiB 2.1 GiB  98 GiB 2.07 1.32 100 
 2   ssd 0.09769  1.00000 100 GiB 2.1 GiB  98 GiB 2.10 1.34 100 
                    TOTAL 400 GiB 6.3 GiB 394 GiB 1.57          
MIN/MAX VAR: 0.67/1.34  STDDEV: 0.52
Probing round 26
Mon Oct  1 18:36:54 UTC 2018
ID CLASS WEIGHT  REWEIGHT SIZE    USE     AVAIL   %USE VAR  PGS 
 0   hdd 0.19530  1.00000 200 GiB 2.1 GiB 198 GiB 1.05 0.67 100 
 1   ssd 0.09769  1.00000 100 GiB 2.1 GiB  98 GiB 2.07 1.32 100 
 2   ssd 0.09769  1.00000 100 GiB 2.1 GiB  98 GiB 2.10 1.34 100 
                    TOTAL 400 GiB 6.3 GiB 394 GiB 1.57          
MIN/MAX VAR: 0.67/1.34  STDDEV: 0.52
Probing round 27
Mon Oct  1 18:36:55 UTC 2018
ID CLASS WEIGHT  REWEIGHT SIZE    USE     AVAIL   %USE VAR  PGS 
 0   hdd 0.19530  1.00000 200 GiB 2.3 GiB 198 GiB 1.15 0.68 100 
 1   ssd 0.09769  1.00000 100 GiB 2.2 GiB  98 GiB 2.20 1.28 100 
 2   ssd 0.09769  1.00000 100 GiB 2.3 GiB  98 GiB 2.33 1.36 100 
                    TOTAL 400 GiB 6.8 GiB 393 GiB 1.71          
MIN/MAX VAR: 0.68/1.36  STDDEV: 0.56
Probing round 28
Mon Oct  1 18:36:56 UTC 2018
ID CLASS WEIGHT  REWEIGHT SIZE    USE     AVAIL   %USE VAR  PGS 
 0   hdd 0.19530  1.00000 200 GiB 2.3 GiB 198 GiB 1.15 0.68 100 
 1   ssd 0.09769  1.00000 100 GiB 2.2 GiB  98 GiB 2.20 1.28 100 
 2   ssd 0.09769  1.00000 100 GiB 2.3 GiB  98 GiB 2.33 1.36 100 
                    TOTAL 400 GiB 6.8 GiB 393 GiB 1.71          
MIN/MAX VAR: 0.68/1.36  STDDEV: 0.56
Probing round 29
Mon Oct  1 18:36:57 UTC 2018
ID CLASS WEIGHT  REWEIGHT SIZE    USE     AVAIL   %USE VAR  PGS 
 0   hdd 0.19530  1.00000 200 GiB 2.3 GiB 198 GiB 1.15 0.68 100 
 1   ssd 0.09769  1.00000 100 GiB 2.2 GiB  98 GiB 2.20 1.28 100 
 2   ssd 0.09769  1.00000 100 GiB 2.3 GiB  98 GiB 2.33 1.36 100 
                    TOTAL 400 GiB 6.8 GiB 393 GiB 1.71          
MIN/MAX VAR: 0.68/1.36  STDDEV: 0.56
Probing round 30
Mon Oct  1 18:36:59 UTC 2018
ID CLASS WEIGHT  REWEIGHT SIZE    USE     AVAIL   %USE VAR  PGS 
 0   hdd 0.19530  1.00000 200 GiB 2.5 GiB 198 GiB 1.25 0.67 100 
 1   ssd 0.09769  1.00000 100 GiB 2.4 GiB  98 GiB 2.43 1.32 100 
 2   ssd 0.09769  1.00000 100 GiB 2.5 GiB  98 GiB 2.47 1.34 100 
                    TOTAL 400 GiB 7.4 GiB 393 GiB 1.85          
MIN/MAX VAR: 0.67/1.34  STDDEV: 0.60
Probing round 31
Mon Oct  1 18:37:00 UTC 2018
ID CLASS WEIGHT  REWEIGHT SIZE    USE     AVAIL   %USE VAR  PGS 
 0   hdd 0.19530  1.00000 200 GiB 2.5 GiB 198 GiB 1.25 0.67 100 
 1   ssd 0.09769  1.00000 100 GiB 2.4 GiB  98 GiB 2.43 1.32 100 
 2   ssd 0.09769  1.00000 100 GiB 2.5 GiB  98 GiB 2.47 1.34 100 
                    TOTAL 400 GiB 7.4 GiB 393 GiB 1.85          
MIN/MAX VAR: 0.67/1.34  STDDEV: 0.60
Probing round 32
Mon Oct  1 18:37:01 UTC 2018
ID CLASS WEIGHT  REWEIGHT SIZE    USE     AVAIL   %USE VAR  PGS 
 0   hdd 0.19530  1.00000 200 GiB 2.5 GiB 198 GiB 1.25 0.67 100 
 1   ssd 0.09769  1.00000 100 GiB 2.4 GiB  98 GiB 2.43 1.32 100 
 2   ssd 0.09769  1.00000 100 GiB 2.5 GiB  98 GiB 2.47 1.34 100 
                    TOTAL 400 GiB 7.4 GiB 393 GiB 1.85          
MIN/MAX VAR: 0.67/1.34  STDDEV: 0.60
Probing round 33
Mon Oct  1 18:37:04 UTC 2018
ID CLASS WEIGHT  REWEIGHT SIZE    USE     AVAIL   %USE VAR  PGS 
 0   hdd 0.19530  1.00000 200 GiB 2.8 GiB 197 GiB 1.38 0.67 100 
 1   ssd 0.09769  1.00000 100 GiB 2.7 GiB  97 GiB 2.69 1.31 100 
 2   ssd 0.09769  1.00000 100 GiB 2.7 GiB  97 GiB 2.75 1.34 100 
                    TOTAL 400 GiB 8.2 GiB 392 GiB 2.05          
MIN/MAX VAR: 0.67/1.34  STDDEV: 0.67
Probing round 34
Mon Oct  1 18:37:06 UTC 2018
ID CLASS WEIGHT  REWEIGHT SIZE    USE     AVAIL   %USE VAR  PGS 
 0   hdd 0.19530  1.00000 200 GiB 2.8 GiB 197 GiB 1.38 0.67 100 
 1   ssd 0.09769  1.00000 100 GiB 2.7 GiB  97 GiB 2.69 1.31 100 
 2   ssd 0.09769  1.00000 100 GiB 2.7 GiB  97 GiB 2.75 1.34 100 
                    TOTAL 400 GiB 8.2 GiB 392 GiB 2.05          
MIN/MAX VAR: 0.67/1.34  STDDEV: 0.67
Probing round 35
Mon Oct  1 18:37:07 UTC 2018
ID CLASS WEIGHT  REWEIGHT SIZE    USE     AVAIL   %USE VAR  PGS 
 0   hdd 0.19530  1.00000 200 GiB 2.8 GiB 197 GiB 1.38 0.67 100 
 1   ssd 0.09769  1.00000 100 GiB 2.7 GiB  97 GiB 2.69 1.31 100 
 2   ssd 0.09769  1.00000 100 GiB 2.7 GiB  97 GiB 2.75 1.34 100 
                    TOTAL 400 GiB 8.2 GiB 392 GiB 2.05          
MIN/MAX VAR: 0.67/1.34  STDDEV: 0.67
Probing round 36
Mon Oct  1 18:37:09 UTC 2018
ID CLASS WEIGHT  REWEIGHT SIZE    USE     AVAIL   %USE VAR  PGS 
 0   hdd 0.19530  1.00000 200 GiB 2.8 GiB 197 GiB 1.38 0.65 100 
 1   ssd 0.09769  1.00000 100 GiB 2.8 GiB  97 GiB 2.83 1.32 100 
 2   ssd 0.09769  1.00000 100 GiB 3.0 GiB  97 GiB 2.96 1.38 100 
                    TOTAL 400 GiB 8.6 GiB 391 GiB 2.14          
MIN/MAX VAR: 0.65/1.38  STDDEV: 0.76
Probing round 37
Mon Oct  1 18:37:11 UTC 2018
ID CLASS WEIGHT  REWEIGHT SIZE    USE     AVAIL   %USE VAR  PGS 
 0   hdd 0.19530  1.00000 200 GiB 2.8 GiB 197 GiB 1.38 0.65 100 
 1   ssd 0.09769  1.00000 100 GiB 2.8 GiB  97 GiB 2.83 1.32 100 
 2   ssd 0.09769  1.00000 100 GiB 3.0 GiB  97 GiB 2.96 1.38 100 
                    TOTAL 400 GiB 8.6 GiB 391 GiB 2.14          
MIN/MAX VAR: 0.65/1.38  STDDEV: 0.76
Probing round 38
Mon Oct  1 18:37:13 UTC 2018
ID CLASS WEIGHT  REWEIGHT SIZE    USE     AVAIL   %USE VAR  PGS 
 0   hdd 0.19530  1.00000 200 GiB 2.8 GiB 197 GiB 1.38 0.65 100 
 1   ssd 0.09769  1.00000 100 GiB 2.8 GiB  97 GiB 2.83 1.32 100 
 2   ssd 0.09769  1.00000 100 GiB 3.0 GiB  97 GiB 2.96 1.38 100 
                    TOTAL 400 GiB 8.6 GiB 391 GiB 2.14          
MIN/MAX VAR: 0.65/1.38  STDDEV: 0.76
Probing round 39
Mon Oct  1 18:37:14 UTC 2018
ID CLASS WEIGHT  REWEIGHT SIZE    USE     AVAIL   %USE VAR  PGS 
 0   hdd 0.19530  1.00000 200 GiB 2.8 GiB 197 GiB 1.38 0.65 100 
 1   ssd 0.09769  1.00000 100 GiB 2.8 GiB  97 GiB 2.83 1.32 100 
 2   ssd 0.09769  1.00000 100 GiB 3.0 GiB  97 GiB 2.96 1.38 100 
                    TOTAL 400 GiB 8.6 GiB 391 GiB 2.14          
MIN/MAX VAR: 0.65/1.38  STDDEV: 0.76
Probing round 40
Mon Oct  1 18:37:15 UTC 2018
ID CLASS WEIGHT  REWEIGHT SIZE    USE     AVAIL   %USE VAR  PGS 
 0   hdd 0.19530  1.00000 200 GiB 3.1 GiB 197 GiB 1.56 0.66 100 
 1   ssd 0.09769  1.00000 100 GiB 3.1 GiB  97 GiB 3.14 1.33 100 
 2   ssd 0.09769  1.00000 100 GiB 3.2 GiB  97 GiB 3.18 1.35 100 
                    TOTAL 400 GiB 9.4 GiB 391 GiB 2.36          
MIN/MAX VAR: 0.66/1.35  STDDEV: 0.80
Probing round 41
Mon Oct  1 18:37:17 UTC 2018
ID CLASS WEIGHT  REWEIGHT SIZE    USE     AVAIL   %USE VAR  PGS 
 0   hdd 0.19530  1.00000 200 GiB 3.1 GiB 197 GiB 1.56 0.66 100 
 1   ssd 0.09769  1.00000 100 GiB 3.1 GiB  97 GiB 3.14 1.33 100 
 2   ssd 0.09769  1.00000 100 GiB 3.2 GiB  97 GiB 3.18 1.35 100 
                    TOTAL 400 GiB 9.4 GiB 391 GiB 2.36          
MIN/MAX VAR: 0.66/1.35  STDDEV: 0.80
Probing round 42
Mon Oct  1 18:37:18 UTC 2018
ID CLASS WEIGHT  REWEIGHT SIZE    USE     AVAIL   %USE VAR  PGS 
 0   hdd 0.19530  1.00000 200 GiB 3.3 GiB 197 GiB 1.66 0.67 100 
 1   ssd 0.09769  1.00000 100 GiB 3.3 GiB  97 GiB 3.31 1.34 100 
 2   ssd 0.09769  1.00000 100 GiB 3.3 GiB  97 GiB 3.25 1.32 100 
                    TOTAL 400 GiB 9.9 GiB 390 GiB 2.47          
MIN/MAX VAR: 0.67/1.34  STDDEV: 0.81
Probing round 43
Mon Oct  1 18:37:21 UTC 2018
ID CLASS WEIGHT  REWEIGHT SIZE    USE     AVAIL   %USE VAR  PGS 
 0   hdd 0.19530  1.00000 200 GiB 3.3 GiB 197 GiB 1.66 0.67 100 
 1   ssd 0.09769  1.00000 100 GiB 3.3 GiB  97 GiB 3.31 1.34 100 
 2   ssd 0.09769  1.00000 100 GiB 3.3 GiB  97 GiB 3.25 1.32 100 
                    TOTAL 400 GiB 9.9 GiB 390 GiB 2.47          
MIN/MAX VAR: 0.67/1.34  STDDEV: 0.81
Probing round 44
Mon Oct  1 18:37:22 UTC 2018
ID CLASS WEIGHT  REWEIGHT SIZE    USE     AVAIL   %USE VAR  PGS 
 0   hdd 0.19530  1.00000 200 GiB 3.3 GiB 197 GiB 1.66 0.67 100 
 1   ssd 0.09769  1.00000 100 GiB 3.3 GiB  97 GiB 3.31 1.34 100 
 2   ssd 0.09769  1.00000 100 GiB 3.3 GiB  97 GiB 3.25 1.32 100 
                    TOTAL 400 GiB 9.9 GiB 390 GiB 2.47          
MIN/MAX VAR: 0.67/1.34  STDDEV: 0.81
Probing round 45
Mon Oct  1 18:37:24 UTC 2018
ID CLASS WEIGHT  REWEIGHT SIZE    USE     AVAIL   %USE VAR  PGS 
 0   hdd 0.19530  1.00000 200 GiB 3.3 GiB 197 GiB 1.66 0.67 100 
 1   ssd 0.09769  1.00000 100 GiB 3.3 GiB  97 GiB 3.31 1.34 100 
 2   ssd 0.09769  1.00000 100 GiB 3.3 GiB  97 GiB 3.25 1.32 100 
                    TOTAL 400 GiB 9.9 GiB 390 GiB 2.47          
MIN/MAX VAR: 0.67/1.34  STDDEV: 0.81
Probing round 46
Mon Oct  1 18:37:25 UTC 2018
ID CLASS WEIGHT  REWEIGHT SIZE    USE     AVAIL   %USE VAR  PGS 
 0   hdd 0.19530  1.00000 200 GiB 3.5 GiB 197 GiB 1.73 0.66 100 
 1   ssd 0.09769  1.00000 100 GiB 3.6 GiB  96 GiB 3.56 1.35 100 
 2   ssd 0.09769  1.00000 100 GiB 3.5 GiB  96 GiB 3.50 1.33 100 
                    TOTAL 400 GiB  11 GiB 389 GiB 2.63          
MIN/MAX VAR: 0.66/1.35  STDDEV: 0.90
Probing round 47
Mon Oct  1 18:37:26 UTC 2018
ID CLASS WEIGHT  REWEIGHT SIZE    USE     AVAIL   %USE VAR  PGS 
 0   hdd 0.19530  1.00000 200 GiB 3.5 GiB 197 GiB 1.73 0.66 100 
 1   ssd 0.09769  1.00000 100 GiB 3.6 GiB  96 GiB 3.56 1.35 100 
 2   ssd 0.09769  1.00000 100 GiB 3.5 GiB  96 GiB 3.50 1.33 100 
                    TOTAL 400 GiB  11 GiB 389 GiB 2.63          
MIN/MAX VAR: 0.66/1.35  STDDEV: 0.90
Probing round 48
Mon Oct  1 18:37:28 UTC 2018
ID CLASS WEIGHT  REWEIGHT SIZE    USE     AVAIL   %USE VAR  PGS 
 0   hdd 0.19530  1.00000 200 GiB 3.5 GiB 197 GiB 1.73 0.66 100 
 1   ssd 0.09769  1.00000 100 GiB 3.6 GiB  96 GiB 3.56 1.35 100 
 2   ssd 0.09769  1.00000 100 GiB 3.5 GiB  96 GiB 3.50 1.33 100 
                    TOTAL 400 GiB  11 GiB 389 GiB 2.63          
MIN/MAX VAR: 0.66/1.35  STDDEV: 0.90
Probing round 49
Mon Oct  1 18:37:29 UTC 2018
ID CLASS WEIGHT  REWEIGHT SIZE    USE     AVAIL   %USE VAR  PGS 
 0   hdd 0.19530  1.00000 200 GiB 3.8 GiB 196 GiB 1.90 0.68 100 
 1   ssd 0.09769  1.00000 100 GiB 3.7 GiB  96 GiB 3.69 1.32 100 
 2   ssd 0.09769  1.00000 100 GiB 3.7 GiB  96 GiB 3.72 1.33 100 
                    TOTAL 400 GiB  11 GiB 389 GiB 2.80          
MIN/MAX VAR: 0.68/1.33  STDDEV: 0.91
Probing round 50
Mon Oct  1 18:37:31 UTC 2018
ID CLASS WEIGHT  REWEIGHT SIZE    USE     AVAIL   %USE VAR  PGS 
 0   hdd 0.19530  1.00000 200 GiB 3.8 GiB 196 GiB 1.90 0.68 100 
 1   ssd 0.09769  1.00000 100 GiB 3.7 GiB  96 GiB 3.69 1.32 100 
 2   ssd 0.09769  1.00000 100 GiB 3.7 GiB  96 GiB 3.72 1.33 100 
                    TOTAL 400 GiB  11 GiB 389 GiB 2.80          
MIN/MAX VAR: 0.68/1.33  STDDEV: 0.91
Probing round 51
Mon Oct  1 18:37:33 UTC 2018
ID CLASS WEIGHT  REWEIGHT SIZE    USE     AVAIL   %USE VAR  PGS 
 0   hdd 0.19530  1.00000 200 GiB 3.8 GiB 196 GiB 1.90 0.68 100 
 1   ssd 0.09769  1.00000 100 GiB 3.7 GiB  96 GiB 3.69 1.32 100 
 2   ssd 0.09769  1.00000 100 GiB 3.7 GiB  96 GiB 3.72 1.33 100 
                    TOTAL 400 GiB  11 GiB 389 GiB 2.80          
MIN/MAX VAR: 0.68/1.33  STDDEV: 0.91
Probing round 52
Mon Oct  1 18:37:34 UTC 2018
ID CLASS WEIGHT  REWEIGHT SIZE    USE     AVAIL   %USE VAR  PGS 
 0   hdd 0.19530  1.00000 200 GiB 3.8 GiB 196 GiB 1.90 0.68 100 
 1   ssd 0.09769  1.00000 100 GiB 3.7 GiB  96 GiB 3.69 1.32 100 
 2   ssd 0.09769  1.00000 100 GiB 3.7 GiB  96 GiB 3.72 1.33 100 
                    TOTAL 400 GiB  11 GiB 389 GiB 2.80          
MIN/MAX VAR: 0.68/1.33  STDDEV: 0.91
Probing round 53
Mon Oct  1 18:37:35 UTC 2018
ID CLASS WEIGHT  REWEIGHT SIZE    USE     AVAIL   %USE VAR  PGS 
 0   hdd 0.19530  1.00000 200 GiB 4.0 GiB 196 GiB 2.01 0.68 100 
 1   ssd 0.09769  1.00000 100 GiB 3.9 GiB  96 GiB 3.90 1.31 100 
 2   ssd 0.09769  1.00000 100 GiB 4.0 GiB  96 GiB 3.95 1.33 100 
                    TOTAL 400 GiB  12 GiB 388 GiB 2.97          
MIN/MAX VAR: 0.68/1.33  STDDEV: 0.96
Probing round 54
Mon Oct  1 18:37:36 UTC 2018
ID CLASS WEIGHT  REWEIGHT SIZE    USE     AVAIL   %USE VAR  PGS 
 0   hdd 0.19530  1.00000 200 GiB 4.0 GiB 196 GiB 2.01 0.68 100 
 1   ssd 0.09769  1.00000 100 GiB 3.9 GiB  96 GiB 3.90 1.31 100 
 2   ssd 0.09769  1.00000 100 GiB 4.0 GiB  96 GiB 3.95 1.33 100 
                    TOTAL 400 GiB  12 GiB 388 GiB 2.97          
MIN/MAX VAR: 0.68/1.33  STDDEV: 0.96
Probing round 55
Mon Oct  1 18:37:38 UTC 2018
ID CLASS WEIGHT  REWEIGHT SIZE    USE     AVAIL   %USE VAR  PGS 
 0   hdd 0.19530  1.00000 200 GiB 4.0 GiB 196 GiB 2.01 0.68 100 
 1   ssd 0.09769  1.00000 100 GiB 3.9 GiB  96 GiB 3.90 1.31 100 
 2   ssd 0.09769  1.00000 100 GiB 4.0 GiB  96 GiB 3.95 1.33 100 
                    TOTAL 400 GiB  12 GiB 388 GiB 2.97          
MIN/MAX VAR: 0.68/1.33  STDDEV: 0.96
Probing round 56
Mon Oct  1 18:37:39 UTC 2018
ID CLASS WEIGHT  REWEIGHT SIZE    USE     AVAIL   %USE VAR  PGS 
 0   hdd 0.19530  1.00000 200 GiB 4.2 GiB 196 GiB 2.12 0.68 100 
 1   ssd 0.09769  1.00000 100 GiB 4.0 GiB  96 GiB 4.04 1.29 100 
 2   ssd 0.09769  1.00000 100 GiB 4.3 GiB  96 GiB 4.26 1.36 100 
                    TOTAL 400 GiB  13 GiB 387 GiB 3.14          
MIN/MAX VAR: 0.68/1.36  STDDEV: 1.02
Probing round 57
Mon Oct  1 18:37:40 UTC 2018
ID CLASS WEIGHT  REWEIGHT SIZE    USE     AVAIL   %USE VAR  PGS 
 0   hdd 0.19530  1.00000 200 GiB 4.2 GiB 196 GiB 2.12 0.68 100 
 1   ssd 0.09769  1.00000 100 GiB 4.0 GiB  96 GiB 4.04 1.29 100 
 2   ssd 0.09769  1.00000 100 GiB 4.3 GiB  96 GiB 4.26 1.36 100 
                    TOTAL 400 GiB  13 GiB 387 GiB 3.14          
MIN/MAX VAR: 0.68/1.36  STDDEV: 1.02
Probing round 58
Mon Oct  1 18:37:42 UTC 2018
ID CLASS WEIGHT  REWEIGHT SIZE    USE     AVAIL   %USE VAR  PGS 
 0   hdd 0.19530  1.00000 200 GiB 4.2 GiB 196 GiB 2.12 0.68 100 
 1   ssd 0.09769  1.00000 100 GiB 4.0 GiB  96 GiB 4.04 1.29 100 
 2   ssd 0.09769  1.00000 100 GiB 4.3 GiB  96 GiB 4.26 1.36 100 
                    TOTAL 400 GiB  13 GiB 387 GiB 3.14          
MIN/MAX VAR: 0.68/1.36  STDDEV: 1.02
Probing round 59
Mon Oct  1 18:37:43 UTC 2018
ID CLASS WEIGHT  REWEIGHT SIZE    USE     AVAIL   %USE VAR  PGS 
 0   hdd 0.19530  1.00000 200 GiB 4.2 GiB 196 GiB 2.12 0.68 100 
 1   ssd 0.09769  1.00000 100 GiB 4.0 GiB  96 GiB 4.04 1.29 100 
 2   ssd 0.09769  1.00000 100 GiB 4.3 GiB  96 GiB 4.26 1.36 100 
                    TOTAL 400 GiB  13 GiB 387 GiB 3.14          
MIN/MAX VAR: 0.68/1.36  STDDEV: 1.02
Probing round 60
Mon Oct  1 18:37:45 UTC 2018
ID CLASS WEIGHT  REWEIGHT SIZE    USE     AVAIL   %USE VAR  PGS 
 0   hdd 0.19530  1.00000 200 GiB 4.5 GiB 196 GiB 2.23 0.67 100 
 1   ssd 0.09769  1.00000 100 GiB 4.4 GiB  96 GiB 4.36 1.32 100 
 2   ssd 0.09769  1.00000 100 GiB 4.4 GiB  96 GiB 4.43 1.34 100 
                    TOTAL 400 GiB  13 GiB 387 GiB 3.31          
MIN/MAX VAR: 0.67/1.34  STDDEV: 1.08
Probing round 61
Mon Oct  1 18:37:46 UTC 2018
ID CLASS WEIGHT  REWEIGHT SIZE    USE     AVAIL   %USE VAR  PGS 
 0   hdd 0.19530  1.00000 200 GiB 4.5 GiB 196 GiB 2.23 0.67 100 
 1   ssd 0.09769  1.00000 100 GiB 4.4 GiB  96 GiB 4.36 1.32 100 
 2   ssd 0.09769  1.00000 100 GiB 4.4 GiB  96 GiB 4.43 1.34 100 
                    TOTAL 400 GiB  13 GiB 387 GiB 3.31          
MIN/MAX VAR: 0.67/1.34  STDDEV: 1.08
Probing round 62
Mon Oct  1 18:37:48 UTC 2018
ID CLASS WEIGHT  REWEIGHT SIZE    USE     AVAIL   %USE VAR  PGS 
 0   hdd 0.19530  1.00000 200 GiB 4.5 GiB 196 GiB 2.23 0.67 100 
 1   ssd 0.09769  1.00000 100 GiB 4.4 GiB  96 GiB 4.36 1.32 100 
 2   ssd 0.09769  1.00000 100 GiB 4.4 GiB  96 GiB 4.43 1.34 100 
                    TOTAL 400 GiB  13 GiB 387 GiB 3.31          
MIN/MAX VAR: 0.67/1.34  STDDEV: 1.08
Probing round 63
Mon Oct  1 18:37:49 UTC 2018
ID CLASS WEIGHT  REWEIGHT SIZE    USE     AVAIL   %USE VAR  PGS 
 0   hdd 0.19530  1.00000 200 GiB 4.5 GiB 196 GiB 2.23 0.66 100 
 1   ssd 0.09769  1.00000 100 GiB 4.6 GiB  95 GiB 4.58 1.35 100 
 2   ssd 0.09769  1.00000 100 GiB 4.5 GiB  95 GiB 4.50 1.33 100 
                    TOTAL 400 GiB  14 GiB 386 GiB 3.38          
MIN/MAX VAR: 0.66/1.35  STDDEV: 1.16
Probing round 64
Mon Oct  1 18:37:50 UTC 2018
ID CLASS WEIGHT  REWEIGHT SIZE    USE     AVAIL   %USE VAR  PGS 
 0   hdd 0.19530  1.00000 200 GiB 4.5 GiB 196 GiB 2.23 0.66 100 
 1   ssd 0.09769  1.00000 100 GiB 4.6 GiB  95 GiB 4.58 1.35 100 
 2   ssd 0.09769  1.00000 100 GiB 4.5 GiB  95 GiB 4.50 1.33 100 
                    TOTAL 400 GiB  14 GiB 386 GiB 3.38          
MIN/MAX VAR: 0.66/1.35  STDDEV: 1.16
Probing round 65
Mon Oct  1 18:37:51 UTC 2018
ID CLASS WEIGHT  REWEIGHT SIZE    USE     AVAIL   %USE VAR  PGS 
 0   hdd 0.19530  1.00000 200 GiB 4.5 GiB 196 GiB 2.23 0.66 100 
 1   ssd 0.09769  1.00000 100 GiB 4.6 GiB  95 GiB 4.58 1.35 100 
 2   ssd 0.09769  1.00000 100 GiB 4.5 GiB  95 GiB 4.50 1.33 100 
                    TOTAL 400 GiB  14 GiB 386 GiB 3.38          
MIN/MAX VAR: 0.66/1.35  STDDEV: 1.16
Probing round 66
Mon Oct  1 18:37:53 UTC 2018
ID CLASS WEIGHT  REWEIGHT SIZE    USE     AVAIL   %USE VAR  PGS 
 0   hdd 0.19530  1.00000 200 GiB 4.5 GiB 196 GiB 2.23 0.66 100 
 1   ssd 0.09769  1.00000 100 GiB 4.6 GiB  95 GiB 4.58 1.35 100 
 2   ssd 0.09769  1.00000 100 GiB 4.5 GiB  95 GiB 4.50 1.33 100 
                    TOTAL 400 GiB  14 GiB 386 GiB 3.38          
MIN/MAX VAR: 0.66/1.35  STDDEV: 1.16
Probing round 67
Mon Oct  1 18:37:54 UTC 2018
ID CLASS WEIGHT  REWEIGHT SIZE    USE     AVAIL   %USE VAR  PGS 
 0   hdd 0.19530  1.00000 200 GiB 4.8 GiB 195 GiB 2.42 0.66 100 
 1   ssd 0.09769  1.00000 100 GiB 4.9 GiB  95 GiB 4.85 1.33 100 
 2   ssd 0.09769  1.00000 100 GiB 4.9 GiB  95 GiB 4.90 1.34 100 
                    TOTAL 400 GiB  15 GiB 385 GiB 3.65          
MIN/MAX VAR: 0.66/1.34  STDDEV: 1.23
Probing round 68
Mon Oct  1 18:37:56 UTC 2018
ID CLASS WEIGHT  REWEIGHT SIZE    USE     AVAIL   %USE VAR  PGS 
 0   hdd 0.19530  1.00000 200 GiB 4.8 GiB 195 GiB 2.42 0.66 100 
 1   ssd 0.09769  1.00000 100 GiB 4.9 GiB  95 GiB 4.85 1.33 100 
 2   ssd 0.09769  1.00000 100 GiB 4.9 GiB  95 GiB 4.90 1.34 100 
                    TOTAL 400 GiB  15 GiB 385 GiB 3.65          
MIN/MAX VAR: 0.66/1.34  STDDEV: 1.23
Probing round 69
Mon Oct  1 18:37:57 UTC 2018
ID CLASS WEIGHT  REWEIGHT SIZE    USE     AVAIL   %USE VAR  PGS 
 0   hdd 0.19530  1.00000 200 GiB 4.8 GiB 195 GiB 2.42 0.66 100 
 1   ssd 0.09769  1.00000 100 GiB 4.9 GiB  95 GiB 4.85 1.33 100 
 2   ssd 0.09769  1.00000 100 GiB 4.9 GiB  95 GiB 4.90 1.34 100 
                    TOTAL 400 GiB  15 GiB 385 GiB 3.65          
MIN/MAX VAR: 0.66/1.34  STDDEV: 1.23
Probing round 70
Mon Oct  1 18:37:58 UTC 2018
ID CLASS WEIGHT  REWEIGHT SIZE    USE     AVAIL   %USE VAR  PGS 
 0   hdd 0.19530  1.00000 200 GiB 5.0 GiB 195 GiB 2.50 0.66 100 
 1   ssd 0.09769  1.00000 100 GiB 5.1 GiB  95 GiB 5.09 1.34 100 
 2   ssd 0.09769  1.00000 100 GiB 5.1 GiB  95 GiB 5.12 1.35 100 
                    TOTAL 400 GiB  15 GiB 385 GiB 3.80          
MIN/MAX VAR: 0.66/1.35  STDDEV: 1.30
Probing round 71
Mon Oct  1 18:38:01 UTC 2018
ID CLASS WEIGHT  REWEIGHT SIZE    USE     AVAIL   %USE VAR  PGS 
 0   hdd 0.19530  1.00000 200 GiB 5.0 GiB 195 GiB 2.50 0.66 100 
 1   ssd 0.09769  1.00000 100 GiB 5.1 GiB  95 GiB 5.09 1.34 100 
 2   ssd 0.09769  1.00000 100 GiB 5.1 GiB  95 GiB 5.12 1.35 100 
                    TOTAL 400 GiB  15 GiB 385 GiB 3.80          
MIN/MAX VAR: 0.66/1.35  STDDEV: 1.30
Probing round 72
Mon Oct  1 18:38:02 UTC 2018
ID CLASS WEIGHT  REWEIGHT SIZE    USE     AVAIL   %USE VAR  PGS 
 0   hdd 0.19530  1.00000 200 GiB 5.0 GiB 195 GiB 2.50 0.66 100 
 1   ssd 0.09769  1.00000 100 GiB 5.1 GiB  95 GiB 5.09 1.34 100 
 2   ssd 0.09769  1.00000 100 GiB 5.1 GiB  95 GiB 5.12 1.35 100 
                    TOTAL 400 GiB  15 GiB 385 GiB 3.80          
MIN/MAX VAR: 0.66/1.35  STDDEV: 1.30
Probing round 73
Mon Oct  1 18:38:04 UTC 2018
ID CLASS WEIGHT  REWEIGHT SIZE    USE     AVAIL   %USE VAR  PGS 
 0   hdd 0.19530  1.00000 200 GiB 5.0 GiB 195 GiB 2.50 0.66 100 
 1   ssd 0.09769  1.00000 100 GiB 5.1 GiB  95 GiB 5.09 1.34 100 
 2   ssd 0.09769  1.00000 100 GiB 5.1 GiB  95 GiB 5.12 1.35 100 
                    TOTAL 400 GiB  15 GiB 385 GiB 3.80          
MIN/MAX VAR: 0.66/1.35  STDDEV: 1.30
Probing round 74
Mon Oct  1 18:38:05 UTC 2018
ID CLASS WEIGHT  REWEIGHT SIZE    USE     AVAIL   %USE VAR  PGS 
 0   hdd 0.19530  1.00000 200 GiB 5.3 GiB 195 GiB 2.65 0.67 100 
 1   ssd 0.09769  1.00000 100 GiB 5.3 GiB  95 GiB 5.31 1.34 100 
 2   ssd 0.09769  1.00000 100 GiB 5.2 GiB  95 GiB 5.19 1.31 100 
                    TOTAL 400 GiB  16 GiB 384 GiB 3.95          
MIN/MAX VAR: 0.67/1.34  STDDEV: 1.30
Probing round 75
Mon Oct  1 18:38:06 UTC 2018
ID CLASS WEIGHT  REWEIGHT SIZE    USE     AVAIL   %USE VAR  PGS 
 0   hdd 0.19530  1.00000 200 GiB 5.3 GiB 195 GiB 2.65 0.67 100 
 1   ssd 0.09769  1.00000 100 GiB 5.3 GiB  95 GiB 5.31 1.34 100 
 2   ssd 0.09769  1.00000 100 GiB 5.2 GiB  95 GiB 5.19 1.31 100 
                    TOTAL 400 GiB  16 GiB 384 GiB 3.95          
MIN/MAX VAR: 0.67/1.34  STDDEV: 1.30
Probing round 76
Mon Oct  1 18:38:07 UTC 2018
ID CLASS WEIGHT  REWEIGHT SIZE    USE     AVAIL   %USE VAR  PGS 
 0   hdd 0.19530  1.00000 200 GiB 5.3 GiB 195 GiB 2.65 0.67 100 
 1   ssd 0.09769  1.00000 100 GiB 5.3 GiB  95 GiB 5.31 1.34 100 
 2   ssd 0.09769  1.00000 100 GiB 5.2 GiB  95 GiB 5.19 1.31 100 
                    TOTAL 400 GiB  16 GiB 384 GiB 3.95          
MIN/MAX VAR: 0.67/1.34  STDDEV: 1.30
Probing round 77
Mon Oct  1 18:38:08 UTC 2018
ID CLASS WEIGHT  REWEIGHT SIZE    USE     AVAIL   %USE VAR  PGS 
 0   hdd 0.19530  1.00000 200 GiB 5.3 GiB 195 GiB 2.66 0.67 100 
 1   ssd 0.09769  1.00000 100 GiB 5.3 GiB  95 GiB 5.31 1.33 100 
 2   ssd 0.09769  1.00000 100 GiB 5.3 GiB  95 GiB 5.31 1.33 100 
                    TOTAL 400 GiB  16 GiB 384 GiB 3.99          
MIN/MAX VAR: 0.67/1.33  STDDEV: 1.33
Probing round 78
Mon Oct  1 18:38:10 UTC 2018
ID CLASS WEIGHT  REWEIGHT SIZE    USE     AVAIL   %USE VAR  PGS 
 0   hdd 0.19530  1.00000 200 GiB 5.3 GiB 195 GiB 2.66 0.67 100 
 1   ssd 0.09769  1.00000 100 GiB 5.3 GiB  95 GiB 5.31 1.33 100 
 2   ssd 0.09769  1.00000 100 GiB 5.3 GiB  95 GiB 5.31 1.33 100 
                    TOTAL 400 GiB  16 GiB 384 GiB 3.99          
MIN/MAX VAR: 0.67/1.33  STDDEV: 1.33
Probing round 79
Mon Oct  1 18:38:11 UTC 2018
ID CLASS WEIGHT  REWEIGHT SIZE    USE     AVAIL   %USE VAR  PGS 
 0   hdd 0.19530  1.00000 200 GiB 5.3 GiB 195 GiB 2.66 0.67 100 
 1   ssd 0.09769  1.00000 100 GiB 5.3 GiB  95 GiB 5.31 1.33 100 
 2   ssd 0.09769  1.00000 100 GiB 5.3 GiB  95 GiB 5.31 1.33 100 
                    TOTAL 400 GiB  16 GiB 384 GiB 3.99          
MIN/MAX VAR: 0.67/1.33  STDDEV: 1.33
Probing round 80
Mon Oct  1 18:38:12 UTC 2018
ID CLASS WEIGHT  REWEIGHT SIZE    USE     AVAIL   %USE VAR  PGS 
 0   hdd 0.19530  1.00000 200 GiB 5.3 GiB 195 GiB 2.66 0.67 100 
 1   ssd 0.09769  1.00000 100 GiB 5.3 GiB  95 GiB 5.31 1.33 100 
 2   ssd 0.09769  1.00000 100 GiB 5.3 GiB  95 GiB 5.31 1.33 100 
                    TOTAL 400 GiB  16 GiB 384 GiB 3.99          
MIN/MAX VAR: 0.67/1.33  STDDEV: 1.33
Probing round 81
Mon Oct  1 18:38:13 UTC 2018
ID CLASS WEIGHT  REWEIGHT SIZE    USE     AVAIL   %USE VAR  PGS 
 0   hdd 0.19530  1.00000 200 GiB 5.3 GiB 195 GiB 2.66 0.67 100 
 1   ssd 0.09769  1.00000 100 GiB 5.3 GiB  95 GiB 5.31 1.33 100 
 2   ssd 0.09769  1.00000 100 GiB 5.3 GiB  95 GiB 5.31 1.33 100 
                    TOTAL 400 GiB  16 GiB 384 GiB 3.99          
MIN/MAX VAR: 0.67/1.33  STDDEV: 1.33
Probing round 82
Mon Oct  1 18:38:15 UTC 2018
ID CLASS WEIGHT  REWEIGHT SIZE    USE     AVAIL   %USE VAR  PGS 
 0   hdd 0.19530  1.00000 200 GiB 5.3 GiB 195 GiB 2.66 0.67 100 
 1   ssd 0.09769  1.00000 100 GiB 5.3 GiB  95 GiB 5.31 1.33 100 
 2   ssd 0.09769  1.00000 100 GiB 5.3 GiB  95 GiB 5.31 1.33 100 
                    TOTAL 400 GiB  16 GiB 384 GiB 3.99          
MIN/MAX VAR: 0.67/1.33  STDDEV: 1.33
Probing round 83
Mon Oct  1 18:38:16 UTC 2018
ID CLASS WEIGHT  REWEIGHT SIZE    USE     AVAIL   %USE VAR  PGS 
 0   hdd 0.19530  1.00000 200 GiB 5.3 GiB 195 GiB 2.66 0.67 100 
 1   ssd 0.09769  1.00000 100 GiB 5.3 GiB  95 GiB 5.31 1.33 100 
 2   ssd 0.09769  1.00000 100 GiB 5.3 GiB  95 GiB 5.31 1.33 100 
                    TOTAL 400 GiB  16 GiB 384 GiB 3.99          
MIN/MAX VAR: 0.67/1.33  STDDEV: 1.33
Probing round 84
Mon Oct  1 18:38:17 UTC 2018
ID CLASS WEIGHT  REWEIGHT SIZE    USE     AVAIL   %USE VAR  PGS 
 0   hdd 0.19530  1.00000 200 GiB 5.3 GiB 195 GiB 2.66 0.67 100 
 1   ssd 0.09769  1.00000 100 GiB 5.3 GiB  95 GiB 5.31 1.33 100 
 2   ssd 0.09769  1.00000 100 GiB 5.3 GiB  95 GiB 5.31 1.33 100 
                    TOTAL 400 GiB  16 GiB 384 GiB 3.99          
MIN/MAX VAR: 0.67/1.33  STDDEV: 1.33
Probing round 85
Mon Oct  1 18:38:18 UTC 2018
ID CLASS WEIGHT  REWEIGHT SIZE    USE     AVAIL   %USE VAR  PGS 
 0   hdd 0.19530  1.00000 200 GiB 5.3 GiB 195 GiB 2.66 0.67 100 
 1   ssd 0.09769  1.00000 100 GiB 5.3 GiB  95 GiB 5.31 1.33 100 
 2   ssd 0.09769  1.00000 100 GiB 5.3 GiB  95 GiB 5.31 1.33 100 
                    TOTAL 400 GiB  16 GiB 384 GiB 3.99          
MIN/MAX VAR: 0.67/1.33  STDDEV: 1.33
Probing round 86
Mon Oct  1 18:38:19 UTC 2018
ID CLASS WEIGHT  REWEIGHT SIZE    USE     AVAIL   %USE VAR  PGS 
 0   hdd 0.19530  1.00000 200 GiB 5.3 GiB 195 GiB 2.66 0.67 100 
 1   ssd 0.09769  1.00000 100 GiB 5.3 GiB  95 GiB 5.31 1.33 100 
 2   ssd 0.09769  1.00000 100 GiB 5.3 GiB  95 GiB 5.31 1.33 100 
                    TOTAL 400 GiB  16 GiB 384 GiB 3.99          
MIN/MAX VAR: 0.67/1.33  STDDEV: 1.33
Probing round 87
Mon Oct  1 18:38:21 UTC 2018
ID CLASS WEIGHT  REWEIGHT SIZE    USE     AVAIL   %USE VAR  PGS 
 0   hdd 0.19530  1.00000 200 GiB 5.3 GiB 195 GiB 2.66 0.67 100 
 1   ssd 0.09769  1.00000 100 GiB 5.3 GiB  95 GiB 5.31 1.33 100 
 2   ssd 0.09769  1.00000 100 GiB 5.3 GiB  95 GiB 5.31 1.33 100 
                    TOTAL 400 GiB  16 GiB 384 GiB 3.99          
MIN/MAX VAR: 0.67/1.33  STDDEV: 1.33
Probing round 88
Mon Oct  1 18:38:22 UTC 2018
ID CLASS WEIGHT  REWEIGHT SIZE    USE     AVAIL   %USE VAR  PGS 
 0   hdd 0.19530  1.00000 200 GiB 5.3 GiB 195 GiB 2.66 0.67 100 
 1   ssd 0.09769  1.00000 100 GiB 5.3 GiB  95 GiB 5.31 1.33 100 
 2   ssd 0.09769  1.00000 100 GiB 5.3 GiB  95 GiB 5.31 1.33 100 
                    TOTAL 400 GiB  16 GiB 384 GiB 3.99          
MIN/MAX VAR: 0.67/1.33  STDDEV: 1.33
Probing round 89
Mon Oct  1 18:38:23 UTC 2018
ID CLASS WEIGHT  REWEIGHT SIZE    USE     AVAIL   %USE VAR  PGS 
 0   hdd 0.19530  1.00000 200 GiB 5.3 GiB 195 GiB 2.66 0.67 100 
 1   ssd 0.09769  1.00000 100 GiB 5.3 GiB  95 GiB 5.31 1.33 100 
 2   ssd 0.09769  1.00000 100 GiB 5.3 GiB  95 GiB 5.31 1.33 100 
                    TOTAL 400 GiB  16 GiB 384 GiB 3.99          
MIN/MAX VAR: 0.67/1.33  STDDEV: 1.33
Probing round 90
Mon Oct  1 18:38:24 UTC 2018
ID CLASS WEIGHT  REWEIGHT SIZE    USE     AVAIL   %USE VAR  PGS 
 0   hdd 0.19530  1.00000 200 GiB 5.3 GiB 195 GiB 2.66 0.67 100 
 1   ssd 0.09769  1.00000 100 GiB 5.3 GiB  95 GiB 5.31 1.33 100 
 2   ssd 0.09769  1.00000 100 GiB 5.3 GiB  95 GiB 5.31 1.33 100 
                    TOTAL 400 GiB  16 GiB 384 GiB 3.99          
MIN/MAX VAR: 0.67/1.33  STDDEV: 1.33
Probing round 91
Mon Oct  1 18:38:26 UTC 2018
ID CLASS WEIGHT  REWEIGHT SIZE    USE     AVAIL   %USE VAR  PGS 
 0   hdd 0.19530  1.00000 200 GiB 5.3 GiB 195 GiB 2.66 0.67 100 
 1   ssd 0.09769  1.00000 100 GiB 5.3 GiB  95 GiB 5.31 1.33 100 
 2   ssd 0.09769  1.00000 100 GiB 5.3 GiB  95 GiB 5.31 1.33 100 
                    TOTAL 400 GiB  16 GiB 384 GiB 3.99          
MIN/MAX VAR: 0.67/1.33  STDDEV: 1.33
Probing round 92
Mon Oct  1 18:38:27 UTC 2018
ID CLASS WEIGHT  REWEIGHT SIZE    USE     AVAIL   %USE VAR  PGS 
 0   hdd 0.19530  1.00000 200 GiB 5.3 GiB 195 GiB 2.66 0.67 100 
 1   ssd 0.09769  1.00000 100 GiB 5.3 GiB  95 GiB 5.31 1.33 100 
 2   ssd 0.09769  1.00000 100 GiB 5.3 GiB  95 GiB 5.31 1.33 100 
                    TOTAL 400 GiB  16 GiB 384 GiB 3.99          
MIN/MAX VAR: 0.67/1.33  STDDEV: 1.33
Probing round 93
Mon Oct  1 18:38:28 UTC 2018
ID CLASS WEIGHT  REWEIGHT SIZE    USE     AVAIL   %USE VAR  PGS 
 0   hdd 0.19530  1.00000 200 GiB 5.3 GiB 195 GiB 2.66 0.67 100 
 1   ssd 0.09769  1.00000 100 GiB 5.3 GiB  95 GiB 5.31 1.33 100 
 2   ssd 0.09769  1.00000 100 GiB 5.3 GiB  95 GiB 5.31 1.33 100 
                    TOTAL 400 GiB  16 GiB 384 GiB 3.99          
MIN/MAX VAR: 0.67/1.33  STDDEV: 1.33
Probing round 94
Mon Oct  1 18:38:29 UTC 2018
ID CLASS WEIGHT  REWEIGHT SIZE    USE     AVAIL   %USE VAR  PGS 
 0   hdd 0.19530  1.00000 200 GiB 5.3 GiB 195 GiB 2.66 0.67 100 
 1   ssd 0.09769  1.00000 100 GiB 5.3 GiB  95 GiB 5.31 1.33 100 
 2   ssd 0.09769  1.00000 100 GiB 5.3 GiB  95 GiB 5.31 1.33 100 
                    TOTAL 400 GiB  16 GiB 384 GiB 3.99          
MIN/MAX VAR: 0.67/1.33  STDDEV: 1.33
Probing round 95
Mon Oct  1 18:38:30 UTC 2018
ID CLASS WEIGHT  REWEIGHT SIZE    USE     AVAIL   %USE VAR  PGS 
 0   hdd 0.19530  1.00000 200 GiB 5.3 GiB 195 GiB 2.66 0.67 100 
 1   ssd 0.09769  1.00000 100 GiB 5.3 GiB  95 GiB 5.31 1.33 100 
 2   ssd 0.09769  1.00000 100 GiB 5.3 GiB  95 GiB 5.31 1.33 100 
                    TOTAL 400 GiB  16 GiB 384 GiB 3.99          
MIN/MAX VAR: 0.67/1.33  STDDEV: 1.33
Probing round 96
Mon Oct  1 18:38:32 UTC 2018
ID CLASS WEIGHT  REWEIGHT SIZE    USE     AVAIL   %USE VAR  PGS 
 0   hdd 0.19530  1.00000 200 GiB 5.3 GiB 195 GiB 2.66 0.67 100 
 1   ssd 0.09769  1.00000 100 GiB 5.3 GiB  95 GiB 5.31 1.33 100 
 2   ssd 0.09769  1.00000 100 GiB 5.3 GiB  95 GiB 5.31 1.33 100 
                    TOTAL 400 GiB  16 GiB 384 GiB 3.99          
MIN/MAX VAR: 0.67/1.33  STDDEV: 1.33
Probing round 97
Mon Oct  1 18:38:33 UTC 2018
ID CLASS WEIGHT  REWEIGHT SIZE    USE     AVAIL   %USE VAR  PGS 
 0   hdd 0.19530  1.00000 200 GiB 5.3 GiB 195 GiB 2.66 0.67 100 
 1   ssd 0.09769  1.00000 100 GiB 5.3 GiB  95 GiB 5.31 1.33 100 
 2   ssd 0.09769  1.00000 100 GiB 5.3 GiB  95 GiB 5.31 1.33 100 
                    TOTAL 400 GiB  16 GiB 384 GiB 3.99          
MIN/MAX VAR: 0.67/1.33  STDDEV: 1.33
Probing round 98
Mon Oct  1 18:38:34 UTC 2018
ID CLASS WEIGHT  REWEIGHT SIZE    USE     AVAIL   %USE VAR  PGS 
 0   hdd 0.19530  1.00000 200 GiB 5.3 GiB 195 GiB 2.66 0.67 100 
 1   ssd 0.09769  1.00000 100 GiB 5.3 GiB  95 GiB 5.31 1.33 100 
 2   ssd 0.09769  1.00000 100 GiB 5.3 GiB  95 GiB 5.31 1.33 100 
                    TOTAL 400 GiB  16 GiB 384 GiB 3.99          
MIN/MAX VAR: 0.67/1.33  STDDEV: 1.33
Probing round 99
Mon Oct  1 18:38:35 UTC 2018
ID CLASS WEIGHT  REWEIGHT SIZE    USE     AVAIL   %USE VAR  PGS 
 0   hdd 0.19530  1.00000 200 GiB 5.3 GiB 195 GiB 2.66 0.67 100 
 1   ssd 0.09769  1.00000 100 GiB 5.3 GiB  95 GiB 5.31 1.33 100 
 2   ssd 0.09769  1.00000 100 GiB 5.3 GiB  95 GiB 5.31 1.33 100 
                    TOTAL 400 GiB  16 GiB 384 GiB 3.99          
MIN/MAX VAR: 0.67/1.33  STDDEV: 1.33
Probing round 100
Mon Oct  1 18:38:37 UTC 2018
ID CLASS WEIGHT  REWEIGHT SIZE    USE     AVAIL   %USE VAR  PGS 
 0   hdd 0.19530  1.00000 200 GiB 5.3 GiB 195 GiB 2.66 0.67 100 
 1   ssd 0.09769  1.00000 100 GiB 5.3 GiB  95 GiB 5.31 1.33 100 
 2   ssd 0.09769  1.00000 100 GiB 5.3 GiB  95 GiB 5.31 1.33 100 
                    TOTAL 400 GiB  16 GiB 384 GiB 3.99          
MIN/MAX VAR: 0.67/1.33  STDDEV: 1.33
Probing round 101
Mon Oct  1 18:38:38 UTC 2018
ID CLASS WEIGHT  REWEIGHT SIZE    USE     AVAIL   %USE VAR  PGS 
 0   hdd 0.19530  1.00000 200 GiB 5.3 GiB 195 GiB 2.66 0.67 100 
 1   ssd 0.09769  1.00000 100 GiB 5.3 GiB  95 GiB 5.31 1.33 100 
 2   ssd 0.09769  1.00000 100 GiB 5.3 GiB  95 GiB 5.31 1.33 100 
                    TOTAL 400 GiB  16 GiB 384 GiB 3.99          
MIN/MAX VAR: 0.67/1.33  STDDEV: 1.33
Probing round 102
Mon Oct  1 18:38:39 UTC 2018
ID CLASS WEIGHT  REWEIGHT SIZE    USE     AVAIL   %USE VAR  PGS 
 0   hdd 0.19530  1.00000 200 GiB 5.3 GiB 195 GiB 2.66 0.67 100 
 1   ssd 0.09769  1.00000 100 GiB 5.3 GiB  95 GiB 5.31 1.33 100 
 2   ssd 0.09769  1.00000 100 GiB 5.3 GiB  95 GiB 5.31 1.33 100 
                    TOTAL 400 GiB  16 GiB 384 GiB 3.99          
MIN/MAX VAR: 0.67/1.33  STDDEV: 1.33
Probing round 103
Mon Oct  1 18:38:40 UTC 2018
ID CLASS WEIGHT  REWEIGHT SIZE    USE     AVAIL   %USE VAR  PGS 
 0   hdd 0.19530  1.00000 200 GiB 5.3 GiB 195 GiB 2.66 0.67 100 
 1   ssd 0.09769  1.00000 100 GiB 5.3 GiB  95 GiB 5.31 1.33 100 
 2   ssd 0.09769  1.00000 100 GiB 5.3 GiB  95 GiB 5.31 1.33 100 
                    TOTAL 400 GiB  16 GiB 384 GiB 3.99          
MIN/MAX VAR: 0.67/1.33  STDDEV: 1.33
Probing round 104
Mon Oct  1 18:38:42 UTC 2018
ID CLASS WEIGHT  REWEIGHT SIZE    USE     AVAIL   %USE VAR  PGS 
 0   hdd 0.19530  1.00000 200 GiB 5.3 GiB 195 GiB 2.66 0.67 100 
 1   ssd 0.09769  1.00000 100 GiB 5.3 GiB  95 GiB 5.31 1.33 100 
 2   ssd 0.09769  1.00000 100 GiB 5.3 GiB  95 GiB 5.31 1.33 100 
                    TOTAL 400 GiB  16 GiB 384 GiB 3.99          
MIN/MAX VAR: 0.67/1.33  STDDEV: 1.33
Probing round 105
Mon Oct  1 18:38:43 UTC 2018
ID CLASS WEIGHT  REWEIGHT SIZE    USE     AVAIL   %USE VAR  PGS 
 0   hdd 0.19530  1.00000 200 GiB 5.3 GiB 195 GiB 2.66 0.67 100 
 1   ssd 0.09769  1.00000 100 GiB 5.3 GiB  95 GiB 5.31 1.33 100 
 2   ssd 0.09769  1.00000 100 GiB 5.3 GiB  95 GiB 5.31 1.33 100 
                    TOTAL 400 GiB  16 GiB 384 GiB 3.99          
MIN/MAX VAR: 0.67/1.33  STDDEV: 1.33
Probing round 106
Mon Oct  1 18:38:44 UTC 2018
ID CLASS WEIGHT  REWEIGHT SIZE    USE     AVAIL   %USE VAR  PGS 
 0   hdd 0.19530  1.00000 200 GiB 5.3 GiB 195 GiB 2.66 0.67 100 
 1   ssd 0.09769  1.00000 100 GiB 5.3 GiB  95 GiB 5.31 1.33 100 
 2   ssd 0.09769  1.00000 100 GiB 5.3 GiB  95 GiB 5.31 1.33 100 
                    TOTAL 400 GiB  16 GiB 384 GiB 3.99          
MIN/MAX VAR: 0.67/1.33  STDDEV: 1.33
Probing round 107
Mon Oct  1 18:38:45 UTC 2018
ID CLASS WEIGHT  REWEIGHT SIZE    USE     AVAIL   %USE VAR  PGS 
 0   hdd 0.19530  1.00000 200 GiB 5.3 GiB 195 GiB 2.66 0.67 100 
 1   ssd 0.09769  1.00000 100 GiB 5.3 GiB  95 GiB 5.31 1.33 100 
 2   ssd 0.09769  1.00000 100 GiB 5.3 GiB  95 GiB 5.31 1.33 100 
                    TOTAL 400 GiB  16 GiB 384 GiB 3.99          
MIN/MAX VAR: 0.67/1.33  STDDEV: 1.33
Probing round 108
Mon Oct  1 18:38:46 UTC 2018
ID CLASS WEIGHT  REWEIGHT SIZE    USE     AVAIL   %USE VAR  PGS 
 0   hdd 0.19530  1.00000 200 GiB 5.3 GiB 195 GiB 2.66 0.67 100 
 1   ssd 0.09769  1.00000 100 GiB 5.3 GiB  95 GiB 5.31 1.33 100 
 2   ssd 0.09769  1.00000 100 GiB 5.3 GiB  95 GiB 5.31 1.33 100 
                    TOTAL 400 GiB  16 GiB 384 GiB 3.99          
MIN/MAX VAR: 0.67/1.33  STDDEV: 1.33
Probing round 109
Mon Oct  1 18:38:48 UTC 2018
ID CLASS WEIGHT  REWEIGHT SIZE    USE     AVAIL   %USE VAR  PGS 
 0   hdd 0.19530  1.00000 200 GiB 5.3 GiB 195 GiB 2.66 0.67 100 
 1   ssd 0.09769  1.00000 100 GiB 5.3 GiB  95 GiB 5.31 1.33 100 
 2   ssd 0.09769  1.00000 100 GiB 5.3 GiB  95 GiB 5.31 1.33 100 
                    TOTAL 400 GiB  16 GiB 384 GiB 3.99          
MIN/MAX VAR: 0.67/1.33  STDDEV: 1.33
Probing round 110
Mon Oct  1 18:38:49 UTC 2018
ID CLASS WEIGHT  REWEIGHT SIZE    USE     AVAIL   %USE VAR  PGS 
 0   hdd 0.19530  1.00000 200 GiB 5.3 GiB 195 GiB 2.66 0.67 100 
 1   ssd 0.09769  1.00000 100 GiB 5.3 GiB  95 GiB 5.31 1.33 100 
 2   ssd 0.09769  1.00000 100 GiB 5.3 GiB  95 GiB 5.31 1.33 100 
                    TOTAL 400 GiB  16 GiB 384 GiB 3.99          
MIN/MAX VAR: 0.67/1.33  STDDEV: 1.33
