Probing round 1
Mon Oct  1 18:39:47 UTC 2018
ID CLASS WEIGHT  REWEIGHT SIZE    USE     AVAIL   %USE VAR  PGS 
 0   hdd 0.19530  1.00000 200 GiB 1.0 GiB 199 GiB 0.51 0.68 100 
 1   ssd 0.09769  1.00000 100 GiB 1.0 GiB  99 GiB 1.00 1.32 100 
 2   ssd 0.09769  1.00000 100 GiB 1.0 GiB  99 GiB 1.00 1.32 100 
                    TOTAL 400 GiB 3.0 GiB 397 GiB 0.76          
MIN/MAX VAR: 0.68/1.32  STDDEV: 0.24
Probing round 2
Mon Oct  1 18:39:49 UTC 2018
ID CLASS WEIGHT  REWEIGHT SIZE    USE     AVAIL   %USE VAR  PGS 
 0   hdd 0.19530  1.00000 200 GiB 1.0 GiB 199 GiB 0.51 0.68 100 
 1   ssd 0.09769  1.00000 100 GiB 1.0 GiB  99 GiB 1.00 1.32 100 
 2   ssd 0.09769  1.00000 100 GiB 1.0 GiB  99 GiB 1.00 1.32 100 
                    TOTAL 400 GiB 3.0 GiB 397 GiB 0.76          
MIN/MAX VAR: 0.68/1.32  STDDEV: 0.24
Probing round 3
Mon Oct  1 18:39:50 UTC 2018
ID CLASS WEIGHT  REWEIGHT SIZE    USE     AVAIL   %USE VAR  PGS 
 0   hdd 0.19530  1.00000 200 GiB 1.0 GiB 199 GiB 0.51 0.68 100 
 1   ssd 0.09769  1.00000 100 GiB 1.0 GiB  99 GiB 1.00 1.32 100 
 2   ssd 0.09769  1.00000 100 GiB 1.0 GiB  99 GiB 1.00 1.32 100 
                    TOTAL 400 GiB 3.0 GiB 397 GiB 0.76          
MIN/MAX VAR: 0.68/1.32  STDDEV: 0.24
Probing round 4
Mon Oct  1 18:39:52 UTC 2018
ID CLASS WEIGHT  REWEIGHT SIZE    USE     AVAIL   %USE VAR  PGS 
 0   hdd 0.19530  1.00000 200 GiB 1.0 GiB 199 GiB 0.51 0.68 100 
 1   ssd 0.09769  1.00000 100 GiB 1.0 GiB  99 GiB 1.00 1.32 100 
 2   ssd 0.09769  1.00000 100 GiB 1.0 GiB  99 GiB 1.00 1.32 100 
                    TOTAL 400 GiB 3.0 GiB 397 GiB 0.76          
MIN/MAX VAR: 0.68/1.32  STDDEV: 0.24
Probing round 5
Mon Oct  1 18:39:53 UTC 2018
ID CLASS WEIGHT  REWEIGHT SIZE    USE     AVAIL   %USE VAR  PGS 
 0   hdd 0.19530  1.00000 200 GiB 1.0 GiB 199 GiB 0.51 0.68 100 
 1   ssd 0.09769  1.00000 100 GiB 1.0 GiB  99 GiB 1.00 1.32 100 
 2   ssd 0.09769  1.00000 100 GiB 1.0 GiB  99 GiB 1.00 1.32 100 
                    TOTAL 400 GiB 3.0 GiB 397 GiB 0.76          
MIN/MAX VAR: 0.68/1.32  STDDEV: 0.24
Probing round 6
Mon Oct  1 18:39:55 UTC 2018
ID CLASS WEIGHT  REWEIGHT SIZE    USE     AVAIL   %USE VAR  PGS 
 0   hdd 0.19530  1.00000 200 GiB 1.3 GiB 199 GiB 0.66 0.77 100 
 1   ssd 0.09769  1.00000 100 GiB 1.0 GiB  99 GiB 1.05 1.22 100 
 2   ssd 0.09769  1.00000 100 GiB 1.1 GiB  99 GiB 1.07 1.25 100 
                    TOTAL 400 GiB 3.4 GiB 397 GiB 0.86          
MIN/MAX VAR: 0.77/1.25  STDDEV: 0.20
Probing round 7
Mon Oct  1 18:39:57 UTC 2018
ID CLASS WEIGHT  REWEIGHT SIZE    USE     AVAIL   %USE VAR  PGS 
 0   hdd 0.19530  1.00000 200 GiB 1.3 GiB 199 GiB 0.66 0.77 100 
 1   ssd 0.09769  1.00000 100 GiB 1.0 GiB  99 GiB 1.05 1.22 100 
 2   ssd 0.09769  1.00000 100 GiB 1.1 GiB  99 GiB 1.07 1.25 100 
                    TOTAL 400 GiB 3.4 GiB 397 GiB 0.86          
MIN/MAX VAR: 0.77/1.25  STDDEV: 0.20
Probing round 8
Mon Oct  1 18:39:58 UTC 2018
ID CLASS WEIGHT  REWEIGHT SIZE    USE     AVAIL   %USE VAR  PGS 
 0   hdd 0.19530  1.00000 200 GiB 1.8 GiB 198 GiB 0.88 0.86 100 
 1   ssd 0.09769  1.00000 100 GiB 1.2 GiB  99 GiB 1.17 1.14 100 
 2   ssd 0.09769  1.00000 100 GiB 1.2 GiB  99 GiB 1.17 1.14 100 
                    TOTAL 400 GiB 4.1 GiB 396 GiB 1.03          
MIN/MAX VAR: 0.86/1.14  STDDEV: 0.14
Probing round 9
Mon Oct  1 18:40:00 UTC 2018
ID CLASS WEIGHT  REWEIGHT SIZE    USE     AVAIL   %USE VAR  PGS 
 0   hdd 0.19530  1.00000 200 GiB 1.8 GiB 198 GiB 0.88 0.86 100 
 1   ssd 0.09769  1.00000 100 GiB 1.2 GiB  99 GiB 1.17 1.14 100 
 2   ssd 0.09769  1.00000 100 GiB 1.2 GiB  99 GiB 1.17 1.14 100 
                    TOTAL 400 GiB 4.1 GiB 396 GiB 1.03          
MIN/MAX VAR: 0.86/1.14  STDDEV: 0.14
Probing round 10
Mon Oct  1 18:40:02 UTC 2018
ID CLASS WEIGHT  REWEIGHT SIZE    USE     AVAIL   %USE VAR  PGS 
 0   hdd 0.19530  1.00000 200 GiB 1.8 GiB 198 GiB 0.88 0.86 100 
 1   ssd 0.09769  1.00000 100 GiB 1.2 GiB  99 GiB 1.17 1.14 100 
 2   ssd 0.09769  1.00000 100 GiB 1.2 GiB  99 GiB 1.17 1.14 100 
                    TOTAL 400 GiB 4.1 GiB 396 GiB 1.03          
MIN/MAX VAR: 0.86/1.14  STDDEV: 0.14
Probing round 11
Mon Oct  1 18:40:03 UTC 2018
ID CLASS WEIGHT  REWEIGHT SIZE    USE     AVAIL   %USE VAR  PGS 
 0   hdd 0.19530  1.00000 200 GiB 1.8 GiB 198 GiB 0.88 0.86 100 
 1   ssd 0.09769  1.00000 100 GiB 1.2 GiB  99 GiB 1.17 1.14 100 
 2   ssd 0.09769  1.00000 100 GiB 1.2 GiB  99 GiB 1.17 1.14 100 
                    TOTAL 400 GiB 4.1 GiB 396 GiB 1.03          
MIN/MAX VAR: 0.86/1.14  STDDEV: 0.14
Probing round 12
Mon Oct  1 18:40:05 UTC 2018
ID CLASS WEIGHT  REWEIGHT SIZE    USE     AVAIL   %USE VAR  PGS 
 0   hdd 0.19530  1.00000 200 GiB 2.0 GiB 198 GiB 1.01 0.90 100 
 1   ssd 0.09769  1.00000 100 GiB 1.2 GiB  99 GiB 1.25 1.12 100 
 2   ssd 0.09769  1.00000 100 GiB 1.2 GiB  99 GiB 1.20 1.07 100 
                    TOTAL 400 GiB 4.5 GiB 396 GiB 1.11          
MIN/MAX VAR: 0.90/1.12  STDDEV: 0.11
Probing round 13
Mon Oct  1 18:40:07 UTC 2018
ID CLASS WEIGHT  REWEIGHT SIZE    USE     AVAIL   %USE VAR  PGS 
 0   hdd 0.19530  1.00000 200 GiB 2.0 GiB 198 GiB 1.01 0.90 100 
 1   ssd 0.09769  1.00000 100 GiB 1.2 GiB  99 GiB 1.25 1.12 100 
 2   ssd 0.09769  1.00000 100 GiB 1.2 GiB  99 GiB 1.20 1.07 100 
                    TOTAL 400 GiB 4.5 GiB 396 GiB 1.11          
MIN/MAX VAR: 0.90/1.12  STDDEV: 0.11
Probing round 14
Mon Oct  1 18:40:08 UTC 2018
ID CLASS WEIGHT  REWEIGHT SIZE    USE     AVAIL   %USE VAR  PGS 
 0   hdd 0.19530  1.00000 200 GiB 2.4 GiB 198 GiB 1.18 0.93 100 
 1   ssd 0.09769  1.00000 100 GiB 1.3 GiB  99 GiB 1.33 1.05 100 
 2   ssd 0.09769  1.00000 100 GiB 1.4 GiB  99 GiB 1.40 1.10 100 
                    TOTAL 400 GiB 5.1 GiB 395 GiB 1.27          
MIN/MAX VAR: 0.93/1.10  STDDEV: 0.10
Probing round 15
Mon Oct  1 18:40:10 UTC 2018
ID CLASS WEIGHT  REWEIGHT SIZE    USE     AVAIL   %USE VAR  PGS 
 0   hdd 0.19530  1.00000 200 GiB 2.4 GiB 198 GiB 1.18 0.93 100 
 1   ssd 0.09769  1.00000 100 GiB 1.3 GiB  99 GiB 1.33 1.05 100 
 2   ssd 0.09769  1.00000 100 GiB 1.4 GiB  99 GiB 1.40 1.10 100 
                    TOTAL 400 GiB 5.1 GiB 395 GiB 1.27          
MIN/MAX VAR: 0.93/1.10  STDDEV: 0.10
Probing round 16
Mon Oct  1 18:40:11 UTC 2018
ID CLASS WEIGHT  REWEIGHT SIZE    USE     AVAIL   %USE VAR  PGS 
 0   hdd 0.19530  1.00000 200 GiB 2.4 GiB 198 GiB 1.18 0.93 100 
 1   ssd 0.09769  1.00000 100 GiB 1.3 GiB  99 GiB 1.33 1.05 100 
 2   ssd 0.09769  1.00000 100 GiB 1.4 GiB  99 GiB 1.40 1.10 100 
                    TOTAL 400 GiB 5.1 GiB 395 GiB 1.27          
MIN/MAX VAR: 0.93/1.10  STDDEV: 0.10
Probing round 17
Mon Oct  1 18:40:13 UTC 2018
ID CLASS WEIGHT  REWEIGHT SIZE    USE     AVAIL   %USE VAR  PGS 
 0   hdd 0.19530  1.00000 200 GiB 2.4 GiB 198 GiB 1.18 0.93 100 
 1   ssd 0.09769  1.00000 100 GiB 1.3 GiB  99 GiB 1.33 1.05 100 
 2   ssd 0.09769  1.00000 100 GiB 1.4 GiB  99 GiB 1.40 1.10 100 
                    TOTAL 400 GiB 5.1 GiB 395 GiB 1.27          
MIN/MAX VAR: 0.93/1.10  STDDEV: 0.10
Probing round 18
Mon Oct  1 18:40:15 UTC 2018
ID CLASS WEIGHT  REWEIGHT SIZE    USE     AVAIL   %USE VAR  PGS 
 0   hdd 0.19530  1.00000 200 GiB 2.8 GiB 197 GiB 1.38 0.97 100 
 1   ssd 0.09769  1.00000 100 GiB 1.4 GiB  99 GiB 1.44 1.01 100 
 2   ssd 0.09769  1.00000 100 GiB 1.5 GiB  98 GiB 1.50 1.05 100 
                    TOTAL 400 GiB 5.7 GiB 394 GiB 1.42          
MIN/MAX VAR: 0.97/1.05  STDDEV: 0.05
Probing round 19
Mon Oct  1 18:40:16 UTC 2018
ID CLASS WEIGHT  REWEIGHT SIZE    USE     AVAIL   %USE VAR  PGS 
 0   hdd 0.19530  1.00000 200 GiB 2.8 GiB 197 GiB 1.38 0.97 100 
 1   ssd 0.09769  1.00000 100 GiB 1.4 GiB  99 GiB 1.44 1.01 100 
 2   ssd 0.09769  1.00000 100 GiB 1.5 GiB  98 GiB 1.50 1.05 100 
                    TOTAL 400 GiB 5.7 GiB 394 GiB 1.42          
MIN/MAX VAR: 0.97/1.05  STDDEV: 0.05
Probing round 20
Mon Oct  1 18:40:18 UTC 2018
ID CLASS WEIGHT  REWEIGHT SIZE    USE     AVAIL   %USE VAR  PGS 
 0   hdd 0.19530  1.00000 200 GiB 2.8 GiB 197 GiB 1.38 0.97 100 
 1   ssd 0.09769  1.00000 100 GiB 1.4 GiB  99 GiB 1.44 1.01 100 
 2   ssd 0.09769  1.00000 100 GiB 1.5 GiB  98 GiB 1.50 1.05 100 
                    TOTAL 400 GiB 5.7 GiB 394 GiB 1.42          
MIN/MAX VAR: 0.97/1.05  STDDEV: 0.05
Probing round 21
Mon Oct  1 18:40:19 UTC 2018
ID CLASS WEIGHT  REWEIGHT SIZE    USE     AVAIL   %USE VAR  PGS 
 0   hdd 0.19530  1.00000 200 GiB 3.3 GiB 197 GiB 1.66 1.03 100 
 1   ssd 0.09769  1.00000 100 GiB 1.5 GiB  98 GiB 1.55 0.96 100 
 2   ssd 0.09769  1.00000 100 GiB 1.6 GiB  98 GiB 1.57 0.98 100 
                    TOTAL 400 GiB 6.4 GiB 394 GiB 1.61          
MIN/MAX VAR: 0.96/1.03  STDDEV: 0.05
Probing round 22
Mon Oct  1 18:40:21 UTC 2018
ID CLASS WEIGHT  REWEIGHT SIZE    USE     AVAIL   %USE VAR  PGS 
 0   hdd 0.19530  1.00000 200 GiB 3.3 GiB 197 GiB 1.66 1.03 100 
 1   ssd 0.09769  1.00000 100 GiB 1.5 GiB  98 GiB 1.55 0.96 100 
 2   ssd 0.09769  1.00000 100 GiB 1.6 GiB  98 GiB 1.57 0.98 100 
                    TOTAL 400 GiB 6.4 GiB 394 GiB 1.61          
MIN/MAX VAR: 0.96/1.03  STDDEV: 0.05
Probing round 23
Mon Oct  1 18:40:22 UTC 2018
ID CLASS WEIGHT  REWEIGHT SIZE    USE     AVAIL   %USE VAR  PGS 
 0   hdd 0.19530  1.00000 200 GiB 3.3 GiB 197 GiB 1.66 1.03 100 
 1   ssd 0.09769  1.00000 100 GiB 1.5 GiB  98 GiB 1.55 0.96 100 
 2   ssd 0.09769  1.00000 100 GiB 1.6 GiB  98 GiB 1.57 0.98 100 
                    TOTAL 400 GiB 6.4 GiB 394 GiB 1.61          
MIN/MAX VAR: 0.96/1.03  STDDEV: 0.05
Probing round 24
Mon Oct  1 18:40:24 UTC 2018
ID CLASS WEIGHT  REWEIGHT SIZE    USE     AVAIL   %USE VAR  PGS 
 0   hdd 0.19530  1.00000 200 GiB 3.3 GiB 197 GiB 1.66 1.03 100 
 1   ssd 0.09769  1.00000 100 GiB 1.5 GiB  98 GiB 1.55 0.96 100 
 2   ssd 0.09769  1.00000 100 GiB 1.6 GiB  98 GiB 1.57 0.98 100 
                    TOTAL 400 GiB 6.4 GiB 394 GiB 1.61          
MIN/MAX VAR: 0.96/1.03  STDDEV: 0.05
Probing round 25
Mon Oct  1 18:40:25 UTC 2018
ID CLASS WEIGHT  REWEIGHT SIZE    USE     AVAIL   %USE VAR  PGS 
 0   hdd 0.19530  1.00000 200 GiB 3.7 GiB 196 GiB 1.86 1.06 100 
 1   ssd 0.09769  1.00000 100 GiB 1.6 GiB  98 GiB 1.63 0.93 100 
 2   ssd 0.09769  1.00000 100 GiB 1.7 GiB  98 GiB 1.66 0.95 100 
                    TOTAL 400 GiB 7.0 GiB 393 GiB 1.75          
MIN/MAX VAR: 0.93/1.06  STDDEV: 0.11
Probing round 26
Mon Oct  1 18:40:27 UTC 2018
ID CLASS WEIGHT  REWEIGHT SIZE    USE     AVAIL   %USE VAR  PGS 
 0   hdd 0.19530  1.00000 200 GiB 3.7 GiB 196 GiB 1.86 1.06 100 
 1   ssd 0.09769  1.00000 100 GiB 1.6 GiB  98 GiB 1.63 0.93 100 
 2   ssd 0.09769  1.00000 100 GiB 1.7 GiB  98 GiB 1.66 0.95 100 
                    TOTAL 400 GiB 7.0 GiB 393 GiB 1.75          
MIN/MAX VAR: 0.93/1.06  STDDEV: 0.11
Probing round 27
Mon Oct  1 18:40:29 UTC 2018
ID CLASS WEIGHT  REWEIGHT SIZE    USE     AVAIL   %USE VAR  PGS 
 0   hdd 0.19530  1.00000 200 GiB 4.0 GiB 196 GiB 2.01 1.07 100 
 1   ssd 0.09769  1.00000 100 GiB 1.7 GiB  98 GiB 1.75 0.93 100 
 2   ssd 0.09769  1.00000 100 GiB 1.8 GiB  98 GiB 1.75 0.93 100 
                    TOTAL 400 GiB 7.5 GiB 392 GiB 1.88          
MIN/MAX VAR: 0.93/1.07  STDDEV: 0.13
Probing round 28
Mon Oct  1 18:40:30 UTC 2018
ID CLASS WEIGHT  REWEIGHT SIZE    USE     AVAIL   %USE VAR  PGS 
 0   hdd 0.19530  1.00000 200 GiB 4.0 GiB 196 GiB 2.01 1.07 100 
 1   ssd 0.09769  1.00000 100 GiB 1.7 GiB  98 GiB 1.75 0.93 100 
 2   ssd 0.09769  1.00000 100 GiB 1.8 GiB  98 GiB 1.75 0.93 100 
                    TOTAL 400 GiB 7.5 GiB 392 GiB 1.88          
MIN/MAX VAR: 0.93/1.07  STDDEV: 0.13
Probing round 29
Mon Oct  1 18:40:32 UTC 2018
ID CLASS WEIGHT  REWEIGHT SIZE    USE     AVAIL   %USE VAR  PGS 
 0   hdd 0.19530  1.00000 200 GiB 4.0 GiB 196 GiB 2.01 1.07 100 
 1   ssd 0.09769  1.00000 100 GiB 1.7 GiB  98 GiB 1.75 0.93 100 
 2   ssd 0.09769  1.00000 100 GiB 1.8 GiB  98 GiB 1.75 0.93 100 
                    TOTAL 400 GiB 7.5 GiB 392 GiB 1.88          
MIN/MAX VAR: 0.93/1.07  STDDEV: 0.13
Probing round 30
Mon Oct  1 18:40:33 UTC 2018
ID CLASS WEIGHT  REWEIGHT SIZE    USE     AVAIL   %USE VAR  PGS 
 0   hdd 0.19530  1.00000 200 GiB 4.0 GiB 196 GiB 2.01 1.07 100 
 1   ssd 0.09769  1.00000 100 GiB 1.7 GiB  98 GiB 1.75 0.93 100 
 2   ssd 0.09769  1.00000 100 GiB 1.8 GiB  98 GiB 1.75 0.93 100 
                    TOTAL 400 GiB 7.5 GiB 392 GiB 1.88          
MIN/MAX VAR: 0.93/1.07  STDDEV: 0.13
Probing round 31
Mon Oct  1 18:40:35 UTC 2018
ID CLASS WEIGHT  REWEIGHT SIZE    USE     AVAIL   %USE VAR  PGS 
 0   hdd 0.19530  1.00000 200 GiB 4.4 GiB 196 GiB 2.20 1.10 100 
 1   ssd 0.09769  1.00000 100 GiB 1.7 GiB  98 GiB 1.75 0.88 100 
 2   ssd 0.09769  1.00000 100 GiB 1.8 GiB  98 GiB 1.84 0.92 100 
                    TOTAL 400 GiB 8.0 GiB 392 GiB 2.00          
MIN/MAX VAR: 0.88/1.10  STDDEV: 0.21
Probing round 32
Mon Oct  1 18:40:37 UTC 2018
ID CLASS WEIGHT  REWEIGHT SIZE    USE     AVAIL   %USE VAR  PGS 
 0   hdd 0.19530  1.00000 200 GiB 4.4 GiB 196 GiB 2.20 1.10 100 
 1   ssd 0.09769  1.00000 100 GiB 1.7 GiB  98 GiB 1.75 0.88 100 
 2   ssd 0.09769  1.00000 100 GiB 1.8 GiB  98 GiB 1.84 0.92 100 
                    TOTAL 400 GiB 8.0 GiB 392 GiB 2.00          
MIN/MAX VAR: 0.88/1.10  STDDEV: 0.21
Probing round 33
Mon Oct  1 18:40:38 UTC 2018
ID CLASS WEIGHT  REWEIGHT SIZE    USE     AVAIL   %USE VAR  PGS 
 0   hdd 0.19530  1.00000 200 GiB 4.9 GiB 195 GiB 2.44 1.11 100 
 1   ssd 0.09769  1.00000 100 GiB 2.0 GiB  98 GiB 1.96 0.89 100 
 2   ssd 0.09769  1.00000 100 GiB 1.9 GiB  98 GiB 1.94 0.88 100 
                    TOTAL 400 GiB 8.8 GiB 391 GiB 2.20          
MIN/MAX VAR: 0.88/1.11  STDDEV: 0.24
Probing round 34
Mon Oct  1 18:40:40 UTC 2018
ID CLASS WEIGHT  REWEIGHT SIZE    USE     AVAIL   %USE VAR  PGS 
 0   hdd 0.19530  1.00000 200 GiB 4.9 GiB 195 GiB 2.44 1.11 100 
 1   ssd 0.09769  1.00000 100 GiB 2.0 GiB  98 GiB 1.96 0.89 100 
 2   ssd 0.09769  1.00000 100 GiB 1.9 GiB  98 GiB 1.94 0.88 100 
                    TOTAL 400 GiB 8.8 GiB 391 GiB 2.20          
MIN/MAX VAR: 0.88/1.11  STDDEV: 0.24
Probing round 35
Mon Oct  1 18:40:42 UTC 2018
ID CLASS WEIGHT  REWEIGHT SIZE    USE     AVAIL   %USE VAR  PGS 
 0   hdd 0.19530  1.00000 200 GiB 4.9 GiB 195 GiB 2.44 1.11 100 
 1   ssd 0.09769  1.00000 100 GiB 2.0 GiB  98 GiB 1.96 0.89 100 
 2   ssd 0.09769  1.00000 100 GiB 1.9 GiB  98 GiB 1.94 0.88 100 
                    TOTAL 400 GiB 8.8 GiB 391 GiB 2.20          
MIN/MAX VAR: 0.88/1.11  STDDEV: 0.24
Probing round 36
Mon Oct  1 18:40:43 UTC 2018
ID CLASS WEIGHT  REWEIGHT SIZE    USE     AVAIL   %USE VAR  PGS 
 0   hdd 0.19530  1.00000 200 GiB 4.9 GiB 195 GiB 2.44 1.11 100 
 1   ssd 0.09769  1.00000 100 GiB 2.0 GiB  98 GiB 1.96 0.89 100 
 2   ssd 0.09769  1.00000 100 GiB 1.9 GiB  98 GiB 1.94 0.88 100 
                    TOTAL 400 GiB 8.8 GiB 391 GiB 2.20          
MIN/MAX VAR: 0.88/1.11  STDDEV: 0.24
Probing round 37
Mon Oct  1 18:40:45 UTC 2018
ID CLASS WEIGHT  REWEIGHT SIZE    USE     AVAIL   %USE VAR  PGS 
 0   hdd 0.19530  1.00000 200 GiB 5.2 GiB 195 GiB 2.62 1.13 100 
 1   ssd 0.09769  1.00000 100 GiB 2.0 GiB  98 GiB 1.96 0.85 100 
 2   ssd 0.09769  1.00000 100 GiB 2.0 GiB  98 GiB 2.04 0.89 100 
                    TOTAL 400 GiB 9.2 GiB 391 GiB 2.31          
MIN/MAX VAR: 0.85/1.13  STDDEV: 0.31
Probing round 38
Mon Oct  1 18:40:47 UTC 2018
ID CLASS WEIGHT  REWEIGHT SIZE    USE     AVAIL   %USE VAR  PGS 
 0   hdd 0.19530  1.00000 200 GiB 5.2 GiB 195 GiB 2.62 1.13 100 
 1   ssd 0.09769  1.00000 100 GiB 2.0 GiB  98 GiB 1.96 0.85 100 
 2   ssd 0.09769  1.00000 100 GiB 2.0 GiB  98 GiB 2.04 0.89 100 
                    TOTAL 400 GiB 9.2 GiB 391 GiB 2.31          
MIN/MAX VAR: 0.85/1.13  STDDEV: 0.31
Probing round 39
Mon Oct  1 18:40:48 UTC 2018
ID CLASS WEIGHT  REWEIGHT SIZE    USE     AVAIL   %USE VAR  PGS 
 0   hdd 0.19530  1.00000 200 GiB 5.3 GiB 195 GiB 2.67 1.11 100 
 1   ssd 0.09769  1.00000 100 GiB 2.1 GiB  98 GiB 2.12 0.88 100 
 2   ssd 0.09769  1.00000 100 GiB 2.2 GiB  98 GiB 2.16 0.90 100 
                    TOTAL 400 GiB 9.6 GiB 390 GiB 2.40          
MIN/MAX VAR: 0.88/1.11  STDDEV: 0.26
Probing round 40
Mon Oct  1 18:40:50 UTC 2018
ID CLASS WEIGHT  REWEIGHT SIZE    USE     AVAIL   %USE VAR  PGS 
 0   hdd 0.19530  1.00000 200 GiB 5.3 GiB 195 GiB 2.67 1.11 100 
 1   ssd 0.09769  1.00000 100 GiB 2.1 GiB  98 GiB 2.12 0.88 100 
 2   ssd 0.09769  1.00000 100 GiB 2.2 GiB  98 GiB 2.16 0.90 100 
                    TOTAL 400 GiB 9.6 GiB 390 GiB 2.40          
MIN/MAX VAR: 0.88/1.11  STDDEV: 0.26
Probing round 41
Mon Oct  1 18:40:52 UTC 2018
ID CLASS WEIGHT  REWEIGHT SIZE    USE     AVAIL   %USE VAR  PGS 
 0   hdd 0.19530  1.00000 200 GiB 5.3 GiB 195 GiB 2.67 1.11 100 
 1   ssd 0.09769  1.00000 100 GiB 2.1 GiB  98 GiB 2.12 0.88 100 
 2   ssd 0.09769  1.00000 100 GiB 2.2 GiB  98 GiB 2.16 0.90 100 
                    TOTAL 400 GiB 9.6 GiB 390 GiB 2.40          
MIN/MAX VAR: 0.88/1.11  STDDEV: 0.26
Probing round 42
Mon Oct  1 18:40:53 UTC 2018
ID CLASS WEIGHT  REWEIGHT SIZE    USE     AVAIL   %USE VAR  PGS 
 0   hdd 0.19530  1.00000 200 GiB 5.3 GiB 195 GiB 2.67 1.11 100 
 1   ssd 0.09769  1.00000 100 GiB 2.1 GiB  98 GiB 2.12 0.88 100 
 2   ssd 0.09769  1.00000 100 GiB 2.2 GiB  98 GiB 2.16 0.90 100 
                    TOTAL 400 GiB 9.6 GiB 390 GiB 2.40          
MIN/MAX VAR: 0.88/1.11  STDDEV: 0.26
Probing round 43
Mon Oct  1 18:40:55 UTC 2018
ID CLASS WEIGHT  REWEIGHT SIZE    USE     AVAIL   %USE VAR  PGS 
 0   hdd 0.19530  1.00000 200 GiB 5.8 GiB 194 GiB 2.90 1.14 100 
 1   ssd 0.09769  1.00000 100 GiB 2.2 GiB  98 GiB 2.23 0.87 100 
 2   ssd 0.09769  1.00000 100 GiB 2.2 GiB  98 GiB 2.16 0.85 100 
                    TOTAL 400 GiB  10 GiB 390 GiB 2.55          
MIN/MAX VAR: 0.85/1.14  STDDEV: 0.35
Probing round 44
Mon Oct  1 18:40:57 UTC 2018
ID CLASS WEIGHT  REWEIGHT SIZE    USE     AVAIL   %USE VAR  PGS 
 0   hdd 0.19530  1.00000 200 GiB 5.8 GiB 194 GiB 2.90 1.14 100 
 1   ssd 0.09769  1.00000 100 GiB 2.2 GiB  98 GiB 2.23 0.87 100 
 2   ssd 0.09769  1.00000 100 GiB 2.2 GiB  98 GiB 2.16 0.85 100 
                    TOTAL 400 GiB  10 GiB 390 GiB 2.55          
MIN/MAX VAR: 0.85/1.14  STDDEV: 0.35
Probing round 45
Mon Oct  1 18:40:58 UTC 2018
ID CLASS WEIGHT  REWEIGHT SIZE    USE     AVAIL   %USE VAR  PGS 
 0   hdd 0.19530  1.00000 200 GiB 6.3 GiB 194 GiB 3.15 1.14 100 
 1   ssd 0.09769  1.00000 100 GiB 2.4 GiB  98 GiB 2.38 0.86 100 
 2   ssd 0.09769  1.00000 100 GiB 2.4 GiB  98 GiB 2.36 0.86 100 
                    TOTAL 400 GiB  11 GiB 389 GiB 2.76          
MIN/MAX VAR: 0.86/1.14  STDDEV: 0.39
Probing round 46
Mon Oct  1 18:41:00 UTC 2018
ID CLASS WEIGHT  REWEIGHT SIZE    USE     AVAIL   %USE VAR  PGS 
 0   hdd 0.19530  1.00000 200 GiB 6.3 GiB 194 GiB 3.15 1.14 100 
 1   ssd 0.09769  1.00000 100 GiB 2.4 GiB  98 GiB 2.38 0.86 100 
 2   ssd 0.09769  1.00000 100 GiB 2.4 GiB  98 GiB 2.36 0.86 100 
                    TOTAL 400 GiB  11 GiB 389 GiB 2.76          
MIN/MAX VAR: 0.86/1.14  STDDEV: 0.39
Probing round 47
Mon Oct  1 18:41:01 UTC 2018
ID CLASS WEIGHT  REWEIGHT SIZE    USE     AVAIL   %USE VAR  PGS 
 0   hdd 0.19530  1.00000 200 GiB 6.3 GiB 194 GiB 3.15 1.14 100 
 1   ssd 0.09769  1.00000 100 GiB 2.4 GiB  98 GiB 2.38 0.86 100 
 2   ssd 0.09769  1.00000 100 GiB 2.4 GiB  98 GiB 2.36 0.86 100 
                    TOTAL 400 GiB  11 GiB 389 GiB 2.76          
MIN/MAX VAR: 0.86/1.14  STDDEV: 0.39
Probing round 48
Mon Oct  1 18:41:03 UTC 2018
ID CLASS WEIGHT  REWEIGHT SIZE    USE     AVAIL   %USE VAR  PGS 
 0   hdd 0.19530  1.00000 200 GiB 6.3 GiB 194 GiB 3.15 1.14 100 
 1   ssd 0.09769  1.00000 100 GiB 2.4 GiB  98 GiB 2.38 0.86 100 
 2   ssd 0.09769  1.00000 100 GiB 2.4 GiB  98 GiB 2.36 0.86 100 
                    TOTAL 400 GiB  11 GiB 389 GiB 2.76          
MIN/MAX VAR: 0.86/1.14  STDDEV: 0.39
Probing round 49
Mon Oct  1 18:41:05 UTC 2018
ID CLASS WEIGHT  REWEIGHT SIZE    USE     AVAIL   %USE VAR  PGS 
 0   hdd 0.19530  1.00000 200 GiB 6.7 GiB 193 GiB 3.37 1.15 100 
 1   ssd 0.09769  1.00000 100 GiB 2.5 GiB  98 GiB 2.47 0.85 100 
 2   ssd 0.09769  1.00000 100 GiB 2.5 GiB  98 GiB 2.47 0.84 100 
                    TOTAL 400 GiB  12 GiB 388 GiB 2.92          
MIN/MAX VAR: 0.84/1.15  STDDEV: 0.45
Probing round 50
Mon Oct  1 18:41:06 UTC 2018
ID CLASS WEIGHT  REWEIGHT SIZE    USE     AVAIL   %USE VAR  PGS 
 0   hdd 0.19530  1.00000 200 GiB 6.7 GiB 193 GiB 3.37 1.15 100 
 1   ssd 0.09769  1.00000 100 GiB 2.5 GiB  98 GiB 2.47 0.85 100 
 2   ssd 0.09769  1.00000 100 GiB 2.5 GiB  98 GiB 2.47 0.84 100 
                    TOTAL 400 GiB  12 GiB 388 GiB 2.92          
MIN/MAX VAR: 0.84/1.15  STDDEV: 0.45
Probing round 51
Mon Oct  1 18:41:08 UTC 2018
ID CLASS WEIGHT  REWEIGHT SIZE    USE     AVAIL   %USE VAR  PGS 
 0   hdd 0.19530  1.00000 200 GiB 6.7 GiB 193 GiB 3.37 1.15 100 
 1   ssd 0.09769  1.00000 100 GiB 2.5 GiB  98 GiB 2.47 0.85 100 
 2   ssd 0.09769  1.00000 100 GiB 2.5 GiB  98 GiB 2.47 0.84 100 
                    TOTAL 400 GiB  12 GiB 388 GiB 2.92          
MIN/MAX VAR: 0.84/1.15  STDDEV: 0.45
Probing round 52
Mon Oct  1 18:41:09 UTC 2018
ID CLASS WEIGHT  REWEIGHT SIZE    USE     AVAIL   %USE VAR  PGS 
 0   hdd 0.19530  1.00000 200 GiB 7.2 GiB 193 GiB 3.58 1.18 100 
 1   ssd 0.09769  1.00000 100 GiB 2.5 GiB  98 GiB 2.47 0.81 100 
 2   ssd 0.09769  1.00000 100 GiB 2.5 GiB  97 GiB 2.52 0.83 100 
                    TOTAL 400 GiB  12 GiB 388 GiB 3.04          
MIN/MAX VAR: 0.81/1.18  STDDEV: 0.54
Probing round 53
Mon Oct  1 18:41:11 UTC 2018
ID CLASS WEIGHT  REWEIGHT SIZE    USE     AVAIL   %USE VAR  PGS 
 0   hdd 0.19530  1.00000 200 GiB 7.2 GiB 193 GiB 3.58 1.18 100 
 1   ssd 0.09769  1.00000 100 GiB 2.5 GiB  98 GiB 2.47 0.81 100 
 2   ssd 0.09769  1.00000 100 GiB 2.5 GiB  97 GiB 2.52 0.83 100 
                    TOTAL 400 GiB  12 GiB 388 GiB 3.04          
MIN/MAX VAR: 0.81/1.18  STDDEV: 0.54
Probing round 54
Mon Oct  1 18:41:12 UTC 2018
ID CLASS WEIGHT  REWEIGHT SIZE    USE     AVAIL   %USE VAR  PGS 
 0   hdd 0.19530  1.00000 200 GiB 7.2 GiB 193 GiB 3.58 1.18 100 
 1   ssd 0.09769  1.00000 100 GiB 2.5 GiB  98 GiB 2.47 0.81 100 
 2   ssd 0.09769  1.00000 100 GiB 2.5 GiB  97 GiB 2.52 0.83 100 
                    TOTAL 400 GiB  12 GiB 388 GiB 3.04          
MIN/MAX VAR: 0.81/1.18  STDDEV: 0.54
Probing round 55
Mon Oct  1 18:41:14 UTC 2018
ID CLASS WEIGHT  REWEIGHT SIZE    USE     AVAIL   %USE VAR  PGS 
 0   hdd 0.19530  1.00000 200 GiB 7.2 GiB 193 GiB 3.58 1.18 100 
 1   ssd 0.09769  1.00000 100 GiB 2.5 GiB  98 GiB 2.47 0.81 100 
 2   ssd 0.09769  1.00000 100 GiB 2.5 GiB  97 GiB 2.52 0.83 100 
                    TOTAL 400 GiB  12 GiB 388 GiB 3.04          
MIN/MAX VAR: 0.81/1.18  STDDEV: 0.54
Probing round 56
Mon Oct  1 18:41:16 UTC 2018
ID CLASS WEIGHT  REWEIGHT SIZE    USE     AVAIL   %USE VAR  PGS 
 0   hdd 0.19530  1.00000 200 GiB 7.4 GiB 193 GiB 3.72 1.17 100 
 1   ssd 0.09769  1.00000 100 GiB 2.6 GiB  97 GiB 2.63 0.83 100 
 2   ssd 0.09769  1.00000 100 GiB 2.6 GiB  97 GiB 2.63 0.83 100 
                    TOTAL 400 GiB  13 GiB 387 GiB 3.18          
MIN/MAX VAR: 0.83/1.17  STDDEV: 0.55
Probing round 57
Mon Oct  1 18:41:17 UTC 2018
ID CLASS WEIGHT  REWEIGHT SIZE    USE     AVAIL   %USE VAR  PGS 
 0   hdd 0.19530  1.00000 200 GiB 7.4 GiB 193 GiB 3.72 1.17 100 
 1   ssd 0.09769  1.00000 100 GiB 2.6 GiB  97 GiB 2.63 0.83 100 
 2   ssd 0.09769  1.00000 100 GiB 2.6 GiB  97 GiB 2.63 0.83 100 
                    TOTAL 400 GiB  13 GiB 387 GiB 3.18          
MIN/MAX VAR: 0.83/1.17  STDDEV: 0.55
Probing round 58
Mon Oct  1 18:41:19 UTC 2018
ID CLASS WEIGHT  REWEIGHT SIZE    USE     AVAIL   %USE VAR  PGS 
 0   hdd 0.19530  1.00000 200 GiB 7.7 GiB 192 GiB 3.85 1.17 100 
 1   ssd 0.09769  1.00000 100 GiB 2.7 GiB  97 GiB 2.74 0.83 100 
 2   ssd 0.09769  1.00000 100 GiB 2.7 GiB  97 GiB 2.72 0.83 100 
                    TOTAL 400 GiB  13 GiB 387 GiB 3.29          
MIN/MAX VAR: 0.83/1.17  STDDEV: 0.56
Probing round 59
Mon Oct  1 18:41:20 UTC 2018
ID CLASS WEIGHT  REWEIGHT SIZE    USE     AVAIL   %USE VAR  PGS 
 0   hdd 0.19530  1.00000 200 GiB 7.7 GiB 192 GiB 3.85 1.17 100 
 1   ssd 0.09769  1.00000 100 GiB 2.7 GiB  97 GiB 2.74 0.83 100 
 2   ssd 0.09769  1.00000 100 GiB 2.7 GiB  97 GiB 2.72 0.83 100 
                    TOTAL 400 GiB  13 GiB 387 GiB 3.29          
MIN/MAX VAR: 0.83/1.17  STDDEV: 0.56
Probing round 60
Mon Oct  1 18:41:22 UTC 2018
ID CLASS WEIGHT  REWEIGHT SIZE    USE     AVAIL   %USE VAR  PGS 
 0   hdd 0.19530  1.00000 200 GiB 7.7 GiB 192 GiB 3.85 1.17 100 
 1   ssd 0.09769  1.00000 100 GiB 2.7 GiB  97 GiB 2.74 0.83 100 
 2   ssd 0.09769  1.00000 100 GiB 2.7 GiB  97 GiB 2.72 0.83 100 
                    TOTAL 400 GiB  13 GiB 387 GiB 3.29          
MIN/MAX VAR: 0.83/1.17  STDDEV: 0.56
Probing round 61
Mon Oct  1 18:41:24 UTC 2018
ID CLASS WEIGHT  REWEIGHT SIZE    USE     AVAIL   %USE VAR  PGS 
 0   hdd 0.19530  1.00000 200 GiB 7.7 GiB 192 GiB 3.85 1.17 100 
 1   ssd 0.09769  1.00000 100 GiB 2.7 GiB  97 GiB 2.74 0.83 100 
 2   ssd 0.09769  1.00000 100 GiB 2.7 GiB  97 GiB 2.72 0.83 100 
                    TOTAL 400 GiB  13 GiB 387 GiB 3.29          
MIN/MAX VAR: 0.83/1.17  STDDEV: 0.56
Probing round 62
Mon Oct  1 18:41:25 UTC 2018
ID CLASS WEIGHT  REWEIGHT SIZE    USE     AVAIL   %USE VAR  PGS 
 0   hdd 0.19530  1.00000 200 GiB 8.2 GiB 192 GiB 4.10 1.18 100 
 1   ssd 0.09769  1.00000 100 GiB 2.8 GiB  97 GiB 2.80 0.81 100 
 2   ssd 0.09769  1.00000 100 GiB 2.8 GiB  97 GiB 2.85 0.82 100 
                    TOTAL 400 GiB  14 GiB 386 GiB 3.46          
MIN/MAX VAR: 0.81/1.18  STDDEV: 0.64
Probing round 63
Mon Oct  1 18:41:27 UTC 2018
ID CLASS WEIGHT  REWEIGHT SIZE    USE     AVAIL   %USE VAR  PGS 
 0   hdd 0.19530  1.00000 200 GiB 8.2 GiB 192 GiB 4.10 1.18 100 
 1   ssd 0.09769  1.00000 100 GiB 2.8 GiB  97 GiB 2.80 0.81 100 
 2   ssd 0.09769  1.00000 100 GiB 2.8 GiB  97 GiB 2.85 0.82 100 
                    TOTAL 400 GiB  14 GiB 386 GiB 3.46          
MIN/MAX VAR: 0.81/1.18  STDDEV: 0.64
Probing round 64
Mon Oct  1 18:41:28 UTC 2018
ID CLASS WEIGHT  REWEIGHT SIZE    USE     AVAIL   %USE VAR  PGS 
 0   hdd 0.19530  1.00000 200 GiB 8.6 GiB 191 GiB 4.31 1.19 100 
 1   ssd 0.09769  1.00000 100 GiB 2.9 GiB  97 GiB 2.92 0.81 100 
 2   ssd 0.09769  1.00000 100 GiB 2.9 GiB  97 GiB 2.90 0.80 100 
                    TOTAL 400 GiB  14 GiB 386 GiB 3.61          
MIN/MAX VAR: 0.80/1.19  STDDEV: 0.70
Probing round 65
Mon Oct  1 18:41:30 UTC 2018
ID CLASS WEIGHT  REWEIGHT SIZE    USE     AVAIL   %USE VAR  PGS 
 0   hdd 0.19530  1.00000 200 GiB 8.6 GiB 191 GiB 4.31 1.19 100 
 1   ssd 0.09769  1.00000 100 GiB 2.9 GiB  97 GiB 2.92 0.81 100 
 2   ssd 0.09769  1.00000 100 GiB 2.9 GiB  97 GiB 2.90 0.80 100 
                    TOTAL 400 GiB  14 GiB 386 GiB 3.61          
MIN/MAX VAR: 0.80/1.19  STDDEV: 0.70
Probing round 66
Mon Oct  1 18:41:31 UTC 2018
ID CLASS WEIGHT  REWEIGHT SIZE    USE     AVAIL   %USE VAR  PGS 
 0   hdd 0.19530  1.00000 200 GiB 8.6 GiB 191 GiB 4.31 1.19 100 
 1   ssd 0.09769  1.00000 100 GiB 2.9 GiB  97 GiB 2.92 0.81 100 
 2   ssd 0.09769  1.00000 100 GiB 2.9 GiB  97 GiB 2.90 0.80 100 
                    TOTAL 400 GiB  14 GiB 386 GiB 3.61          
MIN/MAX VAR: 0.80/1.19  STDDEV: 0.70
Probing round 67
Mon Oct  1 18:41:32 UTC 2018
ID CLASS WEIGHT  REWEIGHT SIZE    USE     AVAIL   %USE VAR  PGS 
 0   hdd 0.19530  1.00000 200 GiB 8.6 GiB 191 GiB 4.31 1.19 100 
 1   ssd 0.09769  1.00000 100 GiB 2.9 GiB  97 GiB 2.92 0.81 100 
 2   ssd 0.09769  1.00000 100 GiB 2.9 GiB  97 GiB 2.90 0.80 100 
                    TOTAL 400 GiB  14 GiB 386 GiB 3.61          
MIN/MAX VAR: 0.80/1.19  STDDEV: 0.70
Probing round 68
Mon Oct  1 18:41:34 UTC 2018
ID CLASS WEIGHT  REWEIGHT SIZE    USE     AVAIL   %USE VAR  PGS 
 0   hdd 0.19530  1.00000 200 GiB 8.6 GiB 191 GiB 4.31 1.19 100 
 1   ssd 0.09769  1.00000 100 GiB 2.9 GiB  97 GiB 2.92 0.81 100 
 2   ssd 0.09769  1.00000 100 GiB 2.9 GiB  97 GiB 2.90 0.80 100 
                    TOTAL 400 GiB  14 GiB 386 GiB 3.61          
MIN/MAX VAR: 0.80/1.19  STDDEV: 0.70
Probing round 69
Mon Oct  1 18:41:35 UTC 2018
ID CLASS WEIGHT  REWEIGHT SIZE    USE     AVAIL   %USE VAR  PGS 
 0   hdd 0.19530  1.00000 200 GiB 8.9 GiB 191 GiB 4.45 1.20 100 
 1   ssd 0.09769  1.00000 100 GiB 3.0 GiB  97 GiB 2.96 0.80 100 
 2   ssd 0.09769  1.00000 100 GiB 3.0 GiB  97 GiB 2.97 0.80 100 
                    TOTAL 400 GiB  15 GiB 385 GiB 3.71          
MIN/MAX VAR: 0.80/1.20  STDDEV: 0.74
Probing round 70
Mon Oct  1 18:41:36 UTC 2018
ID CLASS WEIGHT  REWEIGHT SIZE    USE     AVAIL   %USE VAR  PGS 
 0   hdd 0.19530  1.00000 200 GiB 8.9 GiB 191 GiB 4.45 1.20 100 
 1   ssd 0.09769  1.00000 100 GiB 3.0 GiB  97 GiB 2.96 0.80 100 
 2   ssd 0.09769  1.00000 100 GiB 3.0 GiB  97 GiB 2.97 0.80 100 
                    TOTAL 400 GiB  15 GiB 385 GiB 3.71          
MIN/MAX VAR: 0.80/1.20  STDDEV: 0.74
Probing round 71
Mon Oct  1 18:41:37 UTC 2018
ID CLASS WEIGHT  REWEIGHT SIZE    USE     AVAIL   %USE VAR  PGS 
 0   hdd 0.19530  1.00000 200 GiB 8.9 GiB 191 GiB 4.45 1.20 100 
 1   ssd 0.09769  1.00000 100 GiB 3.0 GiB  97 GiB 2.96 0.80 100 
 2   ssd 0.09769  1.00000 100 GiB 3.0 GiB  97 GiB 2.97 0.80 100 
                    TOTAL 400 GiB  15 GiB 385 GiB 3.71          
MIN/MAX VAR: 0.80/1.20  STDDEV: 0.74
Probing round 72
Mon Oct  1 18:41:39 UTC 2018
ID CLASS WEIGHT  REWEIGHT SIZE    USE     AVAIL   %USE VAR  PGS 
 0   hdd 0.19530  1.00000 200 GiB 8.9 GiB 191 GiB 4.45 1.20 100 
 1   ssd 0.09769  1.00000 100 GiB 3.0 GiB  97 GiB 2.97 0.80 100 
 2   ssd 0.09769  1.00000 100 GiB 3.0 GiB  97 GiB 2.97 0.80 100 
                    TOTAL 400 GiB  15 GiB 385 GiB 3.71          
MIN/MAX VAR: 0.80/1.20  STDDEV: 0.74
Probing round 73
Mon Oct  1 18:41:40 UTC 2018
ID CLASS WEIGHT  REWEIGHT SIZE    USE     AVAIL   %USE VAR  PGS 
 0   hdd 0.19530  1.00000 200 GiB 8.9 GiB 191 GiB 4.45 1.20 100 
 1   ssd 0.09769  1.00000 100 GiB 3.0 GiB  97 GiB 2.97 0.80 100 
 2   ssd 0.09769  1.00000 100 GiB 3.0 GiB  97 GiB 2.97 0.80 100 
                    TOTAL 400 GiB  15 GiB 385 GiB 3.71          
MIN/MAX VAR: 0.80/1.20  STDDEV: 0.74
Probing round 74
Mon Oct  1 18:41:41 UTC 2018
ID CLASS WEIGHT  REWEIGHT SIZE    USE     AVAIL   %USE VAR  PGS 
 0   hdd 0.19530  1.00000 200 GiB 8.9 GiB 191 GiB 4.45 1.20 100 
 1   ssd 0.09769  1.00000 100 GiB 3.0 GiB  97 GiB 2.97 0.80 100 
 2   ssd 0.09769  1.00000 100 GiB 3.0 GiB  97 GiB 2.97 0.80 100 
                    TOTAL 400 GiB  15 GiB 385 GiB 3.71          
MIN/MAX VAR: 0.80/1.20  STDDEV: 0.74
Probing round 75
Mon Oct  1 18:41:42 UTC 2018
ID CLASS WEIGHT  REWEIGHT SIZE    USE     AVAIL   %USE VAR  PGS 
 0   hdd 0.19530  1.00000 200 GiB 8.9 GiB 191 GiB 4.45 1.20 100 
 1   ssd 0.09769  1.00000 100 GiB 3.0 GiB  97 GiB 2.97 0.80 100 
 2   ssd 0.09769  1.00000 100 GiB 3.0 GiB  97 GiB 2.97 0.80 100 
                    TOTAL 400 GiB  15 GiB 385 GiB 3.71          
MIN/MAX VAR: 0.80/1.20  STDDEV: 0.74
Probing round 76
Mon Oct  1 18:41:43 UTC 2018
ID CLASS WEIGHT  REWEIGHT SIZE    USE     AVAIL   %USE VAR  PGS 
 0   hdd 0.19530  1.00000 200 GiB 8.9 GiB 191 GiB 4.45 1.20 100 
 1   ssd 0.09769  1.00000 100 GiB 3.0 GiB  97 GiB 2.97 0.80 100 
 2   ssd 0.09769  1.00000 100 GiB 3.0 GiB  97 GiB 2.97 0.80 100 
                    TOTAL 400 GiB  15 GiB 385 GiB 3.71          
MIN/MAX VAR: 0.80/1.20  STDDEV: 0.74
Probing round 77
Mon Oct  1 18:41:45 UTC 2018
ID CLASS WEIGHT  REWEIGHT SIZE    USE     AVAIL   %USE VAR  PGS 
 0   hdd 0.19530  1.00000 200 GiB 8.9 GiB 191 GiB 4.45 1.20 100 
 1   ssd 0.09769  1.00000 100 GiB 3.0 GiB  97 GiB 2.97 0.80 100 
 2   ssd 0.09769  1.00000 100 GiB 3.0 GiB  97 GiB 2.97 0.80 100 
                    TOTAL 400 GiB  15 GiB 385 GiB 3.71          
MIN/MAX VAR: 0.80/1.20  STDDEV: 0.74
Probing round 78
Mon Oct  1 18:41:46 UTC 2018
ID CLASS WEIGHT  REWEIGHT SIZE    USE     AVAIL   %USE VAR  PGS 
 0   hdd 0.19530  1.00000 200 GiB 8.9 GiB 191 GiB 4.45 1.20 100 
 1   ssd 0.09769  1.00000 100 GiB 3.0 GiB  97 GiB 2.97 0.80 100 
 2   ssd 0.09769  1.00000 100 GiB 3.0 GiB  97 GiB 2.97 0.80 100 
                    TOTAL 400 GiB  15 GiB 385 GiB 3.71          
MIN/MAX VAR: 0.80/1.20  STDDEV: 0.74
Probing round 79
Mon Oct  1 18:41:47 UTC 2018
ID CLASS WEIGHT  REWEIGHT SIZE    USE     AVAIL   %USE VAR  PGS 
 0   hdd 0.19530  1.00000 200 GiB 8.9 GiB 191 GiB 4.45 1.20 100 
 1   ssd 0.09769  1.00000 100 GiB 3.0 GiB  97 GiB 2.97 0.80 100 
 2   ssd 0.09769  1.00000 100 GiB 3.0 GiB  97 GiB 2.97 0.80 100 
                    TOTAL 400 GiB  15 GiB 385 GiB 3.71          
MIN/MAX VAR: 0.80/1.20  STDDEV: 0.74
Probing round 80
Mon Oct  1 18:41:48 UTC 2018
ID CLASS WEIGHT  REWEIGHT SIZE    USE     AVAIL   %USE VAR  PGS 
 0   hdd 0.19530  1.00000 200 GiB 8.9 GiB 191 GiB 4.45 1.20 100 
 1   ssd 0.09769  1.00000 100 GiB 3.0 GiB  97 GiB 2.97 0.80 100 
 2   ssd 0.09769  1.00000 100 GiB 3.0 GiB  97 GiB 2.97 0.80 100 
                    TOTAL 400 GiB  15 GiB 385 GiB 3.71          
MIN/MAX VAR: 0.80/1.20  STDDEV: 0.74
Probing round 81
Mon Oct  1 18:41:50 UTC 2018
ID CLASS WEIGHT  REWEIGHT SIZE    USE     AVAIL   %USE VAR  PGS 
 0   hdd 0.19530  1.00000 200 GiB 8.9 GiB 191 GiB 4.45 1.20 100 
 1   ssd 0.09769  1.00000 100 GiB 3.0 GiB  97 GiB 2.97 0.80 100 
 2   ssd 0.09769  1.00000 100 GiB 3.0 GiB  97 GiB 2.97 0.80 100 
                    TOTAL 400 GiB  15 GiB 385 GiB 3.71          
MIN/MAX VAR: 0.80/1.20  STDDEV: 0.74
Probing round 82
Mon Oct  1 18:41:51 UTC 2018
ID CLASS WEIGHT  REWEIGHT SIZE    USE     AVAIL   %USE VAR  PGS 
 0   hdd 0.19530  1.00000 200 GiB 8.9 GiB 191 GiB 4.45 1.20 100 
 1   ssd 0.09769  1.00000 100 GiB 3.0 GiB  97 GiB 2.97 0.80 100 
 2   ssd 0.09769  1.00000 100 GiB 3.0 GiB  97 GiB 2.97 0.80 100 
                    TOTAL 400 GiB  15 GiB 385 GiB 3.71          
MIN/MAX VAR: 0.80/1.20  STDDEV: 0.74
Probing round 83
Mon Oct  1 18:41:52 UTC 2018
ID CLASS WEIGHT  REWEIGHT SIZE    USE     AVAIL   %USE VAR  PGS 
 0   hdd 0.19530  1.00000 200 GiB 8.9 GiB 191 GiB 4.45 1.20 100 
 1   ssd 0.09769  1.00000 100 GiB 3.0 GiB  97 GiB 2.97 0.80 100 
 2   ssd 0.09769  1.00000 100 GiB 3.0 GiB  97 GiB 2.97 0.80 100 
                    TOTAL 400 GiB  15 GiB 385 GiB 3.71          
MIN/MAX VAR: 0.80/1.20  STDDEV: 0.74
Probing round 84
Mon Oct  1 18:41:53 UTC 2018
ID CLASS WEIGHT  REWEIGHT SIZE    USE     AVAIL   %USE VAR  PGS 
 0   hdd 0.19530  1.00000 200 GiB 8.9 GiB 191 GiB 4.45 1.20 100 
 1   ssd 0.09769  1.00000 100 GiB 3.0 GiB  97 GiB 2.97 0.80 100 
 2   ssd 0.09769  1.00000 100 GiB 3.0 GiB  97 GiB 2.97 0.80 100 
                    TOTAL 400 GiB  15 GiB 385 GiB 3.71          
MIN/MAX VAR: 0.80/1.20  STDDEV: 0.74
Probing round 85
Mon Oct  1 18:41:55 UTC 2018
ID CLASS WEIGHT  REWEIGHT SIZE    USE     AVAIL   %USE VAR  PGS 
 0   hdd 0.19530  1.00000 200 GiB 8.9 GiB 191 GiB 4.45 1.20 100 
 1   ssd 0.09769  1.00000 100 GiB 3.0 GiB  97 GiB 2.97 0.80 100 
 2   ssd 0.09769  1.00000 100 GiB 3.0 GiB  97 GiB 2.97 0.80 100 
                    TOTAL 400 GiB  15 GiB 385 GiB 3.71          
MIN/MAX VAR: 0.80/1.20  STDDEV: 0.74
Probing round 86
Mon Oct  1 18:41:56 UTC 2018
ID CLASS WEIGHT  REWEIGHT SIZE    USE     AVAIL   %USE VAR  PGS 
 0   hdd 0.19530  1.00000 200 GiB 8.9 GiB 191 GiB 4.45 1.20 100 
 1   ssd 0.09769  1.00000 100 GiB 3.0 GiB  97 GiB 2.97 0.80 100 
 2   ssd 0.09769  1.00000 100 GiB 3.0 GiB  97 GiB 2.97 0.80 100 
                    TOTAL 400 GiB  15 GiB 385 GiB 3.71          
MIN/MAX VAR: 0.80/1.20  STDDEV: 0.74
Probing round 87
Mon Oct  1 18:41:57 UTC 2018
ID CLASS WEIGHT  REWEIGHT SIZE    USE     AVAIL   %USE VAR  PGS 
 0   hdd 0.19530  1.00000 200 GiB 8.9 GiB 191 GiB 4.45 1.20 100 
 1   ssd 0.09769  1.00000 100 GiB 3.0 GiB  97 GiB 2.97 0.80 100 
 2   ssd 0.09769  1.00000 100 GiB 3.0 GiB  97 GiB 2.97 0.80 100 
                    TOTAL 400 GiB  15 GiB 385 GiB 3.71          
MIN/MAX VAR: 0.80/1.20  STDDEV: 0.74
Probing round 88
Mon Oct  1 18:41:58 UTC 2018
ID CLASS WEIGHT  REWEIGHT SIZE    USE     AVAIL   %USE VAR  PGS 
 0   hdd 0.19530  1.00000 200 GiB 8.9 GiB 191 GiB 4.45 1.20 100 
 1   ssd 0.09769  1.00000 100 GiB 3.0 GiB  97 GiB 2.97 0.80 100 
 2   ssd 0.09769  1.00000 100 GiB 3.0 GiB  97 GiB 2.97 0.80 100 
                    TOTAL 400 GiB  15 GiB 385 GiB 3.71          
MIN/MAX VAR: 0.80/1.20  STDDEV: 0.74
Probing round 89
Mon Oct  1 18:41:59 UTC 2018
ID CLASS WEIGHT  REWEIGHT SIZE    USE     AVAIL   %USE VAR  PGS 
 0   hdd 0.19530  1.00000 200 GiB 8.9 GiB 191 GiB 4.45 1.20 100 
 1   ssd 0.09769  1.00000 100 GiB 3.0 GiB  97 GiB 2.97 0.80 100 
 2   ssd 0.09769  1.00000 100 GiB 3.0 GiB  97 GiB 2.97 0.80 100 
                    TOTAL 400 GiB  15 GiB 385 GiB 3.71          
MIN/MAX VAR: 0.80/1.20  STDDEV: 0.74
Probing round 90
Mon Oct  1 18:42:01 UTC 2018
ID CLASS WEIGHT  REWEIGHT SIZE    USE     AVAIL   %USE VAR  PGS 
 0   hdd 0.19530  1.00000 200 GiB 8.9 GiB 191 GiB 4.45 1.20 100 
 1   ssd 0.09769  1.00000 100 GiB 3.0 GiB  97 GiB 2.97 0.80 100 
 2   ssd 0.09769  1.00000 100 GiB 3.0 GiB  97 GiB 2.97 0.80 100 
                    TOTAL 400 GiB  15 GiB 385 GiB 3.71          
MIN/MAX VAR: 0.80/1.20  STDDEV: 0.74
Probing round 91
Mon Oct  1 18:42:02 UTC 2018
ID CLASS WEIGHT  REWEIGHT SIZE    USE     AVAIL   %USE VAR  PGS 
 0   hdd 0.19530  1.00000 200 GiB 8.9 GiB 191 GiB 4.45 1.20 100 
 1   ssd 0.09769  1.00000 100 GiB 3.0 GiB  97 GiB 2.97 0.80 100 
 2   ssd 0.09769  1.00000 100 GiB 3.0 GiB  97 GiB 2.97 0.80 100 
                    TOTAL 400 GiB  15 GiB 385 GiB 3.71          
MIN/MAX VAR: 0.80/1.20  STDDEV: 0.74
Probing round 92
Mon Oct  1 18:42:03 UTC 2018
ID CLASS WEIGHT  REWEIGHT SIZE    USE     AVAIL   %USE VAR  PGS 
 0   hdd 0.19530  1.00000 200 GiB 8.9 GiB 191 GiB 4.45 1.20 100 
 1   ssd 0.09769  1.00000 100 GiB 3.0 GiB  97 GiB 2.97 0.80 100 
 2   ssd 0.09769  1.00000 100 GiB 3.0 GiB  97 GiB 2.97 0.80 100 
                    TOTAL 400 GiB  15 GiB 385 GiB 3.71          
MIN/MAX VAR: 0.80/1.20  STDDEV: 0.74
Probing round 93
Mon Oct  1 18:42:04 UTC 2018
ID CLASS WEIGHT  REWEIGHT SIZE    USE     AVAIL   %USE VAR  PGS 
 0   hdd 0.19530  1.00000 200 GiB 8.9 GiB 191 GiB 4.45 1.20 100 
 1   ssd 0.09769  1.00000 100 GiB 3.0 GiB  97 GiB 2.97 0.80 100 
 2   ssd 0.09769  1.00000 100 GiB 3.0 GiB  97 GiB 2.97 0.80 100 
                    TOTAL 400 GiB  15 GiB 385 GiB 3.71          
MIN/MAX VAR: 0.80/1.20  STDDEV: 0.74
Probing round 94
Mon Oct  1 18:42:06 UTC 2018
ID CLASS WEIGHT  REWEIGHT SIZE    USE     AVAIL   %USE VAR  PGS 
 0   hdd 0.19530  1.00000 200 GiB 8.9 GiB 191 GiB 4.45 1.20 100 
 1   ssd 0.09769  1.00000 100 GiB 3.0 GiB  97 GiB 2.97 0.80 100 
 2   ssd 0.09769  1.00000 100 GiB 3.0 GiB  97 GiB 2.97 0.80 100 
                    TOTAL 400 GiB  15 GiB 385 GiB 3.71          
MIN/MAX VAR: 0.80/1.20  STDDEV: 0.74
Probing round 95
Mon Oct  1 18:42:07 UTC 2018
ID CLASS WEIGHT  REWEIGHT SIZE    USE     AVAIL   %USE VAR  PGS 
 0   hdd 0.19530  1.00000 200 GiB 8.9 GiB 191 GiB 4.45 1.20 100 
 1   ssd 0.09769  1.00000 100 GiB 3.0 GiB  97 GiB 2.97 0.80 100 
 2   ssd 0.09769  1.00000 100 GiB 3.0 GiB  97 GiB 2.97 0.80 100 
                    TOTAL 400 GiB  15 GiB 385 GiB 3.71          
MIN/MAX VAR: 0.80/1.20  STDDEV: 0.74
Probing round 96
Mon Oct  1 18:42:08 UTC 2018
ID CLASS WEIGHT  REWEIGHT SIZE    USE     AVAIL   %USE VAR  PGS 
 0   hdd 0.19530  1.00000 200 GiB 8.9 GiB 191 GiB 4.45 1.20 100 
 1   ssd 0.09769  1.00000 100 GiB 3.0 GiB  97 GiB 2.97 0.80 100 
 2   ssd 0.09769  1.00000 100 GiB 3.0 GiB  97 GiB 2.97 0.80 100 
                    TOTAL 400 GiB  15 GiB 385 GiB 3.71          
MIN/MAX VAR: 0.80/1.20  STDDEV: 0.74
Probing round 97
Mon Oct  1 18:42:09 UTC 2018
ID CLASS WEIGHT  REWEIGHT SIZE    USE     AVAIL   %USE VAR  PGS 
 0   hdd 0.19530  1.00000 200 GiB 8.9 GiB 191 GiB 4.45 1.20 100 
 1   ssd 0.09769  1.00000 100 GiB 3.0 GiB  97 GiB 2.97 0.80 100 
 2   ssd 0.09769  1.00000 100 GiB 3.0 GiB  97 GiB 2.97 0.80 100 
                    TOTAL 400 GiB  15 GiB 385 GiB 3.71          
MIN/MAX VAR: 0.80/1.20  STDDEV: 0.74
Probing round 98
Mon Oct  1 18:42:10 UTC 2018
ID CLASS WEIGHT  REWEIGHT SIZE    USE     AVAIL   %USE VAR  PGS 
 0   hdd 0.19530  1.00000 200 GiB 8.9 GiB 191 GiB 4.45 1.20 100 
 1   ssd 0.09769  1.00000 100 GiB 3.0 GiB  97 GiB 2.97 0.80 100 
 2   ssd 0.09769  1.00000 100 GiB 3.0 GiB  97 GiB 2.97 0.80 100 
                    TOTAL 400 GiB  15 GiB 385 GiB 3.71          
MIN/MAX VAR: 0.80/1.20  STDDEV: 0.74
Probing round 99
Mon Oct  1 18:42:12 UTC 2018
ID CLASS WEIGHT  REWEIGHT SIZE    USE     AVAIL   %USE VAR  PGS 
 0   hdd 0.19530  1.00000 200 GiB 8.9 GiB 191 GiB 4.45 1.20 100 
 1   ssd 0.09769  1.00000 100 GiB 3.0 GiB  97 GiB 2.97 0.80 100 
 2   ssd 0.09769  1.00000 100 GiB 3.0 GiB  97 GiB 2.97 0.80 100 
                    TOTAL 400 GiB  15 GiB 385 GiB 3.71          
MIN/MAX VAR: 0.80/1.20  STDDEV: 0.74
Probing round 100
Mon Oct  1 18:42:13 UTC 2018
ID CLASS WEIGHT  REWEIGHT SIZE    USE     AVAIL   %USE VAR  PGS 
 0   hdd 0.19530  1.00000 200 GiB 8.9 GiB 191 GiB 4.45 1.20 100 
 1   ssd 0.09769  1.00000 100 GiB 3.0 GiB  97 GiB 2.97 0.80 100 
 2   ssd 0.09769  1.00000 100 GiB 3.0 GiB  97 GiB 2.97 0.80 100 
                    TOTAL 400 GiB  15 GiB 385 GiB 3.71          
MIN/MAX VAR: 0.80/1.20  STDDEV: 0.74
Probing round 101
Mon Oct  1 18:42:14 UTC 2018
ID CLASS WEIGHT  REWEIGHT SIZE    USE     AVAIL   %USE VAR  PGS 
 0   hdd 0.19530  1.00000 200 GiB 8.9 GiB 191 GiB 4.45 1.20 100 
 1   ssd 0.09769  1.00000 100 GiB 3.0 GiB  97 GiB 2.97 0.80 100 
 2   ssd 0.09769  1.00000 100 GiB 3.0 GiB  97 GiB 2.97 0.80 100 
                    TOTAL 400 GiB  15 GiB 385 GiB 3.71          
MIN/MAX VAR: 0.80/1.20  STDDEV: 0.74
Probing round 102
Mon Oct  1 18:42:15 UTC 2018
ID CLASS WEIGHT  REWEIGHT SIZE    USE     AVAIL   %USE VAR  PGS 
 0   hdd 0.19530  1.00000 200 GiB 8.9 GiB 191 GiB 4.45 1.20 100 
 1   ssd 0.09769  1.00000 100 GiB 3.0 GiB  97 GiB 2.97 0.80 100 
 2   ssd 0.09769  1.00000 100 GiB 3.0 GiB  97 GiB 2.97 0.80 100 
                    TOTAL 400 GiB  15 GiB 385 GiB 3.71          
MIN/MAX VAR: 0.80/1.20  STDDEV: 0.74
Probing round 103
Mon Oct  1 18:42:17 UTC 2018
ID CLASS WEIGHT  REWEIGHT SIZE    USE     AVAIL   %USE VAR  PGS 
 0   hdd 0.19530  1.00000 200 GiB 8.9 GiB 191 GiB 4.45 1.20 100 
 1   ssd 0.09769  1.00000 100 GiB 3.0 GiB  97 GiB 2.97 0.80 100 
 2   ssd 0.09769  1.00000 100 GiB 3.0 GiB  97 GiB 2.97 0.80 100 
                    TOTAL 400 GiB  15 GiB 385 GiB 3.71          
MIN/MAX VAR: 0.80/1.20  STDDEV: 0.74
Probing round 104
Mon Oct  1 18:42:18 UTC 2018
ID CLASS WEIGHT  REWEIGHT SIZE    USE     AVAIL   %USE VAR  PGS 
 0   hdd 0.19530  1.00000 200 GiB 8.9 GiB 191 GiB 4.45 1.20 100 
 1   ssd 0.09769  1.00000 100 GiB 3.0 GiB  97 GiB 2.97 0.80 100 
 2   ssd 0.09769  1.00000 100 GiB 3.0 GiB  97 GiB 2.97 0.80 100 
                    TOTAL 400 GiB  15 GiB 385 GiB 3.71          
MIN/MAX VAR: 0.80/1.20  STDDEV: 0.74
Probing round 105
Mon Oct  1 18:42:19 UTC 2018
ID CLASS WEIGHT  REWEIGHT SIZE    USE     AVAIL   %USE VAR  PGS 
 0   hdd 0.19530  1.00000 200 GiB 8.9 GiB 191 GiB 4.45 1.20 100 
 1   ssd 0.09769  1.00000 100 GiB 3.0 GiB  97 GiB 2.97 0.80 100 
 2   ssd 0.09769  1.00000 100 GiB 3.0 GiB  97 GiB 2.97 0.80 100 
                    TOTAL 400 GiB  15 GiB 385 GiB 3.71          
MIN/MAX VAR: 0.80/1.20  STDDEV: 0.74
Probing round 106
Mon Oct  1 18:42:20 UTC 2018
ID CLASS WEIGHT  REWEIGHT SIZE    USE     AVAIL   %USE VAR  PGS 
 0   hdd 0.19530  1.00000 200 GiB 8.9 GiB 191 GiB 4.45 1.20 100 
 1   ssd 0.09769  1.00000 100 GiB 3.0 GiB  97 GiB 2.97 0.80 100 
 2   ssd 0.09769  1.00000 100 GiB 3.0 GiB  97 GiB 2.97 0.80 100 
                    TOTAL 400 GiB  15 GiB 385 GiB 3.71          
MIN/MAX VAR: 0.80/1.20  STDDEV: 0.74
Probing round 107
Mon Oct  1 18:42:22 UTC 2018
ID CLASS WEIGHT  REWEIGHT SIZE    USE     AVAIL   %USE VAR  PGS 
 0   hdd 0.19530  1.00000 200 GiB 8.9 GiB 191 GiB 4.45 1.20 100 
 1   ssd 0.09769  1.00000 100 GiB 3.0 GiB  97 GiB 2.97 0.80 100 
 2   ssd 0.09769  1.00000 100 GiB 3.0 GiB  97 GiB 2.97 0.80 100 
                    TOTAL 400 GiB  15 GiB 385 GiB 3.71          
MIN/MAX VAR: 0.80/1.20  STDDEV: 0.74
Probing round 108
Mon Oct  1 18:42:23 UTC 2018
ID CLASS WEIGHT  REWEIGHT SIZE    USE     AVAIL   %USE VAR  PGS 
 0   hdd 0.19530  1.00000 200 GiB 8.9 GiB 191 GiB 4.45 1.20 100 
 1   ssd 0.09769  1.00000 100 GiB 3.0 GiB  97 GiB 2.97 0.80 100 
 2   ssd 0.09769  1.00000 100 GiB 3.0 GiB  97 GiB 2.97 0.80 100 
                    TOTAL 400 GiB  15 GiB 385 GiB 3.71          
MIN/MAX VAR: 0.80/1.20  STDDEV: 0.74
Probing round 109
Mon Oct  1 18:42:24 UTC 2018
ID CLASS WEIGHT  REWEIGHT SIZE    USE     AVAIL   %USE VAR  PGS 
 0   hdd 0.19530  1.00000 200 GiB 8.9 GiB 191 GiB 4.45 1.20 100 
 1   ssd 0.09769  1.00000 100 GiB 3.0 GiB  97 GiB 2.97 0.80 100 
 2   ssd 0.09769  1.00000 100 GiB 3.0 GiB  97 GiB 2.97 0.80 100 
                    TOTAL 400 GiB  15 GiB 385 GiB 3.71          
MIN/MAX VAR: 0.80/1.20  STDDEV: 0.74
Probing round 110
Mon Oct  1 18:42:25 UTC 2018
ID CLASS WEIGHT  REWEIGHT SIZE    USE     AVAIL   %USE VAR  PGS 
 0   hdd 0.19530  1.00000 200 GiB 8.9 GiB 191 GiB 4.45 1.20 100 
 1   ssd 0.09769  1.00000 100 GiB 3.0 GiB  97 GiB 2.97 0.80 100 
 2   ssd 0.09769  1.00000 100 GiB 3.0 GiB  97 GiB 2.97 0.80 100 
                    TOTAL 400 GiB  15 GiB 385 GiB 3.71          
MIN/MAX VAR: 0.80/1.20  STDDEV: 0.74
